#
# There is insufficient memory for the Java Runtime Environment to continue.
# Native memory allocation (malloc) failed to allocate 2227296 bytes. Error detail: Chunk::new
# Possible reasons:
#   The system is out of physical RAM or swap space
#   This process is running with CompressedOops enabled, and the Java Heap may be blocking the growth of the native heap
# Possible solutions:
#   Reduce memory load on the system
#   Increase physical memory or swap space
#   Check if swap backing store is full
#   Decrease Java heap size (-Xmx/-Xms)
#   Decrease number of Java threads
#   Decrease Java thread stack sizes (-Xss)
#   Set larger code cache with -XX:ReservedCodeCacheSize=
#   JVM is running with Zero Based Compressed Oops mode in which the Java heap is
#     placed in the first 32GB address space. The Java Heap base address is the
#     maximum limit for the native heap growth. Please use -XX:HeapBaseMinAddress
#     to set the Java Heap base and to place the Java Heap above 32GB virtual address.
# This output file may be truncated or incomplete.
#
#  Out of Memory Error (arena.cpp:191), pid=10380, tid=8184
#
# JRE version: OpenJDK Runtime Environment Temurin-17.0.11+9 (17.0.11+9) (build 17.0.11+9)
# Java VM: OpenJDK 64-Bit Server VM Temurin-17.0.11+9 (17.0.11+9, mixed mode, tiered, compressed oops, compressed class ptrs, g1 gc, windows-amd64)
# No core dump will be written. Minidumps are not enabled by default on client versions of Windows
#

---------------  S U M M A R Y ------------

Command Line: -XX:MaxMetaspaceSize=2G -XX:+HeapDumpOnOutOfMemoryError --add-opens=java.base/java.util=ALL-UNNAMED --add-opens=java.base/java.lang=ALL-UNNAMED --add-opens=java.base/java.lang.invoke=ALL-UNNAMED --add-opens=java.prefs/java.util.prefs=ALL-UNNAMED --add-opens=java.base/java.nio.charset=ALL-UNNAMED --add-opens=java.base/java.net=ALL-UNNAMED --add-opens=java.base/java.util.concurrent.atomic=ALL-UNNAMED -Xmx4G -Dfile.encoding=utf8 -Duser.country=IN -Duser.language=en -Duser.variant org.gradle.launcher.daemon.bootstrap.GradleDaemon 7.6.3

Host: AMD Ryzen 3 3250U with Radeon Graphics         , 4 cores, 3G,  Windows 11 , 64 bit Build 22621 (10.0.22621.3958)
Time: Thu Aug  8 10:12:01 2024 India Standard Time elapsed time: 108.278985 seconds (0d 0h 1m 48s)

---------------  T H R E A D  ---------------

Current thread (0x000002a28053ed00):  JavaThread "C2 CompilerThread0" daemon [_thread_in_native, id=8184, stack(0x000000c04b900000,0x000000c04ba00000)]


Current CompileTask:
C2: 108279 7949       4       org.objectweb.asm.Frame::execute (2318 bytes)

Stack: [0x000000c04b900000,0x000000c04ba00000]
Native frames: (J=compiled Java code, j=interpreted, Vv=VM code, C=native code)
V  [jvm.dll+0x67d429]
V  [jvm.dll+0x834b7a]
V  [jvm.dll+0x83663e]
V  [jvm.dll+0x836ca3]
V  [jvm.dll+0x247dbf]
V  [jvm.dll+0xac534]
V  [jvm.dll+0xacb7c]
V  [jvm.dll+0x366647]
V  [jvm.dll+0x330bba]
V  [jvm.dll+0x33005a]
V  [jvm.dll+0x21a471]
V  [jvm.dll+0x2198b1]
V  [jvm.dll+0x1a534d]
V  [jvm.dll+0x2295cd]
V  [jvm.dll+0x22779c]
V  [jvm.dll+0x7e9d07]
V  [jvm.dll+0x7e410a]
V  [jvm.dll+0x67c315]
C  [ucrtbase.dll+0x29333]
C  [KERNEL32.DLL+0x1257d]
C  [ntdll.dll+0x5af28]


---------------  P R O C E S S  ---------------

Threads class SMR info:
_java_thread_list=0x000002a287a50a20, length=86, elements={
0x000002a2e298de90, 0x000002a2803cf010, 0x000002a2803d1640, 0x000002a280414f30,
0x000002a280415a00, 0x000002a280418a80, 0x000002a280539c10, 0x000002a28053ed00,
0x000002a28053f6c0, 0x000002a28054b6f0, 0x000002a2806b74e0, 0x000002a2806b79c0,
0x000002a285b8b750, 0x000002a285e065c0, 0x000002a280899cc0, 0x000002a285101040,
0x000002a28594a490, 0x000002a286635ac0, 0x000002a2857d1a80, 0x000002a2857d4300,
0x000002a2857d38e0, 0x000002a2857d29b0, 0x000002a2857d1f90, 0x000002a2857d4810,
0x000002a2857d24a0, 0x000002a2857d2ec0, 0x000002a2857d1060, 0x000002a2857d33d0,
0x000002a286ed45c0, 0x000002a286edb520, 0x000002a286ed7d70, 0x000002a286ed8280,
0x000002a286ed7860, 0x000002a286ed4ad0, 0x000002a286ed91b0, 0x000002a286eda5f0,
0x000002a286ed6930, 0x000002a286ed6e40, 0x000002a286edbf40, 0x000002a286edb010,
0x000002a286ed8790, 0x000002a286ed8ca0, 0x000002a286ed54f0, 0x000002a286edab00,
0x000002a286ed5a00, 0x000002a286ed5f10, 0x000002a2876208a0, 0x000002a287620db0,
0x000002a287624a70, 0x000002a287624f80, 0x000002a28761f970, 0x000002a287623b40,
0x000002a28761ea40, 0x000002a287625490, 0x000002a287623120, 0x000002a287624050,
0x000002a2876263c0, 0x000002a28761fe80, 0x000002a28761ef50, 0x000002a287622700,
0x000002a2876259a0, 0x000002a28761f460, 0x000002a287620390, 0x000002a287622c10,
0x000002a287621ce0, 0x000002a2876212c0, 0x000002a287624560, 0x000002a287625eb0,
0x000002a2876217d0, 0x000002a2876221f0, 0x000002a2857d1570, 0x000002a287fa8820,
0x000002a287fa73e0, 0x000002a287fa64b0, 0x000002a287fa5070, 0x000002a287fa5580,
0x000002a287fa5a90, 0x000002a287fa69c0, 0x000002a287fa5fa0, 0x000002a287fa6ed0,
0x000002a287fa78f0, 0x000002a287fa7e00, 0x000002a287fa8310, 0x000002a2873d05a0,
0x000002a2873d0090, 0x000002a2873cc3d0
}

Java Threads: ( => current thread )
  0x000002a2e298de90 JavaThread "main" [_thread_blocked, id=9104, stack(0x000000c04ac00000,0x000000c04ad00000)]
  0x000002a2803cf010 JavaThread "Reference Handler" daemon [_thread_blocked, id=6472, stack(0x000000c04b300000,0x000000c04b400000)]
  0x000002a2803d1640 JavaThread "Finalizer" daemon [_thread_blocked, id=11076, stack(0x000000c04b400000,0x000000c04b500000)]
  0x000002a280414f30 JavaThread "Signal Dispatcher" daemon [_thread_blocked, id=5328, stack(0x000000c04b500000,0x000000c04b600000)]
  0x000002a280415a00 JavaThread "Attach Listener" daemon [_thread_blocked, id=6476, stack(0x000000c04b600000,0x000000c04b700000)]
  0x000002a280418a80 JavaThread "Service Thread" daemon [_thread_blocked, id=5832, stack(0x000000c04b700000,0x000000c04b800000)]
  0x000002a280539c10 JavaThread "Monitor Deflation Thread" daemon [_thread_blocked, id=7028, stack(0x000000c04b800000,0x000000c04b900000)]
=>0x000002a28053ed00 JavaThread "C2 CompilerThread0" daemon [_thread_in_native, id=8184, stack(0x000000c04b900000,0x000000c04ba00000)]
  0x000002a28053f6c0 JavaThread "C1 CompilerThread0" daemon [_thread_blocked, id=3944, stack(0x000000c04ba00000,0x000000c04bb00000)]
  0x000002a28054b6f0 JavaThread "Sweeper thread" daemon [_thread_blocked, id=2556, stack(0x000000c04bb00000,0x000000c04bc00000)]
  0x000002a2806b74e0 JavaThread "Common-Cleaner" daemon [_thread_blocked, id=8468, stack(0x000000c04bc00000,0x000000c04bd00000)]
  0x000002a2806b79c0 JavaThread "Notification Thread" daemon [_thread_blocked, id=9828, stack(0x000000c04bd00000,0x000000c04be00000)]
  0x000002a285b8b750 JavaThread "Daemon health stats" [_thread_blocked, id=6308, stack(0x000000c04c200000,0x000000c04c300000)]
  0x000002a285e065c0 JavaThread "Incoming local TCP Connector on port 50077" [_thread_in_native, id=4972, stack(0x000000c04c300000,0x000000c04c400000)]
  0x000002a280899cc0 JavaThread "Daemon periodic checks" [_thread_blocked, id=9684, stack(0x000000c04c400000,0x000000c04c500000)]
  0x000002a285101040 JavaThread "Daemon" [_thread_blocked, id=2192, stack(0x000000c04c500000,0x000000c04c600000)]
  0x000002a28594a490 JavaThread "Handler for socket connection from /127.0.0.1:50077 to /127.0.0.1:50078" [_thread_in_native, id=7180, stack(0x000000c04c600000,0x000000c04c700000)]
  0x000002a286635ac0 JavaThread "Cancel handler" [_thread_blocked, id=6528, stack(0x000000c04c700000,0x000000c04c800000)]
  0x000002a2857d1a80 JavaThread "Daemon worker" [_thread_in_vm, id=5128, stack(0x000000c04c800000,0x000000c04c900000)]
  0x000002a2857d4300 JavaThread "Asynchronous log dispatcher for DefaultDaemonConnection: socket connection from /127.0.0.1:50077 to /127.0.0.1:50078" [_thread_blocked, id=4860, stack(0x000000c04c900000,0x000000c04ca00000)]
  0x000002a2857d38e0 JavaThread "Daemon client event forwarder" [_thread_blocked, id=8216, stack(0x000000c04cb00000,0x000000c04cc00000)]
  0x000002a2857d29b0 JavaThread "Cache worker for journal cache (C:\Users\Admin\.gradle\caches\journal-1)" [_thread_blocked, id=2188, stack(0x000000c04cc00000,0x000000c04cd00000)]
  0x000002a2857d1f90 JavaThread "File lock request listener" [_thread_in_native, id=6184, stack(0x000000c04cd00000,0x000000c04ce00000)]
  0x000002a2857d4810 JavaThread "Cache worker for file hash cache (C:\Users\Admin\.gradle\caches\7.6.3\fileHashes)" [_thread_blocked, id=10668, stack(0x000000c04ce00000,0x000000c04cf00000)]
  0x000002a2857d24a0 JavaThread "File watcher server" daemon [_thread_in_native, id=10664, stack(0x000000c04cf00000,0x000000c04d000000)]
  0x000002a2857d2ec0 JavaThread "File watcher consumer" daemon [_thread_blocked, id=6580, stack(0x000000c04d000000,0x000000c04d100000)]
  0x000002a2857d1060 JavaThread "jar transforms" [_thread_blocked, id=7520, stack(0x000000c04d100000,0x000000c04d200000)]
  0x000002a2857d33d0 JavaThread "jar transforms Thread 2" [_thread_blocked, id=6004, stack(0x000000c04d200000,0x000000c04d300000)]
  0x000002a286ed45c0 JavaThread "jar transforms Thread 3" [_thread_blocked, id=6048, stack(0x000000c04d300000,0x000000c04d400000)]
  0x000002a286edb520 JavaThread "Cache worker for checksums cache (D:\neww\android\.gradle\7.6.3\checksums)" [_thread_blocked, id=11096, stack(0x000000c04d400000,0x000000c04d500000)]
  0x000002a286ed7d70 JavaThread "Cache worker for cache directory md-rule (C:\Users\Admin\.gradle\caches\7.6.3\md-rule)" [_thread_blocked, id=5240, stack(0x000000c04d500000,0x000000c04d600000)]
  0x000002a286ed8280 JavaThread "Cache worker for file content cache (C:\Users\Admin\.gradle\caches\7.6.3\fileContent)" [_thread_blocked, id=7072, stack(0x000000c04d600000,0x000000c04d700000)]
  0x000002a286ed7860 JavaThread "Cache worker for file hash cache (D:\neww\android\.gradle\7.6.3\fileHashes)" [_thread_blocked, id=1192, stack(0x000000c04d700000,0x000000c04d800000)]
  0x000002a286ed4ad0 JavaThread "Cache worker for cache directory md-supplier (C:\Users\Admin\.gradle\caches\7.6.3\md-supplier)" [_thread_blocked, id=4212, stack(0x000000c04d800000,0x000000c04d900000)]
  0x000002a286ed91b0 JavaThread "Cache worker for execution history cache (C:\Users\Admin\.gradle\caches\7.6.3\executionHistory)" [_thread_blocked, id=4668, stack(0x000000c04d900000,0x000000c04da00000)]
  0x000002a286eda5f0 JavaThread "jar transforms Thread 4" [_thread_blocked, id=8288, stack(0x000000c04da00000,0x000000c04db00000)]
  0x000002a286ed6930 JavaThread "Cache worker for kotlin-dsl (C:\Users\Admin\.gradle\caches\7.6.3\kotlin-dsl)" [_thread_blocked, id=2364, stack(0x000000c04db00000,0x000000c04dc00000)]
  0x000002a286ed6e40 JavaThread "Cache worker for dependencies-accessors (D:\neww\android\.gradle\7.6.3\dependencies-accessors)" [_thread_blocked, id=10536, stack(0x000000c04de00000,0x000000c04df00000)]
  0x000002a286edbf40 JavaThread "Cache worker for Build Output Cleanup Cache (C:\flutter\packages\flutter_tools\gradle\.gradle\buildOutputCleanup)" [_thread_blocked, id=8124, stack(0x000000c04df00000,0x000000c04e000000)]
  0x000002a286edb010 JavaThread "Memory manager" [_thread_blocked, id=8708, stack(0x000000c04e000000,0x000000c04e100000)]
  0x000002a286ed8790 JavaThread "included builds" [_thread_blocked, id=10400, stack(0x000000c04a900000,0x000000c04aa00000)]
  0x000002a286ed8ca0 JavaThread "Execution worker" [_thread_blocked, id=4916, stack(0x000000c04aa00000,0x000000c04ab00000)]
  0x000002a286ed54f0 JavaThread "Execution worker Thread 2" [_thread_blocked, id=5160, stack(0x000000c04ab00000,0x000000c04ac00000)]
  0x000002a286edab00 JavaThread "Execution worker Thread 3" [_thread_blocked, id=4532, stack(0x000000c04e100000,0x000000c04e200000)]
  0x000002a286ed5a00 JavaThread "Cache worker for execution history cache (C:\flutter\packages\flutter_tools\gradle\.gradle\7.6.3\executionHistory)" [_thread_blocked, id=4700, stack(0x000000c04e200000,0x000000c04e300000)]
  0x000002a286ed5f10 JavaThread "Unconstrained build operations" [_thread_blocked, id=9540, stack(0x000000c04e300000,0x000000c04e400000)]
  0x000002a2876208a0 JavaThread "Unconstrained build operations Thread 2" [_thread_blocked, id=10640, stack(0x000000c04e400000,0x000000c04e500000)]
  0x000002a287620db0 JavaThread "Unconstrained build operations Thread 3" [_thread_blocked, id=7976, stack(0x000000c04e500000,0x000000c04e600000)]
  0x000002a287624a70 JavaThread "Unconstrained build operations Thread 4" [_thread_blocked, id=7412, stack(0x000000c04e600000,0x000000c04e700000)]
  0x000002a287624f80 JavaThread "Unconstrained build operations Thread 5" [_thread_blocked, id=8444, stack(0x000000c04e700000,0x000000c04e800000)]
  0x000002a28761f970 JavaThread "Unconstrained build operations Thread 6" [_thread_blocked, id=6448, stack(0x000000c04e800000,0x000000c04e900000)]
  0x000002a287623b40 JavaThread "Unconstrained build operations Thread 7" [_thread_blocked, id=6460, stack(0x000000c04e900000,0x000000c04ea00000)]
  0x000002a28761ea40 JavaThread "Unconstrained build operations Thread 8" [_thread_blocked, id=11176, stack(0x000000c04ea00000,0x000000c04eb00000)]
  0x000002a287625490 JavaThread "Unconstrained build operations Thread 9" [_thread_blocked, id=10076, stack(0x000000c04eb00000,0x000000c04ec00000)]
  0x000002a287623120 JavaThread "Unconstrained build operations Thread 10" [_thread_blocked, id=2844, stack(0x000000c04ec00000,0x000000c04ed00000)]
  0x000002a287624050 JavaThread "Unconstrained build operations Thread 11" [_thread_blocked, id=10904, stack(0x000000c04ca00000,0x000000c04cb00000)]
  0x000002a2876263c0 JavaThread "Unconstrained build operations Thread 12" [_thread_blocked, id=3388, stack(0x000000c04ed00000,0x000000c04ee00000)]
  0x000002a28761fe80 JavaThread "Unconstrained build operations Thread 13" [_thread_blocked, id=11112, stack(0x000000c04ee00000,0x000000c04ef00000)]
  0x000002a28761ef50 JavaThread "Unconstrained build operations Thread 14" [_thread_blocked, id=8784, stack(0x000000c04ef00000,0x000000c04f000000)]
  0x000002a287622700 JavaThread "Unconstrained build operations Thread 15" [_thread_blocked, id=11224, stack(0x000000c04f000000,0x000000c04f100000)]
  0x000002a2876259a0 JavaThread "Unconstrained build operations Thread 16" [_thread_blocked, id=6944, stack(0x000000c04f100000,0x000000c04f200000)]
  0x000002a28761f460 JavaThread "Unconstrained build operations Thread 17" [_thread_blocked, id=9720, stack(0x000000c04f200000,0x000000c04f300000)]
  0x000002a287620390 JavaThread "Unconstrained build operations Thread 18" [_thread_blocked, id=3800, stack(0x000000c04f300000,0x000000c04f400000)]
  0x000002a287622c10 JavaThread "Unconstrained build operations Thread 19" [_thread_blocked, id=6564, stack(0x000000c04f400000,0x000000c04f500000)]
  0x000002a287621ce0 JavaThread "Unconstrained build operations Thread 20" [_thread_blocked, id=6836, stack(0x000000c04f500000,0x000000c04f600000)]
  0x000002a2876212c0 JavaThread "Unconstrained build operations Thread 21" [_thread_blocked, id=7384, stack(0x000000c04f600000,0x000000c04f700000)]
  0x000002a287624560 JavaThread "Unconstrained build operations Thread 22" [_thread_blocked, id=9488, stack(0x000000c04f700000,0x000000c04f800000)]
  0x000002a287625eb0 JavaThread "Unconstrained build operations Thread 23" [_thread_blocked, id=4588, stack(0x000000c04f800000,0x000000c04f900000)]
  0x000002a2876217d0 JavaThread "Unconstrained build operations Thread 24" [_thread_blocked, id=9696, stack(0x000000c04f900000,0x000000c04fa00000)]
  0x000002a2876221f0 JavaThread "Unconstrained build operations Thread 25" [_thread_blocked, id=9708, stack(0x000000c04fa00000,0x000000c04fb00000)]
  0x000002a2857d1570 JavaThread "Unconstrained build operations Thread 26" [_thread_blocked, id=9664, stack(0x000000c04fb00000,0x000000c04fc00000)]
  0x000002a287fa8820 JavaThread "Unconstrained build operations Thread 27" [_thread_blocked, id=9704, stack(0x000000c04fc00000,0x000000c04fd00000)]
  0x000002a287fa73e0 JavaThread "Unconstrained build operations Thread 28" [_thread_blocked, id=9680, stack(0x000000c04fd00000,0x000000c04fe00000)]
  0x000002a287fa64b0 JavaThread "Unconstrained build operations Thread 29" [_thread_blocked, id=9660, stack(0x000000c04fe00000,0x000000c04ff00000)]
  0x000002a287fa5070 JavaThread "Unconstrained build operations Thread 30" [_thread_blocked, id=9188, stack(0x000000c04ff00000,0x000000c050000000)]
  0x000002a287fa5580 JavaThread "Unconstrained build operations Thread 31" [_thread_blocked, id=408, stack(0x000000c050000000,0x000000c050100000)]
  0x000002a287fa5a90 JavaThread "Unconstrained build operations Thread 32" [_thread_blocked, id=10372, stack(0x000000c050100000,0x000000c050200000)]
  0x000002a287fa69c0 JavaThread "Unconstrained build operations Thread 33" [_thread_blocked, id=10528, stack(0x000000c050200000,0x000000c050300000)]
  0x000002a287fa5fa0 JavaThread "Unconstrained build operations Thread 34" [_thread_blocked, id=2684, stack(0x000000c050300000,0x000000c050400000)]
  0x000002a287fa6ed0 JavaThread "Unconstrained build operations Thread 35" [_thread_blocked, id=8376, stack(0x000000c050400000,0x000000c050500000)]
  0x000002a287fa78f0 JavaThread "Unconstrained build operations Thread 36" [_thread_blocked, id=8452, stack(0x000000c050500000,0x000000c050600000)]
  0x000002a287fa7e00 JavaThread "Unconstrained build operations Thread 37" [_thread_blocked, id=4952, stack(0x000000c050600000,0x000000c050700000)]
  0x000002a287fa8310 JavaThread "Unconstrained build operations Thread 38" [_thread_blocked, id=5632, stack(0x000000c050700000,0x000000c050800000)]
  0x000002a2873d05a0 JavaThread "Unconstrained build operations Thread 39" [_thread_blocked, id=8232, stack(0x000000c050800000,0x000000c050900000)]
  0x000002a2873d0090 JavaThread "Unconstrained build operations Thread 40" [_thread_blocked, id=6256, stack(0x000000c050900000,0x000000c050a00000)]
  0x000002a2873cc3d0 JavaThread "Cache worker for Build Output Cleanup Cache (D:\neww\android\.gradle\buildOutputCleanup)" [_thread_blocked, id=11700, stack(0x000000c050a00000,0x000000c050b00000)]

Other Threads:
  0x000002a2803bb2b0 VMThread "VM Thread" [stack: 0x000000c04b200000,0x000000c04b300000] [id=6468]
  0x000002a2806ba4f0 WatcherThread [stack: 0x000000c04be00000,0x000000c04bf00000] [id=7800]
  0x000002a2e29faa00 GCTaskThread "GC Thread#0" [stack: 0x000000c04ad00000,0x000000c04ae00000] [id=7956]
  0x000002a2850a7c70 GCTaskThread "GC Thread#1" [stack: 0x000000c04bf00000,0x000000c04c000000] [id=10168]
  0x000002a28078f620 GCTaskThread "GC Thread#2" [stack: 0x000000c04c000000,0x000000c04c100000] [id=9260]
  0x000002a2858c0c60 GCTaskThread "GC Thread#3" [stack: 0x000000c04c100000,0x000000c04c200000] [id=10124]
  0x000002a2e2a0c0f0 ConcurrentGCThread "G1 Main Marker" [stack: 0x000000c04ae00000,0x000000c04af00000] [id=8820]
  0x000002a2e2a0cb10 ConcurrentGCThread "G1 Conc#0" [stack: 0x000000c04af00000,0x000000c04b000000] [id=6352]
  0x000002a280230090 ConcurrentGCThread "G1 Refine#0" [stack: 0x000000c04b000000,0x000000c04b100000] [id=7064]
  0x000002a280230ac0 ConcurrentGCThread "G1 Service" [stack: 0x000000c04b100000,0x000000c04b200000] [id=4968]

Threads with active compile tasks:
C2 CompilerThread0   108380 7949       4       org.objectweb.asm.Frame::execute (2318 bytes)

VM state: not at safepoint (normal execution)

VM Mutex/Monitor currently owned by a thread: None

Heap address: 0x0000000700000000, size: 4096 MB, Compressed Oops mode: Zero based, Oop shift amount: 3

CDS archive(s) not mapped
Compressed class space mapped at: 0x0000000800000000-0x0000000840000000, reserved size: 1073741824
Narrow klass base: 0x0000000800000000, Narrow klass shift: 0, Narrow klass range: 0x40000000

GC Precious Log:
 CPUs: 4 total, 4 available
 Memory: 3470M
 Large Page Support: Disabled
 NUMA Support: Disabled
 Compressed Oops: Enabled (Zero based)
 Heap Region Size: 2M
 Heap Min Capacity: 8M
 Heap Initial Capacity: 56M
 Heap Max Capacity: 4G
 Pre-touch: Disabled
 Parallel Workers: 4
 Concurrent Workers: 1
 Concurrent Refinement Workers: 4
 Periodic GC: Disabled

Heap:
 garbage-first heap   total 106496K, used 74953K [0x0000000700000000, 0x0000000800000000)
  region size 2048K, 8 young (16384K), 1 survivors (2048K)
 Metaspace       used 66597K, committed 67264K, reserved 1114112K
  class space    used 9196K, committed 9536K, reserved 1048576K

Heap Regions: E=young(eden), S=young(survivor), O=old, HS=humongous(starts), HC=humongous(continues), CS=collection set, F=free, OA=open archive, CA=closed archive, TAMS=top-at-mark-start (previous, next)
|   0|0x0000000700000000, 0x0000000700200000, 0x0000000700200000|100%| O|  |TAMS 0x0000000700200000, 0x0000000700000000| Untracked 
|   1|0x0000000700200000, 0x0000000700400000, 0x0000000700400000|100%|HS|  |TAMS 0x0000000700400000, 0x0000000700200000| Complete 
|   2|0x0000000700400000, 0x0000000700600000, 0x0000000700600000|100%|HC|  |TAMS 0x0000000700600000, 0x0000000700400000| Complete 
|   3|0x0000000700600000, 0x0000000700800000, 0x0000000700800000|100%| O|  |TAMS 0x0000000700800000, 0x0000000700600000| Untracked 
|   4|0x0000000700800000, 0x0000000700a00000, 0x0000000700a00000|100%| O|  |TAMS 0x0000000700a00000, 0x0000000700800000| Untracked 
|   5|0x0000000700a00000, 0x0000000700c00000, 0x0000000700c00000|100%| O|  |TAMS 0x0000000700c00000, 0x0000000700a00000| Untracked 
|   6|0x0000000700c00000, 0x0000000700e00000, 0x0000000700e00000|100%| O|  |TAMS 0x0000000700e00000, 0x0000000700c00000| Untracked 
|   7|0x0000000700e00000, 0x0000000701000000, 0x0000000701000000|100%| O|  |TAMS 0x0000000701000000, 0x0000000700e00000| Untracked 
|   8|0x0000000701000000, 0x0000000701200000, 0x0000000701200000|100%| O|  |TAMS 0x0000000701200000, 0x0000000701000000| Untracked 
|   9|0x0000000701200000, 0x0000000701400000, 0x0000000701400000|100%| O|  |TAMS 0x0000000701400000, 0x0000000701200000| Untracked 
|  10|0x0000000701400000, 0x0000000701600000, 0x0000000701600000|100%| O|  |TAMS 0x0000000701600000, 0x0000000701400000| Untracked 
|  11|0x0000000701600000, 0x0000000701800000, 0x0000000701800000|100%| O|  |TAMS 0x0000000701800000, 0x0000000701600000| Untracked 
|  12|0x0000000701800000, 0x0000000701a00000, 0x0000000701a00000|100%| O|  |TAMS 0x0000000701a00000, 0x0000000701800000| Untracked 
|  13|0x0000000701a00000, 0x0000000701c00000, 0x0000000701c00000|100%| O|  |TAMS 0x0000000701c00000, 0x0000000701a00000| Untracked 
|  14|0x0000000701c00000, 0x0000000701e00000, 0x0000000701e00000|100%| O|  |TAMS 0x0000000701e00000, 0x0000000701c00000| Untracked 
|  15|0x0000000701e00000, 0x0000000702000000, 0x0000000702000000|100%| O|  |TAMS 0x0000000702000000, 0x0000000701e00000| Untracked 
|  16|0x0000000702000000, 0x0000000702200000, 0x0000000702200000|100%| O|  |TAMS 0x0000000702200000, 0x0000000702000000| Untracked 
|  17|0x0000000702200000, 0x0000000702400000, 0x0000000702400000|100%| O|  |TAMS 0x0000000702400000, 0x0000000702200000| Untracked 
|  18|0x0000000702400000, 0x0000000702600000, 0x0000000702600000|100%| O|  |TAMS 0x0000000702600000, 0x0000000702400000| Untracked 
|  19|0x0000000702600000, 0x0000000702800000, 0x0000000702800000|100%| O|  |TAMS 0x0000000702800000, 0x0000000702600000| Untracked 
|  20|0x0000000702800000, 0x0000000702a00000, 0x0000000702a00000|100%| O|  |TAMS 0x0000000702a00000, 0x0000000702800000| Untracked 
|  21|0x0000000702a00000, 0x0000000702c00000, 0x0000000702c00000|100%| O|  |TAMS 0x0000000702c00000, 0x0000000702a00000| Untracked 
|  22|0x0000000702c00000, 0x0000000702e00000, 0x0000000702e00000|100%| O|  |TAMS 0x0000000702e00000, 0x0000000702c00000| Untracked 
|  23|0x0000000702e00000, 0x0000000703000000, 0x0000000703000000|100%| O|  |TAMS 0x0000000703000000, 0x0000000702e00000| Untracked 
|  24|0x0000000703000000, 0x0000000703200000, 0x0000000703200000|100%| O|  |TAMS 0x00000007030e4600, 0x0000000703000000| Untracked 
|  25|0x0000000703200000, 0x0000000703400000, 0x0000000703400000|100%|HS|  |TAMS 0x0000000703400000, 0x0000000703200000| Complete 
|  26|0x0000000703400000, 0x0000000703600000, 0x0000000703600000|100%|HC|  |TAMS 0x0000000703600000, 0x0000000703400000| Complete 
|  27|0x0000000703600000, 0x0000000703800000, 0x0000000703800000|100%| O|  |TAMS 0x0000000703600000, 0x0000000703600000| Untracked 
|  28|0x0000000703800000, 0x0000000703a00000, 0x0000000703a00000|100%|HS|  |TAMS 0x0000000703800000, 0x0000000703800000| Complete 
|  29|0x0000000703a00000, 0x0000000703b32400, 0x0000000703c00000| 59%| O|  |TAMS 0x0000000703a00000, 0x0000000703a00000| Untracked 
|  30|0x0000000703c00000, 0x0000000703c00000, 0x0000000703e00000|  0%| F|  |TAMS 0x0000000703c00000, 0x0000000703c00000| Untracked 
|  31|0x0000000703e00000, 0x0000000703e00000, 0x0000000704000000|  0%| F|  |TAMS 0x0000000703e00000, 0x0000000703e00000| Untracked 
|  32|0x0000000704000000, 0x0000000704000000, 0x0000000704200000|  0%| F|  |TAMS 0x0000000704000000, 0x0000000704000000| Untracked 
|  33|0x0000000704200000, 0x0000000704200000, 0x0000000704400000|  0%| F|  |TAMS 0x0000000704200000, 0x0000000704200000| Untracked 
|  34|0x0000000704400000, 0x0000000704400000, 0x0000000704600000|  0%| F|  |TAMS 0x0000000704400000, 0x0000000704400000| Untracked 
|  35|0x0000000704600000, 0x0000000704600000, 0x0000000704800000|  0%| F|  |TAMS 0x0000000704600000, 0x0000000704600000| Untracked 
|  36|0x0000000704800000, 0x0000000704800000, 0x0000000704a00000|  0%| F|  |TAMS 0x0000000704800000, 0x0000000704800000| Untracked 
|  37|0x0000000704a00000, 0x0000000704a00000, 0x0000000704c00000|  0%| F|  |TAMS 0x0000000704a00000, 0x0000000704a00000| Untracked 
|  38|0x0000000704c00000, 0x0000000704c00000, 0x0000000704e00000|  0%| F|  |TAMS 0x0000000704c00000, 0x0000000704c00000| Untracked 
|  39|0x0000000704e00000, 0x0000000704e00000, 0x0000000705000000|  0%| F|  |TAMS 0x0000000704e00000, 0x0000000704e00000| Untracked 
|  40|0x0000000705000000, 0x0000000705000000, 0x0000000705200000|  0%| F|  |TAMS 0x0000000705000000, 0x0000000705000000| Untracked 
|  41|0x0000000705200000, 0x0000000705200000, 0x0000000705400000|  0%| F|  |TAMS 0x0000000705200000, 0x0000000705200000| Untracked 
|  42|0x0000000705400000, 0x0000000705400000, 0x0000000705600000|  0%| F|  |TAMS 0x0000000705400000, 0x0000000705400000| Untracked 
|  43|0x0000000705600000, 0x0000000705600000, 0x0000000705800000|  0%| F|  |TAMS 0x0000000705600000, 0x0000000705600000| Untracked 
|  44|0x0000000705800000, 0x0000000705a00000, 0x0000000705a00000|100%| S|CS|TAMS 0x0000000705800000, 0x0000000705800000| Complete 
|  45|0x0000000705a00000, 0x0000000705bf95a0, 0x0000000705c00000| 98%| E|  |TAMS 0x0000000705a00000, 0x0000000705a00000| Complete 
|  46|0x0000000705c00000, 0x0000000705e00000, 0x0000000705e00000|100%| E|CS|TAMS 0x0000000705c00000, 0x0000000705c00000| Complete 
|  47|0x0000000705e00000, 0x0000000706000000, 0x0000000706000000|100%| E|CS|TAMS 0x0000000705e00000, 0x0000000705e00000| Complete 
|  48|0x0000000706000000, 0x0000000706200000, 0x0000000706200000|100%| E|CS|TAMS 0x0000000706000000, 0x0000000706000000| Complete 
|  49|0x0000000706200000, 0x0000000706400000, 0x0000000706400000|100%| E|CS|TAMS 0x0000000706200000, 0x0000000706200000| Complete 
|  50|0x0000000706400000, 0x0000000706600000, 0x0000000706600000|100%| E|CS|TAMS 0x0000000706400000, 0x0000000706400000| Complete 
|  51|0x0000000706600000, 0x0000000706800000, 0x0000000706800000|100%| E|CS|TAMS 0x0000000706600000, 0x0000000706600000| Complete 

Card table byte_map: [0x000002a2f4e20000,0x000002a2f5620000] _byte_map_base: 0x000002a2f1620000

Marking Bits (Prev, Next): (CMBitMap*) 0x000002a2e29fb020, (CMBitMap*) 0x000002a2e29fb060
 Prev Bits: [0x000002a2f5e20000, 0x000002a2f9e20000)
 Next Bits: [0x000002a2f9e20000, 0x000002a2fde20000)

Polling page: 0x000002a2e08b0000

Metaspace:

Usage:
  Non-class:     56.06 MB used.
      Class:      8.98 MB used.
       Both:     65.04 MB used.

Virtual space:
  Non-class space:       64.00 MB reserved,      56.38 MB ( 88%) committed,  1 nodes.
      Class space:        1.00 GB reserved,       9.31 MB ( <1%) committed,  1 nodes.
             Both:        1.06 GB reserved,      65.69 MB (  6%) committed. 

Chunk freelists:
   Non-Class:  6.91 MB
       Class:  6.73 MB
        Both:  13.64 MB

MaxMetaspaceSize: 2.00 GB
CompressedClassSpaceSize: 1.00 GB
Initial GC threshold: 21.00 MB
Current GC threshold: 105.88 MB
CDS: off
MetaspaceReclaimPolicy: balanced
 - commit_granule_bytes: 65536.
 - commit_granule_words: 8192.
 - virtual_space_node_default_size: 8388608.
 - enlarge_chunks_in_place: 1.
 - new_chunks_are_fully_committed: 0.
 - uncommit_free_chunks: 1.
 - use_allocation_guard: 0.
 - handle_deallocations: 1.


Internal statistics:

num_allocs_failed_limit: 6.
num_arena_births: 864.
num_arena_deaths: 0.
num_vsnodes_births: 2.
num_vsnodes_deaths: 0.
num_space_committed: 1051.
num_space_uncommitted: 0.
num_chunks_returned_to_freelist: 6.
num_chunks_taken_from_freelist: 3320.
num_chunk_merges: 6.
num_chunk_splits: 2137.
num_chunks_enlarged: 1358.
num_inconsistent_stats: 0.

CodeHeap 'non-profiled nmethods': size=120000Kb used=4170Kb max_used=4170Kb free=115829Kb
 bounds [0x000002a2ed0f0000, 0x000002a2ed510000, 0x000002a2f4620000]
CodeHeap 'profiled nmethods': size=120000Kb used=14165Kb max_used=14165Kb free=105835Kb
 bounds [0x000002a2e5620000, 0x000002a2e6400000, 0x000002a2ecb50000]
CodeHeap 'non-nmethods': size=5760Kb used=2363Kb max_used=2411Kb free=3396Kb
 bounds [0x000002a2ecb50000, 0x000002a2ecdc0000, 0x000002a2ed0f0000]
 total_blobs=8059 nmethods=7174 adapters=795
 compilation: enabled
              stopped_count=0, restarted_count=0
 full_count=0

Compilation events (20 events):
Event: 107.870 Thread 0x000002a28053f6c0 7952       3       sun.reflect.annotation.AnnotationParser::skipMemberValue (11 bytes)
Event: 107.871 Thread 0x000002a28053f6c0 nmethod 7952 0x000002a2e63e9910 code [0x000002a2e63e9ac0, 0x000002a2e63e9cb8]
Event: 107.871 Thread 0x000002a28053f6c0 7955       3       java.lang.reflect.Proxy$ProxyBuilder::getElementType (19 bytes)
Event: 107.871 Thread 0x000002a28053f6c0 nmethod 7955 0x000002a2e63e9d90 code [0x000002a2e63e9f60, 0x000002a2e63ea218]
Event: 107.871 Thread 0x000002a28053f6c0 7953       3       sun.reflect.annotation.AnnotationParser::skipMemberValue (65 bytes)
Event: 107.899 Thread 0x000002a28053f6c0 nmethod 7953 0x000002a2e63ea390 code [0x000002a2e63ea5c0, 0x000002a2e63eacd8]
Event: 107.899 Thread 0x000002a28053f6c0 7954       3       java.lang.reflect.Proxy$ProxyBuilder::addElementType (19 bytes)
Event: 107.900 Thread 0x000002a28053f6c0 nmethod 7954 0x000002a2e63eaf10 code [0x000002a2e63eb100, 0x000002a2e63eb6a8]
Event: 107.920 Thread 0x000002a28053f6c0 7956       3       java.lang.reflect.ProxyGenerator::addProxyMethod (33 bytes)
Event: 107.921 Thread 0x000002a28053f6c0 nmethod 7956 0x000002a2e63eb890 code [0x000002a2e63eba80, 0x000002a2e63ebff8]
Event: 107.921 Thread 0x000002a28053f6c0 7957       3       java.lang.reflect.ProxyGenerator$$Lambda$16/0x00000008000982c0::apply (8 bytes)
Event: 107.922 Thread 0x000002a28053f6c0 nmethod 7957 0x000002a2e63ec190 code [0x000002a2e63ec340, 0x000002a2e63ec648]
Event: 107.930 Thread 0x000002a28053f6c0 7958       3       org.objectweb.asm.SymbolTable::addConstantUtf8 (98 bytes)
Event: 107.931 Thread 0x000002a28053f6c0 nmethod 7958 0x000002a2e63ec790 code [0x000002a2e63ec9c0, 0x000002a2e63ecfb8]
Event: 108.036 Thread 0x000002a28053f6c0 7959       3       com.google.common.cache.LocalCache$LocalManualCache::getIfPresent (9 bytes)
Event: 108.037 Thread 0x000002a28053f6c0 nmethod 7959 0x000002a2e63ed310 code [0x000002a2e63ed4c0, 0x000002a2e63ed608]
Event: 108.040 Thread 0x000002a28053f6c0 7960       3       org.objectweb.asm.ByteVector::putUTF8 (144 bytes)
Event: 108.043 Thread 0x000002a28053f6c0 nmethod 7960 0x000002a2e63ed710 code [0x000002a2e63ed980, 0x000002a2e63ee4e8]
Event: 108.115 Thread 0x000002a28053f6c0 7961       3       org.gradle.internal.instantiation.generator.AsmBackedClassGenerator$ClassBuilderImpl::access$2300 (4 bytes)
Event: 108.116 Thread 0x000002a28053f6c0 nmethod 7961 0x000002a2e63eea10 code [0x000002a2e63eeba0, 0x000002a2e63eec98]

GC Heap History (20 events):
Event: 54.534 GC heap before
{Heap before GC invocations=32 (full 0):
 garbage-first heap   total 71680K, used 53851K [0x0000000700000000, 0x0000000800000000)
  region size 2048K, 10 young (20480K), 2 survivors (4096K)
 Metaspace       used 55138K, committed 55680K, reserved 1114112K
  class space    used 7517K, committed 7808K, reserved 1048576K
}
Event: 54.542 GC heap after
{Heap after GC invocations=33 (full 0):
 garbage-first heap   total 71680K, used 40056K [0x0000000700000000, 0x0000000800000000)
  region size 2048K, 2 young (4096K), 2 survivors (4096K)
 Metaspace       used 55138K, committed 55680K, reserved 1114112K
  class space    used 7517K, committed 7808K, reserved 1048576K
}
Event: 55.931 GC heap before
{Heap before GC invocations=34 (full 0):
 garbage-first heap   total 75776K, used 54392K [0x0000000700000000, 0x0000000800000000)
  region size 2048K, 10 young (20480K), 2 survivors (4096K)
 Metaspace       used 56922K, committed 57536K, reserved 1114112K
  class space    used 7739K, committed 8064K, reserved 1048576K
}
Event: 55.939 GC heap after
{Heap after GC invocations=35 (full 0):
 garbage-first heap   total 75776K, used 41237K [0x0000000700000000, 0x0000000800000000)
  region size 2048K, 2 young (4096K), 2 survivors (4096K)
 Metaspace       used 56922K, committed 57536K, reserved 1114112K
  class space    used 7739K, committed 8064K, reserved 1048576K
}
Event: 58.865 GC heap before
{Heap before GC invocations=35 (full 0):
 garbage-first heap   total 75776K, used 59669K [0x0000000700000000, 0x0000000800000000)
  region size 2048K, 11 young (22528K), 2 survivors (4096K)
 Metaspace       used 58656K, committed 59264K, reserved 1114112K
  class space    used 8004K, committed 8320K, reserved 1048576K
}
Event: 58.875 GC heap after
{Heap after GC invocations=36 (full 0):
 garbage-first heap   total 75776K, used 42069K [0x0000000700000000, 0x0000000800000000)
  region size 2048K, 2 young (4096K), 2 survivors (4096K)
 Metaspace       used 58656K, committed 59264K, reserved 1114112K
  class space    used 8004K, committed 8320K, reserved 1048576K
}
Event: 61.884 GC heap before
{Heap before GC invocations=37 (full 0):
 garbage-first heap   total 79872K, used 60501K [0x0000000700000000, 0x0000000800000000)
  region size 2048K, 11 young (22528K), 2 survivors (4096K)
 Metaspace       used 60840K, committed 61504K, reserved 1114112K
  class space    used 8337K, committed 8640K, reserved 1048576K
}
Event: 61.894 GC heap after
{Heap after GC invocations=38 (full 0):
 garbage-first heap   total 79872K, used 43222K [0x0000000700000000, 0x0000000800000000)
  region size 2048K, 2 young (4096K), 2 survivors (4096K)
 Metaspace       used 60840K, committed 61504K, reserved 1114112K
  class space    used 8337K, committed 8640K, reserved 1048576K
}
Event: 63.699 GC heap before
{Heap before GC invocations=38 (full 0):
 garbage-first heap   total 79872K, used 63702K [0x0000000700000000, 0x0000000800000000)
  region size 2048K, 12 young (24576K), 2 survivors (4096K)
 Metaspace       used 62579K, committed 63168K, reserved 1114112K
  class space    used 8626K, committed 8896K, reserved 1048576K
}
Event: 63.716 GC heap after
{Heap after GC invocations=39 (full 0):
 garbage-first heap   total 79872K, used 44390K [0x0000000700000000, 0x0000000800000000)
  region size 2048K, 2 young (4096K), 2 survivors (4096K)
 Metaspace       used 62579K, committed 63168K, reserved 1114112K
  class space    used 8626K, committed 8896K, reserved 1048576K
}
Event: 71.281 GC heap before
{Heap before GC invocations=40 (full 0):
 garbage-first heap   total 81920K, used 64870K [0x0000000700000000, 0x0000000800000000)
  region size 2048K, 12 young (24576K), 2 survivors (4096K)
 Metaspace       used 64187K, committed 64832K, reserved 1114112K
  class space    used 8893K, committed 9216K, reserved 1048576K
}
Event: 71.297 GC heap after
{Heap after GC invocations=41 (full 0):
 garbage-first heap   total 81920K, used 46842K [0x0000000700000000, 0x0000000800000000)
  region size 2048K, 2 young (4096K), 2 survivors (4096K)
 Metaspace       used 64187K, committed 64832K, reserved 1114112K
  class space    used 8893K, committed 9216K, reserved 1048576K
}
Event: 75.398 GC heap before
{Heap before GC invocations=41 (full 0):
 garbage-first heap   total 81920K, used 65274K [0x0000000700000000, 0x0000000800000000)
  region size 2048K, 12 young (24576K), 2 survivors (4096K)
 Metaspace       used 64397K, committed 65024K, reserved 1114112K
  class space    used 8898K, committed 9216K, reserved 1048576K
}
Event: 75.415 GC heap after
{Heap after GC invocations=42 (full 0):
 garbage-first heap   total 81920K, used 50907K [0x0000000700000000, 0x0000000800000000)
  region size 2048K, 2 young (4096K), 2 survivors (4096K)
 Metaspace       used 64397K, committed 65024K, reserved 1114112K
  class space    used 8898K, committed 9216K, reserved 1048576K
}
Event: 84.271 GC heap before
{Heap before GC invocations=43 (full 0):
 garbage-first heap   total 90112K, used 52955K [0x0000000700000000, 0x0000000800000000)
  region size 2048K, 4 young (8192K), 2 survivors (4096K)
 Metaspace       used 64412K, committed 65088K, reserved 1114112K
  class space    used 8899K, committed 9216K, reserved 1048576K
}
Event: 84.280 GC heap after
{Heap after GC invocations=44 (full 0):
 garbage-first heap   total 90112K, used 51985K [0x0000000700000000, 0x0000000800000000)
  region size 2048K, 1 young (2048K), 1 survivors (2048K)
 Metaspace       used 64412K, committed 65088K, reserved 1114112K
  class space    used 8899K, committed 9216K, reserved 1048576K
}
Event: 96.221 GC heap before
{Heap before GC invocations=45 (full 0):
 garbage-first heap   total 100352K, used 56081K [0x0000000700000000, 0x0000000800000000)
  region size 2048K, 3 young (6144K), 1 survivors (2048K)
 Metaspace       used 64417K, committed 65088K, reserved 1114112K
  class space    used 8899K, committed 9216K, reserved 1048576K
}
Event: 96.230 GC heap after
{Heap after GC invocations=46 (full 0):
 garbage-first heap   total 100352K, used 58195K [0x0000000700000000, 0x0000000800000000)
  region size 2048K, 1 young (2048K), 1 survivors (2048K)
 Metaspace       used 64417K, committed 65088K, reserved 1114112K
  class space    used 8899K, committed 9216K, reserved 1048576K
}
Event: 106.988 GC heap before
{Heap before GC invocations=47 (full 0):
 garbage-first heap   total 106496K, used 72531K [0x0000000700000000, 0x0000000800000000)
  region size 2048K, 7 young (14336K), 1 survivors (2048K)
 Metaspace       used 65006K, committed 65664K, reserved 1114112K
  class space    used 8995K, committed 9344K, reserved 1048576K
}
Event: 106.998 GC heap after
{Heap after GC invocations=48 (full 0):
 garbage-first heap   total 106496K, used 62665K [0x0000000700000000, 0x0000000800000000)
  region size 2048K, 1 young (2048K), 1 survivors (2048K)
 Metaspace       used 65006K, committed 65664K, reserved 1114112K
  class space    used 8995K, committed 9344K, reserved 1048576K
}

Dll operation events (12 events):
Event: 0.032 Loaded shared library C:\Users\Admin\.vscode\extensions\redhat.java-1.33.0-win32-x64\jre\17.0.11-win32-x86_64\bin\java.dll
Event: 0.418 Loaded shared library C:\Users\Admin\.vscode\extensions\redhat.java-1.33.0-win32-x64\jre\17.0.11-win32-x86_64\bin\net.dll
Event: 0.427 Loaded shared library C:\Users\Admin\.vscode\extensions\redhat.java-1.33.0-win32-x64\jre\17.0.11-win32-x86_64\bin\nio.dll
Event: 0.455 Loaded shared library C:\Users\Admin\.vscode\extensions\redhat.java-1.33.0-win32-x64\jre\17.0.11-win32-x86_64\bin\zip.dll
Event: 1.263 Loaded shared library C:\Users\Admin\.vscode\extensions\redhat.java-1.33.0-win32-x64\jre\17.0.11-win32-x86_64\bin\jimage.dll
Event: 1.546 Loaded shared library C:\Users\Admin\.vscode\extensions\redhat.java-1.33.0-win32-x64\jre\17.0.11-win32-x86_64\bin\verify.dll
Event: 2.340 Loaded shared library C:\Users\Admin\.gradle\native\c067742578af261105cb4f569cf0c3c89f3d7b1fecec35dd04571415982c5e48\windows-amd64\native-platform.dll
Event: 2.698 Loaded shared library C:\Users\Admin\.gradle\native\38dada09dfb8b06ba9b0570ebf7e218e3eb74d4ef43ca46872605cf95ebc2f47\windows-amd64\native-platform-file-events.dll
Event: 6.240 Loaded shared library C:\Users\Admin\.vscode\extensions\redhat.java-1.33.0-win32-x64\jre\17.0.11-win32-x86_64\bin\management.dll
Event: 6.249 Loaded shared library C:\Users\Admin\.vscode\extensions\redhat.java-1.33.0-win32-x64\jre\17.0.11-win32-x86_64\bin\management_ext.dll
Event: 7.308 Loaded shared library C:\Users\Admin\.vscode\extensions\redhat.java-1.33.0-win32-x64\jre\17.0.11-win32-x86_64\bin\extnet.dll
Event: 8.452 Loaded shared library C:\Users\Admin\.vscode\extensions\redhat.java-1.33.0-win32-x64\jre\17.0.11-win32-x86_64\bin\sunmscapi.dll

Deoptimization events (20 events):
Event: 107.319 Thread 0x000002a2857d1a80 Uncommon trap: trap_request=0xffffffde fr.pc=0x000002a2ed372dd4 relative=0x0000000000002834
Event: 107.319 Thread 0x000002a2857d1a80 Uncommon trap: reason=class_check action=maybe_recompile pc=0x000002a2ed372dd4 method=java.util.jar.JarFile.getManifestFromReference()Ljava/util/jar/Manifest; @ 152 c2
Event: 107.319 Thread 0x000002a2857d1a80 DEOPT PACKING pc=0x000002a2ed372dd4 sp=0x000000c04c8f19b0
Event: 107.319 Thread 0x000002a2857d1a80 DEOPT UNPACKING pc=0x000002a2ecba69a3 sp=0x000000c04c8f1920 mode 2
Event: 107.823 Thread 0x000002a2857d1a80 Uncommon trap: trap_request=0xffffffde fr.pc=0x000002a2ed372dd4 relative=0x0000000000002834
Event: 107.828 Thread 0x000002a2857d1a80 Uncommon trap: reason=class_check action=maybe_recompile pc=0x000002a2ed372dd4 method=java.util.jar.JarFile.getManifestFromReference()Ljava/util/jar/Manifest; @ 152 c2
Event: 107.828 Thread 0x000002a2857d1a80 DEOPT PACKING pc=0x000002a2ed372dd4 sp=0x000000c04c8f09a0
Event: 107.828 Thread 0x000002a2857d1a80 DEOPT UNPACKING pc=0x000002a2ecba69a3 sp=0x000000c04c8f0910 mode 2
Event: 107.928 Thread 0x000002a2857d1a80 Uncommon trap: trap_request=0xfffffff4 fr.pc=0x000002a2ed2201e8 relative=0x0000000000000068
Event: 107.928 Thread 0x000002a2857d1a80 Uncommon trap: reason=null_check action=make_not_entrant pc=0x000002a2ed2201e8 method=java.lang.Class.isAnnotation()Z @ 1 c2
Event: 107.928 Thread 0x000002a2857d1a80 DEOPT PACKING pc=0x000002a2ed2201e8 sp=0x000000c04c8f1bd0
Event: 107.928 Thread 0x000002a2857d1a80 DEOPT UNPACKING pc=0x000002a2ecba69a3 sp=0x000000c04c8f1b60 mode 2
Event: 107.928 Thread 0x000002a2857d1a80 Uncommon trap: trap_request=0xffffff3d fr.pc=0x000002a2ed313260 relative=0x0000000000000d40
Event: 107.928 Thread 0x000002a2857d1a80 Uncommon trap: reason=unstable_fused_if action=reinterpret pc=0x000002a2ed313260 method=org.objectweb.asm.ByteVector.putUTF8(Ljava/lang/String;)Lorg/objectweb/asm/ByteVector; @ 93 c2
Event: 107.928 Thread 0x000002a2857d1a80 DEOPT PACKING pc=0x000002a2ed313260 sp=0x000000c04c8f1a00
Event: 107.928 Thread 0x000002a2857d1a80 DEOPT UNPACKING pc=0x000002a2ecba69a3 sp=0x000000c04c8f1958 mode 2
Event: 108.039 Thread 0x000002a2857d1a80 Uncommon trap: trap_request=0xffffff3d fr.pc=0x000002a2ed262664 relative=0x0000000000000224
Event: 108.039 Thread 0x000002a2857d1a80 Uncommon trap: reason=unstable_fused_if action=reinterpret pc=0x000002a2ed262664 method=org.objectweb.asm.ByteVector.putUTF8(Ljava/lang/String;)Lorg/objectweb/asm/ByteVector; @ 93 c2
Event: 108.039 Thread 0x000002a2857d1a80 DEOPT PACKING pc=0x000002a2ed262664 sp=0x000000c04c8f1ac0
Event: 108.039 Thread 0x000002a2857d1a80 DEOPT UNPACKING pc=0x000002a2ecba69a3 sp=0x000000c04c8f1a40 mode 2

Classes unloaded (0 events):
No events

Classes redefined (0 events):
No events

Internal exceptions (20 events):
Event: 101.995 Thread 0x000002a2857d1a80 Exception <a 'java/lang/ClassNotFoundException'{0x000000070664af20}: org/gradle/initialization/DefaultProjectDescriptorBeanInfo> (0x000000070664af20) 
thrown [s\src\hotspot\share\classfile\systemDictionary.cpp, line 256]
Event: 101.999 Thread 0x000002a2857d1a80 Exception <a 'java/lang/ClassNotFoundException'{0x000000070665ed00}: org/gradle/initialization/DefaultProjectDescriptorCustomizer> (0x000000070665ed00) 
thrown [s\src\hotspot\share\classfile\systemDictionary.cpp, line 256]
Event: 102.082 Thread 0x000002a2857d1a80 Exception <a 'java/lang/ClassNotFoundException'{0x000000070669f2d8}: java/nio/file/PathsBeanInfo> (0x000000070669f2d8) 
thrown [s\src\hotspot\share\classfile\systemDictionary.cpp, line 256]
Event: 102.083 Thread 0x000002a2857d1a80 Exception <a 'java/lang/ClassNotFoundException'{0x00000007066a6400}: java/nio/file/PathsCustomizer> (0x00000007066a6400) 
thrown [s\src\hotspot\share\classfile\systemDictionary.cpp, line 256]
Event: 102.719 Thread 0x000002a2857d1a80 Exception <a 'java/lang/ClassNotFoundException'{0x00000007067756c8}: native_plugin_loader_wy7qd0v875tvz7q4nv6ezengBeanInfo> (0x00000007067756c8) 
thrown [s\src\hotspot\share\classfile\systemDictionary.cpp, line 256]
Event: 102.720 Thread 0x000002a2857d1a80 Exception <a 'java/lang/ClassNotFoundException'{0x000000070677f5c0}: native_plugin_loader_wy7qd0v875tvz7q4nv6ezengCustomizer> (0x000000070677f5c0) 
thrown [s\src\hotspot\share\classfile\systemDictionary.cpp, line 256]
Event: 102.737 Thread 0x000002a2857d1a80 Exception <a 'java/lang/ClassNotFoundException'{0x00000007067bd1c0}: NativePluginLoaderBeanInfo> (0x00000007067bd1c0) 
thrown [s\src\hotspot\share\classfile\systemDictionary.cpp, line 256]
Event: 102.738 Thread 0x000002a2857d1a80 Exception <a 'java/lang/ClassNotFoundException'{0x00000007067c67d0}: NativePluginLoaderCustomizer> (0x00000007067c67d0) 
thrown [s\src\hotspot\share\classfile\systemDictionary.cpp, line 256]
Event: 102.853 Thread 0x000002a2857d1a80 Exception <a 'java/lang/ClassNotFoundException'{0x000000070650e758}: java/util/ArrayListBeanInfo> (0x000000070650e758) 
thrown [s\src\hotspot\share\classfile\systemDictionary.cpp, line 256]
Event: 102.854 Thread 0x000002a2857d1a80 Exception <a 'java/lang/ClassNotFoundException'{0x00000007065160c8}: java/util/AbstractListBeanInfo> (0x00000007065160c8) 
thrown [s\src\hotspot\share\classfile\systemDictionary.cpp, line 256]
Event: 102.855 Thread 0x000002a2857d1a80 Exception <a 'java/lang/ClassNotFoundException'{0x000000070651d4f0}: java/util/AbstractListCustomizer> (0x000000070651d4f0) 
thrown [s\src\hotspot\share\classfile\systemDictionary.cpp, line 256]
Event: 102.862 Thread 0x000002a2857d1a80 Exception <a 'java/lang/ClassNotFoundException'{0x000000070652f5c8}: java/util/ArrayListCustomizer> (0x000000070652f5c8) 
thrown [s\src\hotspot\share\classfile\systemDictionary.cpp, line 256]
Event: 103.232 Thread 0x000002a2857d1a80 Exception <a 'java/lang/ClassNotFoundException'{0x00000007065bc648}: settings_7turm1hzyzoev3jlogj6tnclhBeanInfo> (0x00000007065bc648) 
thrown [s\src\hotspot\share\classfile\systemDictionary.cpp, line 256]
Event: 103.232 Thread 0x000002a2857d1a80 Exception <a 'java/lang/ClassNotFoundException'{0x00000007065c3158}: settings_7turm1hzyzoev3jlogj6tnclhCustomizer> (0x00000007065c3158) 
thrown [s\src\hotspot\share\classfile\systemDictionary.cpp, line 256]
Event: 105.295 Thread 0x000002a2857d1a80 Exception <a 'java/lang/ClassNotFoundException'{0x00000007063b3bc0}: build_1a63609vvrt2q8y3t0ew5p3wpBeanInfo> (0x00000007063b3bc0) 
thrown [s\src\hotspot\share\classfile\systemDictionary.cpp, line 256]
Event: 105.298 Thread 0x000002a2857d1a80 Exception <a 'java/lang/ClassNotFoundException'{0x00000007063bf7b0}: org/gradle/api/internal/project/ProjectScriptBeanInfo> (0x00000007063bf7b0) 
thrown [s\src\hotspot\share\classfile\systemDictionary.cpp, line 256]
Event: 105.300 Thread 0x000002a2857d1a80 Exception <a 'java/lang/ClassNotFoundException'{0x00000007063ca990}: org/gradle/api/internal/project/ProjectScriptCustomizer> (0x00000007063ca990) 
thrown [s\src\hotspot\share\classfile\systemDictionary.cpp, line 256]
Event: 105.303 Thread 0x000002a2857d1a80 Exception <a 'java/lang/ClassNotFoundException'{0x00000007063e23d8}: build_1a63609vvrt2q8y3t0ew5p3wpCustomizer> (0x00000007063e23d8) 
thrown [s\src\hotspot\share\classfile\systemDictionary.cpp, line 256]
Event: 106.447 Thread 0x000002a2857d1a80 Exception <a 'java/lang/ClassNotFoundException'{0x0000000705d52d30}: build_6aj0dwvbjk1932l2bisx6m1syBeanInfo> (0x0000000705d52d30) 
thrown [s\src\hotspot\share\classfile\systemDictionary.cpp, line 256]
Event: 106.448 Thread 0x000002a2857d1a80 Exception <a 'java/lang/ClassNotFoundException'{0x0000000705d5ef48}: build_6aj0dwvbjk1932l2bisx6m1syCustomizer> (0x0000000705d5ef48) 
thrown [s\src\hotspot\share\classfile\systemDictionary.cpp, line 256]

VM Operations (20 events):
Event: 96.453 Executing VM operation: G1PauseCleanup
Event: 96.454 Executing VM operation: G1PauseCleanup done
Event: 98.469 Executing VM operation: Cleanup
Event: 98.470 Executing VM operation: Cleanup done
Event: 99.471 Executing VM operation: Cleanup
Event: 99.472 Executing VM operation: Cleanup done
Event: 102.483 Executing VM operation: Cleanup
Event: 102.484 Executing VM operation: Cleanup done
Event: 103.490 Executing VM operation: Cleanup
Event: 103.491 Executing VM operation: Cleanup done
Event: 104.504 Executing VM operation: Cleanup
Event: 104.505 Executing VM operation: Cleanup done
Event: 105.520 Executing VM operation: Cleanup
Event: 105.602 Executing VM operation: Cleanup done
Event: 106.988 Executing VM operation: G1CollectForAllocation
Event: 106.999 Executing VM operation: G1CollectForAllocation done
Event: 108.005 Executing VM operation: Cleanup
Event: 108.022 Executing VM operation: Cleanup done
Event: 108.062 Executing VM operation: HandshakeAllThreads
Event: 108.063 Executing VM operation: HandshakeAllThreads done

Events (20 events):
Event: 102.852 loading class java/util/ArrayListBeanInfo done
Event: 102.853 loading class java/util/ArrayListBeanInfo
Event: 102.853 loading class java/util/ArrayListBeanInfo done
Event: 102.853 loading class java/util/AbstractListBeanInfo
Event: 102.853 loading class java/util/AbstractListBeanInfo done
Event: 102.854 loading class java/util/AbstractListBeanInfo
Event: 102.854 loading class java/util/AbstractListBeanInfo done
Event: 102.855 loading class java/util/AbstractListCustomizer
Event: 102.855 loading class java/util/AbstractListCustomizer done
Event: 102.855 loading class java/util/AbstractListCustomizer
Event: 102.855 loading class java/util/AbstractListCustomizer done
Event: 102.861 loading class java/util/ArrayListCustomizer
Event: 102.861 loading class java/util/ArrayListCustomizer done
Event: 102.862 loading class java/util/ArrayListCustomizer
Event: 102.862 loading class java/util/ArrayListCustomizer done
Event: 103.565 Thread 0x000002a2873cc3d0 Thread added: 0x000002a2873cc3d0
Event: 108.047 loading class sun/reflect/ReflectionFactory
Event: 108.049 loading class sun/reflect/ReflectionFactory done
Event: 108.049 loading class sun/reflect/ReflectionFactory$1
Event: 108.050 loading class sun/reflect/ReflectionFactory$1 done


Dynamic libraries:
0x00007ff67e3d0000 - 0x00007ff67e3de000 	C:\Users\Admin\.vscode\extensions\redhat.java-1.33.0-win32-x64\jre\17.0.11-win32-x86_64\bin\java.exe
0x00007ffc1f4f0000 - 0x00007ffc1f707000 	C:\WINDOWS\SYSTEM32\ntdll.dll
0x00007ffc1dad0000 - 0x00007ffc1db94000 	C:\WINDOWS\System32\KERNEL32.DLL
0x00007ffc1c810000 - 0x00007ffc1cbbd000 	C:\WINDOWS\System32\KERNELBASE.dll
0x00007ffc1cd30000 - 0x00007ffc1ce41000 	C:\WINDOWS\System32\ucrtbase.dll
0x00007ffc13580000 - 0x00007ffc1359b000 	C:\Users\Admin\.vscode\extensions\redhat.java-1.33.0-win32-x64\jre\17.0.11-win32-x86_64\bin\VCRUNTIME140.dll
0x00007ffc135a0000 - 0x00007ffc135b7000 	C:\Users\Admin\.vscode\extensions\redhat.java-1.33.0-win32-x64\jre\17.0.11-win32-x86_64\bin\jli.dll
0x00007ffc1ef50000 - 0x00007ffc1f0fe000 	C:\WINDOWS\System32\USER32.dll
0x00007ffc1d0c0000 - 0x00007ffc1d0e6000 	C:\WINDOWS\System32\win32u.dll
0x00007ffc1d2d0000 - 0x00007ffc1d2f9000 	C:\WINDOWS\System32\GDI32.dll
0x00007ffc1cfa0000 - 0x00007ffc1d0b9000 	C:\WINDOWS\System32\gdi32full.dll
0x00007ffc1cf00000 - 0x00007ffc1cf9a000 	C:\WINDOWS\System32\msvcp_win.dll
0x00007ffc1bae0000 - 0x00007ffc1bd73000 	C:\WINDOWS\WinSxS\amd64_microsoft.windows.common-controls_6595b64144ccf1df_6.0.22621.3672_none_2713b9d173822955\COMCTL32.dll
0x00007ffc1d220000 - 0x00007ffc1d2c7000 	C:\WINDOWS\System32\msvcrt.dll
0x00007ffc1f470000 - 0x00007ffc1f4a1000 	C:\WINDOWS\System32\IMM32.DLL
0x00007ffc10530000 - 0x00007ffc1053c000 	C:\Users\Admin\.vscode\extensions\redhat.java-1.33.0-win32-x64\jre\17.0.11-win32-x86_64\bin\vcruntime140_1.dll
0x00007ffbda780000 - 0x00007ffbda80d000 	C:\Users\Admin\.vscode\extensions\redhat.java-1.33.0-win32-x64\jre\17.0.11-win32-x86_64\bin\msvcp140.dll
0x00007ffbbff00000 - 0x00007ffbc0b62000 	C:\Users\Admin\.vscode\extensions\redhat.java-1.33.0-win32-x64\jre\17.0.11-win32-x86_64\bin\server\jvm.dll
0x00007ffc1d420000 - 0x00007ffc1d4d2000 	C:\WINDOWS\System32\ADVAPI32.dll
0x00007ffc1e560000 - 0x00007ffc1e609000 	C:\WINDOWS\System32\sechost.dll
0x00007ffc1ce50000 - 0x00007ffc1ce78000 	C:\WINDOWS\System32\bcrypt.dll
0x00007ffc1dbd0000 - 0x00007ffc1dce4000 	C:\WINDOWS\System32\RPCRT4.dll
0x00007ffc1c6d0000 - 0x00007ffc1c71d000 	C:\WINDOWS\SYSTEM32\POWRPROF.dll
0x00007ffc192d0000 - 0x00007ffc19304000 	C:\WINDOWS\SYSTEM32\WINMM.dll
0x00007ffc1a9e0000 - 0x00007ffc1a9ea000 	C:\WINDOWS\SYSTEM32\VERSION.dll
0x00007ffc10520000 - 0x00007ffc10529000 	C:\WINDOWS\SYSTEM32\WSOCK32.dll
0x00007ffc1f310000 - 0x00007ffc1f381000 	C:\WINDOWS\System32\WS2_32.dll
0x00007ffc1c6b0000 - 0x00007ffc1c6c3000 	C:\WINDOWS\SYSTEM32\UMPDC.dll
0x00007ffc1a8d0000 - 0x00007ffc1a8e8000 	C:\WINDOWS\SYSTEM32\kernel.appcore.dll
0x00007ffc10510000 - 0x00007ffc1051a000 	C:\Users\Admin\.vscode\extensions\redhat.java-1.33.0-win32-x64\jre\17.0.11-win32-x86_64\bin\jimage.dll
0x00007ffc1c030000 - 0x00007ffc1c262000 	C:\WINDOWS\SYSTEM32\DBGHELP.DLL
0x00007ffc1e660000 - 0x00007ffc1e9ed000 	C:\WINDOWS\System32\combase.dll
0x00007ffc1f390000 - 0x00007ffc1f467000 	C:\WINDOWS\System32\OLEAUT32.dll
0x00007ffc1bf60000 - 0x00007ffc1bf92000 	C:\WINDOWS\SYSTEM32\dbgcore.DLL
0x00007ffc1ce80000 - 0x00007ffc1cefb000 	C:\WINDOWS\System32\bcryptPrimitives.dll
0x00007ffbda750000 - 0x00007ffbda775000 	C:\Users\Admin\.vscode\extensions\redhat.java-1.33.0-win32-x64\jre\17.0.11-win32-x86_64\bin\java.dll
0x00007ffc12ae0000 - 0x00007ffc12af8000 	C:\Users\Admin\.vscode\extensions\redhat.java-1.33.0-win32-x64\jre\17.0.11-win32-x86_64\bin\zip.dll
0x00007ffc1dcf0000 - 0x00007ffc1e557000 	C:\WINDOWS\System32\SHELL32.dll
0x00007ffc197e0000 - 0x00007ffc1a0de000 	C:\WINDOWS\SYSTEM32\windows.storage.dll
0x00007ffc196a0000 - 0x00007ffc197df000 	C:\WINDOWS\SYSTEM32\wintypes.dll
0x00007ffc1eb60000 - 0x00007ffc1ec59000 	C:\WINDOWS\System32\SHCORE.dll
0x00007ffc1f100000 - 0x00007ffc1f15e000 	C:\WINDOWS\System32\shlwapi.dll
0x00007ffc1c740000 - 0x00007ffc1c761000 	C:\WINDOWS\SYSTEM32\profapi.dll
0x00007ffc12ac0000 - 0x00007ffc12ad9000 	C:\Users\Admin\.vscode\extensions\redhat.java-1.33.0-win32-x64\jre\17.0.11-win32-x86_64\bin\net.dll
0x00007ffc17670000 - 0x00007ffc177a6000 	C:\WINDOWS\SYSTEM32\WINHTTP.dll
0x00007ffc1ad30000 - 0x00007ffc1ad99000 	C:\WINDOWS\system32\mswsock.dll
0x00007ffbf9c20000 - 0x00007ffbf9c36000 	C:\Users\Admin\.vscode\extensions\redhat.java-1.33.0-win32-x64\jre\17.0.11-win32-x86_64\bin\nio.dll
0x00007ffc13570000 - 0x00007ffc13580000 	C:\Users\Admin\.vscode\extensions\redhat.java-1.33.0-win32-x64\jre\17.0.11-win32-x86_64\bin\verify.dll
0x00007ffc0a570000 - 0x00007ffc0a597000 	C:\Users\Admin\.gradle\native\c067742578af261105cb4f569cf0c3c89f3d7b1fecec35dd04571415982c5e48\windows-amd64\native-platform.dll
0x00007ffc095d0000 - 0x00007ffc09714000 	C:\Users\Admin\.gradle\native\38dada09dfb8b06ba9b0570ebf7e218e3eb74d4ef43ca46872605cf95ebc2f47\windows-amd64\native-platform-file-events.dll
0x00007ffc16f30000 - 0x00007ffc16f39000 	C:\Users\Admin\.vscode\extensions\redhat.java-1.33.0-win32-x64\jre\17.0.11-win32-x86_64\bin\management.dll
0x00007ffc16f20000 - 0x00007ffc16f2b000 	C:\Users\Admin\.vscode\extensions\redhat.java-1.33.0-win32-x64\jre\17.0.11-win32-x86_64\bin\management_ext.dll
0x00007ffc1d300000 - 0x00007ffc1d308000 	C:\WINDOWS\System32\PSAPI.DLL
0x00007ffc1c3b0000 - 0x00007ffc1c3cb000 	C:\WINDOWS\SYSTEM32\CRYPTSP.dll
0x00007ffc1a830000 - 0x00007ffc1a865000 	C:\WINDOWS\system32\rsaenh.dll
0x00007ffc1ae50000 - 0x00007ffc1ae78000 	C:\WINDOWS\SYSTEM32\USERENV.dll
0x00007ffc1b830000 - 0x00007ffc1b83c000 	C:\WINDOWS\SYSTEM32\CRYPTBASE.dll
0x00007ffc1a340000 - 0x00007ffc1a36d000 	C:\WINDOWS\SYSTEM32\IPHLPAPI.DLL
0x00007ffc1eb50000 - 0x00007ffc1eb59000 	C:\WINDOWS\System32\NSI.dll
0x00007ffc17650000 - 0x00007ffc17669000 	C:\WINDOWS\SYSTEM32\dhcpcsvc6.DLL
0x00007ffc17630000 - 0x00007ffc1764f000 	C:\WINDOWS\SYSTEM32\dhcpcsvc.DLL
0x00007ffc1a370000 - 0x00007ffc1a468000 	C:\WINDOWS\SYSTEM32\DNSAPI.dll
0x00007ffc179c0000 - 0x00007ffc179c9000 	C:\Users\Admin\.vscode\extensions\redhat.java-1.33.0-win32-x64\jre\17.0.11-win32-x86_64\bin\extnet.dll
0x00007ffc179e0000 - 0x00007ffc179ee000 	C:\Users\Admin\.vscode\extensions\redhat.java-1.33.0-win32-x64\jre\17.0.11-win32-x86_64\bin\sunmscapi.dll
0x00007ffc1cbc0000 - 0x00007ffc1cd27000 	C:\WINDOWS\System32\CRYPT32.dll
0x00007ffc1b9c0000 - 0x00007ffc1b9ee000 	C:\WINDOWS\SYSTEM32\ncrypt.dll
0x00007ffc1b980000 - 0x00007ffc1b9b7000 	C:\WINDOWS\SYSTEM32\NTASN1.dll
0x00007ffc179d0000 - 0x00007ffc179d8000 	C:\WINDOWS\system32\wshunix.dll

dbghelp: loaded successfully - version: 4.0.5 - missing functions: none
symbol engine: initialized successfully - sym options: 0x614 - pdb path: .;C:\Users\Admin\.vscode\extensions\redhat.java-1.33.0-win32-x64\jre\17.0.11-win32-x86_64\bin;C:\WINDOWS\SYSTEM32;C:\WINDOWS\WinSxS\amd64_microsoft.windows.common-controls_6595b64144ccf1df_6.0.22621.3672_none_2713b9d173822955;C:\Users\Admin\.vscode\extensions\redhat.java-1.33.0-win32-x64\jre\17.0.11-win32-x86_64\bin\server;C:\Users\Admin\.gradle\native\c067742578af261105cb4f569cf0c3c89f3d7b1fecec35dd04571415982c5e48\windows-amd64;C:\Users\Admin\.gradle\native\38dada09dfb8b06ba9b0570ebf7e218e3eb74d4ef43ca46872605cf95ebc2f47\windows-amd64

VM Arguments:
jvm_args: -XX:MaxMetaspaceSize=2G -XX:+HeapDumpOnOutOfMemoryError --add-opens=java.base/java.util=ALL-UNNAMED --add-opens=java.base/java.lang=ALL-UNNAMED --add-opens=java.base/java.lang.invoke=ALL-UNNAMED --add-opens=java.prefs/java.util.prefs=ALL-UNNAMED --add-opens=java.base/java.nio.charset=ALL-UNNAMED --add-opens=java.base/java.net=ALL-UNNAMED --add-opens=java.base/java.util.concurrent.atomic=ALL-UNNAMED -Xmx4G -Dfile.encoding=utf8 -Duser.country=IN -Duser.language=en -Duser.variant 
java_command: org.gradle.launcher.daemon.bootstrap.GradleDaemon 7.6.3
java_class_path (initial): C:\Users\Admin\.gradle\wrapper\dists\gradle-7.6.3-all\aocdy2d2z8kodnny3rsumj8i8\gradle-7.6.3\lib\gradle-launcher-7.6.3.jar
Launcher Type: SUN_STANDARD

[Global flags]
     intx CICompilerCount                          = 3                                         {product} {ergonomic}
     uint ConcGCThreads                            = 1                                         {product} {ergonomic}
     uint G1ConcRefinementThreads                  = 4                                         {product} {ergonomic}
   size_t G1HeapRegionSize                         = 2097152                                   {product} {ergonomic}
    uintx GCDrainStackTargetSize                   = 64                                        {product} {ergonomic}
     bool HeapDumpOnOutOfMemoryError               = true                                   {manageable} {command line}
   size_t InitialHeapSize                          = 58720256                                  {product} {ergonomic}
   size_t MarkStackSize                            = 4194304                                   {product} {ergonomic}
   size_t MaxHeapSize                              = 4294967296                                {product} {command line}
   size_t MaxMetaspaceSize                         = 2147483648                                {product} {command line}
   size_t MaxNewSize                               = 2575302656                                {product} {ergonomic}
   size_t MinHeapDeltaBytes                        = 2097152                                   {product} {ergonomic}
   size_t MinHeapSize                              = 8388608                                   {product} {ergonomic}
    uintx NonNMethodCodeHeapSize                   = 5832780                                {pd product} {ergonomic}
    uintx NonProfiledCodeHeapSize                  = 122912730                              {pd product} {ergonomic}
    uintx ProfiledCodeHeapSize                     = 122912730                              {pd product} {ergonomic}
    uintx ReservedCodeCacheSize                    = 251658240                              {pd product} {ergonomic}
     bool SegmentedCodeCache                       = true                                      {product} {ergonomic}
   size_t SoftMaxHeapSize                          = 4294967296                             {manageable} {ergonomic}
     bool UseCompressedClassPointers               = true                           {product lp64_product} {ergonomic}
     bool UseCompressedOops                        = true                           {product lp64_product} {ergonomic}
     bool UseG1GC                                  = true                                      {product} {ergonomic}
     bool UseLargePagesIndividualAllocation        = false                                  {pd product} {ergonomic}

Logging:
Log output configuration:
 #0: stdout all=warning uptime,level,tags
 #1: stderr all=off uptime,level,tags

Environment Variables:
PATH=C:\Program Files\Common Files\Oracle\Java\javapath;C:\WINDOWS\system32;C:\WINDOWS;C:\WINDOWS\System32\Wbem;C:\WINDOWS\System32\WindowsPowerShell\v1.0\;C:\WINDOWS\System32\OpenSSH\;C:\MinGW\bin;C:\Users\Admin\AppData\Roaming\nvm;C:\Program Files\nodejs;C:\Program Files\nodejs\;E:\apache-maven-3.9.8\bin;C:\Program Files\Git\cmd;C:\Program Files\MySQL\MySQL Shell 8.0\bin\;C:\Users\Admin\AppData\Local\Microsoft\WindowsApps;C:\Users\Admin\AppData\Local\Programs\Microsoft VS Code\bin;C:\Users\Admin\AppData\Roaming\nvm;C:\Program Files\nodejs;C:\Users\Admin\AppData\Roaming\npm;C:\flutter\bin;
USERNAME=Deep
OS=Windows_NT
PROCESSOR_IDENTIFIER=AMD64 Family 23 Model 24 Stepping 1, AuthenticAMD
TMP=C:\Users\Admin\AppData\Local\Temp
TEMP=C:\Users\Admin\AppData\Local\Temp



Periodic native trim disabled


---------------  S Y S T E M  ---------------

OS:
 Windows 11 , 64 bit Build 22621 (10.0.22621.3958)
OS uptime: 0 days 0:06 hours
Hyper-V role detected

CPU: total 4 (initial active 4) (4 cores per cpu, 2 threads per core) family 23 model 24 stepping 1 microcode 0x0, cx8, cmov, fxsr, ht, mmx, 3dnowpref, sse, sse2, sse3, ssse3, sse4a, sse4.1, sse4.2, popcnt, lzcnt, tsc, tscinvbit, avx, avx2, aes, clmul, bmi1, bmi2, adx, sha, fma, vzeroupper, clflush, clflushopt, hv
Processor Information for all 4 processors :
  Max Mhz: 2600, Current Mhz: 2600, Mhz Limit: 2600

Memory: 4k page, system-wide physical 3470M (105M free)
TotalPageFile size 8470M (AvailPageFile size 4M)
current process WorkingSet (physical memory assigned to process): 216M, peak: 232M
current process commit charge ("private bytes"): 317M, peak: 321M

vm_info: OpenJDK 64-Bit Server VM (17.0.11+9) for windows-amd64 JRE (17.0.11+9), built on Apr 17 2024 06:07:48 by "admin" with MS VC++ 16.10 / 16.11 (VS2019)

END.
