#
# There is insufficient memory for the Java Runtime Environment to continue.
# Native memory allocation (malloc) failed to allocate 910576 bytes. Error detail: Chunk::new
# Possible reasons:
#   The system is out of physical RAM or swap space
#   This process is running with CompressedOops enabled, and the Java Heap may be blocking the growth of the native heap
# Possible solutions:
#   Reduce memory load on the system
#   Increase physical memory or swap space
#   Check if swap backing store is full
#   Decrease Java heap size (-Xmx/-Xms)
#   Decrease number of Java threads
#   Decrease Java thread stack sizes (-Xss)
#   Set larger code cache with -XX:ReservedCodeCacheSize=
#   JVM is running with Zero Based Compressed Oops mode in which the Java heap is
#     placed in the first 32GB address space. The Java Heap base address is the
#     maximum limit for the native heap growth. Please use -XX:HeapBaseMinAddress
#     to set the Java Heap base and to place the Java Heap above 32GB virtual address.
# This output file may be truncated or incomplete.
#
#  Out of Memory Error (arena.cpp:191), pid=11224, tid=2016
#
# JRE version: OpenJDK Runtime Environment Temurin-17.0.11+9 (17.0.11+9) (build 17.0.11+9)
# Java VM: OpenJDK 64-Bit Server VM Temurin-17.0.11+9 (17.0.11+9, mixed mode, tiered, compressed oops, compressed class ptrs, g1 gc, windows-amd64)
# No core dump will be written. Minidumps are not enabled by default on client versions of Windows
#

---------------  S U M M A R Y ------------

Command Line: -XX:MaxMetaspaceSize=2G -XX:+HeapDumpOnOutOfMemoryError --add-opens=java.base/java.util=ALL-UNNAMED --add-opens=java.base/java.lang=ALL-UNNAMED --add-opens=java.base/java.lang.invoke=ALL-UNNAMED --add-opens=java.prefs/java.util.prefs=ALL-UNNAMED --add-opens=java.base/java.nio.charset=ALL-UNNAMED --add-opens=java.base/java.net=ALL-UNNAMED --add-opens=java.base/java.util.concurrent.atomic=ALL-UNNAMED -Xmx4G -Dfile.encoding=utf8 -Duser.country=IN -Duser.language=en -Duser.variant org.gradle.launcher.daemon.bootstrap.GradleDaemon 7.6.3

Host: AMD Ryzen 3 3250U with Radeon Graphics         , 4 cores, 3G,  Windows 11 , 64 bit Build 22621 (10.0.22621.3958)
Time: Wed Aug  7 20:34:56 2024 India Standard Time elapsed time: 102.872662 seconds (0d 0h 1m 42s)

---------------  T H R E A D  ---------------

Current thread (0x0000019c5a673d20):  JavaThread "C2 CompilerThread0" daemon [_thread_in_native, id=2016, stack(0x00000081edd00000,0x00000081ede00000)]


Current CompileTask:
C2: 102872 10366   !   4       com.sun.beans.TypeResolver::resolve (261 bytes)

Stack: [0x00000081edd00000,0x00000081ede00000]
Native frames: (J=compiled Java code, j=interpreted, Vv=VM code, C=native code)
V  [jvm.dll+0x67d429]
V  [jvm.dll+0x834b7a]
V  [jvm.dll+0x83663e]
V  [jvm.dll+0x836ca3]
V  [jvm.dll+0x247dbf]
V  [jvm.dll+0xac534]
V  [jvm.dll+0xacb7c]
V  [jvm.dll+0x2af2cf]
V  [jvm.dll+0x5848b7]
V  [jvm.dll+0x222d82]
V  [jvm.dll+0x22317f]
V  [jvm.dll+0x21c2a0]
V  [jvm.dll+0x2197a1]
V  [jvm.dll+0x1a534d]
V  [jvm.dll+0x2295cd]
V  [jvm.dll+0x22779c]
V  [jvm.dll+0x7e9d07]
V  [jvm.dll+0x7e410a]
V  [jvm.dll+0x67c315]
C  [ucrtbase.dll+0x29333]
C  [KERNEL32.DLL+0x1257d]
C  [ntdll.dll+0x5af28]


---------------  P R O C E S S  ---------------

Threads class SMR info:
_java_thread_list=0x0000019c60c612e0, length=86, elements={
0x0000019c3cb9e020, 0x0000019c5a51a1b0, 0x0000019c5a51caf0, 0x0000019c5a68e1c0,
0x0000019c5a5620b0, 0x0000019c5a565530, 0x0000019c5a5675b0, 0x0000019c5a673d20,
0x0000019c5a674e80, 0x0000019c5a6786e0, 0x0000019c5a812010, 0x0000019c5a818510,
0x0000019c606edb20, 0x0000019c5fca16f0, 0x0000019c600bf120, 0x0000019c5a961560,
0x0000019c5a93f830, 0x0000019c61794900, 0x0000019c61794e10, 0x0000019c61793ee0,
0x0000019c61795320, 0x0000019c61796c70, 0x0000019c61795830, 0x0000019c61795d40,
0x0000019c61796250, 0x0000019c61797180, 0x0000019c61797690, 0x0000019c615bfba0,
0x0000019c615bf180, 0x0000019c615bf690, 0x0000019c615bdd40, 0x0000019c615be760,
0x0000019c615c00b0, 0x0000019c615bc900, 0x0000019c615be250, 0x0000019c615bd320,
0x0000019c6061f560, 0x0000019c6061d1f0, 0x0000019c6061a460, 0x0000019c6061b390,
0x0000019c6061e630, 0x0000019c6061ff80, 0x0000019c606209a0, 0x0000019c6061b8a0,
0x0000019c6061c2c0, 0x0000019c60620490, 0x0000019c6061cce0, 0x0000019c6061d700,
0x0000019c6061eb40, 0x0000019c60619a40, 0x0000019c60620eb0, 0x0000019c6061dc10,
0x0000019c6061f050, 0x0000019c6061fa70, 0x0000019c606213c0, 0x0000019c6061ae80,
0x0000019c61ce2a80, 0x0000019c61ce3ec0, 0x0000019c61ce48e0, 0x0000019c61ce4df0,
0x0000019c61ce43d0, 0x0000019c61ce39b0, 0x0000019c61ce5300, 0x0000019c61ce5810,
0x0000019c61ce2060, 0x0000019c61ce2570, 0x0000019c61ce2f90, 0x0000019c61ce34a0,
0x0000019c61f3ca10, 0x0000019c61f3b5d0, 0x0000019c61f3f290, 0x0000019c61f3bff0,
0x0000019c61f3bae0, 0x0000019c61f39c80, 0x0000019c61f39260, 0x0000019c61f39770,
0x0000019c61f3ed80, 0x0000019c61f3de50, 0x0000019c61f3cf20, 0x0000019c61f3e360,
0x0000019c61f3d940, 0x0000019c61f3c500, 0x0000019c61f37e20, 0x0000019c61f38840,
0x0000019c61f3a6a0, 0x0000019c61f3a190
}

Java Threads: ( => current thread )
  0x0000019c3cb9e020 JavaThread "main" [_thread_blocked, id=10532, stack(0x00000081ed000000,0x00000081ed100000)]
  0x0000019c5a51a1b0 JavaThread "Reference Handler" daemon [_thread_blocked, id=8760, stack(0x00000081ed700000,0x00000081ed800000)]
  0x0000019c5a51caf0 JavaThread "Finalizer" daemon [_thread_blocked, id=3536, stack(0x00000081ed800000,0x00000081ed900000)]
  0x0000019c5a68e1c0 JavaThread "Signal Dispatcher" daemon [_thread_blocked, id=1408, stack(0x00000081ed900000,0x00000081eda00000)]
  0x0000019c5a5620b0 JavaThread "Attach Listener" daemon [_thread_blocked, id=6980, stack(0x00000081eda00000,0x00000081edb00000)]
  0x0000019c5a565530 JavaThread "Service Thread" daemon [_thread_blocked, id=3132, stack(0x00000081edb00000,0x00000081edc00000)]
  0x0000019c5a5675b0 JavaThread "Monitor Deflation Thread" daemon [_thread_blocked, id=7256, stack(0x00000081edc00000,0x00000081edd00000)]
=>0x0000019c5a673d20 JavaThread "C2 CompilerThread0" daemon [_thread_in_native, id=2016, stack(0x00000081edd00000,0x00000081ede00000)]
  0x0000019c5a674e80 JavaThread "C1 CompilerThread0" daemon [_thread_in_native, id=7556, stack(0x00000081ede00000,0x00000081edf00000)]
  0x0000019c5a6786e0 JavaThread "Sweeper thread" daemon [_thread_blocked, id=1624, stack(0x00000081edf00000,0x00000081ee000000)]
  0x0000019c5a812010 JavaThread "Common-Cleaner" daemon [_thread_blocked, id=9508, stack(0x00000081ee000000,0x00000081ee100000)]
  0x0000019c5a818510 JavaThread "Notification Thread" daemon [_thread_blocked, id=8468, stack(0x00000081ee100000,0x00000081ee200000)]
  0x0000019c606edb20 JavaThread "Daemon health stats" [_thread_blocked, id=3096, stack(0x00000081ee700000,0x00000081ee800000)]
  0x0000019c5fca16f0 JavaThread "Incoming local TCP Connector on port 50211" [_thread_in_native, id=7088, stack(0x00000081ee600000,0x00000081ee700000)]
  0x0000019c600bf120 JavaThread "Daemon periodic checks" [_thread_blocked, id=6008, stack(0x00000081ee800000,0x00000081ee900000)]
  0x0000019c5a961560 JavaThread "Daemon" [_thread_blocked, id=3140, stack(0x00000081ee900000,0x00000081eea00000)]
  0x0000019c5a93f830 JavaThread "Handler for socket connection from /127.0.0.1:50211 to /127.0.0.1:50212" [_thread_in_native, id=6164, stack(0x00000081eea00000,0x00000081eeb00000)]
  0x0000019c61794900 JavaThread "Cancel handler" [_thread_blocked, id=4028, stack(0x00000081eeb00000,0x00000081eec00000)]
  0x0000019c61794e10 JavaThread "Daemon worker" [_thread_in_vm, id=10296, stack(0x00000081eec00000,0x00000081eed00000)]
  0x0000019c61793ee0 JavaThread "Asynchronous log dispatcher for DefaultDaemonConnection: socket connection from /127.0.0.1:50211 to /127.0.0.1:50212" [_thread_blocked, id=3424, stack(0x00000081eed00000,0x00000081eee00000)]
  0x0000019c61795320 JavaThread "Daemon client event forwarder" [_thread_blocked, id=2848, stack(0x00000081eef00000,0x00000081ef000000)]
  0x0000019c61796c70 JavaThread "Cache worker for journal cache (C:\Users\Admin\.gradle\caches\journal-1)" [_thread_blocked, id=7436, stack(0x00000081ef000000,0x00000081ef100000)]
  0x0000019c61795830 JavaThread "File lock request listener" [_thread_in_native, id=9860, stack(0x00000081ef100000,0x00000081ef200000)]
  0x0000019c61795d40 JavaThread "Cache worker for file hash cache (C:\Users\Admin\.gradle\caches\7.6.3\fileHashes)" [_thread_blocked, id=10356, stack(0x00000081ef200000,0x00000081ef300000)]
  0x0000019c61796250 JavaThread "File watcher server" daemon [_thread_in_native, id=10652, stack(0x00000081ef400000,0x00000081ef500000)]
  0x0000019c61797180 JavaThread "File watcher consumer" daemon [_thread_blocked, id=6772, stack(0x00000081ef500000,0x00000081ef600000)]
  0x0000019c61797690 JavaThread "jar transforms" [_thread_blocked, id=10692, stack(0x00000081ef600000,0x00000081ef700000)]
  0x0000019c615bfba0 JavaThread "jar transforms Thread 2" [_thread_blocked, id=3080, stack(0x00000081ef700000,0x00000081ef800000)]
  0x0000019c615bf180 JavaThread "jar transforms Thread 3" [_thread_blocked, id=6440, stack(0x00000081ef800000,0x00000081ef900000)]
  0x0000019c615bf690 JavaThread "Cache worker for checksums cache (D:\neww\android\.gradle\7.6.3\checksums)" [_thread_blocked, id=10352, stack(0x00000081ef300000,0x00000081ef400000)]
  0x0000019c615bdd40 JavaThread "Cache worker for cache directory md-rule (C:\Users\Admin\.gradle\caches\7.6.3\md-rule)" [_thread_blocked, id=7800, stack(0x00000081ef900000,0x00000081efa00000)]
  0x0000019c615be760 JavaThread "Cache worker for file content cache (C:\Users\Admin\.gradle\caches\7.6.3\fileContent)" [_thread_blocked, id=3912, stack(0x00000081efa00000,0x00000081efb00000)]
  0x0000019c615c00b0 JavaThread "Cache worker for file hash cache (D:\neww\android\.gradle\7.6.3\fileHashes)" [_thread_blocked, id=11088, stack(0x00000081efb00000,0x00000081efc00000)]
  0x0000019c615bc900 JavaThread "Cache worker for cache directory md-supplier (C:\Users\Admin\.gradle\caches\7.6.3\md-supplier)" [_thread_blocked, id=3112, stack(0x00000081efc00000,0x00000081efd00000)]
  0x0000019c615be250 JavaThread "Cache worker for execution history cache (C:\Users\Admin\.gradle\caches\7.6.3\executionHistory)" [_thread_blocked, id=11124, stack(0x00000081efe00000,0x00000081eff00000)]
  0x0000019c615bd320 JavaThread "jar transforms Thread 4" [_thread_blocked, id=5680, stack(0x00000081efd00000,0x00000081efe00000)]
  0x0000019c6061f560 JavaThread "Cache worker for kotlin-dsl (C:\Users\Admin\.gradle\caches\7.6.3\kotlin-dsl)" [_thread_blocked, id=7520, stack(0x00000081f0000000,0x00000081f0100000)]
  0x0000019c6061d1f0 JavaThread "Cache worker for dependencies-accessors (D:\neww\android\.gradle\7.6.3\dependencies-accessors)" [_thread_blocked, id=9596, stack(0x00000081eff00000,0x00000081f0000000)]
  0x0000019c6061a460 JavaThread "Cache worker for Build Output Cleanup Cache (C:\flutter\packages\flutter_tools\gradle\.gradle\buildOutputCleanup)" [_thread_blocked, id=9804, stack(0x00000081f0100000,0x00000081f0200000)]
  0x0000019c6061b390 JavaThread "Memory manager" [_thread_blocked, id=6412, stack(0x00000081f0200000,0x00000081f0300000)]
  0x0000019c6061e630 JavaThread "included builds" [_thread_blocked, id=3312, stack(0x00000081ecd00000,0x00000081ece00000)]
  0x0000019c6061ff80 JavaThread "Execution worker" [_thread_blocked, id=11164, stack(0x00000081f0500000,0x00000081f0600000)]
  0x0000019c606209a0 JavaThread "Execution worker Thread 2" [_thread_blocked, id=10588, stack(0x00000081f0600000,0x00000081f0700000)]
  0x0000019c6061b8a0 JavaThread "Execution worker Thread 3" [_thread_blocked, id=1752, stack(0x00000081f0700000,0x00000081f0800000)]
  0x0000019c6061c2c0 JavaThread "Cache worker for execution history cache (C:\flutter\packages\flutter_tools\gradle\.gradle\7.6.3\executionHistory)" [_thread_blocked, id=1664, stack(0x00000081f0800000,0x00000081f0900000)]
  0x0000019c60620490 JavaThread "Unconstrained build operations" [_thread_blocked, id=7528, stack(0x00000081f0900000,0x00000081f0a00000)]
  0x0000019c6061cce0 JavaThread "Unconstrained build operations Thread 2" [_thread_blocked, id=6664, stack(0x00000081f0a00000,0x00000081f0b00000)]
  0x0000019c6061d700 JavaThread "Unconstrained build operations Thread 3" [_thread_blocked, id=2940, stack(0x00000081f0b00000,0x00000081f0c00000)]
  0x0000019c6061eb40 JavaThread "Unconstrained build operations Thread 4" [_thread_blocked, id=6704, stack(0x00000081f0c00000,0x00000081f0d00000)]
  0x0000019c60619a40 JavaThread "Unconstrained build operations Thread 5" [_thread_blocked, id=8616, stack(0x00000081f0d00000,0x00000081f0e00000)]
  0x0000019c60620eb0 JavaThread "Unconstrained build operations Thread 6" [_thread_blocked, id=1928, stack(0x00000081f0e00000,0x00000081f0f00000)]
  0x0000019c6061dc10 JavaThread "Unconstrained build operations Thread 7" [_thread_blocked, id=1704, stack(0x00000081f0f00000,0x00000081f1000000)]
  0x0000019c6061f050 JavaThread "Unconstrained build operations Thread 8" [_thread_blocked, id=3344, stack(0x00000081f1000000,0x00000081f1100000)]
  0x0000019c6061fa70 JavaThread "Unconstrained build operations Thread 9" [_thread_blocked, id=4648, stack(0x00000081f1100000,0x00000081f1200000)]
  0x0000019c606213c0 JavaThread "Unconstrained build operations Thread 10" [_thread_blocked, id=5972, stack(0x00000081f1200000,0x00000081f1300000)]
  0x0000019c6061ae80 JavaThread "Unconstrained build operations Thread 11" [_thread_blocked, id=7640, stack(0x00000081f1300000,0x00000081f1400000)]
  0x0000019c61ce2a80 JavaThread "Unconstrained build operations Thread 12" [_thread_blocked, id=2840, stack(0x00000081f1400000,0x00000081f1500000)]
  0x0000019c61ce3ec0 JavaThread "Unconstrained build operations Thread 13" [_thread_blocked, id=7412, stack(0x00000081f1500000,0x00000081f1600000)]
  0x0000019c61ce48e0 JavaThread "Unconstrained build operations Thread 14" [_thread_blocked, id=8028, stack(0x00000081f1600000,0x00000081f1700000)]
  0x0000019c61ce4df0 JavaThread "Unconstrained build operations Thread 15" [_thread_blocked, id=7680, stack(0x00000081f1700000,0x00000081f1800000)]
  0x0000019c61ce43d0 JavaThread "Unconstrained build operations Thread 16" [_thread_blocked, id=8448, stack(0x00000081f1800000,0x00000081f1900000)]
  0x0000019c61ce39b0 JavaThread "Unconstrained build operations Thread 17" [_thread_blocked, id=8732, stack(0x00000081f1900000,0x00000081f1a00000)]
  0x0000019c61ce5300 JavaThread "Unconstrained build operations Thread 18" [_thread_blocked, id=4184, stack(0x00000081f1a00000,0x00000081f1b00000)]
  0x0000019c61ce5810 JavaThread "Unconstrained build operations Thread 19" [_thread_blocked, id=10076, stack(0x00000081f1b00000,0x00000081f1c00000)]
  0x0000019c61ce2060 JavaThread "Unconstrained build operations Thread 20" [_thread_blocked, id=8852, stack(0x00000081f1c00000,0x00000081f1d00000)]
  0x0000019c61ce2570 JavaThread "Unconstrained build operations Thread 21" [_thread_blocked, id=6212, stack(0x00000081f1d00000,0x00000081f1e00000)]
  0x0000019c61ce2f90 JavaThread "Unconstrained build operations Thread 22" [_thread_blocked, id=1504, stack(0x00000081f1e00000,0x00000081f1f00000)]
  0x0000019c61ce34a0 JavaThread "Unconstrained build operations Thread 23" [_thread_blocked, id=8472, stack(0x00000081f1f00000,0x00000081f2000000)]
  0x0000019c61f3ca10 JavaThread "Unconstrained build operations Thread 24" [_thread_blocked, id=4104, stack(0x00000081f2000000,0x00000081f2100000)]
  0x0000019c61f3b5d0 JavaThread "Unconstrained build operations Thread 25" [_thread_blocked, id=6124, stack(0x00000081f2100000,0x00000081f2200000)]
  0x0000019c61f3f290 JavaThread "Unconstrained build operations Thread 26" [_thread_blocked, id=7404, stack(0x00000081f2200000,0x00000081f2300000)]
  0x0000019c61f3bff0 JavaThread "Unconstrained build operations Thread 27" [_thread_blocked, id=1564, stack(0x00000081f2300000,0x00000081f2400000)]
  0x0000019c61f3bae0 JavaThread "Unconstrained build operations Thread 28" [_thread_blocked, id=1668, stack(0x00000081f2400000,0x00000081f2500000)]
  0x0000019c61f39c80 JavaThread "Unconstrained build operations Thread 29" [_thread_blocked, id=4300, stack(0x00000081f2500000,0x00000081f2600000)]
  0x0000019c61f39260 JavaThread "Unconstrained build operations Thread 30" [_thread_blocked, id=10552, stack(0x00000081f2600000,0x00000081f2700000)]
  0x0000019c61f39770 JavaThread "Unconstrained build operations Thread 31" [_thread_blocked, id=10384, stack(0x00000081f2700000,0x00000081f2800000)]
  0x0000019c61f3ed80 JavaThread "Unconstrained build operations Thread 32" [_thread_blocked, id=10320, stack(0x00000081f2800000,0x00000081f2900000)]
  0x0000019c61f3de50 JavaThread "Unconstrained build operations Thread 33" [_thread_blocked, id=6892, stack(0x00000081f2900000,0x00000081f2a00000)]
  0x0000019c61f3cf20 JavaThread "Unconstrained build operations Thread 34" [_thread_blocked, id=10332, stack(0x00000081f2a00000,0x00000081f2b00000)]
  0x0000019c61f3e360 JavaThread "Unconstrained build operations Thread 35" [_thread_blocked, id=5032, stack(0x00000081f2b00000,0x00000081f2c00000)]
  0x0000019c61f3d940 JavaThread "Unconstrained build operations Thread 36" [_thread_blocked, id=6172, stack(0x00000081f2c00000,0x00000081f2d00000)]
  0x0000019c61f3c500 JavaThread "Unconstrained build operations Thread 37" [_thread_blocked, id=1204, stack(0x00000081f2d00000,0x00000081f2e00000)]
  0x0000019c61f37e20 JavaThread "Unconstrained build operations Thread 38" [_thread_blocked, id=4896, stack(0x00000081f2e00000,0x00000081f2f00000)]
  0x0000019c61f38840 JavaThread "Unconstrained build operations Thread 39" [_thread_blocked, id=5940, stack(0x00000081f2f00000,0x00000081f3000000)]
  0x0000019c61f3a6a0 JavaThread "Unconstrained build operations Thread 40" [_thread_blocked, id=7152, stack(0x00000081f3000000,0x00000081f3100000)]
  0x0000019c61f3a190 JavaThread "Cache worker for Build Output Cleanup Cache (D:\neww\android\.gradle\buildOutputCleanup)" [_thread_blocked, id=1576, stack(0x00000081ece00000,0x00000081ecf00000)]

Other Threads:
  0x0000019c5a50d310 VMThread "VM Thread" [stack: 0x00000081ed600000,0x00000081ed700000] [id=7160]
  0x0000019c5a6fbf10 WatcherThread [stack: 0x00000081ee200000,0x00000081ee300000] [id=2032]
  0x0000019c3cc0ab90 GCTaskThread "GC Thread#0" [stack: 0x00000081ed100000,0x00000081ed200000] [id=1496]
  0x0000019c5aa4eaa0 GCTaskThread "GC Thread#1" [stack: 0x00000081ee400000,0x00000081ee500000] [id=3104]
  0x0000019c5aa4ed60 GCTaskThread "GC Thread#2" [stack: 0x00000081ee500000,0x00000081ee600000] [id=2472]
  0x0000019c5faa1ca0 GCTaskThread "GC Thread#3" [stack: 0x00000081ee300000,0x00000081ee400000] [id=8488]
  0x0000019c3cc1bae0 ConcurrentGCThread "G1 Main Marker" [stack: 0x00000081ed200000,0x00000081ed300000] [id=1048]
  0x0000019c3cc1c500 ConcurrentGCThread "G1 Conc#0" [stack: 0x00000081ed300000,0x00000081ed400000] [id=1924]
  0x0000019c5a380090 ConcurrentGCThread "G1 Refine#0" [stack: 0x00000081ed400000,0x00000081ed500000] [id=2496]
  0x0000019c5a380ac0 ConcurrentGCThread "G1 Service" [stack: 0x00000081ed500000,0x00000081ed600000] [id=3596]

Threads with active compile tasks:
C2 CompilerThread0   102949 10366   !   4       com.sun.beans.TypeResolver::resolve (261 bytes)

VM state: not at safepoint (normal execution)

VM Mutex/Monitor currently owned by a thread: None

Heap address: 0x0000000700000000, size: 4096 MB, Compressed Oops mode: Zero based, Oop shift amount: 3

CDS archive(s) not mapped
Compressed class space mapped at: 0x0000000800000000-0x0000000840000000, reserved size: 1073741824
Narrow klass base: 0x0000000800000000, Narrow klass shift: 0, Narrow klass range: 0x40000000

GC Precious Log:
 CPUs: 4 total, 4 available
 Memory: 3470M
 Large Page Support: Disabled
 NUMA Support: Disabled
 Compressed Oops: Enabled (Zero based)
 Heap Region Size: 2M
 Heap Min Capacity: 8M
 Heap Initial Capacity: 56M
 Heap Max Capacity: 4G
 Pre-touch: Disabled
 Parallel Workers: 4
 Concurrent Workers: 1
 Concurrent Refinement Workers: 4
 Periodic GC: Disabled

Heap:
 garbage-first heap   total 165888K, used 103394K [0x0000000700000000, 0x0000000800000000)
  region size 2048K, 13 young (26624K), 4 survivors (8192K)
 Metaspace       used 90052K, committed 90944K, reserved 1179648K
  class space    used 12418K, committed 12864K, reserved 1048576K

Heap Regions: E=young(eden), S=young(survivor), O=old, HS=humongous(starts), HC=humongous(continues), CS=collection set, F=free, OA=open archive, CA=closed archive, TAMS=top-at-mark-start (previous, next)
|   0|0x0000000700000000, 0x0000000700200000, 0x0000000700200000|100%| O|  |TAMS 0x0000000700200000, 0x0000000700000000| Untracked 
|   1|0x0000000700200000, 0x0000000700400000, 0x0000000700400000|100%|HS|  |TAMS 0x0000000700400000, 0x0000000700200000| Complete 
|   2|0x0000000700400000, 0x0000000700600000, 0x0000000700600000|100%|HC|  |TAMS 0x0000000700600000, 0x0000000700400000| Complete 
|   3|0x0000000700600000, 0x0000000700800000, 0x0000000700800000|100%| O|  |TAMS 0x0000000700800000, 0x0000000700600000| Untracked 
|   4|0x0000000700800000, 0x0000000700a00000, 0x0000000700a00000|100%| O|  |TAMS 0x0000000700a00000, 0x0000000700800000| Untracked 
|   5|0x0000000700a00000, 0x0000000700c00000, 0x0000000700c00000|100%| O|  |TAMS 0x0000000700c00000, 0x0000000700a00000| Untracked 
|   6|0x0000000700c00000, 0x0000000700e00000, 0x0000000700e00000|100%| O|  |TAMS 0x0000000700e00000, 0x0000000700c00000| Untracked 
|   7|0x0000000700e00000, 0x0000000701000000, 0x0000000701000000|100%| O|  |TAMS 0x0000000701000000, 0x0000000700e00000| Untracked 
|   8|0x0000000701000000, 0x0000000701200000, 0x0000000701200000|100%| O|  |TAMS 0x0000000701200000, 0x0000000701000000| Untracked 
|   9|0x0000000701200000, 0x0000000701400000, 0x0000000701400000|100%| O|  |TAMS 0x0000000701400000, 0x0000000701200000| Untracked 
|  10|0x0000000701400000, 0x0000000701600000, 0x0000000701600000|100%| O|  |TAMS 0x0000000701600000, 0x0000000701400000| Untracked 
|  11|0x0000000701600000, 0x0000000701800000, 0x0000000701800000|100%| O|  |TAMS 0x0000000701800000, 0x0000000701600000| Untracked 
|  12|0x0000000701800000, 0x0000000701a00000, 0x0000000701a00000|100%| O|  |TAMS 0x0000000701a00000, 0x0000000701800000| Untracked 
|  13|0x0000000701a00000, 0x0000000701c00000, 0x0000000701c00000|100%| O|  |TAMS 0x0000000701c00000, 0x0000000701a00000| Untracked 
|  14|0x0000000701c00000, 0x0000000701e00000, 0x0000000701e00000|100%| O|  |TAMS 0x0000000701e00000, 0x0000000701c00000| Untracked 
|  15|0x0000000701e00000, 0x0000000702000000, 0x0000000702000000|100%| O|  |TAMS 0x0000000702000000, 0x0000000701e00000| Untracked 
|  16|0x0000000702000000, 0x0000000702200000, 0x0000000702200000|100%| O|  |TAMS 0x0000000702200000, 0x0000000702000000| Untracked 
|  17|0x0000000702200000, 0x0000000702400000, 0x0000000702400000|100%| O|  |TAMS 0x0000000702400000, 0x0000000702200000| Untracked 
|  18|0x0000000702400000, 0x0000000702600000, 0x0000000702600000|100%| O|  |TAMS 0x0000000702600000, 0x0000000702400000| Untracked 
|  19|0x0000000702600000, 0x0000000702800000, 0x0000000702800000|100%| O|  |TAMS 0x0000000702800000, 0x0000000702600000| Untracked 
|  20|0x0000000702800000, 0x0000000702a00000, 0x0000000702a00000|100%| O|  |TAMS 0x0000000702a00000, 0x0000000702800000| Untracked 
|  21|0x0000000702a00000, 0x0000000702c00000, 0x0000000702c00000|100%| O|  |TAMS 0x0000000702c00000, 0x0000000702a00000| Untracked 
|  22|0x0000000702c00000, 0x0000000702e00000, 0x0000000702e00000|100%| O|  |TAMS 0x0000000702e00000, 0x0000000702c00000| Untracked 
|  23|0x0000000702e00000, 0x0000000703000000, 0x0000000703000000|100%| O|  |TAMS 0x0000000703000000, 0x0000000702e00000| Untracked 
|  24|0x0000000703000000, 0x0000000703200000, 0x0000000703200000|100%|HS|  |TAMS 0x0000000703200000, 0x0000000703000000| Complete 
|  25|0x0000000703200000, 0x0000000703400000, 0x0000000703400000|100%|HC|  |TAMS 0x0000000703400000, 0x0000000703200000| Complete 
|  26|0x0000000703400000, 0x0000000703600000, 0x0000000703600000|100%| O|  |TAMS 0x0000000703600000, 0x0000000703400000| Untracked 
|  27|0x0000000703600000, 0x0000000703800000, 0x0000000703800000|100%| O|  |TAMS 0x0000000703800000, 0x0000000703600000| Untracked 
|  28|0x0000000703800000, 0x0000000703a00000, 0x0000000703a00000|100%|HS|  |TAMS 0x0000000703a00000, 0x0000000703800000| Complete 
|  29|0x0000000703a00000, 0x0000000703c00000, 0x0000000703c00000|100%| O|  |TAMS 0x0000000703c00000, 0x0000000703a00000| Untracked 
|  30|0x0000000703c00000, 0x0000000703e00000, 0x0000000703e00000|100%| O|  |TAMS 0x0000000703c00000, 0x0000000703c00000| Untracked 
|  31|0x0000000703e00000, 0x0000000704000000, 0x0000000704000000|100%| O|  |TAMS 0x0000000704000000, 0x0000000703e00000| Untracked 
|  32|0x0000000704000000, 0x0000000704200000, 0x0000000704200000|100%| O|  |TAMS 0x0000000704200000, 0x0000000704000000| Untracked 
|  33|0x0000000704200000, 0x0000000704400000, 0x0000000704400000|100%| O|  |TAMS 0x0000000704317600, 0x0000000704200000| Untracked 
|  34|0x0000000704400000, 0x0000000704600000, 0x0000000704600000|100%| O|  |TAMS 0x0000000704400000, 0x0000000704400000| Untracked 
|  35|0x0000000704600000, 0x0000000704800000, 0x0000000704800000|100%| O|  |TAMS 0x0000000704600000, 0x0000000704600000| Untracked 
|  36|0x0000000704800000, 0x0000000704a00000, 0x0000000704a00000|100%| O|  |TAMS 0x0000000704800000, 0x0000000704800000| Untracked 
|  37|0x0000000704a00000, 0x0000000704c00000, 0x0000000704c00000|100%| O|  |TAMS 0x0000000704a00000, 0x0000000704a00000| Untracked 
|  38|0x0000000704c00000, 0x0000000704cf8800, 0x0000000704e00000| 48%| O|  |TAMS 0x0000000704c00000, 0x0000000704c00000| Untracked 
|  39|0x0000000704e00000, 0x0000000704e00000, 0x0000000705000000|  0%| F|  |TAMS 0x0000000704e00000, 0x0000000704e00000| Untracked 
|  40|0x0000000705000000, 0x0000000705000000, 0x0000000705200000|  0%| F|  |TAMS 0x0000000705000000, 0x0000000705000000| Untracked 
|  41|0x0000000705200000, 0x0000000705200000, 0x0000000705400000|  0%| F|  |TAMS 0x0000000705200000, 0x0000000705200000| Untracked 
|  42|0x0000000705400000, 0x0000000705400000, 0x0000000705600000|  0%| F|  |TAMS 0x0000000705400000, 0x0000000705400000| Untracked 
|  43|0x0000000705600000, 0x0000000705600000, 0x0000000705800000|  0%| F|  |TAMS 0x0000000705600000, 0x0000000705600000| Untracked 
|  44|0x0000000705800000, 0x0000000705800000, 0x0000000705a00000|  0%| F|  |TAMS 0x0000000705800000, 0x0000000705800000| Untracked 
|  45|0x0000000705a00000, 0x0000000705a00000, 0x0000000705c00000|  0%| F|  |TAMS 0x0000000705a00000, 0x0000000705a00000| Untracked 
|  46|0x0000000705c00000, 0x0000000705c00000, 0x0000000705e00000|  0%| F|  |TAMS 0x0000000705c00000, 0x0000000705c00000| Untracked 
|  47|0x0000000705e00000, 0x0000000705e00000, 0x0000000706000000|  0%| F|  |TAMS 0x0000000705e00000, 0x0000000705e00000| Untracked 
|  48|0x0000000706000000, 0x0000000706000000, 0x0000000706200000|  0%| F|  |TAMS 0x0000000706000000, 0x0000000706000000| Untracked 
|  49|0x0000000706200000, 0x0000000706200000, 0x0000000706400000|  0%| F|  |TAMS 0x0000000706200000, 0x0000000706200000| Untracked 
|  50|0x0000000706400000, 0x0000000706400000, 0x0000000706600000|  0%| F|  |TAMS 0x0000000706400000, 0x0000000706400000| Untracked 
|  51|0x0000000706600000, 0x0000000706600000, 0x0000000706800000|  0%| F|  |TAMS 0x0000000706600000, 0x0000000706600000| Untracked 
|  52|0x0000000706800000, 0x0000000706a00000, 0x0000000706a00000|100%| S|CS|TAMS 0x0000000706800000, 0x0000000706800000| Complete 
|  53|0x0000000706a00000, 0x0000000706c00000, 0x0000000706c00000|100%| S|CS|TAMS 0x0000000706a00000, 0x0000000706a00000| Complete 
|  54|0x0000000706c00000, 0x0000000706e00000, 0x0000000706e00000|100%| S|CS|TAMS 0x0000000706c00000, 0x0000000706c00000| Complete 
|  55|0x0000000706e00000, 0x0000000707000000, 0x0000000707000000|100%| S|CS|TAMS 0x0000000706e00000, 0x0000000706e00000| Complete 
|  56|0x0000000707000000, 0x0000000707000000, 0x0000000707200000|  0%| F|  |TAMS 0x0000000707000000, 0x0000000707000000| Untracked 
|  57|0x0000000707200000, 0x0000000707200000, 0x0000000707400000|  0%| F|  |TAMS 0x0000000707200000, 0x0000000707200000| Untracked 
|  58|0x0000000707400000, 0x0000000707400000, 0x0000000707600000|  0%| F|  |TAMS 0x0000000707400000, 0x0000000707400000| Untracked 
|  59|0x0000000707600000, 0x0000000707600000, 0x0000000707800000|  0%| F|  |TAMS 0x0000000707600000, 0x0000000707600000| Untracked 
|  60|0x0000000707800000, 0x0000000707800000, 0x0000000707a00000|  0%| F|  |TAMS 0x0000000707800000, 0x0000000707800000| Untracked 
|  61|0x0000000707a00000, 0x0000000707a00000, 0x0000000707c00000|  0%| F|  |TAMS 0x0000000707a00000, 0x0000000707a00000| Untracked 
|  62|0x0000000707c00000, 0x0000000707c00000, 0x0000000707e00000|  0%| F|  |TAMS 0x0000000707c00000, 0x0000000707c00000| Untracked 
|  63|0x0000000707e00000, 0x0000000707e00000, 0x0000000708000000|  0%| F|  |TAMS 0x0000000707e00000, 0x0000000707e00000| Untracked 
|  64|0x0000000708000000, 0x0000000708000000, 0x0000000708200000|  0%| F|  |TAMS 0x0000000708000000, 0x0000000708000000| Untracked 
|  65|0x0000000708200000, 0x0000000708200000, 0x0000000708400000|  0%| F|  |TAMS 0x0000000708200000, 0x0000000708200000| Untracked 
|  66|0x0000000708400000, 0x0000000708400000, 0x0000000708600000|  0%| F|  |TAMS 0x0000000708400000, 0x0000000708400000| Untracked 
|  67|0x0000000708600000, 0x0000000708600000, 0x0000000708800000|  0%| F|  |TAMS 0x0000000708600000, 0x0000000708600000| Untracked 
|  68|0x0000000708800000, 0x0000000708800000, 0x0000000708a00000|  0%| F|  |TAMS 0x0000000708800000, 0x0000000708800000| Untracked 
|  69|0x0000000708a00000, 0x0000000708a00000, 0x0000000708c00000|  0%| F|  |TAMS 0x0000000708a00000, 0x0000000708a00000| Untracked 
|  70|0x0000000708c00000, 0x0000000708c00000, 0x0000000708e00000|  0%| F|  |TAMS 0x0000000708c00000, 0x0000000708c00000| Untracked 
|  71|0x0000000708e00000, 0x0000000708e00000, 0x0000000709000000|  0%| F|  |TAMS 0x0000000708e00000, 0x0000000708e00000| Untracked 
|  72|0x0000000709000000, 0x00000007091d1bc8, 0x0000000709200000| 90%| E|  |TAMS 0x0000000709000000, 0x0000000709000000| Complete 
|  73|0x0000000709200000, 0x0000000709400000, 0x0000000709400000|100%| E|CS|TAMS 0x0000000709200000, 0x0000000709200000| Complete 
|  74|0x0000000709400000, 0x0000000709600000, 0x0000000709600000|100%| E|CS|TAMS 0x0000000709400000, 0x0000000709400000| Complete 
|  75|0x0000000709600000, 0x0000000709800000, 0x0000000709800000|100%| E|CS|TAMS 0x0000000709600000, 0x0000000709600000| Complete 
|  76|0x0000000709800000, 0x0000000709a00000, 0x0000000709a00000|100%| E|CS|TAMS 0x0000000709800000, 0x0000000709800000| Complete 
|  77|0x0000000709a00000, 0x0000000709c00000, 0x0000000709c00000|100%| E|CS|TAMS 0x0000000709a00000, 0x0000000709a00000| Complete 
|  78|0x0000000709c00000, 0x0000000709e00000, 0x0000000709e00000|100%| E|CS|TAMS 0x0000000709c00000, 0x0000000709c00000| Complete 
|  79|0x0000000709e00000, 0x000000070a000000, 0x000000070a000000|100%| E|CS|TAMS 0x0000000709e00000, 0x0000000709e00000| Complete 
|  80|0x000000070a000000, 0x000000070a200000, 0x000000070a200000|100%| E|CS|TAMS 0x000000070a000000, 0x000000070a000000| Complete 

Card table byte_map: [0x0000019c4f030000,0x0000019c4f830000] _byte_map_base: 0x0000019c4b830000

Marking Bits (Prev, Next): (CMBitMap*) 0x0000019c3cc0b1b0, (CMBitMap*) 0x0000019c3cc0b1f0
 Prev Bits: [0x0000019c50030000, 0x0000019c54030000)
 Next Bits: [0x0000019c54030000, 0x0000019c58030000)

Polling page: 0x0000019c3ab30000

Metaspace:

Usage:
  Non-class:     75.82 MB used.
      Class:     12.13 MB used.
       Both:     87.95 MB used.

Virtual space:
  Non-class space:      128.00 MB reserved,      76.25 MB ( 60%) committed,  2 nodes.
      Class space:        1.00 GB reserved,      12.56 MB (  1%) committed,  1 nodes.
             Both:        1.12 GB reserved,      88.81 MB (  8%) committed. 

Chunk freelists:
   Non-Class:  2.89 MB
       Class:  3.35 MB
        Both:  6.24 MB

MaxMetaspaceSize: 2.00 GB
CompressedClassSpaceSize: 1.00 GB
Initial GC threshold: 21.00 MB
Current GC threshold: 125.88 MB
CDS: off
MetaspaceReclaimPolicy: balanced
 - commit_granule_bytes: 65536.
 - commit_granule_words: 8192.
 - virtual_space_node_default_size: 8388608.
 - enlarge_chunks_in_place: 1.
 - new_chunks_are_fully_committed: 0.
 - uncommit_free_chunks: 1.
 - use_allocation_guard: 0.
 - handle_deallocations: 1.


Internal statistics:

num_allocs_failed_limit: 6.
num_arena_births: 1058.
num_arena_deaths: 0.
num_vsnodes_births: 3.
num_vsnodes_deaths: 0.
num_space_committed: 1421.
num_space_uncommitted: 0.
num_chunks_returned_to_freelist: 6.
num_chunks_taken_from_freelist: 4532.
num_chunk_merges: 6.
num_chunk_splits: 2970.
num_chunks_enlarged: 1950.
num_inconsistent_stats: 0.

CodeHeap 'non-profiled nmethods': size=120000Kb used=5458Kb max_used=5458Kb free=114541Kb
 bounds [0x0000019c47300000, 0x0000019c47860000, 0x0000019c4e830000]
CodeHeap 'profiled nmethods': size=120000Kb used=18585Kb max_used=18585Kb free=101414Kb
 bounds [0x0000019c3f830000, 0x0000019c40a60000, 0x0000019c46d60000]
CodeHeap 'non-nmethods': size=5760Kb used=2408Kb max_used=2470Kb free=3351Kb
 bounds [0x0000019c46d60000, 0x0000019c46fe0000, 0x0000019c47300000]
 total_blobs=10140 nmethods=9194 adapters=858
 compilation: enabled
              stopped_count=0, restarted_count=0
 full_count=0

Compilation events (20 events):
Event: 102.808 Thread 0x0000019c5a674e80 nmethod 10589 0x0000019c40a06110 code [0x0000019c40a062c0, 0x0000019c40a064a8]
Event: 102.809 Thread 0x0000019c5a674e80 10590       3       org.gradle.api.internal.file.archive.impl.FileZipInput$FileZipEntry::<init> (11 bytes)
Event: 102.809 Thread 0x0000019c5a674e80 nmethod 10590 0x0000019c40a06590 code [0x0000019c40a06740, 0x0000019c40a069d8]
Event: 102.810 Thread 0x0000019c5a674e80 10591       3       org.gradle.api.internal.runtimeshaded.ImplementationDependencyRelocator::maybeRelocateResource (33 bytes)
Event: 102.811 Thread 0x0000019c5a674e80 nmethod 10591 0x0000019c40a06b10 code [0x0000019c40a06d40, 0x0000019c40a07358]
Event: 102.811 Thread 0x0000019c5a674e80 10592       3       org.objectweb.asm.commons.Remapper::mapType (123 bytes)
Event: 102.813 Thread 0x0000019c5a674e80 nmethod 10592 0x0000019c40a07590 code [0x0000019c40a07960, 0x0000019c40a09028]
Event: 102.813 Thread 0x0000019c5a674e80 10593       2       org.objectweb.asm.MethodVisitor::visitFieldInsn (20 bytes)
Event: 102.814 Thread 0x0000019c5a674e80 nmethod 10593 0x0000019c40a09910 code [0x0000019c40a09aa0, 0x0000019c40a09be8]
Event: 102.815 Thread 0x0000019c5a674e80 10595       2       java.time.Instant::ofEpochMilli (27 bytes)
Event: 102.815 Thread 0x0000019c5a674e80 nmethod 10595 0x0000019c40a09c90 code [0x0000019c40a09e40, 0x0000019c40a09fa8]
Event: 102.823 Thread 0x0000019c5a674e80 10596       2       java.time.LocalDateTime::getSecond (8 bytes)
Event: 102.824 Thread 0x0000019c5a674e80 nmethod 10596 0x0000019c40a0a110 code [0x0000019c40a0a2a0, 0x0000019c40a0a3b8]
Event: 102.825 Thread 0x0000019c5a674e80 10597       2       org.gradle.api.internal.runtimeshaded.ImplementationDependencyRelocator::map (76 bytes)
Event: 102.827 Thread 0x0000019c5a674e80 nmethod 10597 0x0000019c40a0a490 code [0x0000019c40a0a7c0, 0x0000019c40a0b3c8]
Event: 102.827 Thread 0x0000019c5a674e80 10598       2       org.apache.tools.zip.ZipOutputStream$CurrentEntry::access$314 (12 bytes)
Event: 102.828 Thread 0x0000019c5a674e80 nmethod 10598 0x0000019c40a0bb90 code [0x0000019c40a0bd20, 0x0000019c40a0be18]
Event: 102.831 Thread 0x0000019c5a674e80 10599       2       org.objectweb.asm.commons.Remapper::mapType (18 bytes)
Event: 102.831 Thread 0x0000019c5a674e80 nmethod 10599 0x0000019c40a0bf10 code [0x0000019c40a0c0e0, 0x0000019c40a0c288]
Event: 102.831 Thread 0x0000019c5a674e80 10600 %     3       org.objectweb.asm.ClassReader::readCode @ 2186 (5109 bytes)

GC Heap History (20 events):
Event: 82.539 GC heap before
{Heap before GC invocations=52 (full 0):
 garbage-first heap   total 116736K, used 86164K [0x0000000700000000, 0x0000000800000000)
  region size 2048K, 13 young (26624K), 1 survivors (2048K)
 Metaspace       used 72662K, committed 73472K, reserved 1114112K
  class space    used 9929K, committed 10304K, reserved 1048576K
}
Event: 82.549 GC heap after
{Heap after GC invocations=53 (full 0):
 garbage-first heap   total 116736K, used 67269K [0x0000000700000000, 0x0000000800000000)
  region size 2048K, 2 young (4096K), 2 survivors (4096K)
 Metaspace       used 72662K, committed 73472K, reserved 1114112K
  class space    used 9929K, committed 10304K, reserved 1048576K
}
Event: 83.801 GC heap before
{Heap before GC invocations=54 (full 0):
 garbage-first heap   total 133120K, used 85701K [0x0000000700000000, 0x0000000800000000)
  region size 2048K, 12 young (24576K), 2 survivors (4096K)
 Metaspace       used 73511K, committed 74240K, reserved 1114112K
  class space    used 10053K, committed 10432K, reserved 1048576K
}
Event: 83.812 GC heap after
{Heap after GC invocations=55 (full 0):
 garbage-first heap   total 133120K, used 67242K [0x0000000700000000, 0x0000000800000000)
  region size 2048K, 1 young (2048K), 1 survivors (2048K)
 Metaspace       used 73511K, committed 74240K, reserved 1114112K
  class space    used 10053K, committed 10432K, reserved 1048576K
}
Event: 84.229 GC heap before
{Heap before GC invocations=55 (full 0):
 garbage-first heap   total 133120K, used 71338K [0x0000000700000000, 0x0000000800000000)
  region size 2048K, 3 young (6144K), 1 survivors (2048K)
 Metaspace       used 73946K, committed 74624K, reserved 1114112K
  class space    used 10103K, committed 10432K, reserved 1048576K
}
Event: 84.237 GC heap after
{Heap after GC invocations=56 (full 0):
 garbage-first heap   total 133120K, used 67025K [0x0000000700000000, 0x0000000800000000)
  region size 2048K, 1 young (2048K), 1 survivors (2048K)
 Metaspace       used 73946K, committed 74624K, reserved 1114112K
  class space    used 10103K, committed 10432K, reserved 1048576K
}
Event: 86.972 GC heap before
{Heap before GC invocations=56 (full 0):
 garbage-first heap   total 133120K, used 97745K [0x0000000700000000, 0x0000000800000000)
  region size 2048K, 17 young (34816K), 1 survivors (2048K)
 Metaspace       used 76220K, committed 76928K, reserved 1179648K
  class space    used 10357K, committed 10688K, reserved 1048576K
}
Event: 86.981 GC heap after
{Heap after GC invocations=57 (full 0):
 garbage-first heap   total 133120K, used 69551K [0x0000000700000000, 0x0000000800000000)
  region size 2048K, 2 young (4096K), 2 survivors (4096K)
 Metaspace       used 76220K, committed 76928K, reserved 1179648K
  class space    used 10357K, committed 10688K, reserved 1048576K
}
Event: 89.516 GC heap before
{Heap before GC invocations=58 (full 0):
 garbage-first heap   total 133120K, used 102319K [0x0000000700000000, 0x0000000800000000)
  region size 2048K, 18 young (36864K), 2 survivors (4096K)
 Metaspace       used 78781K, committed 79552K, reserved 1179648K
  class space    used 10696K, committed 11072K, reserved 1048576K
}
Event: 89.527 GC heap after
{Heap after GC invocations=59 (full 0):
 garbage-first heap   total 133120K, used 70605K [0x0000000700000000, 0x0000000800000000)
  region size 2048K, 2 young (4096K), 2 survivors (4096K)
 Metaspace       used 78781K, committed 79552K, reserved 1179648K
  class space    used 10696K, committed 11072K, reserved 1048576K
}
Event: 90.369 GC heap before
{Heap before GC invocations=59 (full 0):
 garbage-first heap   total 133120K, used 105421K [0x0000000700000000, 0x0000000800000000)
  region size 2048K, 19 young (38912K), 2 survivors (4096K)
 Metaspace       used 79207K, committed 80064K, reserved 1179648K
  class space    used 10780K, committed 11200K, reserved 1048576K
}
Event: 90.418 GC heap after
{Heap after GC invocations=60 (full 0):
 garbage-first heap   total 133120K, used 73191K [0x0000000700000000, 0x0000000800000000)
  region size 2048K, 3 young (6144K), 3 survivors (6144K)
 Metaspace       used 79207K, committed 80064K, reserved 1179648K
  class space    used 10780K, committed 11200K, reserved 1048576K
}
Event: 93.628 GC heap before
{Heap before GC invocations=60 (full 0):
 garbage-first heap   total 133120K, used 103911K [0x0000000700000000, 0x0000000800000000)
  region size 2048K, 19 young (38912K), 3 survivors (6144K)
 Metaspace       used 80971K, committed 81792K, reserved 1179648K
  class space    used 10992K, committed 11392K, reserved 1048576K
}
Event: 93.655 GC heap after
{Heap after GC invocations=61 (full 0):
 garbage-first heap   total 165888K, used 75521K [0x0000000700000000, 0x0000000800000000)
  region size 2048K, 3 young (6144K), 3 survivors (6144K)
 Metaspace       used 80971K, committed 81792K, reserved 1179648K
  class space    used 10992K, committed 11392K, reserved 1048576K
}
Event: 96.294 GC heap before
{Heap before GC invocations=61 (full 0):
 garbage-first heap   total 165888K, used 128769K [0x0000000700000000, 0x0000000800000000)
  region size 2048K, 29 young (59392K), 3 survivors (6144K)
 Metaspace       used 82029K, committed 82880K, reserved 1179648K
  class space    used 11117K, committed 11520K, reserved 1048576K
}
Event: 96.324 GC heap after
{Heap after GC invocations=62 (full 0):
 garbage-first heap   total 165888K, used 78632K [0x0000000700000000, 0x0000000800000000)
  region size 2048K, 3 young (6144K), 3 survivors (6144K)
 Metaspace       used 82029K, committed 82880K, reserved 1179648K
  class space    used 11117K, committed 11520K, reserved 1048576K
}
Event: 99.751 GC heap before
{Heap before GC invocations=62 (full 0):
 garbage-first heap   total 165888K, used 133928K [0x0000000700000000, 0x0000000800000000)
  region size 2048K, 30 young (61440K), 3 survivors (6144K)
 Metaspace       used 86819K, committed 87680K, reserved 1179648K
  class space    used 11969K, committed 12416K, reserved 1048576K
}
Event: 99.764 GC heap after
{Heap after GC invocations=63 (full 0):
 garbage-first heap   total 165888K, used 81713K [0x0000000700000000, 0x0000000800000000)
  region size 2048K, 4 young (8192K), 4 survivors (8192K)
 Metaspace       used 86819K, committed 87680K, reserved 1179648K
  class space    used 11969K, committed 12416K, reserved 1048576K
}
Event: 101.715 GC heap before
{Heap before GC invocations=63 (full 0):
 garbage-first heap   total 165888K, used 130865K [0x0000000700000000, 0x0000000800000000)
  region size 2048K, 29 young (59392K), 4 survivors (8192K)
 Metaspace       used 88560K, committed 89472K, reserved 1179648K
  class space    used 12208K, committed 12608K, reserved 1048576K
}
Event: 101.734 GC heap after
{Heap after GC invocations=64 (full 0):
 garbage-first heap   total 165888K, used 87010K [0x0000000700000000, 0x0000000800000000)
  region size 2048K, 4 young (8192K), 4 survivors (8192K)
 Metaspace       used 88560K, committed 89472K, reserved 1179648K
  class space    used 12208K, committed 12608K, reserved 1048576K
}

Dll operation events (12 events):
Event: 0.025 Loaded shared library C:\Users\Admin\.vscode\extensions\redhat.java-1.33.0-win32-x64\jre\17.0.11-win32-x86_64\bin\java.dll
Event: 0.321 Loaded shared library C:\Users\Admin\.vscode\extensions\redhat.java-1.33.0-win32-x64\jre\17.0.11-win32-x86_64\bin\net.dll
Event: 0.327 Loaded shared library C:\Users\Admin\.vscode\extensions\redhat.java-1.33.0-win32-x64\jre\17.0.11-win32-x86_64\bin\nio.dll
Event: 0.371 Loaded shared library C:\Users\Admin\.vscode\extensions\redhat.java-1.33.0-win32-x64\jre\17.0.11-win32-x86_64\bin\zip.dll
Event: 1.020 Loaded shared library C:\Users\Admin\.vscode\extensions\redhat.java-1.33.0-win32-x64\jre\17.0.11-win32-x86_64\bin\jimage.dll
Event: 1.250 Loaded shared library C:\Users\Admin\.vscode\extensions\redhat.java-1.33.0-win32-x64\jre\17.0.11-win32-x86_64\bin\verify.dll
Event: 1.922 Loaded shared library C:\Users\Admin\.gradle\native\c067742578af261105cb4f569cf0c3c89f3d7b1fecec35dd04571415982c5e48\windows-amd64\native-platform.dll
Event: 2.153 Loaded shared library C:\Users\Admin\.gradle\native\38dada09dfb8b06ba9b0570ebf7e218e3eb74d4ef43ca46872605cf95ebc2f47\windows-amd64\native-platform-file-events.dll
Event: 4.960 Loaded shared library C:\Users\Admin\.vscode\extensions\redhat.java-1.33.0-win32-x64\jre\17.0.11-win32-x86_64\bin\management.dll
Event: 4.971 Loaded shared library C:\Users\Admin\.vscode\extensions\redhat.java-1.33.0-win32-x64\jre\17.0.11-win32-x86_64\bin\management_ext.dll
Event: 5.911 Loaded shared library C:\Users\Admin\.vscode\extensions\redhat.java-1.33.0-win32-x64\jre\17.0.11-win32-x86_64\bin\extnet.dll
Event: 6.692 Loaded shared library C:\Users\Admin\.vscode\extensions\redhat.java-1.33.0-win32-x64\jre\17.0.11-win32-x86_64\bin\sunmscapi.dll

Deoptimization events (20 events):
Event: 102.793 Thread 0x0000019c61794e10 Uncommon trap: trap_request=0xffffffc6 fr.pc=0x0000019c4777324c relative=0x000000000000166c
Event: 102.793 Thread 0x0000019c61794e10 Uncommon trap: reason=bimorphic_or_optimized_type_check action=maybe_recompile pc=0x0000019c4777324c method=org.objectweb.asm.MethodVisitor.visitFieldInsn(ILjava/lang/String;Ljava/lang/String;Ljava/lang/String;)V @ 16 c2
Event: 102.793 Thread 0x0000019c61794e10 DEOPT PACKING pc=0x0000019c4777324c sp=0x00000081eecf8bb0
Event: 102.793 Thread 0x0000019c61794e10 DEOPT UNPACKING pc=0x0000019c46db69a3 sp=0x00000081eecf8b70 mode 2
Event: 102.793 Thread 0x0000019c61794e10 Uncommon trap: trap_request=0xffffffc6 fr.pc=0x0000019c476f6190 relative=0x0000000000000b50
Event: 102.793 Thread 0x0000019c61794e10 Uncommon trap: reason=bimorphic_or_optimized_type_check action=maybe_recompile pc=0x0000019c476f6190 method=org.objectweb.asm.MethodVisitor.visitLdcInsn(Ljava/lang/Object;)V @ 83 c2
Event: 102.793 Thread 0x0000019c61794e10 DEOPT PACKING pc=0x0000019c476f6190 sp=0x00000081eecf8c00
Event: 102.793 Thread 0x0000019c61794e10 DEOPT UNPACKING pc=0x0000019c46db69a3 sp=0x00000081eecf8bb8 mode 2
Event: 102.793 Thread 0x0000019c61794e10 Uncommon trap: trap_request=0xffffffc6 fr.pc=0x0000019c4777324c relative=0x000000000000166c
Event: 102.793 Thread 0x0000019c61794e10 Uncommon trap: reason=bimorphic_or_optimized_type_check action=maybe_recompile pc=0x0000019c4777324c method=org.objectweb.asm.MethodVisitor.visitFieldInsn(ILjava/lang/String;Ljava/lang/String;Ljava/lang/String;)V @ 16 c2
Event: 102.793 Thread 0x0000019c61794e10 DEOPT PACKING pc=0x0000019c4777324c sp=0x00000081eecf8bb0
Event: 102.793 Thread 0x0000019c61794e10 DEOPT UNPACKING pc=0x0000019c46db69a3 sp=0x00000081eecf8b70 mode 2
Event: 102.793 Thread 0x0000019c61794e10 Uncommon trap: trap_request=0xffffffc6 fr.pc=0x0000019c476f6190 relative=0x0000000000000b50
Event: 102.793 Thread 0x0000019c61794e10 Uncommon trap: reason=bimorphic_or_optimized_type_check action=maybe_recompile pc=0x0000019c476f6190 method=org.objectweb.asm.MethodVisitor.visitLdcInsn(Ljava/lang/Object;)V @ 83 c2
Event: 102.793 Thread 0x0000019c61794e10 DEOPT PACKING pc=0x0000019c476f6190 sp=0x00000081eecf8c00
Event: 102.793 Thread 0x0000019c61794e10 DEOPT UNPACKING pc=0x0000019c46db69a3 sp=0x00000081eecf8bb8 mode 2
Event: 102.794 Thread 0x0000019c61794e10 Uncommon trap: trap_request=0xffffffc6 fr.pc=0x0000019c4777324c relative=0x000000000000166c
Event: 102.794 Thread 0x0000019c61794e10 Uncommon trap: reason=bimorphic_or_optimized_type_check action=maybe_recompile pc=0x0000019c4777324c method=org.objectweb.asm.MethodVisitor.visitFieldInsn(ILjava/lang/String;Ljava/lang/String;Ljava/lang/String;)V @ 16 c2
Event: 102.794 Thread 0x0000019c61794e10 DEOPT PACKING pc=0x0000019c4777324c sp=0x00000081eecf8bb0
Event: 102.794 Thread 0x0000019c61794e10 DEOPT UNPACKING pc=0x0000019c46db69a3 sp=0x00000081eecf8b70 mode 2

Classes unloaded (0 events):
No events

Classes redefined (0 events):
No events

Internal exceptions (20 events):
Event: 101.636 Thread 0x0000019c61794e10 Exception <a 'java/lang/ClassNotFoundException'{0x00000007075d7d18}: com/android/build/gradle/internal/tasks/CompressAssetsTaskCustomizer> (0x00000007075d7d18) 
thrown [s\src\hotspot\share\classfile\systemDictionary.cpp, line 256]
Event: 101.638 Thread 0x0000019c61794e10 Exception <a 'java/lang/ClassNotFoundException'{0x00000007075fed00}: com/android/build/gradle/internal/tasks/CompressAssetsTask_DecoratedCustomizer> (0x00000007075fed00) 
thrown [s\src\hotspot\share\classfile\systemDictionary.cpp, line 256]
Event: 101.670 Thread 0x0000019c61794e10 Exception <a 'java/lang/ClassNotFoundException'{0x00000007072b3158}: org/gradle/api/DefaultTask_DecoratedBeanInfo> (0x00000007072b3158) 
thrown [s\src\hotspot\share\classfile\systemDictionary.cpp, line 256]
Event: 101.672 Thread 0x0000019c61794e10 Exception <a 'java/lang/ClassNotFoundException'{0x00000007072d08f0}: org/gradle/api/DefaultTask_DecoratedCustomizer> (0x00000007072d08f0) 
thrown [s\src\hotspot\share\classfile\systemDictionary.cpp, line 256]
Event: 101.687 Thread 0x0000019c61794e10 Exception <a 'java/lang/ClassNotFoundException'{0x00000007073639c0}: com/android/build/gradle/internal/api/DefaultAndroidSourceSet_DecoratedBeanInfo> (0x00000007073639c0) 
thrown [s\src\hotspot\share\classfile\systemDictionary.cpp, line 256]
Event: 101.688 Thread 0x0000019c61794e10 Exception <a 'java/lang/ClassNotFoundException'{0x0000000707373980}: com/android/build/gradle/internal/api/DefaultAndroidSourceSetBeanInfo> (0x0000000707373980) 
thrown [s\src\hotspot\share\classfile\systemDictionary.cpp, line 256]
Event: 101.689 Thread 0x0000019c61794e10 Exception <a 'java/lang/ClassNotFoundException'{0x00000007073836f0}: com/android/build/gradle/internal/api/DefaultAndroidSourceSetCustomizer> (0x00000007073836f0) 
thrown [s\src\hotspot\share\classfile\systemDictionary.cpp, line 256]
Event: 101.692 Thread 0x0000019c61794e10 Exception <a 'java/lang/ClassNotFoundException'{0x00000007073f59b0}: com/android/build/gradle/internal/api/DefaultAndroidSourceSet_DecoratedCustomizer> (0x00000007073f59b0) 
thrown [s\src\hotspot\share\classfile\systemDictionary.cpp, line 256]
Event: 101.697 Thread 0x0000019c61794e10 Exception <a 'java/lang/ClassNotFoundException'{0x000000070706f198}: com/android/build/gradle/internal/api/DefaultAndroidSourceDirectorySetBeanInfo> (0x000000070706f198) 
thrown [s\src\hotspot\share\classfile\systemDictionary.cpp, line 256]
Event: 101.698 Thread 0x0000019c61794e10 Exception <a 'java/lang/ClassNotFoundException'{0x000000070707f018}: com/android/build/gradle/internal/api/DefaultAndroidSourceDirectorySetCustomizer> (0x000000070707f018) 
thrown [s\src\hotspot\share\classfile\systemDictionary.cpp, line 256]
Event: 102.163 Thread 0x0000019c61794e10 Exception <a 'java/lang/ClassNotFoundException'{0x0000000709b322f8}: java/lang/IntegerBeanInfo> (0x0000000709b322f8) 
thrown [s\src\hotspot\share\classfile\systemDictionary.cpp, line 256]
Event: 102.164 Thread 0x0000019c61794e10 Exception <a 'java/lang/ClassNotFoundException'{0x0000000709b3cf80}: java/lang/NumberBeanInfo> (0x0000000709b3cf80) 
thrown [s\src\hotspot\share\classfile\systemDictionary.cpp, line 256]
Event: 102.165 Thread 0x0000019c61794e10 Exception <a 'java/lang/ClassNotFoundException'{0x0000000709b47c00}: java/lang/NumberCustomizer> (0x0000000709b47c00) 
thrown [s\src\hotspot\share\classfile\systemDictionary.cpp, line 256]
Event: 102.170 Thread 0x0000019c61794e10 Exception <a 'java/lang/ClassNotFoundException'{0x0000000709b553a0}: java/lang/IntegerCustomizer> (0x0000000709b553a0) 
thrown [s\src\hotspot\share\classfile\systemDictionary.cpp, line 256]
Event: 102.258 Thread 0x0000019c61794e10 Implicit null exception at 0x0000019c47633307 to 0x0000019c4763449c
Event: 102.703 Thread 0x0000019c61794e10 Exception <a 'java/lang/ClassNotFoundException'{0x0000000709506150}: org/gradle/api/tasks/util/internal/PatternSets$InternalPatternSetBeanInfo> (0x0000000709506150) 
thrown [s\src\hotspot\share\classfile\systemDictionary.cpp, line 256]
Event: 102.704 Thread 0x0000019c61794e10 Exception <a 'java/lang/ClassNotFoundException'{0x000000070950e140}: org/gradle/api/tasks/util/PatternSetBeanInfo> (0x000000070950e140) 
thrown [s\src\hotspot\share\classfile\systemDictionary.cpp, line 256]
Event: 102.704 Thread 0x0000019c61794e10 Exception <a 'java/lang/ClassNotFoundException'{0x00000007095160f0}: org/gradle/api/tasks/util/PatternSetCustomizer> (0x00000007095160f0) 
thrown [s\src\hotspot\share\classfile\systemDictionary.cpp, line 256]
Event: 102.706 Thread 0x0000019c61794e10 Exception <a 'java/lang/ClassNotFoundException'{0x0000000709541e20}: org/gradle/api/tasks/util/internal/PatternSets$InternalPatternSetCustomizer> (0x0000000709541e20) 
thrown [s\src\hotspot\share\classfile\systemDictionary.cpp, line 256]
Event: 102.755 Thread 0x0000019c61794e10 Exception <a 'sun/nio/fs/WindowsException'{0x00000007095ff8a0}> (0x00000007095ff8a0) 
thrown [s\src\hotspot\share\prims\jni.cpp, line 516]

VM Operations (20 events):
Event: 97.328 Executing VM operation: Cleanup
Event: 97.330 Executing VM operation: Cleanup done
Event: 98.331 Executing VM operation: Cleanup
Event: 98.347 Executing VM operation: Cleanup done
Event: 99.349 Executing VM operation: Cleanup
Event: 99.369 Executing VM operation: Cleanup done
Event: 99.751 Executing VM operation: G1CollectForAllocation
Event: 99.764 Executing VM operation: G1CollectForAllocation done
Event: 100.632 Executing VM operation: HandshakeAllThreads
Event: 100.632 Executing VM operation: HandshakeAllThreads done
Event: 101.639 Executing VM operation: Cleanup
Event: 101.656 Executing VM operation: Cleanup done
Event: 101.715 Executing VM operation: G1CollectForAllocation
Event: 101.736 Executing VM operation: G1CollectForAllocation done
Event: 102.739 Executing VM operation: Cleanup
Event: 102.740 Executing VM operation: Cleanup done
Event: 102.777 Executing VM operation: HandshakeAllThreads
Event: 102.777 Executing VM operation: HandshakeAllThreads done
Event: 102.789 Executing VM operation: HandshakeAllThreads
Event: 102.789 Executing VM operation: HandshakeAllThreads done

Events (20 events):
Event: 102.163 loading class java/lang/IntegerBeanInfo
Event: 102.163 loading class java/lang/IntegerBeanInfo done
Event: 102.163 loading class java/lang/NumberBeanInfo
Event: 102.163 loading class java/lang/NumberBeanInfo done
Event: 102.164 loading class java/lang/NumberBeanInfo
Event: 102.164 loading class java/lang/NumberBeanInfo done
Event: 102.164 loading class java/lang/NumberCustomizer
Event: 102.164 loading class java/lang/NumberCustomizer done
Event: 102.165 loading class java/lang/NumberCustomizer
Event: 102.165 loading class java/lang/NumberCustomizer done
Event: 102.167 loading class java/lang/IntegerCustomizer
Event: 102.169 loading class java/lang/IntegerCustomizer done
Event: 102.169 loading class java/lang/IntegerCustomizer
Event: 102.169 loading class java/lang/IntegerCustomizer done
Event: 102.170 loading class jdk/internal/ValueBased
Event: 102.170 loading class jdk/internal/ValueBased done
Event: 102.172 loading class jdk/internal/reflect/UnsafeQualifiedStaticIntegerFieldAccessorImpl
Event: 102.173 loading class jdk/internal/reflect/UnsafeQualifiedStaticIntegerFieldAccessorImpl done
Event: 102.255 loading class java/nio/channels/Channels$1
Event: 102.255 loading class java/nio/channels/Channels$1 done


Dynamic libraries:
0x00007ff7cea20000 - 0x00007ff7cea2e000 	C:\Users\Admin\.vscode\extensions\redhat.java-1.33.0-win32-x64\jre\17.0.11-win32-x86_64\bin\java.exe
0x00007ffed7cf0000 - 0x00007ffed7f07000 	C:\WINDOWS\SYSTEM32\ntdll.dll
0x00007ffed6810000 - 0x00007ffed68d4000 	C:\WINDOWS\System32\KERNEL32.DLL
0x00007ffed5010000 - 0x00007ffed53bd000 	C:\WINDOWS\System32\KERNELBASE.dll
0x00007ffed53f0000 - 0x00007ffed5501000 	C:\WINDOWS\System32\ucrtbase.dll
0x00007ffea0590000 - 0x00007ffea05ab000 	C:\Users\Admin\.vscode\extensions\redhat.java-1.33.0-win32-x64\jre\17.0.11-win32-x86_64\bin\VCRUNTIME140.dll
0x00007ffec43f0000 - 0x00007ffec4407000 	C:\Users\Admin\.vscode\extensions\redhat.java-1.33.0-win32-x64\jre\17.0.11-win32-x86_64\bin\jli.dll
0x00007ffed6cd0000 - 0x00007ffed6e7e000 	C:\WINDOWS\System32\USER32.dll
0x00007ffed53c0000 - 0x00007ffed53e6000 	C:\WINDOWS\System32\win32u.dll
0x00007ffed67e0000 - 0x00007ffed6809000 	C:\WINDOWS\System32\GDI32.dll
0x00007ffed57a0000 - 0x00007ffed58b9000 	C:\WINDOWS\System32\gdi32full.dll
0x00007ffed58c0000 - 0x00007ffed595a000 	C:\WINDOWS\System32\msvcp_win.dll
0x00007ffec4880000 - 0x00007ffec4b13000 	C:\WINDOWS\WinSxS\amd64_microsoft.windows.common-controls_6595b64144ccf1df_6.0.22621.3672_none_2713b9d173822955\COMCTL32.dll
0x00007ffed5e90000 - 0x00007ffed5f37000 	C:\WINDOWS\System32\msvcrt.dll
0x00007ffed6c90000 - 0x00007ffed6cc1000 	C:\WINDOWS\System32\IMM32.DLL
0x00007ffec4410000 - 0x00007ffec441c000 	C:\Users\Admin\.vscode\extensions\redhat.java-1.33.0-win32-x64\jre\17.0.11-win32-x86_64\bin\vcruntime140_1.dll
0x00007ffe96770000 - 0x00007ffe967fd000 	C:\Users\Admin\.vscode\extensions\redhat.java-1.33.0-win32-x64\jre\17.0.11-win32-x86_64\bin\msvcp140.dll
0x00007ffe95b00000 - 0x00007ffe96762000 	C:\Users\Admin\.vscode\extensions\redhat.java-1.33.0-win32-x64\jre\17.0.11-win32-x86_64\bin\server\jvm.dll
0x00007ffed5d80000 - 0x00007ffed5e32000 	C:\WINDOWS\System32\ADVAPI32.dll
0x00007ffed7b10000 - 0x00007ffed7bb9000 	C:\WINDOWS\System32\sechost.dll
0x00007ffed5510000 - 0x00007ffed5538000 	C:\WINDOWS\System32\bcrypt.dll
0x00007ffed6e80000 - 0x00007ffed6f94000 	C:\WINDOWS\System32\RPCRT4.dll
0x00007ffed4ed0000 - 0x00007ffed4f1d000 	C:\WINDOWS\SYSTEM32\POWRPROF.dll
0x00007ffecc050000 - 0x00007ffecc05a000 	C:\WINDOWS\SYSTEM32\VERSION.dll
0x00007ffed2b60000 - 0x00007ffed2b94000 	C:\WINDOWS\SYSTEM32\WINMM.dll
0x00007ffeb5240000 - 0x00007ffeb5249000 	C:\WINDOWS\SYSTEM32\WSOCK32.dll
0x00007ffed5b80000 - 0x00007ffed5bf1000 	C:\WINDOWS\System32\WS2_32.dll
0x00007ffed4eb0000 - 0x00007ffed4ec3000 	C:\WINDOWS\SYSTEM32\UMPDC.dll
0x00007ffed4010000 - 0x00007ffed4028000 	C:\WINDOWS\SYSTEM32\kernel.appcore.dll
0x00007ffeb2b30000 - 0x00007ffeb2b3a000 	C:\Users\Admin\.vscode\extensions\redhat.java-1.33.0-win32-x64\jre\17.0.11-win32-x86_64\bin\jimage.dll
0x00007ffed2920000 - 0x00007ffed2b52000 	C:\WINDOWS\SYSTEM32\DBGHELP.DLL
0x00007ffed6900000 - 0x00007ffed6c8d000 	C:\WINDOWS\System32\combase.dll
0x00007ffed7bd0000 - 0x00007ffed7ca7000 	C:\WINDOWS\System32\OLEAUT32.dll
0x00007ffed28e0000 - 0x00007ffed2912000 	C:\WINDOWS\SYSTEM32\dbgcore.DLL
0x00007ffed55b0000 - 0x00007ffed562b000 	C:\WINDOWS\System32\bcryptPrimitives.dll
0x00007ffea05c0000 - 0x00007ffea05e5000 	C:\Users\Admin\.vscode\extensions\redhat.java-1.33.0-win32-x64\jre\17.0.11-win32-x86_64\bin\java.dll
0x00007ffea0570000 - 0x00007ffea0588000 	C:\Users\Admin\.vscode\extensions\redhat.java-1.33.0-win32-x64\jre\17.0.11-win32-x86_64\bin\zip.dll
0x00007ffed6fa0000 - 0x00007ffed7807000 	C:\WINDOWS\System32\SHELL32.dll
0x00007ffed2f10000 - 0x00007ffed380e000 	C:\WINDOWS\SYSTEM32\windows.storage.dll
0x00007ffed2dd0000 - 0x00007ffed2f0f000 	C:\WINDOWS\SYSTEM32\wintypes.dll
0x00007ffed60b0000 - 0x00007ffed61a9000 	C:\WINDOWS\System32\SHCORE.dll
0x00007ffed7810000 - 0x00007ffed786e000 	C:\WINDOWS\System32\shlwapi.dll
0x00007ffed4f40000 - 0x00007ffed4f61000 	C:\WINDOWS\SYSTEM32\profapi.dll
0x00007ffea0550000 - 0x00007ffea0569000 	C:\Users\Admin\.vscode\extensions\redhat.java-1.33.0-win32-x64\jre\17.0.11-win32-x86_64\bin\net.dll
0x00007ffed0a20000 - 0x00007ffed0b56000 	C:\WINDOWS\SYSTEM32\WINHTTP.dll
0x00007ffed4490000 - 0x00007ffed44f9000 	C:\WINDOWS\system32\mswsock.dll
0x00007ffea0530000 - 0x00007ffea0546000 	C:\Users\Admin\.vscode\extensions\redhat.java-1.33.0-win32-x64\jre\17.0.11-win32-x86_64\bin\nio.dll
0x00007ffeafec0000 - 0x00007ffeafed0000 	C:\Users\Admin\.vscode\extensions\redhat.java-1.33.0-win32-x64\jre\17.0.11-win32-x86_64\bin\verify.dll
0x00007ffec8d80000 - 0x00007ffec8da7000 	C:\Users\Admin\.gradle\native\c067742578af261105cb4f569cf0c3c89f3d7b1fecec35dd04571415982c5e48\windows-amd64\native-platform.dll
0x00007ffec2020000 - 0x00007ffec2164000 	C:\Users\Admin\.gradle\native\38dada09dfb8b06ba9b0570ebf7e218e3eb74d4ef43ca46872605cf95ebc2f47\windows-amd64\native-platform-file-events.dll
0x00007ffec8c90000 - 0x00007ffec8c99000 	C:\Users\Admin\.vscode\extensions\redhat.java-1.33.0-win32-x64\jre\17.0.11-win32-x86_64\bin\management.dll
0x00007ffec8c80000 - 0x00007ffec8c8b000 	C:\Users\Admin\.vscode\extensions\redhat.java-1.33.0-win32-x64\jre\17.0.11-win32-x86_64\bin\management_ext.dll
0x00007ffed68f0000 - 0x00007ffed68f8000 	C:\WINDOWS\System32\PSAPI.DLL
0x00007ffed4720000 - 0x00007ffed473b000 	C:\WINDOWS\SYSTEM32\CRYPTSP.dll
0x00007ffed3f70000 - 0x00007ffed3fa5000 	C:\WINDOWS\system32\rsaenh.dll
0x00007ffed4590000 - 0x00007ffed45b8000 	C:\WINDOWS\SYSTEM32\USERENV.dll
0x00007ffed4710000 - 0x00007ffed471c000 	C:\WINDOWS\SYSTEM32\CRYPTBASE.dll
0x00007ffed3a70000 - 0x00007ffed3a9d000 	C:\WINDOWS\SYSTEM32\IPHLPAPI.DLL
0x00007ffed68e0000 - 0x00007ffed68e9000 	C:\WINDOWS\System32\NSI.dll
0x00007ffed0860000 - 0x00007ffed0879000 	C:\WINDOWS\SYSTEM32\dhcpcsvc6.DLL
0x00007ffed0840000 - 0x00007ffed085f000 	C:\WINDOWS\SYSTEM32\dhcpcsvc.DLL
0x00007ffed3ae0000 - 0x00007ffed3bd8000 	C:\WINDOWS\SYSTEM32\DNSAPI.dll
0x00007ffece800000 - 0x00007ffece809000 	C:\Users\Admin\.vscode\extensions\redhat.java-1.33.0-win32-x64\jre\17.0.11-win32-x86_64\bin\extnet.dll
0x00007ffec8b10000 - 0x00007ffec8b1e000 	C:\Users\Admin\.vscode\extensions\redhat.java-1.33.0-win32-x64\jre\17.0.11-win32-x86_64\bin\sunmscapi.dll
0x00007ffed5630000 - 0x00007ffed5797000 	C:\WINDOWS\System32\CRYPT32.dll
0x00007ffed48d0000 - 0x00007ffed48fe000 	C:\WINDOWS\SYSTEM32\ncrypt.dll
0x00007ffed4890000 - 0x00007ffed48c7000 	C:\WINDOWS\SYSTEM32\NTASN1.dll
0x00007ffec4580000 - 0x00007ffec4588000 	C:\WINDOWS\system32\wshunix.dll

dbghelp: loaded successfully - version: 4.0.5 - missing functions: none
symbol engine: initialized successfully - sym options: 0x614 - pdb path: .;C:\Users\Admin\.vscode\extensions\redhat.java-1.33.0-win32-x64\jre\17.0.11-win32-x86_64\bin;C:\WINDOWS\SYSTEM32;C:\WINDOWS\WinSxS\amd64_microsoft.windows.common-controls_6595b64144ccf1df_6.0.22621.3672_none_2713b9d173822955;C:\Users\Admin\.vscode\extensions\redhat.java-1.33.0-win32-x64\jre\17.0.11-win32-x86_64\bin\server;C:\Users\Admin\.gradle\native\c067742578af261105cb4f569cf0c3c89f3d7b1fecec35dd04571415982c5e48\windows-amd64;C:\Users\Admin\.gradle\native\38dada09dfb8b06ba9b0570ebf7e218e3eb74d4ef43ca46872605cf95ebc2f47\windows-amd64

VM Arguments:
jvm_args: -XX:MaxMetaspaceSize=2G -XX:+HeapDumpOnOutOfMemoryError --add-opens=java.base/java.util=ALL-UNNAMED --add-opens=java.base/java.lang=ALL-UNNAMED --add-opens=java.base/java.lang.invoke=ALL-UNNAMED --add-opens=java.prefs/java.util.prefs=ALL-UNNAMED --add-opens=java.base/java.nio.charset=ALL-UNNAMED --add-opens=java.base/java.net=ALL-UNNAMED --add-opens=java.base/java.util.concurrent.atomic=ALL-UNNAMED -Xmx4G -Dfile.encoding=utf8 -Duser.country=IN -Duser.language=en -Duser.variant 
java_command: org.gradle.launcher.daemon.bootstrap.GradleDaemon 7.6.3
java_class_path (initial): C:\Users\Admin\.gradle\wrapper\dists\gradle-7.6.3-all\aocdy2d2z8kodnny3rsumj8i8\gradle-7.6.3\lib\gradle-launcher-7.6.3.jar
Launcher Type: SUN_STANDARD

[Global flags]
     intx CICompilerCount                          = 3                                         {product} {ergonomic}
     uint ConcGCThreads                            = 1                                         {product} {ergonomic}
     uint G1ConcRefinementThreads                  = 4                                         {product} {ergonomic}
   size_t G1HeapRegionSize                         = 2097152                                   {product} {ergonomic}
    uintx GCDrainStackTargetSize                   = 64                                        {product} {ergonomic}
     bool HeapDumpOnOutOfMemoryError               = true                                   {manageable} {command line}
   size_t InitialHeapSize                          = 58720256                                  {product} {ergonomic}
   size_t MarkStackSize                            = 4194304                                   {product} {ergonomic}
   size_t MaxHeapSize                              = 4294967296                                {product} {command line}
   size_t MaxMetaspaceSize                         = 2147483648                                {product} {command line}
   size_t MaxNewSize                               = 2575302656                                {product} {ergonomic}
   size_t MinHeapDeltaBytes                        = 2097152                                   {product} {ergonomic}
   size_t MinHeapSize                              = 8388608                                   {product} {ergonomic}
    uintx NonNMethodCodeHeapSize                   = 5832780                                {pd product} {ergonomic}
    uintx NonProfiledCodeHeapSize                  = 122912730                              {pd product} {ergonomic}
    uintx ProfiledCodeHeapSize                     = 122912730                              {pd product} {ergonomic}
    uintx ReservedCodeCacheSize                    = 251658240                              {pd product} {ergonomic}
     bool SegmentedCodeCache                       = true                                      {product} {ergonomic}
   size_t SoftMaxHeapSize                          = 4294967296                             {manageable} {ergonomic}
     bool UseCompressedClassPointers               = true                           {product lp64_product} {ergonomic}
     bool UseCompressedOops                        = true                           {product lp64_product} {ergonomic}
     bool UseG1GC                                  = true                                      {product} {ergonomic}
     bool UseLargePagesIndividualAllocation        = false                                  {pd product} {ergonomic}

Logging:
Log output configuration:
 #0: stdout all=warning uptime,level,tags
 #1: stderr all=off uptime,level,tags

Environment Variables:
PATH=C:\Program Files\Common Files\Oracle\Java\javapath;C:\WINDOWS\system32;C:\WINDOWS;C:\WINDOWS\System32\Wbem;C:\WINDOWS\System32\WindowsPowerShell\v1.0\;C:\WINDOWS\System32\OpenSSH\;C:\MinGW\bin;C:\Users\Admin\AppData\Roaming\nvm;C:\Program Files\nodejs;C:\Program Files\nodejs\;E:\apache-maven-3.9.8\bin;C:\Program Files\Git\cmd;C:\Program Files\MySQL\MySQL Shell 8.0\bin\;C:\Users\Admin\AppData\Local\Microsoft\WindowsApps;C:\Users\Admin\AppData\Local\Programs\Microsoft VS Code\bin;C:\Users\Admin\AppData\Roaming\nvm;C:\Program Files\nodejs;C:\Users\Admin\AppData\Roaming\npm;C:\flutter\bin;
USERNAME=Deep
OS=Windows_NT
PROCESSOR_IDENTIFIER=AMD64 Family 23 Model 24 Stepping 1, AuthenticAMD
TMP=C:\Users\Admin\AppData\Local\Temp
TEMP=C:\Users\Admin\AppData\Local\Temp



Periodic native trim disabled


---------------  S Y S T E M  ---------------

OS:
 Windows 11 , 64 bit Build 22621 (10.0.22621.3958)
OS uptime: 0 days 0:06 hours
Hyper-V role detected

CPU: total 4 (initial active 4) (4 cores per cpu, 2 threads per core) family 23 model 24 stepping 1 microcode 0x0, cx8, cmov, fxsr, ht, mmx, 3dnowpref, sse, sse2, sse3, ssse3, sse4a, sse4.1, sse4.2, popcnt, lzcnt, tsc, tscinvbit, avx, avx2, aes, clmul, bmi1, bmi2, adx, sha, fma, vzeroupper, clflush, clflushopt, hv
Processor Information for all 4 processors :
  Max Mhz: 2600, Current Mhz: 2600, Mhz Limit: 2600

Memory: 4k page, system-wide physical 3470M (199M free)
TotalPageFile size 8470M (AvailPageFile size 3M)
current process WorkingSet (physical memory assigned to process): 284M, peak: 284M
current process commit charge ("private bytes"): 435M, peak: 438M

vm_info: OpenJDK 64-Bit Server VM (17.0.11+9) for windows-amd64 JRE (17.0.11+9), built on Apr 17 2024 06:07:48 by "admin" with MS VC++ 16.10 / 16.11 (VS2019)

END.
