#
# There is insufficient memory for the Java Runtime Environment to continue.
# Native memory allocation (malloc) failed to allocate 948336 bytes. Error detail: Chunk::new
# Possible reasons:
#   The system is out of physical RAM or swap space
#   This process is running with CompressedOops enabled, and the Java Heap may be blocking the growth of the native heap
# Possible solutions:
#   Reduce memory load on the system
#   Increase physical memory or swap space
#   Check if swap backing store is full
#   Decrease Java heap size (-Xmx/-Xms)
#   Decrease number of Java threads
#   Decrease Java thread stack sizes (-Xss)
#   Set larger code cache with -XX:ReservedCodeCacheSize=
#   JVM is running with Unscaled Compressed Oops mode in which the Java heap is
#     placed in the first 4GB address space. The Java Heap base address is the
#     maximum limit for the native heap growth. Please use -XX:HeapBaseMinAddress
#     to set the Java Heap base and to place the Java Heap above 4GB virtual address.
# This output file may be truncated or incomplete.
#
#  Out of Memory Error (arena.cpp:191), pid=4684, tid=1764
#
# JRE version: OpenJDK Runtime Environment Temurin-17.0.11+9 (17.0.11+9) (build 17.0.11+9)
# Java VM: OpenJDK 64-Bit Server VM Temurin-17.0.11+9 (17.0.11+9, mixed mode, tiered, compressed oops, compressed class ptrs, parallel gc, windows-amd64)
# No core dump will be written. Minidumps are not enabled by default on client versions of Windows
#

---------------  S U M M A R Y ------------

Command Line: --add-modules=ALL-SYSTEM --add-opens=java.base/java.util=ALL-UNNAMED --add-opens=java.base/java.lang=ALL-UNNAMED --add-opens=java.base/sun.nio.fs=ALL-UNNAMED -Declipse.application=org.eclipse.jdt.ls.core.id1 -Dosgi.bundles.defaultStartLevel=4 -Declipse.product=org.eclipse.jdt.ls.core.product -Djava.import.generatesMetadataFilesAtProjectRoot=false -DDetectVMInstallationsJob.disabled=true -Dfile.encoding=utf8 -XX:+UseParallelGC -XX:GCTimeRatio=4 -XX:AdaptiveSizePolicyWeight=90 -Dsun.zip.disableMemoryMapping=true -Xmx1G -Xms100m -Xlog:disable -javaagent:c:\Users\Admin\.vscode\extensions\redhat.java-1.33.0-win32-x64\lombok\lombok-1.18.33.jar c:\Users\Admin\.vscode\extensions\redhat.java-1.33.0-win32-x64\server\plugins\org.eclipse.equinox.launcher_1.6.900.v20240613-2009.jar -configuration c:\Users\Admin\AppData\Roaming\Code\User\globalStorage\redhat.java\1.33.0\config_ss_win -data c:\Users\Admin\AppData\Roaming\Code\User\workspaceStorage\a6f7512796adea0d591b105c861a4ae9\redhat.java\ss_ws --pipe=\\.\pipe\lsp-769da61df1400c2b513ee461fcb0d666-sock

Host: AMD Ryzen 3 3250U with Radeon Graphics         , 4 cores, 3G,  Windows 11 , 64 bit Build 22621 (10.0.22621.3958)
Time: Wed Aug  7 20:38:55 2024 India Standard Time elapsed time: 12.195629 seconds (0d 0h 0m 12s)

---------------  T H R E A D  ---------------

Current thread (0x000002011ad4f2e0):  JavaThread "C2 CompilerThread0" daemon [_thread_in_native, id=1764, stack(0x000000afd5300000,0x000000afd5400000)]


Current CompileTask:
C2:  12195 2417       4       org.lombokweb.asm.ClassReader::readMethod (1066 bytes)

Stack: [0x000000afd5300000,0x000000afd5400000]
Native frames: (J=compiled Java code, j=interpreted, Vv=VM code, C=native code)
V  [jvm.dll+0x67d429]
V  [jvm.dll+0x834b7a]
V  [jvm.dll+0x83663e]
V  [jvm.dll+0x836ca3]
V  [jvm.dll+0x247dbf]
V  [jvm.dll+0xac534]
V  [jvm.dll+0xacb7c]
V  [jvm.dll+0x2af2cf]
V  [jvm.dll+0x5848b7]
V  [jvm.dll+0x222d82]
V  [jvm.dll+0x22317f]
V  [jvm.dll+0x21c2a0]
V  [jvm.dll+0x2197a1]
V  [jvm.dll+0x1a534d]
V  [jvm.dll+0x2295cd]
V  [jvm.dll+0x22779c]
V  [jvm.dll+0x7e9d07]
V  [jvm.dll+0x7e410a]
V  [jvm.dll+0x67c315]
C  [ucrtbase.dll+0x29333]
C  [KERNEL32.DLL+0x1257d]
C  [ntdll.dll+0x5af28]


---------------  P R O C E S S  ---------------

Threads class SMR info:
_java_thread_list=0x00000201208e2990, length=21, elements={
0x0000020106edfe50, 0x000002011ad1b010, 0x000002011ad1bda0, 0x000002011ad48f20,
0x000002011ad49a50, 0x000002011ad4a7e0, 0x000002011ad4e630, 0x000002011ad4f2e0,
0x000002011ff13fe0, 0x000002011ff18cc0, 0x000002011ffd1220, 0x0000020120213ec0,
0x0000020120800e10, 0x00000201209c7fb0, 0x00000201209b61a0, 0x0000020120840540,
0x0000020120a02cf0, 0x00000201205d0320, 0x00000201205d2690, 0x00000201205d0d40,
0x00000201205d1760
}

Java Threads: ( => current thread )
  0x0000020106edfe50 JavaThread "main" [_thread_blocked, id=10800, stack(0x000000afd4a00000,0x000000afd4b00000)]
  0x000002011ad1b010 JavaThread "Reference Handler" daemon [_thread_blocked, id=10940, stack(0x000000afd4d00000,0x000000afd4e00000)]
  0x000002011ad1bda0 JavaThread "Finalizer" daemon [_thread_blocked, id=9460, stack(0x000000afd4e00000,0x000000afd4f00000)]
  0x000002011ad48f20 JavaThread "Signal Dispatcher" daemon [_thread_blocked, id=9492, stack(0x000000afd4f00000,0x000000afd5000000)]
  0x000002011ad49a50 JavaThread "Attach Listener" daemon [_thread_blocked, id=1832, stack(0x000000afd5000000,0x000000afd5100000)]
  0x000002011ad4a7e0 JavaThread "Service Thread" daemon [_thread_blocked, id=7880, stack(0x000000afd5100000,0x000000afd5200000)]
  0x000002011ad4e630 JavaThread "Monitor Deflation Thread" daemon [_thread_blocked, id=1896, stack(0x000000afd5200000,0x000000afd5300000)]
=>0x000002011ad4f2e0 JavaThread "C2 CompilerThread0" daemon [_thread_in_native, id=1764, stack(0x000000afd5300000,0x000000afd5400000)]
  0x000002011ff13fe0 JavaThread "C1 CompilerThread0" daemon [_thread_blocked, id=5540, stack(0x000000afd5400000,0x000000afd5500000)]
  0x000002011ff18cc0 JavaThread "Sweeper thread" daemon [_thread_blocked, id=1440, stack(0x000000afd5500000,0x000000afd5600000)]
  0x000002011ffd1220 JavaThread "Common-Cleaner" daemon [_thread_blocked, id=9804, stack(0x000000afd5600000,0x000000afd5700000)]
  0x0000020120213ec0 JavaThread "Notification Thread" daemon [_thread_blocked, id=10524, stack(0x000000afd5700000,0x000000afd5800000)]
  0x0000020120800e10 JavaThread "Active Thread: Equinox Container: cdfa53ef-b55b-44be-9bfd-a6c896885580" [_thread_blocked, id=10268, stack(0x000000afd5c00000,0x000000afd5d00000)]
  0x00000201209c7fb0 JavaThread "Framework Event Dispatcher: Equinox Container: cdfa53ef-b55b-44be-9bfd-a6c896885580" daemon [_thread_blocked, id=4912, stack(0x000000afd5d00000,0x000000afd5e00000)]
  0x00000201209b61a0 JavaThread "Start Level: Equinox Container: cdfa53ef-b55b-44be-9bfd-a6c896885580" daemon [_thread_in_vm, id=2708, stack(0x000000afd5e00000,0x000000afd5f00000)]
  0x0000020120840540 JavaThread "SCR Component Actor" daemon [_thread_blocked, id=9616, stack(0x000000afd5f00000,0x000000afd6000000)]
  0x0000020120a02cf0 JavaThread "SCR Component Registry" daemon [_thread_blocked, id=4844, stack(0x000000afd6000000,0x000000afd6100000)]
  0x00000201205d0320 JavaThread "Worker-JM" [_thread_blocked, id=8532, stack(0x000000afd6100000,0x000000afd6200000)]
  0x00000201205d2690 JavaThread "JNA Cleaner" daemon [_thread_blocked, id=2896, stack(0x000000afd6200000,0x000000afd6300000)]
  0x00000201205d0d40 JavaThread "Worker-0" [_thread_blocked, id=10312, stack(0x000000afd6300000,0x000000afd6400000)]
  0x00000201205d1760 JavaThread "Worker-1" [_thread_blocked, id=4460, stack(0x000000afd6400000,0x000000afd6500000)]

Other Threads:
  0x000002011ad08170 VMThread "VM Thread" [stack: 0x000000afd4c00000,0x000000afd4d00000] [id=5000]
  0x0000020120138020 WatcherThread [stack: 0x000000afd5800000,0x000000afd5900000] [id=10836]
  0x0000020106ef3920 GCTaskThread "GC Thread#0" [stack: 0x000000afd4b00000,0x000000afd4c00000] [id=3584]
  0x00000201202cb020 GCTaskThread "GC Thread#1" [stack: 0x000000afd5900000,0x000000afd5a00000] [id=4992]
  0x00000201202cc230 GCTaskThread "GC Thread#2" [stack: 0x000000afd5a00000,0x000000afd5b00000] [id=3344]
  0x000002012047d3c0 GCTaskThread "GC Thread#3" [stack: 0x000000afd5b00000,0x000000afd5c00000] [id=10668]

Threads with active compile tasks:
C2 CompilerThread0    12258 2417       4       org.lombokweb.asm.ClassReader::readMethod (1066 bytes)

VM state: not at safepoint (normal execution)

VM Mutex/Monitor currently owned by a thread: None

Heap address: 0x00000000c0000000, size: 1024 MB, Compressed Oops mode: 32-bit

CDS archive(s) not mapped
Compressed class space mapped at: 0x0000000100000000-0x0000000140000000, reserved size: 1073741824
Narrow klass base: 0x0000000000000000, Narrow klass shift: 3, Narrow klass range: 0x140000000

GC Precious Log:
 CPUs: 4 total, 4 available
 Memory: 3470M
 Large Page Support: Disabled
 NUMA Support: Disabled
 Compressed Oops: Enabled (32-bit)
 Alignments: Space 512K, Generation 512K, Heap 2M
 Heap Min Capacity: 100M
 Heap Initial Capacity: 100M
 Heap Max Capacity: 1G
 Pre-touch: Disabled
 Parallel Workers: 4

Heap:
 PSYoungGen      total 27648K, used 12487K [0x00000000eab00000, 0x00000000eca80000, 0x0000000100000000)
  eden space 25088K, 39% used [0x00000000eab00000,0x00000000eb4b64a0,0x00000000ec380000)
  from space 2560K, 99% used [0x00000000ec400000,0x00000000ec67b8f8,0x00000000ec680000)
  to   space 3584K, 0% used [0x00000000ec700000,0x00000000ec700000,0x00000000eca80000)
 ParOldGen       total 68608K, used 6809K [0x00000000c0000000, 0x00000000c4300000, 0x00000000eab00000)
  object space 68608K, 9% used [0x00000000c0000000,0x00000000c06a6578,0x00000000c4300000)
 Metaspace       used 25822K, committed 26240K, reserved 1114112K
  class space    used 2557K, committed 2688K, reserved 1048576K

Card table byte_map: [0x0000020106880000,0x0000020106a90000] _byte_map_base: 0x0000020106280000

Marking Bits: (ParMarkBitMap*) 0x00007ffe9693d820
 Begin Bits: [0x0000020118b70000, 0x0000020119b70000)
 End Bits:   [0x0000020119b70000, 0x000002011ab70000)

Polling page: 0x0000020104dd0000

Metaspace:

Usage:
  Non-class:     22.72 MB used.
      Class:      2.50 MB used.
       Both:     25.22 MB used.

Virtual space:
  Non-class space:       64.00 MB reserved,      23.00 MB ( 36%) committed,  1 nodes.
      Class space:        1.00 GB reserved,       2.62 MB ( <1%) committed,  1 nodes.
             Both:        1.06 GB reserved,      25.62 MB (  2%) committed. 

Chunk freelists:
   Non-Class:  8.80 MB
       Class:  13.31 MB
        Both:  22.11 MB

MaxMetaspaceSize: unlimited
CompressedClassSpaceSize: 1.00 GB
Initial GC threshold: 21.00 MB
Current GC threshold: 35.00 MB
CDS: off
MetaspaceReclaimPolicy: balanced
 - commit_granule_bytes: 65536.
 - commit_granule_words: 8192.
 - virtual_space_node_default_size: 8388608.
 - enlarge_chunks_in_place: 1.
 - new_chunks_are_fully_committed: 0.
 - uncommit_free_chunks: 1.
 - use_allocation_guard: 0.
 - handle_deallocations: 1.


Internal statistics:

num_allocs_failed_limit: 3.
num_arena_births: 292.
num_arena_deaths: 14.
num_vsnodes_births: 2.
num_vsnodes_deaths: 0.
num_space_committed: 410.
num_space_uncommitted: 0.
num_chunks_returned_to_freelist: 17.
num_chunks_taken_from_freelist: 956.
num_chunk_merges: 5.
num_chunk_splits: 614.
num_chunks_enlarged: 436.
num_inconsistent_stats: 0.

CodeHeap 'non-profiled nmethods': size=120000Kb used=953Kb max_used=953Kb free=119046Kb
 bounds [0x0000020111640000, 0x00000201118b0000, 0x0000020118b70000]
CodeHeap 'profiled nmethods': size=120000Kb used=4694Kb max_used=4694Kb free=115305Kb
 bounds [0x0000020109b70000, 0x000002010a010000, 0x00000201110a0000]
CodeHeap 'non-nmethods': size=5760Kb used=1198Kb max_used=1214Kb free=4561Kb
 bounds [0x00000201110a0000, 0x0000020111310000, 0x0000020111640000]
 total_blobs=2928 nmethods=2427 adapters=415
 compilation: enabled
              stopped_count=0, restarted_count=0
 full_count=0

Compilation events (20 events):
Event: 12.109 Thread 0x000002011ff13fe0 2421       3       org.lombokweb.asm.SymbolTable::hash (14 bytes)
Event: 12.110 Thread 0x000002011ff13fe0 nmethod 2421 0x000002010a000e10 code [0x000002010a000fa0, 0x000002010a001098]
Event: 12.114 Thread 0x000002011ff13fe0 2422       3       java.util.Arrays::fill (21 bytes)
Event: 12.114 Thread 0x000002011ff13fe0 nmethod 2422 0x000002010a001110 code [0x000002010a0012a0, 0x000002010a001458]
Event: 12.114 Thread 0x000002011ff13fe0 2424       3       org.lombokweb.asm.ClassReader::readShort (27 bytes)
Event: 12.114 Thread 0x000002011ff13fe0 nmethod 2424 0x000002010a001590 code [0x000002010a001720, 0x000002010a001898]
Event: 12.114 Thread 0x000002011ff13fe0 2425       3       org.lombokweb.asm.ClassReader::createLabel (21 bytes)
Event: 12.115 Thread 0x000002011ff13fe0 nmethod 2425 0x000002010a001990 code [0x000002010a001b60, 0x000002010a001f98]
Event: 12.116 Thread 0x000002011ff13fe0 2426       3       org.lombokweb.asm.MethodVisitor::visitVarInsn (17 bytes)
Event: 12.117 Thread 0x000002011ff13fe0 nmethod 2426 0x000002010a002190 code [0x000002010a002340, 0x000002010a002548]
Event: 12.117 Thread 0x000002011ff13fe0 2427       3       lombok.patcher.Hook::toSpec (95 bytes)
Event: 12.119 Thread 0x000002011ff13fe0 nmethod 2427 0x000002010a002610 code [0x000002010a002960, 0x000002010a003a98]
Event: 12.120 Thread 0x000002011ff13fe0 2428       3       org.lombokweb.asm.Symbol::getArgumentsAndReturnSizes (23 bytes)
Event: 12.120 Thread 0x000002011ff13fe0 nmethod 2428 0x000002010a004090 code [0x000002010a004240, 0x000002010a0043c8]
Event: 12.124 Thread 0x000002011ff13fe0 2429       3       org.lombokweb.asm.MethodWriter::visitMethodInsn (191 bytes)
Event: 12.125 Thread 0x000002011ff13fe0 nmethod 2429 0x000002010a004490 code [0x000002010a0046c0, 0x000002010a004ec8]
Event: 12.125 Thread 0x000002011ff13fe0 2430       3       org.lombokweb.asm.SymbolTable::addConstantMethodref (24 bytes)
Event: 12.126 Thread 0x000002011ff13fe0 nmethod 2430 0x000002010a005210 code [0x000002010a0053c0, 0x000002010a005568]
Event: 12.132 Thread 0x000002011ff13fe0 2431       3       org.lombokweb.asm.ClassReader::readLong (29 bytes)
Event: 12.132 Thread 0x000002011ff13fe0 nmethod 2431 0x000002010a005610 code [0x000002010a0057c0, 0x000002010a005978]

GC Heap History (12 events):
Event: 3.888 GC heap before
{Heap before GC invocations=1 (full 0):
 PSYoungGen      total 29696K, used 25600K [0x00000000eab00000, 0x00000000ecc00000, 0x0000000100000000)
  eden space 25600K, 100% used [0x00000000eab00000,0x00000000ec400000,0x00000000ec400000)
  from space 4096K, 0% used [0x00000000ec800000,0x00000000ec800000,0x00000000ecc00000)
  to   space 4096K, 0% used [0x00000000ec400000,0x00000000ec400000,0x00000000ec800000)
 ParOldGen       total 68608K, used 0K [0x00000000c0000000, 0x00000000c4300000, 0x00000000eab00000)
  object space 68608K, 0% used [0x00000000c0000000,0x00000000c0000000,0x00000000c4300000)
 Metaspace       used 10990K, committed 11200K, reserved 1114112K
  class space    used 1094K, committed 1216K, reserved 1048576K
}
Event: 3.917 GC heap after
{Heap after GC invocations=1 (full 0):
 PSYoungGen      total 29696K, used 3140K [0x00000000eab00000, 0x00000000ecc00000, 0x0000000100000000)
  eden space 25600K, 0% used [0x00000000eab00000,0x00000000eab00000,0x00000000ec400000)
  from space 4096K, 76% used [0x00000000ec400000,0x00000000ec7112e0,0x00000000ec800000)
  to   space 4096K, 0% used [0x00000000ec800000,0x00000000ec800000,0x00000000ecc00000)
 ParOldGen       total 68608K, used 0K [0x00000000c0000000, 0x00000000c4300000, 0x00000000eab00000)
  object space 68608K, 0% used [0x00000000c0000000,0x00000000c0000000,0x00000000c4300000)
 Metaspace       used 10990K, committed 11200K, reserved 1114112K
  class space    used 1094K, committed 1216K, reserved 1048576K
}
Event: 6.457 GC heap before
{Heap before GC invocations=2 (full 0):
 PSYoungGen      total 29696K, used 28740K [0x00000000eab00000, 0x00000000ecc00000, 0x0000000100000000)
  eden space 25600K, 100% used [0x00000000eab00000,0x00000000ec400000,0x00000000ec400000)
  from space 4096K, 76% used [0x00000000ec400000,0x00000000ec7112e0,0x00000000ec800000)
  to   space 4096K, 0% used [0x00000000ec800000,0x00000000ec800000,0x00000000ecc00000)
 ParOldGen       total 68608K, used 0K [0x00000000c0000000, 0x00000000c4300000, 0x00000000eab00000)
  object space 68608K, 0% used [0x00000000c0000000,0x00000000c0000000,0x00000000c4300000)
 Metaspace       used 14729K, committed 14976K, reserved 1114112K
  class space    used 1493K, committed 1664K, reserved 1048576K
}
Event: 6.466 GC heap after
{Heap after GC invocations=2 (full 0):
 PSYoungGen      total 29696K, used 4089K [0x00000000eab00000, 0x00000000ecc00000, 0x0000000100000000)
  eden space 25600K, 0% used [0x00000000eab00000,0x00000000eab00000,0x00000000ec400000)
  from space 4096K, 99% used [0x00000000ec800000,0x00000000ecbfe770,0x00000000ecc00000)
  to   space 4096K, 0% used [0x00000000ec400000,0x00000000ec400000,0x00000000ec800000)
 ParOldGen       total 68608K, used 784K [0x00000000c0000000, 0x00000000c4300000, 0x00000000eab00000)
  object space 68608K, 1% used [0x00000000c0000000,0x00000000c00c4340,0x00000000c4300000)
 Metaspace       used 14729K, committed 14976K, reserved 1114112K
  class space    used 1493K, committed 1664K, reserved 1048576K
}
Event: 8.245 GC heap before
{Heap before GC invocations=3 (full 0):
 PSYoungGen      total 29696K, used 29674K [0x00000000eab00000, 0x00000000ecc00000, 0x0000000100000000)
  eden space 25600K, 99% used [0x00000000eab00000,0x00000000ec3fc280,0x00000000ec400000)
  from space 4096K, 99% used [0x00000000ec800000,0x00000000ecbfe770,0x00000000ecc00000)
  to   space 4096K, 0% used [0x00000000ec400000,0x00000000ec400000,0x00000000ec800000)
 ParOldGen       total 68608K, used 784K [0x00000000c0000000, 0x00000000c4300000, 0x00000000eab00000)
  object space 68608K, 1% used [0x00000000c0000000,0x00000000c00c4340,0x00000000c4300000)
 Metaspace       used 19776K, committed 20160K, reserved 1114112K
  class space    used 2021K, committed 2176K, reserved 1048576K
}
Event: 8.261 GC heap after
{Heap after GC invocations=3 (full 0):
 PSYoungGen      total 29696K, used 4066K [0x00000000eab00000, 0x00000000ecc00000, 0x0000000100000000)
  eden space 25600K, 0% used [0x00000000eab00000,0x00000000eab00000,0x00000000ec400000)
  from space 4096K, 99% used [0x00000000ec400000,0x00000000ec7f8b88,0x00000000ec800000)
  to   space 4096K, 0% used [0x00000000ec800000,0x00000000ec800000,0x00000000ecc00000)
 ParOldGen       total 68608K, used 2476K [0x00000000c0000000, 0x00000000c4300000, 0x00000000eab00000)
  object space 68608K, 3% used [0x00000000c0000000,0x00000000c026b3d0,0x00000000c4300000)
 Metaspace       used 19776K, committed 20160K, reserved 1114112K
  class space    used 2021K, committed 2176K, reserved 1048576K
}
Event: 8.920 GC heap before
{Heap before GC invocations=4 (full 0):
 PSYoungGen      total 29696K, used 10728K [0x00000000eab00000, 0x00000000ecc00000, 0x0000000100000000)
  eden space 25600K, 26% used [0x00000000eab00000,0x00000000eb181528,0x00000000ec400000)
  from space 4096K, 99% used [0x00000000ec400000,0x00000000ec7f8b88,0x00000000ec800000)
  to   space 4096K, 0% used [0x00000000ec800000,0x00000000ec800000,0x00000000ecc00000)
 ParOldGen       total 68608K, used 2476K [0x00000000c0000000, 0x00000000c4300000, 0x00000000eab00000)
  object space 68608K, 3% used [0x00000000c0000000,0x00000000c026b3d0,0x00000000c4300000)
 Metaspace       used 21054K, committed 21504K, reserved 1114112K
  class space    used 2152K, committed 2368K, reserved 1048576K
}
Event: 8.927 GC heap after
{Heap after GC invocations=4 (full 0):
 PSYoungGen      total 29696K, used 4068K [0x00000000eab00000, 0x00000000ecc00000, 0x0000000100000000)
  eden space 25600K, 0% used [0x00000000eab00000,0x00000000eab00000,0x00000000ec400000)
  from space 4096K, 99% used [0x00000000ec800000,0x00000000ecbf91f0,0x00000000ecc00000)
  to   space 4096K, 0% used [0x00000000ec400000,0x00000000ec400000,0x00000000ec800000)
 ParOldGen       total 68608K, used 2885K [0x00000000c0000000, 0x00000000c4300000, 0x00000000eab00000)
  object space 68608K, 4% used [0x00000000c0000000,0x00000000c02d1400,0x00000000c4300000)
 Metaspace       used 21054K, committed 21504K, reserved 1114112K
  class space    used 2152K, committed 2368K, reserved 1048576K
}
Event: 8.927 GC heap before
{Heap before GC invocations=5 (full 1):
 PSYoungGen      total 29696K, used 4068K [0x00000000eab00000, 0x00000000ecc00000, 0x0000000100000000)
  eden space 25600K, 0% used [0x00000000eab00000,0x00000000eab00000,0x00000000ec400000)
  from space 4096K, 99% used [0x00000000ec800000,0x00000000ecbf91f0,0x00000000ecc00000)
  to   space 4096K, 0% used [0x00000000ec400000,0x00000000ec400000,0x00000000ec800000)
 ParOldGen       total 68608K, used 2885K [0x00000000c0000000, 0x00000000c4300000, 0x00000000eab00000)
  object space 68608K, 4% used [0x00000000c0000000,0x00000000c02d1400,0x00000000c4300000)
 Metaspace       used 21054K, committed 21504K, reserved 1114112K
  class space    used 2152K, committed 2368K, reserved 1048576K
}
Event: 8.966 GC heap after
{Heap after GC invocations=5 (full 1):
 PSYoungGen      total 29696K, used 0K [0x00000000eab00000, 0x00000000ecc00000, 0x0000000100000000)
  eden space 25600K, 0% used [0x00000000eab00000,0x00000000eab00000,0x00000000ec400000)
  from space 4096K, 0% used [0x00000000ec800000,0x00000000ec800000,0x00000000ecc00000)
  to   space 4096K, 0% used [0x00000000ec400000,0x00000000ec400000,0x00000000ec800000)
 ParOldGen       total 68608K, used 6801K [0x00000000c0000000, 0x00000000c4300000, 0x00000000eab00000)
  object space 68608K, 9% used [0x00000000c0000000,0x00000000c06a4578,0x00000000c4300000)
 Metaspace       used 21041K, committed 21504K, reserved 1114112K
  class space    used 2148K, committed 2368K, reserved 1048576K
}
Event: 11.857 GC heap before
{Heap before GC invocations=6 (full 1):
 PSYoungGen      total 29696K, used 25600K [0x00000000eab00000, 0x00000000ecc00000, 0x0000000100000000)
  eden space 25600K, 100% used [0x00000000eab00000,0x00000000ec400000,0x00000000ec400000)
  from space 4096K, 0% used [0x00000000ec800000,0x00000000ec800000,0x00000000ecc00000)
  to   space 4096K, 0% used [0x00000000ec400000,0x00000000ec400000,0x00000000ec800000)
 ParOldGen       total 68608K, used 6801K [0x00000000c0000000, 0x00000000c4300000, 0x00000000eab00000)
  object space 68608K, 9% used [0x00000000c0000000,0x00000000c06a4578,0x00000000c4300000)
 Metaspace       used 23875K, committed 24320K, reserved 1114112K
  class space    used 2439K, committed 2624K, reserved 1048576K
}
Event: 11.861 GC heap after
{Heap after GC invocations=6 (full 1):
 PSYoungGen      total 27648K, used 2542K [0x00000000eab00000, 0x00000000eca80000, 0x0000000100000000)
  eden space 25088K, 0% used [0x00000000eab00000,0x00000000eab00000,0x00000000ec380000)
  from space 2560K, 99% used [0x00000000ec400000,0x00000000ec67b8f8,0x00000000ec680000)
  to   space 3584K, 0% used [0x00000000ec700000,0x00000000ec700000,0x00000000eca80000)
 ParOldGen       total 68608K, used 6809K [0x00000000c0000000, 0x00000000c4300000, 0x00000000eab00000)
  object space 68608K, 9% used [0x00000000c0000000,0x00000000c06a6578,0x00000000c4300000)
 Metaspace       used 23875K, committed 24320K, reserved 1114112K
  class space    used 2439K, committed 2624K, reserved 1048576K
}

Dll operation events (10 events):
Event: 0.024 Loaded shared library c:\Users\Admin\.vscode\extensions\redhat.java-1.33.0-win32-x64\jre\17.0.11-win32-x86_64\bin\java.dll
Event: 0.859 Loaded shared library c:\Users\Admin\.vscode\extensions\redhat.java-1.33.0-win32-x64\jre\17.0.11-win32-x86_64\bin\zip.dll
Event: 0.866 Loaded shared library C:\Users\Admin\.vscode\extensions\redhat.java-1.33.0-win32-x64\jre\17.0.11-win32-x86_64\bin\instrument.dll
Event: 0.914 Loaded shared library C:\Users\Admin\.vscode\extensions\redhat.java-1.33.0-win32-x64\jre\17.0.11-win32-x86_64\bin\net.dll
Event: 0.918 Loaded shared library C:\Users\Admin\.vscode\extensions\redhat.java-1.33.0-win32-x64\jre\17.0.11-win32-x86_64\bin\nio.dll
Event: 0.937 Loaded shared library C:\Users\Admin\.vscode\extensions\redhat.java-1.33.0-win32-x64\jre\17.0.11-win32-x86_64\bin\zip.dll
Event: 1.109 Loaded shared library C:\Users\Admin\.vscode\extensions\redhat.java-1.33.0-win32-x64\jre\17.0.11-win32-x86_64\bin\jimage.dll
Event: 1.347 Loaded shared library c:\Users\Admin\.vscode\extensions\redhat.java-1.33.0-win32-x64\jre\17.0.11-win32-x86_64\bin\verify.dll
Event: 5.859 Loaded shared library C:\Users\Admin\AppData\Roaming\Code\User\globalStorage\redhat.java\1.33.0\config_ss_win\org.eclipse.equinox.launcher\org.eclipse.equinox.launcher.win32.win32.x86_64_1.2.1100.v20240722-2106\eclipse_11904.dll
Event: 10.172 Loaded shared library C:\Users\Admin\AppData\Local\Temp\jna-2126092\jna13820926580408213913.dll

Deoptimization events (20 events):
Event: 10.580 Thread 0x00000201209b61a0 Uncommon trap: trap_request=0xffffffde fr.pc=0x00000201116c9368 relative=0x00000000000009c8
Event: 10.580 Thread 0x00000201209b61a0 Uncommon trap: reason=class_check action=maybe_recompile pc=0x00000201116c9368 method=java.util.HashMap.putVal(ILjava/lang/Object;Ljava/lang/Object;ZZ)Ljava/lang/Object; @ 91 c2
Event: 10.580 Thread 0x00000201209b61a0 DEOPT PACKING pc=0x00000201116c9368 sp=0x000000afd5ef7ec0
Event: 10.580 Thread 0x00000201209b61a0 DEOPT UNPACKING pc=0x00000201110f66a3 sp=0x000000afd5ef7de8 mode 2
Event: 10.836 Thread 0x00000201209b61a0 Uncommon trap: trap_request=0xffffff45 fr.pc=0x0000020111695774 relative=0x0000000000000074
Event: 10.836 Thread 0x00000201209b61a0 Uncommon trap: reason=unstable_if action=reinterpret pc=0x0000020111695774 method=jdk.internal.misc.Unsafe.convEndian(ZJ)J @ 4 c2
Event: 10.836 Thread 0x00000201209b61a0 DEOPT PACKING pc=0x0000020111695774 sp=0x000000afd5ef7c50
Event: 10.836 Thread 0x00000201209b61a0 DEOPT UNPACKING pc=0x00000201110f66a3 sp=0x000000afd5ef7b78 mode 2
Event: 10.836 Thread 0x00000201209b61a0 Uncommon trap: trap_request=0xffffff45 fr.pc=0x0000020111692014 relative=0x0000000000000094
Event: 10.836 Thread 0x00000201209b61a0 Uncommon trap: reason=unstable_if action=reinterpret pc=0x0000020111692014 method=jdk.internal.misc.Unsafe.getLongUnaligned(Ljava/lang/Object;J)J @ 7 c2
Event: 10.836 Thread 0x00000201209b61a0 DEOPT PACKING pc=0x0000020111692014 sp=0x000000afd5ef7bc0
Event: 10.836 Thread 0x00000201209b61a0 DEOPT UNPACKING pc=0x00000201110f66a3 sp=0x000000afd5ef7b70 mode 2
Event: 10.989 Thread 0x00000201209b61a0 Uncommon trap: trap_request=0xffffff45 fr.pc=0x000002011166c048 relative=0x0000000000000048
Event: 10.989 Thread 0x00000201209b61a0 Uncommon trap: reason=unstable_if action=reinterpret pc=0x000002011166c048 method=java.lang.CharacterData.of(I)Ljava/lang/CharacterData; @ 4 c2
Event: 10.989 Thread 0x00000201209b61a0 DEOPT PACKING pc=0x000002011166c048 sp=0x000000afd5ef8bc0
Event: 10.989 Thread 0x00000201209b61a0 DEOPT UNPACKING pc=0x00000201110f66a3 sp=0x000000afd5ef8b58 mode 2
Event: 11.383 Thread 0x00000201209b61a0 Uncommon trap: trap_request=0xffffff45 fr.pc=0x0000020111723f70 relative=0x00000000000007b0
Event: 11.383 Thread 0x00000201209b61a0 Uncommon trap: reason=unstable_if action=reinterpret pc=0x0000020111723f70 method=org.lombokweb.asm.ClassReader.readUTF8(I[C)Ljava/lang/String; @ 11 c2
Event: 11.383 Thread 0x00000201209b61a0 DEOPT PACKING pc=0x0000020111723f70 sp=0x000000afd5ef3a70
Event: 11.383 Thread 0x00000201209b61a0 DEOPT UNPACKING pc=0x00000201110f66a3 sp=0x000000afd5ef3a68 mode 2

Classes unloaded (7 events):
Event: 8.933 Thread 0x000002011ad08170 Unloading class 0x000000010021a400 'java/lang/invoke/LambdaForm$MH+0x000000010021a400'
Event: 8.933 Thread 0x000002011ad08170 Unloading class 0x000000010021a000 'java/lang/invoke/LambdaForm$MH+0x000000010021a000'
Event: 8.933 Thread 0x000002011ad08170 Unloading class 0x0000000100219c00 'java/lang/invoke/LambdaForm$MH+0x0000000100219c00'
Event: 8.933 Thread 0x000002011ad08170 Unloading class 0x0000000100219800 'java/lang/invoke/LambdaForm$MH+0x0000000100219800'
Event: 8.933 Thread 0x000002011ad08170 Unloading class 0x0000000100219400 'java/lang/invoke/LambdaForm$BMH+0x0000000100219400'
Event: 8.933 Thread 0x000002011ad08170 Unloading class 0x0000000100219000 'java/lang/invoke/LambdaForm$DMH+0x0000000100219000'
Event: 8.933 Thread 0x000002011ad08170 Unloading class 0x0000000100214400 'java/lang/invoke/LambdaForm$DMH+0x0000000100214400'

Classes redefined (0 events):
No events

Internal exceptions (20 events):
Event: 7.919 Thread 0x00000201209b61a0 Exception <a 'java/lang/NoSuchMethodError'{0x00000000ec0732a8}: 'java.lang.Object java.lang.invoke.DelegatingMethodHandle$Holder.reinvoke_L(java.lang.Object, java.lang.Object, java.lang.Object, java.lang.Object, int, int)'> (0x00000000ec0732a8) 
thrown [s\src\hotspot\share\interpreter\linkResolver.cpp, line 759]
Event: 7.921 Thread 0x00000201209b61a0 Exception <a 'java/lang/NoSuchMethodError'{0x00000000ec087de8}: 'java.lang.Object java.lang.invoke.Invokers$Holder.invokeExact_MT(java.lang.Object, java.lang.Object, java.lang.Object, java.lang.Object)'> (0x00000000ec087de8) 
thrown [s\src\hotspot\share\interpreter\linkResolver.cpp, line 759]
Event: 8.171 Thread 0x00000201209b61a0 Exception <a 'java/io/FileNotFoundException'{0x00000000ec2f0760}> (0x00000000ec2f0760) 
thrown [s\src\hotspot\share\prims\jni.cpp, line 516]
Event: 8.172 Thread 0x00000201209b61a0 Exception <a 'java/io/FileNotFoundException'{0x00000000ec2f73d8}> (0x00000000ec2f73d8) 
thrown [s\src\hotspot\share\prims\jni.cpp, line 516]
Event: 8.531 Thread 0x00000201209b61a0 Exception <a 'java/lang/NoSuchMethodError'{0x00000000ead0e058}: 'java.lang.Object java.lang.invoke.DirectMethodHandle$Holder.newInvokeSpecial(java.lang.Object, java.lang.Object, java.lang.Object, java.lang.Object, java.lang.Object)'> (0x00000000ead0e058) 
thrown [s\src\hotspot\share\interpreter\linkResolver.cpp, line 759]
Event: 8.667 Thread 0x00000201209b61a0 Exception <a 'java/lang/NoSuchMethodError'{0x00000000eae807c8}: 'java.lang.Object java.lang.invoke.DirectMethodHandle$Holder.invokeStaticInit(java.lang.Object, int)'> (0x00000000eae807c8) 
thrown [s\src\hotspot\share\interpreter\linkResolver.cpp, line 759]
Event: 9.018 Thread 0x00000201209b61a0 Exception <a 'java/lang/NoSuchMethodError'{0x00000000eab5c058}: 'java.lang.Object java.lang.invoke.DirectMethodHandle$Holder.invokeStaticInit(java.lang.Object, int, int, int, int)'> (0x00000000eab5c058) 
thrown [s\src\hotspot\share\interpreter\linkResolver.cpp, line 759]
Event: 9.884 Thread 0x00000201209b61a0 Exception <a 'java/lang/NoSuchMethodError'{0x00000000eac44790}: 'java.lang.Object java.lang.invoke.DirectMethodHandle$Holder.invokeStaticInit(java.lang.Object, java.lang.Object, int, int, int, int)'> (0x00000000eac44790) 
thrown [s\src\hotspot\share\interpreter\linkResolver.cpp, line 759]
Event: 10.695 Thread 0x00000201209b61a0 Exception <a 'java/lang/NoSuchMethodError'{0x00000000eaf33eb0}: 'java.lang.Object java.lang.invoke.DirectMethodHandle$Holder.invokeSpecial(java.lang.Object, java.lang.Object, java.lang.Object, long, java.lang.Object)'> (0x00000000eaf33eb0) 
thrown [s\src\hotspot\share\interpreter\linkResolver.cpp, line 759]
Event: 10.698 Thread 0x00000201209b61a0 Exception <a 'java/lang/NoSuchMethodError'{0x00000000eaf3c068}: 'java.lang.Object java.lang.invoke.DirectMethodHandle$Holder.newInvokeSpecial(java.lang.Object, java.lang.Object, java.lang.Object, long)'> (0x00000000eaf3c068) 
thrown [s\src\hotspot\share\interpreter\linkResolver.cpp, line 759]
Event: 10.700 Thread 0x00000201209b61a0 Exception <a 'java/lang/NoSuchMethodError'{0x00000000eaf40608}: 'java.lang.Object java.lang.invoke.DirectMethodHandle$Holder.invokeSpecial(java.lang.Object, java.lang.Object, java.lang.Object, java.lang.Object, long)'> (0x00000000eaf40608) 
thrown [s\src\hotspot\share\interpreter\linkResolver.cpp, line 759]
Event: 10.701 Thread 0x00000201209b61a0 Exception <a 'java/lang/NoSuchMethodError'{0x00000000eaf44480}: 'java.lang.Object java.lang.invoke.Invokers$Holder.linkToTargetMethod(java.lang.Object, java.lang.Object, long, java.lang.Object)'> (0x00000000eaf44480) 
thrown [s\src\hotspot\share\interpreter\linkResolver.cpp, line 759]
Event: 10.720 Thread 0x00000201209b61a0 Exception <a 'java/lang/NoSuchMethodError'{0x00000000eaf98210}: 'int java.lang.invoke.DirectMethodHandle$Holder.invokeStaticInit(java.lang.Object, java.lang.Object, java.lang.Object)'> (0x00000000eaf98210) 
thrown [s\src\hotspot\share\interpreter\linkResolver.cpp, line 759]
Event: 11.026 Thread 0x00000201209b61a0 Exception <a 'java/lang/IncompatibleClassChangeError'{0x00000000eb1e4b90}: Found class java.lang.Object, but interface was expected> (0x00000000eb1e4b90) 
thrown [s\src\hotspot\share\interpreter\linkResolver.cpp, line 826]
Event: 11.096 Thread 0x00000201209b61a0 Exception <a 'java/lang/NoSuchMethodError'{0x00000000eb1fc4a8}: 'java.lang.Object java.lang.invoke.DirectMethodHandle$Holder.invokeSpecial(java.lang.Object, java.lang.Object, java.lang.Object, int, java.lang.Object, java.lang.Object)'> (0x00000000eb1fc4a8) 
thrown [s\src\hotspot\share\interpreter\linkResolver.cpp, line 759]
Event: 11.104 Thread 0x00000201209b61a0 Exception <a 'java/lang/NoSuchMethodError'{0x00000000eb204c30}: 'java.lang.Object java.lang.invoke.DirectMethodHandle$Holder.newInvokeSpecial(java.lang.Object, java.lang.Object, java.lang.Object, int, java.lang.Object)'> (0x00000000eb204c30) 
thrown [s\src\hotspot\share\interpreter\linkResolver.cpp, line 759]
Event: 11.113 Thread 0x00000201209b61a0 Exception <a 'java/lang/NoSuchMethodError'{0x00000000eb209088}: 'java.lang.Object java.lang.invoke.DirectMethodHandle$Holder.invokeSpecial(java.lang.Object, java.lang.Object, java.lang.Object, java.lang.Object, int, java.lang.Object)'> (0x00000000eb209088) 
thrown [s\src\hotspot\share\interpreter\linkResolver.cpp, line 759]
Event: 11.118 Thread 0x00000201205d0d40 Exception <a 'java/lang/NoSuchMethodError'{0x00000000eafdc368}: 'java.lang.Object java.lang.invoke.DirectMethodHandle$Holder.invokeSpecial(java.lang.Object, java.lang.Object, int, java.lang.Object, java.lang.Object)'> (0x00000000eafdc368) 
thrown [s\src\hotspot\share\interpreter\linkResolver.cpp, line 759]
Event: 11.120 Thread 0x00000201205d0d40 Exception <a 'java/lang/NoSuchMethodError'{0x00000000eafe3a38}: 'java.lang.Object java.lang.invoke.DirectMethodHandle$Holder.newInvokeSpecial(java.lang.Object, java.lang.Object, int, java.lang.Object)'> (0x00000000eafe3a38) 
thrown [s\src\hotspot\share\interpreter\linkResolver.cpp, line 759]
Event: 11.121 Thread 0x00000201205d0d40 Exception <a 'java/lang/NoSuchMethodError'{0x00000000eafe7548}: 'java.lang.Object java.lang.invoke.DirectMethodHandle$Holder.invokeSpecial(java.lang.Object, java.lang.Object, java.lang.Object, int, java.lang.Object)'> (0x00000000eafe7548) 
thrown [s\src\hotspot\share\interpreter\linkResolver.cpp, line 759]

VM Operations (20 events):
Event: 7.635 Executing VM operation: HandshakeAllThreads
Event: 7.635 Executing VM operation: HandshakeAllThreads done
Event: 7.902 Executing VM operation: HandshakeAllThreads
Event: 7.902 Executing VM operation: HandshakeAllThreads done
Event: 8.245 Executing VM operation: ParallelGCFailedAllocation
Event: 8.261 Executing VM operation: ParallelGCFailedAllocation done
Event: 8.920 Executing VM operation: CollectForMetadataAllocation
Event: 8.968 Executing VM operation: CollectForMetadataAllocation done
Event: 9.049 Executing VM operation: HandshakeAllThreads
Event: 9.049 Executing VM operation: HandshakeAllThreads done
Event: 10.050 Executing VM operation: Cleanup
Event: 10.050 Executing VM operation: Cleanup done
Event: 10.194 Executing VM operation: HandshakeAllThreads
Event: 10.194 Executing VM operation: HandshakeAllThreads done
Event: 10.835 Executing VM operation: HandshakeAllThreads
Event: 10.835 Executing VM operation: HandshakeAllThreads done
Event: 10.997 Executing VM operation: HandshakeAllThreads
Event: 10.997 Executing VM operation: HandshakeAllThreads done
Event: 11.857 Executing VM operation: ParallelGCFailedAllocation
Event: 11.861 Executing VM operation: ParallelGCFailedAllocation done

Events (20 events):
Event: 11.404 loading class java/io/StringReader
Event: 11.404 loading class java/io/StringReader done
Event: 11.414 loading class java/util/zip/GZIPInputStream
Event: 11.414 loading class java/util/zip/GZIPInputStream done
Event: 11.421 loading class java/net/SocketTimeoutException
Event: 11.421 loading class java/io/InterruptedIOException
Event: 11.421 loading class java/io/InterruptedIOException done
Event: 11.421 loading class java/net/SocketTimeoutException done
Event: 11.421 loading class java/net/SocketException
Event: 11.422 loading class java/net/SocketException done
Event: 11.422 loading class java/net/UnknownHostException
Event: 11.422 loading class java/net/UnknownHostException done
Event: 11.422 loading class java/net/ProtocolException
Event: 11.431 loading class java/net/ProtocolException done
Event: 11.480 loading class java/lang/ThreadLocal$SuppliedThreadLocal
Event: 11.480 loading class java/lang/ThreadLocal$SuppliedThreadLocal done
Event: 11.557 loading class java/lang/NegativeArraySizeException
Event: 11.557 loading class java/lang/NegativeArraySizeException done
Event: 11.557 loading class java/io/FileWriter
Event: 11.557 loading class java/io/FileWriter done


Dynamic libraries:
0x00007ff7a2fd0000 - 0x00007ff7a2fde000 	c:\Users\Admin\.vscode\extensions\redhat.java-1.33.0-win32-x64\jre\17.0.11-win32-x86_64\bin\java.exe
0x00007ffed7cf0000 - 0x00007ffed7f07000 	C:\WINDOWS\SYSTEM32\ntdll.dll
0x00007ffed6810000 - 0x00007ffed68d4000 	C:\WINDOWS\System32\KERNEL32.DLL
0x00007ffed5010000 - 0x00007ffed53bd000 	C:\WINDOWS\System32\KERNELBASE.dll
0x00007ffed53f0000 - 0x00007ffed5501000 	C:\WINDOWS\System32\ucrtbase.dll
0x00007ffec3430000 - 0x00007ffec3447000 	c:\Users\Admin\.vscode\extensions\redhat.java-1.33.0-win32-x64\jre\17.0.11-win32-x86_64\bin\jli.dll
0x00007ffed6cd0000 - 0x00007ffed6e7e000 	C:\WINDOWS\System32\USER32.dll
0x00007ffed53c0000 - 0x00007ffed53e6000 	C:\WINDOWS\System32\win32u.dll
0x00007ffed67e0000 - 0x00007ffed6809000 	C:\WINDOWS\System32\GDI32.dll
0x00007ffed57a0000 - 0x00007ffed58b9000 	C:\WINDOWS\System32\gdi32full.dll
0x00007ffed58c0000 - 0x00007ffed595a000 	C:\WINDOWS\System32\msvcp_win.dll
0x00007ffec3410000 - 0x00007ffec342b000 	c:\Users\Admin\.vscode\extensions\redhat.java-1.33.0-win32-x64\jre\17.0.11-win32-x86_64\bin\VCRUNTIME140.dll
0x00007ffec4880000 - 0x00007ffec4b13000 	C:\WINDOWS\WinSxS\amd64_microsoft.windows.common-controls_6595b64144ccf1df_6.0.22621.3672_none_2713b9d173822955\COMCTL32.dll
0x00007ffed5e90000 - 0x00007ffed5f37000 	C:\WINDOWS\System32\msvcrt.dll
0x00007ffed6c90000 - 0x00007ffed6cc1000 	C:\WINDOWS\System32\IMM32.DLL
0x00007ffec9b20000 - 0x00007ffec9b2c000 	c:\Users\Admin\.vscode\extensions\redhat.java-1.33.0-win32-x64\jre\17.0.11-win32-x86_64\bin\vcruntime140_1.dll
0x00007ffebf290000 - 0x00007ffebf31d000 	c:\Users\Admin\.vscode\extensions\redhat.java-1.33.0-win32-x64\jre\17.0.11-win32-x86_64\bin\msvcp140.dll
0x00007ffe95da0000 - 0x00007ffe96a02000 	c:\Users\Admin\.vscode\extensions\redhat.java-1.33.0-win32-x64\jre\17.0.11-win32-x86_64\bin\server\jvm.dll
0x00007ffed5d80000 - 0x00007ffed5e32000 	C:\WINDOWS\System32\ADVAPI32.dll
0x00007ffed7b10000 - 0x00007ffed7bb9000 	C:\WINDOWS\System32\sechost.dll
0x00007ffed5510000 - 0x00007ffed5538000 	C:\WINDOWS\System32\bcrypt.dll
0x00007ffed6e80000 - 0x00007ffed6f94000 	C:\WINDOWS\System32\RPCRT4.dll
0x00007ffed4ed0000 - 0x00007ffed4f1d000 	C:\WINDOWS\SYSTEM32\POWRPROF.dll
0x00007ffec8d80000 - 0x00007ffec8d89000 	C:\WINDOWS\SYSTEM32\WSOCK32.dll
0x00007ffed5b80000 - 0x00007ffed5bf1000 	C:\WINDOWS\System32\WS2_32.dll
0x00007ffed2b60000 - 0x00007ffed2b94000 	C:\WINDOWS\SYSTEM32\WINMM.dll
0x00007ffecc050000 - 0x00007ffecc05a000 	C:\WINDOWS\SYSTEM32\VERSION.dll
0x00007ffed4eb0000 - 0x00007ffed4ec3000 	C:\WINDOWS\SYSTEM32\UMPDC.dll
0x00007ffed4010000 - 0x00007ffed4028000 	C:\WINDOWS\SYSTEM32\kernel.appcore.dll
0x00007ffec8c90000 - 0x00007ffec8c9a000 	c:\Users\Admin\.vscode\extensions\redhat.java-1.33.0-win32-x64\jre\17.0.11-win32-x86_64\bin\jimage.dll
0x00007ffed2920000 - 0x00007ffed2b52000 	C:\WINDOWS\SYSTEM32\DBGHELP.DLL
0x00007ffed6900000 - 0x00007ffed6c8d000 	C:\WINDOWS\System32\combase.dll
0x00007ffed7bd0000 - 0x00007ffed7ca7000 	C:\WINDOWS\System32\OLEAUT32.dll
0x00007ffed28e0000 - 0x00007ffed2912000 	C:\WINDOWS\SYSTEM32\dbgcore.DLL
0x00007ffed55b0000 - 0x00007ffed562b000 	C:\WINDOWS\System32\bcryptPrimitives.dll
0x00007ffec8c80000 - 0x00007ffec8c8e000 	c:\Users\Admin\.vscode\extensions\redhat.java-1.33.0-win32-x64\jre\17.0.11-win32-x86_64\bin\instrument.dll
0x00007ffec43f0000 - 0x00007ffec4415000 	c:\Users\Admin\.vscode\extensions\redhat.java-1.33.0-win32-x64\jre\17.0.11-win32-x86_64\bin\java.dll
0x00007ffec1fd0000 - 0x00007ffec1fe8000 	c:\Users\Admin\.vscode\extensions\redhat.java-1.33.0-win32-x64\jre\17.0.11-win32-x86_64\bin\zip.dll
0x00007ffed6fa0000 - 0x00007ffed7807000 	C:\WINDOWS\System32\SHELL32.dll
0x00007ffed2f10000 - 0x00007ffed380e000 	C:\WINDOWS\SYSTEM32\windows.storage.dll
0x00007ffed2dd0000 - 0x00007ffed2f0f000 	C:\WINDOWS\SYSTEM32\wintypes.dll
0x00007ffed60b0000 - 0x00007ffed61a9000 	C:\WINDOWS\System32\SHCORE.dll
0x00007ffed7810000 - 0x00007ffed786e000 	C:\WINDOWS\System32\shlwapi.dll
0x00007ffed4f40000 - 0x00007ffed4f61000 	C:\WINDOWS\SYSTEM32\profapi.dll
0x00007ffec0480000 - 0x00007ffec0499000 	C:\Users\Admin\.vscode\extensions\redhat.java-1.33.0-win32-x64\jre\17.0.11-win32-x86_64\bin\net.dll
0x00007ffed0a20000 - 0x00007ffed0b56000 	C:\WINDOWS\SYSTEM32\WINHTTP.dll
0x00007ffed4490000 - 0x00007ffed44f9000 	C:\WINDOWS\system32\mswsock.dll
0x00007ffec0460000 - 0x00007ffec0476000 	C:\Users\Admin\.vscode\extensions\redhat.java-1.33.0-win32-x64\jre\17.0.11-win32-x86_64\bin\nio.dll
0x00007ffec8b10000 - 0x00007ffec8b20000 	c:\Users\Admin\.vscode\extensions\redhat.java-1.33.0-win32-x64\jre\17.0.11-win32-x86_64\bin\verify.dll
0x00007ffeb2e10000 - 0x00007ffeb2e55000 	C:\Users\Admin\AppData\Roaming\Code\User\globalStorage\redhat.java\1.33.0\config_ss_win\org.eclipse.equinox.launcher\org.eclipse.equinox.launcher.win32.win32.x86_64_1.2.1100.v20240722-2106\eclipse_11904.dll
0x00007ffed61b0000 - 0x00007ffed6355000 	C:\WINDOWS\System32\ole32.dll
0x00007ffed4720000 - 0x00007ffed473b000 	C:\WINDOWS\SYSTEM32\CRYPTSP.dll
0x00007ffed3f70000 - 0x00007ffed3fa5000 	C:\WINDOWS\system32\rsaenh.dll
0x00007ffed4590000 - 0x00007ffed45b8000 	C:\WINDOWS\SYSTEM32\USERENV.dll
0x00007ffed4710000 - 0x00007ffed471c000 	C:\WINDOWS\SYSTEM32\CRYPTBASE.dll
0x00007ffed3a70000 - 0x00007ffed3a9d000 	C:\WINDOWS\SYSTEM32\IPHLPAPI.DLL
0x00007ffed68e0000 - 0x00007ffed68e9000 	C:\WINDOWS\System32\NSI.dll
0x00007ffed0860000 - 0x00007ffed0879000 	C:\WINDOWS\SYSTEM32\dhcpcsvc6.DLL
0x00007ffed0840000 - 0x00007ffed085f000 	C:\WINDOWS\SYSTEM32\dhcpcsvc.DLL
0x00007ffed3ae0000 - 0x00007ffed3bd8000 	C:\WINDOWS\SYSTEM32\DNSAPI.dll
0x00007ffeb2d40000 - 0x00007ffeb2d85000 	C:\Users\Admin\AppData\Local\Temp\jna-2126092\jna13820926580408213913.dll
0x00007ffed68f0000 - 0x00007ffed68f8000 	C:\WINDOWS\System32\PSAPI.DLL

dbghelp: loaded successfully - version: 4.0.5 - missing functions: none
symbol engine: initialized successfully - sym options: 0x614 - pdb path: .;c:\Users\Admin\.vscode\extensions\redhat.java-1.33.0-win32-x64\jre\17.0.11-win32-x86_64\bin;C:\WINDOWS\SYSTEM32;C:\WINDOWS\WinSxS\amd64_microsoft.windows.common-controls_6595b64144ccf1df_6.0.22621.3672_none_2713b9d173822955;c:\Users\Admin\.vscode\extensions\redhat.java-1.33.0-win32-x64\jre\17.0.11-win32-x86_64\bin\server;C:\Users\Admin\AppData\Roaming\Code\User\globalStorage\redhat.java\1.33.0\config_ss_win\org.eclipse.equinox.launcher\org.eclipse.equinox.launcher.win32.win32.x86_64_1.2.1100.v20240722-2106;C:\Users\Admin\AppData\Local\Temp\jna-2126092

VM Arguments:
jvm_args: --add-modules=ALL-SYSTEM --add-opens=java.base/java.util=ALL-UNNAMED --add-opens=java.base/java.lang=ALL-UNNAMED --add-opens=java.base/sun.nio.fs=ALL-UNNAMED -Declipse.application=org.eclipse.jdt.ls.core.id1 -Dosgi.bundles.defaultStartLevel=4 -Declipse.product=org.eclipse.jdt.ls.core.product -Djava.import.generatesMetadataFilesAtProjectRoot=false -DDetectVMInstallationsJob.disabled=true -Dfile.encoding=utf8 -XX:+UseParallelGC -XX:GCTimeRatio=4 -XX:AdaptiveSizePolicyWeight=90 -Dsun.zip.disableMemoryMapping=true -Xmx1G -Xms100m -Xlog:disable -javaagent:c:\Users\Admin\.vscode\extensions\redhat.java-1.33.0-win32-x64\lombok\lombok-1.18.33.jar 
java_command: c:\Users\Admin\.vscode\extensions\redhat.java-1.33.0-win32-x64\server\plugins\org.eclipse.equinox.launcher_1.6.900.v20240613-2009.jar -configuration c:\Users\Admin\AppData\Roaming\Code\User\globalStorage\redhat.java\1.33.0\config_ss_win -data c:\Users\Admin\AppData\Roaming\Code\User\workspaceStorage\a6f7512796adea0d591b105c861a4ae9\redhat.java\ss_ws --pipe=\\.\pipe\lsp-769da61df1400c2b513ee461fcb0d666-sock
java_class_path (initial): c:\Users\Admin\.vscode\extensions\redhat.java-1.33.0-win32-x64\server\plugins\org.eclipse.equinox.launcher_1.6.900.v20240613-2009.jar
Launcher Type: SUN_STANDARD

[Global flags]
    uintx AdaptiveSizePolicyWeight                 = 90                                        {product} {command line}
     intx CICompilerCount                          = 3                                         {product} {ergonomic}
    uintx GCTimeRatio                              = 4                                         {product} {command line}
   size_t InitialHeapSize                          = 104857600                                 {product} {command line}
   size_t MaxHeapSize                              = 1073741824                                {product} {command line}
   size_t MaxNewSize                               = 357564416                                 {product} {ergonomic}
   size_t MinHeapDeltaBytes                        = 524288                                    {product} {ergonomic}
   size_t MinHeapSize                              = 104857600                                 {product} {command line}
   size_t NewSize                                  = 34603008                                  {product} {ergonomic}
    uintx NonNMethodCodeHeapSize                   = 5832780                                {pd product} {ergonomic}
    uintx NonProfiledCodeHeapSize                  = 122912730                              {pd product} {ergonomic}
   size_t OldSize                                  = 70254592                                  {product} {ergonomic}
    uintx ProfiledCodeHeapSize                     = 122912730                              {pd product} {ergonomic}
    uintx ReservedCodeCacheSize                    = 251658240                              {pd product} {ergonomic}
     bool SegmentedCodeCache                       = true                                      {product} {ergonomic}
   size_t SoftMaxHeapSize                          = 1073741824                             {manageable} {ergonomic}
     bool UseCompressedClassPointers               = true                           {product lp64_product} {ergonomic}
     bool UseCompressedOops                        = true                           {product lp64_product} {ergonomic}
     bool UseLargePagesIndividualAllocation        = false                                  {pd product} {ergonomic}
     bool UseParallelGC                            = true                                      {product} {command line}

Logging:
Log output configuration:
 #0: stdout all=off uptime,level,tags
 #1: stderr all=off uptime,level,tags

Environment Variables:
PATH=C:\Program Files\Common Files\Oracle\Java\javapath;C:\WINDOWS\system32;C:\WINDOWS;C:\WINDOWS\System32\Wbem;C:\WINDOWS\System32\WindowsPowerShell\v1.0\;C:\WINDOWS\System32\OpenSSH\;C:\MinGW\bin;C:\Users\Admin\AppData\Roaming\nvm;C:\Program Files\nodejs;C:\Program Files\nodejs\;E:\apache-maven-3.9.8\bin;C:\Program Files\Git\cmd;C:\Program Files\MySQL\MySQL Shell 8.0\bin\;C:\Users\Admin\AppData\Local\Microsoft\WindowsApps;C:\Users\Admin\AppData\Local\Programs\Microsoft VS Code\bin;C:\Users\Admin\AppData\Roaming\nvm;C:\Program Files\nodejs;C:\Users\Admin\AppData\Roaming\npm;C:\flutter\bin;
USERNAME=Deep
OS=Windows_NT
PROCESSOR_IDENTIFIER=AMD64 Family 23 Model 24 Stepping 1, AuthenticAMD
TMP=C:\Users\Admin\AppData\Local\Temp
TEMP=C:\Users\Admin\AppData\Local\Temp



Periodic native trim disabled


---------------  S Y S T E M  ---------------

OS:
 Windows 11 , 64 bit Build 22621 (10.0.22621.3958)
OS uptime: 0 days 0:10 hours
Hyper-V role detected

CPU: total 4 (initial active 4) (4 cores per cpu, 2 threads per core) family 23 model 24 stepping 1 microcode 0x0, cx8, cmov, fxsr, ht, mmx, 3dnowpref, sse, sse2, sse3, ssse3, sse4a, sse4.1, sse4.2, popcnt, lzcnt, tsc, tscinvbit, avx, avx2, aes, clmul, bmi1, bmi2, adx, sha, fma, vzeroupper, clflush, clflushopt, hv
Processor Information for all 4 processors :
  Max Mhz: 2600, Current Mhz: 2600, Mhz Limit: 2600

Memory: 4k page, system-wide physical 3470M (210M free)
TotalPageFile size 8470M (AvailPageFile size 0M)
current process WorkingSet (physical memory assigned to process): 123M, peak: 123M
current process commit charge ("private bytes"): 217M, peak: 218M

vm_info: OpenJDK 64-Bit Server VM (17.0.11+9) for windows-amd64 JRE (17.0.11+9), built on Apr 17 2024 06:07:48 by "admin" with MS VC++ 16.10 / 16.11 (VS2019)

END.
