#
# There is insufficient memory for the Java Runtime Environment to continue.
# Native memory allocation (mmap) failed to map 58720256 bytes. Error detail: G1 virtual space
# Possible reasons:
#   The system is out of physical RAM or swap space
#   This process is running with CompressedOops enabled, and the Java Heap may be blocking the growth of the native heap
# Possible solutions:
#   Reduce memory load on the system
#   Increase physical memory or swap space
#   Check if swap backing store is full
#   Decrease Java heap size (-Xmx/-Xms)
#   Decrease number of Java threads
#   Decrease Java thread stack sizes (-Xss)
#   Set larger code cache with -XX:ReservedCodeCacheSize=
#   JVM is running with Unscaled Compressed Oops mode in which the Java heap is
#     placed in the first 4GB address space. The Java Heap base address is the
#     maximum limit for the native heap growth. Please use -XX:HeapBaseMinAddress
#     to set the Java Heap base and to place the Java Heap above 4GB virtual address.
# This output file may be truncated or incomplete.
#
#  Out of Memory Error (os_windows.cpp:3825), pid=1928, tid=10460
#
# JRE version:  (17.0.11) (build )
# Java VM: OpenJDK 64-Bit Server VM (17.0.11+0--11852314, mixed mode, sharing, tiered, compressed oops, compressed class ptrs, g1 gc, windows-amd64)
# No core dump will be written. Minidumps are not enabled by default on client versions of Windows
#

---------------  S U M M A R Y ------------

Command Line: 

Host: AMD Ryzen 3 3250U with Radeon Graphics         , 4 cores, 3G,  Windows 11 , 64 bit Build 22621 (10.0.22621.3958)
Time: Wed Aug  7 20:37:49 2024 India Standard Time elapsed time: 0.093020 seconds (0d 0h 0m 0s)

---------------  T H R E A D  ---------------

Current thread (0x000001801129a220):  JavaThread "Unknown thread" [_thread_in_vm, id=10460, stack(0x0000004582e00000,0x0000004582f00000)]

Stack: [0x0000004582e00000,0x0000004582f00000]
Native frames: (J=compiled Java code, j=interpreted, Vv=VM code, C=native code)
V  [jvm.dll+0x687bb9]
V  [jvm.dll+0x84142a]
V  [jvm.dll+0x8430ae]
V  [jvm.dll+0x843713]
V  [jvm.dll+0x24a35f]
V  [jvm.dll+0x684989]
V  [jvm.dll+0x67923a]
V  [jvm.dll+0x30af0b]
V  [jvm.dll+0x3123b6]
V  [jvm.dll+0x361dfe]
V  [jvm.dll+0x36202f]
V  [jvm.dll+0x2e0d38]
V  [jvm.dll+0x2e1ca4]
V  [jvm.dll+0x811f21]
V  [jvm.dll+0x36fb68]
V  [jvm.dll+0x7f0896]
V  [jvm.dll+0x3f3d2f]
V  [jvm.dll+0x3f58e1]
C  [jli.dll+0x528f]
C  [ucrtbase.dll+0x29333]
C  [KERNEL32.DLL+0x1257d]
C  [ntdll.dll+0x5af28]


---------------  P R O C E S S  ---------------

Threads class SMR info:
_java_thread_list=0x00007ffe7ee3efd8, length=0, elements={
}

Java Threads: ( => current thread )

Other Threads:
  0x00000180112d1920 GCTaskThread "GC Thread#0" [stack: 0x0000004582f00000,0x0000004583000000] [id=9160]
  0x00000180112d94f0 ConcurrentGCThread "G1 Main Marker" [stack: 0x0000004583000000,0x0000004583100000] [id=10916]
  0x00000180112d9f10 ConcurrentGCThread "G1 Conc#0" [stack: 0x0000004583100000,0x0000004583200000] [id=2280]

[error occurred during error reporting (printing all threads), id 0xc0000005, EXCEPTION_ACCESS_VIOLATION (0xc0000005) at pc=0x00007ffe7e5f1907]

VM state: not at safepoint (not fully initialized)

VM Mutex/Monitor currently owned by a thread:  ([mutex/lock_event])
[0x0000018011294e20] Heap_lock - owner thread: 0x000001801129a220

Heap address: 0x00000000c9c00000, size: 868 MB, Compressed Oops mode: 32-bit

CDS archive(s) mapped at: [0x0000000000000000-0x0000000000000000-0x0000000000000000), size 0, SharedBaseAddress: 0x0000000800000000, ArchiveRelocationMode: 1.
Narrow klass base: 0x0000000000000000, Narrow klass shift: 0, Narrow klass range: 0x0

GC Precious Log:
<Empty>

Heap:
 garbage-first heap   total 0K, used 0K [0x00000000c9c00000, 0x0000000100000000)
  region size 1024K, 0 young (0K), 0 survivors (0K)
 Metaspace       used 0K, committed 0K, reserved 0K
  class space    used 0K, committed 0K, reserved 0K

Heap Regions: E=young(eden), S=young(survivor), O=old, HS=humongous(starts), HC=humongous(continues), CS=collection set, F=free, OA=open archive, CA=closed archive, TAMS=top-at-mark-start (previous, next)

Card table byte_map: [0x0000018023770000,0x0000018023930000] _byte_map_base: 0x0000018023122000

Marking Bits (Prev, Next): (CMBitMap*) 0x00000180112d1f40, (CMBitMap*) 0x00000180112d1f80
 Prev Bits: [0x0000018023af0000, 0x0000018024880000)
 Next Bits: [0x0000018024880000, 0x0000018025610000)

GC Heap History (0 events):
No events

Dll operation events (1 events):
Event: 0.077 Loaded shared library C:\Program Files\Android\Android Studio1\jbr\bin\java.dll

Deoptimization events (0 events):
No events

Classes unloaded (0 events):
No events

Classes redefined (0 events):
No events

Internal exceptions (0 events):
No events

VM Operations (0 events):
No events

Events (0 events):
No events


Dynamic libraries:
0x00007ff6f99b0000 - 0x00007ff6f99ba000 	C:\Program Files\Android\Android Studio1\jbr\bin\java.EXE
0x00007ffed7cf0000 - 0x00007ffed7f07000 	C:\WINDOWS\SYSTEM32\ntdll.dll
0x00007ffed6810000 - 0x00007ffed68d4000 	C:\WINDOWS\System32\KERNEL32.DLL
0x00007ffed5010000 - 0x00007ffed53bd000 	C:\WINDOWS\System32\KERNELBASE.dll
0x00007ffed53f0000 - 0x00007ffed5501000 	C:\WINDOWS\System32\ucrtbase.dll
0x00007ffec8d60000 - 0x00007ffec8d77000 	C:\Program Files\Android\Android Studio1\jbr\bin\jli.dll
0x00007ffed6cd0000 - 0x00007ffed6e7e000 	C:\WINDOWS\System32\USER32.dll
0x00007ffed53c0000 - 0x00007ffed53e6000 	C:\WINDOWS\System32\win32u.dll
0x00007ffed67e0000 - 0x00007ffed6809000 	C:\WINDOWS\System32\GDI32.dll
0x00007ffed57a0000 - 0x00007ffed58b9000 	C:\WINDOWS\System32\gdi32full.dll
0x00007ffed58c0000 - 0x00007ffed595a000 	C:\WINDOWS\System32\msvcp_win.dll
0x00007ffec2040000 - 0x00007ffec205b000 	C:\Program Files\Android\Android Studio1\jbr\bin\VCRUNTIME140.dll
0x00007ffec4880000 - 0x00007ffec4b13000 	C:\WINDOWS\WinSxS\amd64_microsoft.windows.common-controls_6595b64144ccf1df_6.0.22621.3672_none_2713b9d173822955\COMCTL32.dll
0x00007ffed5e90000 - 0x00007ffed5f37000 	C:\WINDOWS\System32\msvcrt.dll
0x00007ffed6c90000 - 0x00007ffed6cc1000 	C:\WINDOWS\System32\IMM32.DLL
0x00007ffec8d50000 - 0x00007ffec8d5c000 	C:\Program Files\Android\Android Studio1\jbr\bin\vcruntime140_1.dll
0x00007ffebf580000 - 0x00007ffebf60d000 	C:\Program Files\Android\Android Studio1\jbr\bin\msvcp140.dll
0x00007ffe7e300000 - 0x00007ffe7ef83000 	C:\Program Files\Android\Android Studio1\jbr\bin\server\jvm.dll
0x00007ffed5d80000 - 0x00007ffed5e32000 	C:\WINDOWS\System32\ADVAPI32.dll
0x00007ffed7b10000 - 0x00007ffed7bb9000 	C:\WINDOWS\System32\sechost.dll
0x00007ffed5510000 - 0x00007ffed5538000 	C:\WINDOWS\System32\bcrypt.dll
0x00007ffed6e80000 - 0x00007ffed6f94000 	C:\WINDOWS\System32\RPCRT4.dll
0x00007ffed4ed0000 - 0x00007ffed4f1d000 	C:\WINDOWS\SYSTEM32\POWRPROF.dll
0x00007ffeb5240000 - 0x00007ffeb5249000 	C:\WINDOWS\SYSTEM32\WSOCK32.dll
0x00007ffed5b80000 - 0x00007ffed5bf1000 	C:\WINDOWS\System32\WS2_32.dll
0x00007ffed2b60000 - 0x00007ffed2b94000 	C:\WINDOWS\SYSTEM32\WINMM.dll
0x00007ffecc050000 - 0x00007ffecc05a000 	C:\WINDOWS\SYSTEM32\VERSION.dll
0x00007ffed4eb0000 - 0x00007ffed4ec3000 	C:\WINDOWS\SYSTEM32\UMPDC.dll
0x00007ffed4010000 - 0x00007ffed4028000 	C:\WINDOWS\SYSTEM32\kernel.appcore.dll
0x00007ffec2030000 - 0x00007ffec203a000 	C:\Program Files\Android\Android Studio1\jbr\bin\jimage.dll
0x00007ffed2920000 - 0x00007ffed2b52000 	C:\WINDOWS\SYSTEM32\DBGHELP.DLL
0x00007ffed6900000 - 0x00007ffed6c8d000 	C:\WINDOWS\System32\combase.dll
0x00007ffed7bd0000 - 0x00007ffed7ca7000 	C:\WINDOWS\System32\OLEAUT32.dll
0x00007ffed28e0000 - 0x00007ffed2912000 	C:\WINDOWS\SYSTEM32\dbgcore.DLL
0x00007ffed55b0000 - 0x00007ffed562b000 	C:\WINDOWS\System32\bcryptPrimitives.dll
0x00007ffec1fc0000 - 0x00007ffec1fe5000 	C:\Program Files\Android\Android Studio1\jbr\bin\java.dll

dbghelp: loaded successfully - version: 4.0.5 - missing functions: none
symbol engine: initialized successfully - sym options: 0x614 - pdb path: .;C:\Program Files\Android\Android Studio1\jbr\bin;C:\WINDOWS\SYSTEM32;C:\WINDOWS\WinSxS\amd64_microsoft.windows.common-controls_6595b64144ccf1df_6.0.22621.3672_none_2713b9d173822955;C:\Program Files\Android\Android Studio1\jbr\bin\server

VM Arguments:
java_command: <unknown>
java_class_path (initial): <not set>
Launcher Type: SUN_STANDARD

[Global flags]
     intx CICompilerCount                          = 3                                         {product} {ergonomic}
     uint ConcGCThreads                            = 1                                         {product} {ergonomic}
     uint G1ConcRefinementThreads                  = 4                                         {product} {ergonomic}
   size_t G1HeapRegionSize                         = 1048576                                   {product} {ergonomic}
    uintx GCDrainStackTargetSize                   = 64                                        {product} {ergonomic}
   size_t InitialHeapSize                          = 58720256                                  {product} {ergonomic}
   size_t MarkStackSize                            = 4194304                                   {product} {ergonomic}
   size_t MaxHeapSize                              = 910163968                                 {product} {ergonomic}
   size_t MinHeapDeltaBytes                        = 1048576                                   {product} {ergonomic}
   size_t MinHeapSize                              = 8388608                                   {product} {ergonomic}
    uintx NonNMethodCodeHeapSize                   = 5832780                                {pd product} {ergonomic}
    uintx NonProfiledCodeHeapSize                  = 122912730                              {pd product} {ergonomic}
    uintx ProfiledCodeHeapSize                     = 122912730                              {pd product} {ergonomic}
    uintx ReservedCodeCacheSize                    = 251658240                              {pd product} {ergonomic}
     bool SegmentedCodeCache                       = true                                      {product} {ergonomic}
   size_t SoftMaxHeapSize                          = 910163968                              {manageable} {ergonomic}
     bool UseCompressedClassPointers               = true                           {product lp64_product} {ergonomic}
     bool UseCompressedOops                        = true                           {product lp64_product} {ergonomic}
     bool UseG1GC                                  = true                                      {product} {ergonomic}
     bool UseLargePagesIndividualAllocation        = false                                  {pd product} {ergonomic}

Logging:
Log output configuration:
 #0: stdout all=warning uptime,level,tags
 #1: stderr all=off uptime,level,tags

Environment Variables:
PATH=C:\Program Files\Common Files\Oracle\Java\javapath;C:\WINDOWS\system32;C:\WINDOWS;C:\WINDOWS\System32\Wbem;C:\WINDOWS\System32\WindowsPowerShell\v1.0\;C:\WINDOWS\System32\OpenSSH\;C:\MinGW\bin;C:\Users\Admin\AppData\Roaming\nvm;C:\Program Files\nodejs;C:\Program Files\nodejs\;E:\apache-maven-3.9.8\bin;C:\Program Files\Git\cmd;C:\Program Files\MySQL\MySQL Shell 8.0\bin\;C:\Users\Admin\AppData\Local\Microsoft\WindowsApps;C:\Users\Admin\AppData\Local\Programs\Microsoft VS Code\bin;C:\Users\Admin\AppData\Roaming\nvm;C:\Program Files\nodejs;C:\Users\Admin\AppData\Roaming\npm;C:\flutter\bin;;C:\flutter\bin\mingit\cmd;C:\flutter\bin\mingit\cmd
USERNAME=Deep
OS=Windows_NT
PROCESSOR_IDENTIFIER=AMD64 Family 23 Model 24 Stepping 1, AuthenticAMD
TMP=C:\Users\Admin\AppData\Local\Temp
TEMP=C:\Users\Admin\AppData\Local\Temp



Periodic native trim disabled

JNI global refs:
JNI global refs: 0, weak refs: 0

JNI global refs memory usage: 0, weak refs: 0

Process memory usage:
Resident Set Size: 11500K (0% of 3553548K total physical memory with 245096K free physical memory)

OOME stack traces (most recent first):
Classloader memory used:


---------------  S Y S T E M  ---------------

OS:
 Windows 11 , 64 bit Build 22621 (10.0.22621.3958)
OS uptime: 0 days 0:09 hours
Hyper-V role detected

CPU: total 4 (initial active 4) (4 cores per cpu, 2 threads per core) family 23 model 24 stepping 1 microcode 0x0, cx8, cmov, fxsr, ht, mmx, 3dnowpref, sse, sse2, sse3, ssse3, sse4a, sse4.1, sse4.2, popcnt, lzcnt, tsc, tscinvbit, avx, avx2, aes, clmul, bmi1, bmi2, adx, sha, fma, vzeroupper, clflush, clflushopt, hv
Processor Information for all 4 processors :
  Max Mhz: 2600, Current Mhz: 2600, Mhz Limit: 2600

Memory: 4k page, system-wide physical 3470M (237M free)
TotalPageFile size 8470M (AvailPageFile size 20M)
current process WorkingSet (physical memory assigned to process): 11M, peak: 11M
current process commit charge ("private bytes"): 51M, peak: 107M

vm_info: OpenJDK 64-Bit Server VM (17.0.11+0--11852314) for windows-amd64 JRE (17.0.11+0--11852314), built on May 16 2024 21:29:20 by "androidbuild" with MS VC++ 16.10 / 16.11 (VS2019)

END.
