#
# There is insufficient memory for the Java Runtime Environment to continue.
# Native memory allocation (malloc) failed to allocate 1125616 bytes. Error detail: Chunk::new
# Possible reasons:
#   The system is out of physical RAM or swap space
#   This process is running with CompressedOops enabled, and the Java Heap may be blocking the growth of the native heap
# Possible solutions:
#   Reduce memory load on the system
#   Increase physical memory or swap space
#   Check if swap backing store is full
#   Decrease Java heap size (-Xmx/-Xms)
#   Decrease number of Java threads
#   Decrease Java thread stack sizes (-Xss)
#   Set larger code cache with -XX:ReservedCodeCacheSize=
#   JVM is running with Zero Based Compressed Oops mode in which the Java heap is
#     placed in the first 32GB address space. The Java Heap base address is the
#     maximum limit for the native heap growth. Please use -XX:HeapBaseMinAddress
#     to set the Java Heap base and to place the Java Heap above 32GB virtual address.
# This output file may be truncated or incomplete.
#
#  Out of Memory Error (arena.cpp:191), pid=10128, tid=10944
#
# JRE version: OpenJDK Runtime Environment Temurin-17.0.11+9 (17.0.11+9) (build 17.0.11+9)
# Java VM: OpenJDK 64-Bit Server VM Temurin-17.0.11+9 (17.0.11+9, mixed mode, tiered, compressed oops, compressed class ptrs, g1 gc, windows-amd64)
# No core dump will be written. Minidumps are not enabled by default on client versions of Windows
#

---------------  S U M M A R Y ------------

Command Line: -XX:MaxMetaspaceSize=2G -XX:+HeapDumpOnOutOfMemoryError --add-opens=java.base/java.util=ALL-UNNAMED --add-opens=java.base/java.lang=ALL-UNNAMED --add-opens=java.base/java.lang.invoke=ALL-UNNAMED --add-opens=java.prefs/java.util.prefs=ALL-UNNAMED --add-opens=java.base/java.nio.charset=ALL-UNNAMED --add-opens=java.base/java.net=ALL-UNNAMED --add-opens=java.base/java.util.concurrent.atomic=ALL-UNNAMED -Xmx4G -Dfile.encoding=utf8 -Duser.country=IN -Duser.language=en -Duser.variant org.gradle.launcher.daemon.bootstrap.GradleDaemon 7.6.3

Host: AMD Ryzen 3 3250U with Radeon Graphics         , 4 cores, 3G,  Windows 11 , 64 bit Build 22621 (10.0.22621.3958)
Time: Wed Aug  7 18:09:20 2024 India Standard Time elapsed time: 383.983881 seconds (0d 0h 6m 23s)

---------------  T H R E A D  ---------------

Current thread (0x00000258cd109080):  JavaThread "C2 CompilerThread0" daemon [_thread_in_native, id=10944, stack(0x0000005af7000000,0x0000005af7100000)]


Current CompileTask:
C2: 383984 16757       4       org.objectweb.asm.ClassReader::accept (1412 bytes)

Stack: [0x0000005af7000000,0x0000005af7100000]
Native frames: (J=compiled Java code, j=interpreted, Vv=VM code, C=native code)
V  [jvm.dll+0x67d429]
V  [jvm.dll+0x834b7a]
V  [jvm.dll+0x83663e]
V  [jvm.dll+0x836ca3]
V  [jvm.dll+0x247dbf]
V  [jvm.dll+0xac534]
V  [jvm.dll+0xacb7c]
V  [jvm.dll+0x2af2cf]
V  [jvm.dll+0x5848b7]
V  [jvm.dll+0x222d82]
V  [jvm.dll+0x22317f]
V  [jvm.dll+0x21c2a0]
V  [jvm.dll+0x2197a1]
V  [jvm.dll+0x1a534d]
V  [jvm.dll+0x2295cd]
V  [jvm.dll+0x22779c]
V  [jvm.dll+0x7e9d07]
V  [jvm.dll+0x7e410a]
V  [jvm.dll+0x67c315]
C  [ucrtbase.dll+0x29333]
C  [KERNEL32.DLL+0x1257d]
C  [ntdll.dll+0x5af28]


---------------  P R O C E S S  ---------------

Threads class SMR info:
_java_thread_list=0x00000258cef54e70, length=86, elements={
0x00000258ab62e1d0, 0x00000258c8fa2010, 0x00000258c8fa3ea0, 0x00000258c8fe6f30,
0x00000258c8fe7af0, 0x00000258c8fe85b0, 0x00000258c8fe8f70, 0x00000258cd109080,
0x00000258cd109990, 0x00000258cd10d2c0, 0x00000258cd29a960, 0x00000258cd29ce50,
0x00000258ce137810, 0x00000258ce22b990, 0x00000258ce143040, 0x00000258cded79c0,
0x00000258cdd75880, 0x00000258cd453090, 0x00000258cd405a60, 0x00000258cd404110,
0x00000258cd405f70, 0x00000258cd406ea0, 0x00000258cd404620, 0x00000258cd406990,
0x00000258cd405040, 0x00000258cd404b30, 0x00000258cd405550, 0x00000258cd406480,
0x00000258cf4413d0, 0x00000258cf4464d0, 0x00000258cf444160, 0x00000258cf43f060,
0x00000258cf4404a0, 0x00000258cf442810, 0x00000258cf442d20, 0x00000258cf444b80,
0x00000258cf43fa80, 0x00000258cf43ff90, 0x00000258cf443230, 0x00000258cf443740,
0x00000258cf4455a0, 0x00000258cf441df0, 0x00000258cf4469e0, 0x00000258cd4073b0,
0x00000258d0fd0680, 0x00000258d0fd15b0, 0x00000258d0fd1fd0, 0x00000258d0fd10a0,
0x00000258d0fd29f0, 0x00000258d0fd3920, 0x00000258d0fd3410, 0x00000258d0fd0b90,
0x00000258d0fd1ac0, 0x00000258d0fd24e0, 0x00000258d0fd2f00, 0x00000258d1f55b10,
0x00000258d1f57e80, 0x00000258d1f58390, 0x00000258d1f53290, 0x00000258d1f55600,
0x00000258d1f52360, 0x00000258d1f51e50, 0x00000258d1f53cb0, 0x00000258d1f54be0,
0x00000258d1f52d80, 0x00000258d1f537a0, 0x00000258d1f541c0, 0x00000258d1f588a0,
0x00000258d1f56020, 0x00000258d1f56f50, 0x00000258d1f57970, 0x00000258d1f546d0,
0x00000258d1f550f0, 0x00000258d1f56a40, 0x00000258d1f56530, 0x00000258d1f57460,
0x00000258d1f51430, 0x00000258d1f58db0, 0x00000258d1f51940, 0x00000258d1f52870,
0x00000258d1a91bf0, 0x00000258d1a93540, 0x00000258d1a90cc0, 0x00000258d1a92610,
0x00000258d1a92b20, 0x00000258d1a94470
}

Java Threads: ( => current thread )
  0x00000258ab62e1d0 JavaThread "main" [_thread_blocked, id=12028, stack(0x0000005af6300000,0x0000005af6400000)]
  0x00000258c8fa2010 JavaThread "Reference Handler" daemon [_thread_blocked, id=7444, stack(0x0000005af6a00000,0x0000005af6b00000)]
  0x00000258c8fa3ea0 JavaThread "Finalizer" daemon [_thread_blocked, id=10488, stack(0x0000005af6b00000,0x0000005af6c00000)]
  0x00000258c8fe6f30 JavaThread "Signal Dispatcher" daemon [_thread_blocked, id=9240, stack(0x0000005af6c00000,0x0000005af6d00000)]
  0x00000258c8fe7af0 JavaThread "Attach Listener" daemon [_thread_blocked, id=3576, stack(0x0000005af6d00000,0x0000005af6e00000)]
  0x00000258c8fe85b0 JavaThread "Service Thread" daemon [_thread_blocked, id=8084, stack(0x0000005af6e00000,0x0000005af6f00000)]
  0x00000258c8fe8f70 JavaThread "Monitor Deflation Thread" daemon [_thread_blocked, id=11692, stack(0x0000005af6f00000,0x0000005af7000000)]
=>0x00000258cd109080 JavaThread "C2 CompilerThread0" daemon [_thread_in_native, id=10944, stack(0x0000005af7000000,0x0000005af7100000)]
  0x00000258cd109990 JavaThread "C1 CompilerThread0" daemon [_thread_blocked, id=7528, stack(0x0000005af7100000,0x0000005af7200000)]
  0x00000258cd10d2c0 JavaThread "Sweeper thread" daemon [_thread_blocked, id=2780, stack(0x0000005af7200000,0x0000005af7300000)]
  0x00000258cd29a960 JavaThread "Common-Cleaner" daemon [_thread_blocked, id=12232, stack(0x0000005af7300000,0x0000005af7400000)]
  0x00000258cd29ce50 JavaThread "Notification Thread" daemon [_thread_blocked, id=11856, stack(0x0000005af7400000,0x0000005af7500000)]
  0x00000258ce137810 JavaThread "Daemon health stats" [_thread_blocked, id=12368, stack(0x0000005af7900000,0x0000005af7a00000)]
  0x00000258ce22b990 JavaThread "Incoming local TCP Connector on port 52356" [_thread_in_native, id=12384, stack(0x0000005af7a00000,0x0000005af7b00000)]
  0x00000258ce143040 JavaThread "Daemon periodic checks" [_thread_blocked, id=12392, stack(0x0000005af7b00000,0x0000005af7c00000)]
  0x00000258cded79c0 JavaThread "Daemon" [_thread_blocked, id=12396, stack(0x0000005af7c00000,0x0000005af7d00000)]
  0x00000258cdd75880 JavaThread "Handler for socket connection from /127.0.0.1:52356 to /127.0.0.1:52357" [_thread_in_native, id=12400, stack(0x0000005af7d00000,0x0000005af7e00000)]
  0x00000258cd453090 JavaThread "Cancel handler" [_thread_blocked, id=12404, stack(0x0000005af7e00000,0x0000005af7f00000)]
  0x00000258cd405a60 JavaThread "Daemon worker" [_thread_in_Java, id=12408, stack(0x0000005af7f00000,0x0000005af8000000)]
  0x00000258cd404110 JavaThread "Asynchronous log dispatcher for DefaultDaemonConnection: socket connection from /127.0.0.1:52356 to /127.0.0.1:52357" [_thread_blocked, id=12420, stack(0x0000005af8000000,0x0000005af8100000)]
  0x00000258cd405f70 JavaThread "Daemon client event forwarder" [_thread_blocked, id=12428, stack(0x0000005af8200000,0x0000005af8300000)]
  0x00000258cd406ea0 JavaThread "Cache worker for journal cache (C:\Users\Admin\.gradle\caches\journal-1)" [_thread_blocked, id=12436, stack(0x0000005af8300000,0x0000005af8400000)]
  0x00000258cd404620 JavaThread "File lock request listener" [_thread_in_native, id=12440, stack(0x0000005af8400000,0x0000005af8500000)]
  0x00000258cd406990 JavaThread "Cache worker for file hash cache (C:\Users\Admin\.gradle\caches\7.6.3\fileHashes)" [_thread_blocked, id=12492, stack(0x0000005af8500000,0x0000005af8600000)]
  0x00000258cd405040 JavaThread "File watcher server" daemon [_thread_in_native, id=12620, stack(0x0000005af8600000,0x0000005af8700000)]
  0x00000258cd404b30 JavaThread "File watcher consumer" daemon [_thread_blocked, id=12624, stack(0x0000005af8700000,0x0000005af8800000)]
  0x00000258cd405550 JavaThread "jar transforms" [_thread_blocked, id=12660, stack(0x0000005af8800000,0x0000005af8900000)]
  0x00000258cd406480 JavaThread "jar transforms Thread 2" [_thread_blocked, id=12664, stack(0x0000005af8900000,0x0000005af8a00000)]
  0x00000258cf4413d0 JavaThread "jar transforms Thread 3" [_thread_blocked, id=12668, stack(0x0000005af8a00000,0x0000005af8b00000)]
  0x00000258cf4464d0 JavaThread "Cache worker for checksums cache (D:\neww\android\.gradle\7.6.3\checksums)" [_thread_blocked, id=12704, stack(0x0000005af8b00000,0x0000005af8c00000)]
  0x00000258cf444160 JavaThread "Cache worker for cache directory md-rule (C:\Users\Admin\.gradle\caches\7.6.3\md-rule)" [_thread_blocked, id=12708, stack(0x0000005af8c00000,0x0000005af8d00000)]
  0x00000258cf43f060 JavaThread "Cache worker for file content cache (C:\Users\Admin\.gradle\caches\7.6.3\fileContent)" [_thread_blocked, id=12712, stack(0x0000005af8d00000,0x0000005af8e00000)]
  0x00000258cf4404a0 JavaThread "Cache worker for file hash cache (D:\neww\android\.gradle\7.6.3\fileHashes)" [_thread_blocked, id=12724, stack(0x0000005af8e00000,0x0000005af8f00000)]
  0x00000258cf442810 JavaThread "Cache worker for cache directory md-supplier (C:\Users\Admin\.gradle\caches\7.6.3\md-supplier)" [_thread_blocked, id=12728, stack(0x0000005af8f00000,0x0000005af9000000)]
  0x00000258cf442d20 JavaThread "Cache worker for execution history cache (C:\Users\Admin\.gradle\caches\7.6.3\executionHistory)" [_thread_blocked, id=12836, stack(0x0000005af9000000,0x0000005af9100000)]
  0x00000258cf444b80 JavaThread "jar transforms Thread 4" [_thread_blocked, id=10992, stack(0x0000005af9100000,0x0000005af9200000)]
  0x00000258cf43fa80 JavaThread "Cache worker for kotlin-dsl (C:\Users\Admin\.gradle\caches\7.6.3\kotlin-dsl)" [_thread_blocked, id=12512, stack(0x0000005af9400000,0x0000005af9500000)]
  0x00000258cf43ff90 JavaThread "Cache worker for dependencies-accessors (D:\neww\android\.gradle\7.6.3\dependencies-accessors)" [_thread_blocked, id=6336, stack(0x0000005af9500000,0x0000005af9600000)]
  0x00000258cf443230 JavaThread "Cache worker for Build Output Cleanup Cache (C:\flutter\packages\flutter_tools\gradle\.gradle\buildOutputCleanup)" [_thread_blocked, id=12644, stack(0x0000005af9600000,0x0000005af9700000)]
  0x00000258cf443740 JavaThread "Memory manager" [_thread_blocked, id=12640, stack(0x0000005af9700000,0x0000005af9800000)]
  0x00000258cf4455a0 JavaThread "Kotlin DSL Writer" [_thread_blocked, id=4972, stack(0x0000005af9800000,0x0000005af9900000)]
  0x00000258cf441df0 JavaThread "Execution worker" [_thread_blocked, id=12064, stack(0x0000005af8100000,0x0000005af8200000)]
  0x00000258cf4469e0 JavaThread "Execution worker Thread 2" [_thread_blocked, id=6252, stack(0x0000005af9900000,0x0000005af9a00000)]
  0x00000258cd4073b0 JavaThread "Execution worker Thread 3" [_thread_blocked, id=10468, stack(0x0000005af9a00000,0x0000005af9b00000)]
  0x00000258d0fd0680 JavaThread "Cache worker for execution history cache (C:\flutter\packages\flutter_tools\gradle\.gradle\7.6.3\executionHistory)" [_thread_blocked, id=6296, stack(0x0000005af9b00000,0x0000005af9c00000)]
  0x00000258d0fd15b0 JavaThread "Unconstrained build operations" [_thread_blocked, id=12240, stack(0x0000005af9c00000,0x0000005af9d00000)]
  0x00000258d0fd1fd0 JavaThread "Unconstrained build operations Thread 2" [_thread_blocked, id=4760, stack(0x0000005af9d00000,0x0000005af9e00000)]
  0x00000258d0fd10a0 JavaThread "Unconstrained build operations Thread 3" [_thread_blocked, id=6172, stack(0x0000005af9e00000,0x0000005af9f00000)]
  0x00000258d0fd29f0 JavaThread "Unconstrained build operations Thread 4" [_thread_blocked, id=3648, stack(0x0000005af9f00000,0x0000005afa000000)]
  0x00000258d0fd3920 JavaThread "Unconstrained build operations Thread 5" [_thread_blocked, id=12412, stack(0x0000005afa000000,0x0000005afa100000)]
  0x00000258d0fd3410 JavaThread "Unconstrained build operations Thread 6" [_thread_blocked, id=12364, stack(0x0000005afa100000,0x0000005afa200000)]
  0x00000258d0fd0b90 JavaThread "Unconstrained build operations Thread 7" [_thread_blocked, id=3488, stack(0x0000005afa200000,0x0000005afa300000)]
  0x00000258d0fd1ac0 JavaThread "Unconstrained build operations Thread 8" [_thread_blocked, id=11560, stack(0x0000005afa300000,0x0000005afa400000)]
  0x00000258d0fd24e0 JavaThread "Unconstrained build operations Thread 9" [_thread_blocked, id=1776, stack(0x0000005afa400000,0x0000005afa500000)]
  0x00000258d0fd2f00 JavaThread "Unconstrained build operations Thread 10" [_thread_blocked, id=1364, stack(0x0000005afa500000,0x0000005afa600000)]
  0x00000258d1f55b10 JavaThread "Unconstrained build operations Thread 11" [_thread_blocked, id=12612, stack(0x0000005afa600000,0x0000005afa700000)]
  0x00000258d1f57e80 JavaThread "Unconstrained build operations Thread 12" [_thread_blocked, id=12600, stack(0x0000005afa700000,0x0000005afa800000)]
  0x00000258d1f58390 JavaThread "Unconstrained build operations Thread 13" [_thread_blocked, id=8868, stack(0x0000005afa800000,0x0000005afa900000)]
  0x00000258d1f53290 JavaThread "Unconstrained build operations Thread 14" [_thread_blocked, id=3144, stack(0x0000005afa900000,0x0000005afaa00000)]
  0x00000258d1f55600 JavaThread "Unconstrained build operations Thread 15" [_thread_blocked, id=7732, stack(0x0000005afaa00000,0x0000005afab00000)]
  0x00000258d1f52360 JavaThread "Unconstrained build operations Thread 16" [_thread_blocked, id=1356, stack(0x0000005afab00000,0x0000005afac00000)]
  0x00000258d1f51e50 JavaThread "Unconstrained build operations Thread 17" [_thread_blocked, id=10448, stack(0x0000005afac00000,0x0000005afad00000)]
  0x00000258d1f53cb0 JavaThread "Unconstrained build operations Thread 18" [_thread_blocked, id=6080, stack(0x0000005afad00000,0x0000005afae00000)]
  0x00000258d1f54be0 JavaThread "Unconstrained build operations Thread 19" [_thread_blocked, id=4584, stack(0x0000005afae00000,0x0000005afaf00000)]
  0x00000258d1f52d80 JavaThread "Unconstrained build operations Thread 20" [_thread_blocked, id=11340, stack(0x0000005afaf00000,0x0000005afb000000)]
  0x00000258d1f537a0 JavaThread "Unconstrained build operations Thread 21" [_thread_blocked, id=12740, stack(0x0000005afb000000,0x0000005afb100000)]
  0x00000258d1f541c0 JavaThread "Unconstrained build operations Thread 22" [_thread_blocked, id=988, stack(0x0000005afb100000,0x0000005afb200000)]
  0x00000258d1f588a0 JavaThread "Unconstrained build operations Thread 23" [_thread_blocked, id=11336, stack(0x0000005afb200000,0x0000005afb300000)]
  0x00000258d1f56020 JavaThread "Unconstrained build operations Thread 24" [_thread_blocked, id=8788, stack(0x0000005afb300000,0x0000005afb400000)]
  0x00000258d1f56f50 JavaThread "Unconstrained build operations Thread 25" [_thread_blocked, id=12808, stack(0x0000005afb400000,0x0000005afb500000)]
  0x00000258d1f57970 JavaThread "Unconstrained build operations Thread 26" [_thread_blocked, id=12812, stack(0x0000005afb500000,0x0000005afb600000)]
  0x00000258d1f546d0 JavaThread "Unconstrained build operations Thread 27" [_thread_blocked, id=12676, stack(0x0000005afb600000,0x0000005afb700000)]
  0x00000258d1f550f0 JavaThread "Unconstrained build operations Thread 28" [_thread_blocked, id=12628, stack(0x0000005afb700000,0x0000005afb800000)]
  0x00000258d1f56a40 JavaThread "Unconstrained build operations Thread 29" [_thread_blocked, id=10784, stack(0x0000005afb800000,0x0000005afb900000)]
  0x00000258d1f56530 JavaThread "Unconstrained build operations Thread 30" [_thread_blocked, id=10300, stack(0x0000005afb900000,0x0000005afba00000)]
  0x00000258d1f57460 JavaThread "Unconstrained build operations Thread 31" [_thread_blocked, id=9388, stack(0x0000005afba00000,0x0000005afbb00000)]
  0x00000258d1f51430 JavaThread "Unconstrained build operations Thread 32" [_thread_blocked, id=7532, stack(0x0000005afbb00000,0x0000005afbc00000)]
  0x00000258d1f58db0 JavaThread "Unconstrained build operations Thread 33" [_thread_blocked, id=3204, stack(0x0000005afbc00000,0x0000005afbd00000)]
  0x00000258d1f51940 JavaThread "Unconstrained build operations Thread 34" [_thread_blocked, id=12300, stack(0x0000005afbd00000,0x0000005afbe00000)]
  0x00000258d1f52870 JavaThread "Unconstrained build operations Thread 35" [_thread_blocked, id=6556, stack(0x0000005afbe00000,0x0000005afbf00000)]
  0x00000258d1a91bf0 JavaThread "Unconstrained build operations Thread 36" [_thread_blocked, id=5704, stack(0x0000005afbf00000,0x0000005afc000000)]
  0x00000258d1a93540 JavaThread "Unconstrained build operations Thread 37" [_thread_blocked, id=11400, stack(0x0000005afc000000,0x0000005afc100000)]
  0x00000258d1a90cc0 JavaThread "Unconstrained build operations Thread 38" [_thread_blocked, id=4708, stack(0x0000005afc100000,0x0000005afc200000)]
  0x00000258d1a92610 JavaThread "Unconstrained build operations Thread 39" [_thread_blocked, id=9500, stack(0x0000005afc200000,0x0000005afc300000)]
  0x00000258d1a92b20 JavaThread "Unconstrained build operations Thread 40" [_thread_blocked, id=13028, stack(0x0000005afc300000,0x0000005afc400000)]
  0x00000258d1a94470 JavaThread "Cache worker for Build Output Cleanup Cache (D:\neww\android\.gradle\buildOutputCleanup)" [_thread_blocked, id=12292, stack(0x0000005af6200000,0x0000005af6300000)]

Other Threads:
  0x00000258c8f8f390 VMThread "VM Thread" [stack: 0x0000005af6900000,0x0000005af6a00000] [id=2476]
  0x00000258cd2a5750 WatcherThread [stack: 0x0000005af7500000,0x0000005af7600000] [id=9164]
  0x00000258ab69ad40 GCTaskThread "GC Thread#0" [stack: 0x0000005af6400000,0x0000005af6500000] [id=1532]
  0x00000258cd540570 GCTaskThread "GC Thread#1" [stack: 0x0000005af7600000,0x0000005af7700000] [id=12340]
  0x00000258cd50f0c0 GCTaskThread "GC Thread#2" [stack: 0x0000005af7700000,0x0000005af7800000] [id=12344]
  0x00000258cdce7ba0 GCTaskThread "GC Thread#3" [stack: 0x0000005af7800000,0x0000005af7900000] [id=12360]
  0x00000258ab6abc90 ConcurrentGCThread "G1 Main Marker" [stack: 0x0000005af6500000,0x0000005af6600000] [id=5288]
  0x00000258ab6ace50 ConcurrentGCThread "G1 Conc#0" [stack: 0x0000005af6600000,0x0000005af6700000] [id=4236]
  0x00000258c8e00090 ConcurrentGCThread "G1 Refine#0" [stack: 0x0000005af6700000,0x0000005af6800000] [id=10088]
  0x00000258cf350c20 ConcurrentGCThread "G1 Refine#1" [stack: 0x0000005af6000000,0x0000005af6100000] [id=13052]
  0x00000258cf351200 ConcurrentGCThread "G1 Refine#2" [stack: 0x0000005af6100000,0x0000005af6200000] [id=13056]
  0x00000258c8e00ac0 ConcurrentGCThread "G1 Service" [stack: 0x0000005af6800000,0x0000005af6900000] [id=8072]

Threads with active compile tasks:
C2 CompilerThread0   384118 16757       4       org.objectweb.asm.ClassReader::accept (1412 bytes)

VM state: not at safepoint (normal execution)

VM Mutex/Monitor currently owned by a thread: None

Heap address: 0x0000000700000000, size: 4096 MB, Compressed Oops mode: Zero based, Oop shift amount: 3

CDS archive(s) not mapped
Compressed class space mapped at: 0x0000000800000000-0x0000000840000000, reserved size: 1073741824
Narrow klass base: 0x0000000800000000, Narrow klass shift: 0, Narrow klass range: 0x40000000

GC Precious Log:
 CPUs: 4 total, 4 available
 Memory: 3470M
 Large Page Support: Disabled
 NUMA Support: Disabled
 Compressed Oops: Enabled (Zero based)
 Heap Region Size: 2M
 Heap Min Capacity: 8M
 Heap Initial Capacity: 56M
 Heap Max Capacity: 4G
 Pre-touch: Disabled
 Parallel Workers: 4
 Concurrent Workers: 1
 Concurrent Refinement Workers: 4
 Periodic GC: Disabled

Heap:
 garbage-first heap   total 495616K, used 269028K [0x0000000700000000, 0x0000000800000000)
  region size 2048K, 76 young (155648K), 1 survivors (2048K)
 Metaspace       used 129707K, committed 130496K, reserved 1179648K
  class space    used 16921K, committed 17280K, reserved 1048576K

Heap Regions: E=young(eden), S=young(survivor), O=old, HS=humongous(starts), HC=humongous(continues), CS=collection set, F=free, OA=open archive, CA=closed archive, TAMS=top-at-mark-start (previous, next)
|   0|0x0000000700000000, 0x0000000700200000, 0x0000000700200000|100%| O|  |TAMS 0x0000000700200000, 0x0000000700000000| Untracked 
|   1|0x0000000700200000, 0x0000000700400000, 0x0000000700400000|100%|HS|  |TAMS 0x0000000700400000, 0x0000000700200000| Complete 
|   2|0x0000000700400000, 0x0000000700600000, 0x0000000700600000|100%|HC|  |TAMS 0x0000000700600000, 0x0000000700400000| Complete 
|   3|0x0000000700600000, 0x0000000700800000, 0x0000000700800000|100%| O|  |TAMS 0x0000000700800000, 0x0000000700600000| Untracked 
|   4|0x0000000700800000, 0x0000000700a00000, 0x0000000700a00000|100%| O|  |TAMS 0x0000000700a00000, 0x0000000700800000| Untracked 
|   5|0x0000000700a00000, 0x0000000700c00000, 0x0000000700c00000|100%| O|  |TAMS 0x0000000700c00000, 0x0000000700a00000| Untracked 
|   6|0x0000000700c00000, 0x0000000700e00000, 0x0000000700e00000|100%| O|  |TAMS 0x0000000700e00000, 0x0000000700c00000| Untracked 
|   7|0x0000000700e00000, 0x0000000701000000, 0x0000000701000000|100%| O|  |TAMS 0x0000000701000000, 0x0000000700e00000| Untracked 
|   8|0x0000000701000000, 0x0000000701200000, 0x0000000701200000|100%| O|  |TAMS 0x0000000701200000, 0x0000000701000000| Untracked 
|   9|0x0000000701200000, 0x0000000701400000, 0x0000000701400000|100%| O|  |TAMS 0x0000000701400000, 0x0000000701200000| Untracked 
|  10|0x0000000701400000, 0x0000000701600000, 0x0000000701600000|100%| O|  |TAMS 0x0000000701600000, 0x0000000701400000| Untracked 
|  11|0x0000000701600000, 0x0000000701800000, 0x0000000701800000|100%| O|  |TAMS 0x0000000701800000, 0x0000000701600000| Untracked 
|  12|0x0000000701800000, 0x0000000701a00000, 0x0000000701a00000|100%| O|  |TAMS 0x0000000701a00000, 0x0000000701800000| Untracked 
|  13|0x0000000701a00000, 0x0000000701c00000, 0x0000000701c00000|100%| O|  |TAMS 0x0000000701c00000, 0x0000000701a00000| Untracked 
|  14|0x0000000701c00000, 0x0000000701e00000, 0x0000000701e00000|100%| O|  |TAMS 0x0000000701e00000, 0x0000000701c00000| Untracked 
|  15|0x0000000701e00000, 0x0000000702000000, 0x0000000702000000|100%| O|  |TAMS 0x0000000702000000, 0x0000000701e00000| Untracked 
|  16|0x0000000702000000, 0x0000000702200000, 0x0000000702200000|100%| O|  |TAMS 0x0000000702200000, 0x0000000702000000| Untracked 
|  17|0x0000000702200000, 0x0000000702400000, 0x0000000702400000|100%| O|  |TAMS 0x0000000702400000, 0x0000000702200000| Untracked 
|  18|0x0000000702400000, 0x0000000702600000, 0x0000000702600000|100%| O|  |TAMS 0x0000000702600000, 0x0000000702400000| Untracked 
|  19|0x0000000702600000, 0x0000000702800000, 0x0000000702800000|100%| O|  |TAMS 0x0000000702800000, 0x0000000702600000| Untracked 
|  20|0x0000000702800000, 0x0000000702a00000, 0x0000000702a00000|100%| O|  |TAMS 0x0000000702a00000, 0x0000000702800000| Untracked 
|  21|0x0000000702a00000, 0x0000000702c00000, 0x0000000702c00000|100%| O|  |TAMS 0x0000000702c00000, 0x0000000702a00000| Untracked 
|  22|0x0000000702c00000, 0x0000000702e00000, 0x0000000702e00000|100%| O|  |TAMS 0x0000000702e00000, 0x0000000702c00000| Untracked 
|  23|0x0000000702e00000, 0x0000000703000000, 0x0000000703000000|100%| O|  |TAMS 0x0000000703000000, 0x0000000702e00000| Untracked 
|  24|0x0000000703000000, 0x0000000703200000, 0x0000000703200000|100%|HS|  |TAMS 0x0000000703200000, 0x0000000703000000| Complete 
|  25|0x0000000703200000, 0x0000000703400000, 0x0000000703400000|100%|HC|  |TAMS 0x0000000703400000, 0x0000000703200000| Complete 
|  26|0x0000000703400000, 0x0000000703600000, 0x0000000703600000|100%| O|  |TAMS 0x0000000703600000, 0x0000000703400000| Untracked 
|  27|0x0000000703600000, 0x0000000703800000, 0x0000000703800000|100%| O|  |TAMS 0x0000000703800000, 0x0000000703600000| Untracked 
|  28|0x0000000703800000, 0x0000000703a00000, 0x0000000703a00000|100%| O|  |TAMS 0x0000000703a00000, 0x0000000703800000| Untracked 
|  29|0x0000000703a00000, 0x0000000703c00000, 0x0000000703c00000|100%| O|  |TAMS 0x0000000703c00000, 0x0000000703a00000| Untracked 
|  30|0x0000000703c00000, 0x0000000703e00000, 0x0000000703e00000|100%| O|  |TAMS 0x0000000703e00000, 0x0000000703c00000| Untracked 
|  31|0x0000000703e00000, 0x0000000704000000, 0x0000000704000000|100%| O|  |TAMS 0x0000000704000000, 0x0000000703e00000| Untracked 
|  32|0x0000000704000000, 0x0000000704200000, 0x0000000704200000|100%| O|  |TAMS 0x0000000704200000, 0x0000000704000000| Untracked 
|  33|0x0000000704200000, 0x0000000704400000, 0x0000000704400000|100%| O|  |TAMS 0x0000000704400000, 0x0000000704200000| Untracked 
|  34|0x0000000704400000, 0x0000000704600000, 0x0000000704600000|100%| O|  |TAMS 0x0000000704600000, 0x0000000704400000| Untracked 
|  35|0x0000000704600000, 0x0000000704800000, 0x0000000704800000|100%| O|  |TAMS 0x0000000704600000, 0x0000000704600000| Untracked 
|  36|0x0000000704800000, 0x0000000704a00000, 0x0000000704a00000|100%| O|  |TAMS 0x0000000704a00000, 0x0000000704800000| Untracked 
|  37|0x0000000704a00000, 0x0000000704c00000, 0x0000000704c00000|100%| O|  |TAMS 0x0000000704c00000, 0x0000000704a00000| Untracked 
|  38|0x0000000704c00000, 0x0000000704e00000, 0x0000000704e00000|100%| O|  |TAMS 0x0000000704e00000, 0x0000000704c00000| Untracked 
|  39|0x0000000704e00000, 0x0000000705000000, 0x0000000705000000|100%| O|  |TAMS 0x0000000704ffa600, 0x0000000704e00000| Untracked 
|  40|0x0000000705000000, 0x0000000705200000, 0x0000000705200000|100%| O|  |TAMS 0x0000000705200000, 0x0000000705000000| Untracked 
|  41|0x0000000705200000, 0x0000000705400000, 0x0000000705400000|100%| O|  |TAMS 0x0000000705200000, 0x0000000705200000| Untracked 
|  42|0x0000000705400000, 0x0000000705600000, 0x0000000705600000|100%| O|  |TAMS 0x0000000705400000, 0x0000000705400000| Untracked 
|  43|0x0000000705600000, 0x0000000705800000, 0x0000000705800000|100%|HS|  |TAMS 0x0000000705600000, 0x0000000705600000| Complete 
|  44|0x0000000705800000, 0x0000000705a00000, 0x0000000705a00000|100%| O|  |TAMS 0x0000000705a00000, 0x0000000705800000| Untracked 
|  45|0x0000000705a00000, 0x0000000705c00000, 0x0000000705c00000|100%| O|  |TAMS 0x0000000705c00000, 0x0000000705a00000| Untracked 
|  46|0x0000000705c00000, 0x0000000705e00000, 0x0000000705e00000|100%|HS|  |TAMS 0x0000000705c00000, 0x0000000705c00000| Complete 
|  47|0x0000000705e00000, 0x0000000706000000, 0x0000000706000000|100%|HC|  |TAMS 0x0000000705e00000, 0x0000000705e00000| Complete 
|  48|0x0000000706000000, 0x0000000706200000, 0x0000000706200000|100%| O|  |TAMS 0x0000000706000000, 0x0000000706000000| Untracked 
|  49|0x0000000706200000, 0x0000000706400000, 0x0000000706400000|100%| O|  |TAMS 0x0000000706200000, 0x0000000706200000| Untracked 
|  50|0x0000000706400000, 0x0000000706600000, 0x0000000706600000|100%| O|  |TAMS 0x0000000706400000, 0x0000000706400000| Untracked 
|  51|0x0000000706600000, 0x0000000706800000, 0x0000000706800000|100%| O|  |TAMS 0x0000000706600000, 0x0000000706600000| Untracked 
|  52|0x0000000706800000, 0x0000000706a00000, 0x0000000706a00000|100%| O|  |TAMS 0x0000000706800000, 0x0000000706800000| Untracked 
|  53|0x0000000706a00000, 0x0000000706c00000, 0x0000000706c00000|100%| O|  |TAMS 0x0000000706a00000, 0x0000000706a00000| Untracked 
|  54|0x0000000706c00000, 0x0000000706e00000, 0x0000000706e00000|100%| O|  |TAMS 0x0000000706c00000, 0x0000000706c00000| Untracked 
|  55|0x0000000706e00000, 0x0000000707000000, 0x0000000707000000|100%| O|  |TAMS 0x0000000706e00000, 0x0000000706e00000| Untracked 
|  56|0x0000000707000000, 0x0000000707200000, 0x0000000707200000|100%| O|  |TAMS 0x0000000707000000, 0x0000000707000000| Untracked 
|  57|0x0000000707200000, 0x000000070726ea00, 0x0000000707400000| 21%| O|  |TAMS 0x0000000707200000, 0x0000000707200000| Untracked 
|  58|0x0000000707400000, 0x0000000707400000, 0x0000000707600000|  0%| F|  |TAMS 0x0000000707400000, 0x0000000707400000| Untracked 
|  59|0x0000000707600000, 0x0000000707600000, 0x0000000707800000|  0%| F|  |TAMS 0x0000000707600000, 0x0000000707600000| Untracked 
|  60|0x0000000707800000, 0x0000000707800000, 0x0000000707a00000|  0%| F|  |TAMS 0x0000000707800000, 0x0000000707800000| Untracked 
|  61|0x0000000707a00000, 0x0000000707a00000, 0x0000000707c00000|  0%| F|  |TAMS 0x0000000707a00000, 0x0000000707a00000| Untracked 
|  62|0x0000000707c00000, 0x0000000707c00000, 0x0000000707e00000|  0%| F|  |TAMS 0x0000000707c00000, 0x0000000707c00000| Untracked 
|  63|0x0000000707e00000, 0x0000000707e00000, 0x0000000708000000|  0%| F|  |TAMS 0x0000000707e00000, 0x0000000707e00000| Untracked 
|  64|0x0000000708000000, 0x0000000708000000, 0x0000000708200000|  0%| F|  |TAMS 0x0000000708000000, 0x0000000708000000| Untracked 
|  65|0x0000000708200000, 0x0000000708200000, 0x0000000708400000|  0%| F|  |TAMS 0x0000000708200000, 0x0000000708200000| Untracked 
|  66|0x0000000708400000, 0x0000000708400000, 0x0000000708600000|  0%| F|  |TAMS 0x0000000708400000, 0x0000000708400000| Untracked 
|  67|0x0000000708600000, 0x0000000708600000, 0x0000000708800000|  0%| F|  |TAMS 0x0000000708600000, 0x0000000708600000| Untracked 
|  68|0x0000000708800000, 0x0000000708800000, 0x0000000708a00000|  0%| F|  |TAMS 0x0000000708800000, 0x0000000708800000| Untracked 
|  69|0x0000000708a00000, 0x0000000708a00000, 0x0000000708c00000|  0%| F|  |TAMS 0x0000000708a00000, 0x0000000708a00000| Untracked 
|  70|0x0000000708c00000, 0x0000000708c00000, 0x0000000708e00000|  0%| F|  |TAMS 0x0000000708c00000, 0x0000000708c00000| Untracked 
|  71|0x0000000708e00000, 0x0000000708e00000, 0x0000000709000000|  0%| F|  |TAMS 0x0000000708e00000, 0x0000000708e00000| Untracked 
|  72|0x0000000709000000, 0x0000000709000000, 0x0000000709200000|  0%| F|  |TAMS 0x0000000709000000, 0x0000000709000000| Untracked 
|  73|0x0000000709200000, 0x0000000709200000, 0x0000000709400000|  0%| F|  |TAMS 0x0000000709200000, 0x0000000709200000| Untracked 
|  74|0x0000000709400000, 0x0000000709400000, 0x0000000709600000|  0%| F|  |TAMS 0x0000000709400000, 0x0000000709400000| Untracked 
|  75|0x0000000709600000, 0x0000000709600000, 0x0000000709800000|  0%| F|  |TAMS 0x0000000709600000, 0x0000000709600000| Untracked 
|  76|0x0000000709800000, 0x0000000709800000, 0x0000000709a00000|  0%| F|  |TAMS 0x0000000709800000, 0x0000000709800000| Untracked 
|  77|0x0000000709a00000, 0x0000000709a00000, 0x0000000709c00000|  0%| F|  |TAMS 0x0000000709a00000, 0x0000000709a00000| Untracked 
|  78|0x0000000709c00000, 0x0000000709c00000, 0x0000000709e00000|  0%| F|  |TAMS 0x0000000709c00000, 0x0000000709c00000| Untracked 
|  79|0x0000000709e00000, 0x0000000709e00000, 0x000000070a000000|  0%| F|  |TAMS 0x0000000709e00000, 0x0000000709e00000| Untracked 
|  80|0x000000070a000000, 0x000000070a000000, 0x000000070a200000|  0%| F|  |TAMS 0x000000070a000000, 0x000000070a000000| Untracked 
|  81|0x000000070a200000, 0x000000070a200000, 0x000000070a400000|  0%| F|  |TAMS 0x000000070a200000, 0x000000070a200000| Untracked 
|  82|0x000000070a400000, 0x000000070a400000, 0x000000070a600000|  0%| F|  |TAMS 0x000000070a400000, 0x000000070a400000| Untracked 
|  83|0x000000070a600000, 0x000000070a600000, 0x000000070a800000|  0%| F|  |TAMS 0x000000070a600000, 0x000000070a600000| Untracked 
|  84|0x000000070a800000, 0x000000070a800000, 0x000000070aa00000|  0%| F|  |TAMS 0x000000070a800000, 0x000000070a800000| Untracked 
|  85|0x000000070aa00000, 0x000000070aa00000, 0x000000070ac00000|  0%| F|  |TAMS 0x000000070aa00000, 0x000000070aa00000| Untracked 
|  86|0x000000070ac00000, 0x000000070ac00000, 0x000000070ae00000|  0%| F|  |TAMS 0x000000070ac00000, 0x000000070ac00000| Untracked 
|  87|0x000000070ae00000, 0x000000070ae00000, 0x000000070b000000|  0%| F|  |TAMS 0x000000070ae00000, 0x000000070ae00000| Untracked 
|  88|0x000000070b000000, 0x000000070b000000, 0x000000070b200000|  0%| F|  |TAMS 0x000000070b000000, 0x000000070b000000| Untracked 
|  89|0x000000070b200000, 0x000000070b200000, 0x000000070b400000|  0%| F|  |TAMS 0x000000070b200000, 0x000000070b200000| Untracked 
|  90|0x000000070b400000, 0x000000070b400000, 0x000000070b600000|  0%| F|  |TAMS 0x000000070b400000, 0x000000070b400000| Untracked 
|  91|0x000000070b600000, 0x000000070b600000, 0x000000070b800000|  0%| F|  |TAMS 0x000000070b600000, 0x000000070b600000| Untracked 
|  92|0x000000070b800000, 0x000000070b800000, 0x000000070ba00000|  0%| F|  |TAMS 0x000000070b800000, 0x000000070b800000| Untracked 
|  93|0x000000070ba00000, 0x000000070ba00000, 0x000000070bc00000|  0%| F|  |TAMS 0x000000070ba00000, 0x000000070ba00000| Untracked 
|  94|0x000000070bc00000, 0x000000070bc00000, 0x000000070be00000|  0%| F|  |TAMS 0x000000070bc00000, 0x000000070bc00000| Untracked 
|  95|0x000000070be00000, 0x000000070be00000, 0x000000070c000000|  0%| F|  |TAMS 0x000000070be00000, 0x000000070be00000| Untracked 
|  96|0x000000070c000000, 0x000000070c000000, 0x000000070c200000|  0%| F|  |TAMS 0x000000070c000000, 0x000000070c000000| Untracked 
|  97|0x000000070c200000, 0x000000070c200000, 0x000000070c400000|  0%| F|  |TAMS 0x000000070c200000, 0x000000070c200000| Untracked 
|  98|0x000000070c400000, 0x000000070c400000, 0x000000070c600000|  0%| F|  |TAMS 0x000000070c400000, 0x000000070c400000| Untracked 
|  99|0x000000070c600000, 0x000000070c600000, 0x000000070c800000|  0%| F|  |TAMS 0x000000070c600000, 0x000000070c600000| Untracked 
| 100|0x000000070c800000, 0x000000070c800000, 0x000000070ca00000|  0%| F|  |TAMS 0x000000070c800000, 0x000000070c800000| Untracked 
| 101|0x000000070ca00000, 0x000000070ca00000, 0x000000070cc00000|  0%| F|  |TAMS 0x000000070ca00000, 0x000000070ca00000| Untracked 
| 102|0x000000070cc00000, 0x000000070cc00000, 0x000000070ce00000|  0%| F|  |TAMS 0x000000070cc00000, 0x000000070cc00000| Untracked 
| 103|0x000000070ce00000, 0x000000070ce00000, 0x000000070d000000|  0%| F|  |TAMS 0x000000070ce00000, 0x000000070ce00000| Untracked 
| 104|0x000000070d000000, 0x000000070d000000, 0x000000070d200000|  0%| F|  |TAMS 0x000000070d000000, 0x000000070d000000| Untracked 
| 105|0x000000070d200000, 0x000000070d200000, 0x000000070d400000|  0%| F|  |TAMS 0x000000070d200000, 0x000000070d200000| Untracked 
| 106|0x000000070d400000, 0x000000070d400000, 0x000000070d600000|  0%| F|  |TAMS 0x000000070d400000, 0x000000070d400000| Untracked 
| 107|0x000000070d600000, 0x000000070d600000, 0x000000070d800000|  0%| F|  |TAMS 0x000000070d600000, 0x000000070d600000| Untracked 
| 108|0x000000070d800000, 0x000000070d800000, 0x000000070da00000|  0%| F|  |TAMS 0x000000070d800000, 0x000000070d800000| Untracked 
| 109|0x000000070da00000, 0x000000070da00000, 0x000000070dc00000|  0%| F|  |TAMS 0x000000070da00000, 0x000000070da00000| Untracked 
| 110|0x000000070dc00000, 0x000000070dc00000, 0x000000070de00000|  0%| F|  |TAMS 0x000000070dc00000, 0x000000070dc00000| Untracked 
| 111|0x000000070de00000, 0x000000070de00000, 0x000000070e000000|  0%| F|  |TAMS 0x000000070de00000, 0x000000070de00000| Untracked 
| 112|0x000000070e000000, 0x000000070e000000, 0x000000070e200000|  0%| F|  |TAMS 0x000000070e000000, 0x000000070e000000| Untracked 
| 113|0x000000070e200000, 0x000000070e200000, 0x000000070e400000|  0%| F|  |TAMS 0x000000070e200000, 0x000000070e200000| Untracked 
| 114|0x000000070e400000, 0x000000070e400000, 0x000000070e600000|  0%| F|  |TAMS 0x000000070e400000, 0x000000070e400000| Untracked 
| 115|0x000000070e600000, 0x000000070e600000, 0x000000070e800000|  0%| F|  |TAMS 0x000000070e600000, 0x000000070e600000| Untracked 
| 116|0x000000070e800000, 0x000000070e800000, 0x000000070ea00000|  0%| F|  |TAMS 0x000000070e800000, 0x000000070e800000| Untracked 
| 117|0x000000070ea00000, 0x000000070ea00000, 0x000000070ec00000|  0%| F|  |TAMS 0x000000070ea00000, 0x000000070ea00000| Untracked 
| 118|0x000000070ec00000, 0x000000070ec00000, 0x000000070ee00000|  0%| F|  |TAMS 0x000000070ec00000, 0x000000070ec00000| Untracked 
| 119|0x000000070ee00000, 0x000000070ee00000, 0x000000070f000000|  0%| F|  |TAMS 0x000000070ee00000, 0x000000070ee00000| Untracked 
| 120|0x000000070f000000, 0x000000070f000000, 0x000000070f200000|  0%| F|  |TAMS 0x000000070f000000, 0x000000070f000000| Untracked 
| 121|0x000000070f200000, 0x000000070f200000, 0x000000070f400000|  0%| F|  |TAMS 0x000000070f200000, 0x000000070f200000| Untracked 
| 122|0x000000070f400000, 0x000000070f400000, 0x000000070f600000|  0%| F|  |TAMS 0x000000070f400000, 0x000000070f400000| Untracked 
| 123|0x000000070f600000, 0x000000070f600000, 0x000000070f800000|  0%| F|  |TAMS 0x000000070f600000, 0x000000070f600000| Untracked 
| 124|0x000000070f800000, 0x000000070f800000, 0x000000070fa00000|  0%| F|  |TAMS 0x000000070f800000, 0x000000070f800000| Untracked 
| 125|0x000000070fa00000, 0x000000070fa00000, 0x000000070fc00000|  0%| F|  |TAMS 0x000000070fa00000, 0x000000070fa00000| Untracked 
| 126|0x000000070fc00000, 0x000000070fc00000, 0x000000070fe00000|  0%| F|  |TAMS 0x000000070fc00000, 0x000000070fc00000| Untracked 
| 127|0x000000070fe00000, 0x000000070fe00000, 0x0000000710000000|  0%| F|  |TAMS 0x000000070fe00000, 0x000000070fe00000| Untracked 
| 128|0x0000000710000000, 0x0000000710000000, 0x0000000710200000|  0%| F|  |TAMS 0x0000000710000000, 0x0000000710000000| Untracked 
| 129|0x0000000710200000, 0x0000000710200000, 0x0000000710400000|  0%| F|  |TAMS 0x0000000710200000, 0x0000000710200000| Untracked 
| 130|0x0000000710400000, 0x0000000710400000, 0x0000000710600000|  0%| F|  |TAMS 0x0000000710400000, 0x0000000710400000| Untracked 
| 131|0x0000000710600000, 0x0000000710600000, 0x0000000710800000|  0%| F|  |TAMS 0x0000000710600000, 0x0000000710600000| Untracked 
| 132|0x0000000710800000, 0x0000000710800000, 0x0000000710a00000|  0%| F|  |TAMS 0x0000000710800000, 0x0000000710800000| Untracked 
| 133|0x0000000710a00000, 0x0000000710a00000, 0x0000000710c00000|  0%| F|  |TAMS 0x0000000710a00000, 0x0000000710a00000| Untracked 
| 134|0x0000000710c00000, 0x0000000710c00000, 0x0000000710e00000|  0%| F|  |TAMS 0x0000000710c00000, 0x0000000710c00000| Untracked 
| 135|0x0000000710e00000, 0x0000000710e00000, 0x0000000711000000|  0%| F|  |TAMS 0x0000000710e00000, 0x0000000710e00000| Untracked 
| 136|0x0000000711000000, 0x0000000711000000, 0x0000000711200000|  0%| F|  |TAMS 0x0000000711000000, 0x0000000711000000| Untracked 
| 137|0x0000000711200000, 0x0000000711200000, 0x0000000711400000|  0%| F|  |TAMS 0x0000000711200000, 0x0000000711200000| Untracked 
| 138|0x0000000711400000, 0x0000000711400000, 0x0000000711600000|  0%| F|  |TAMS 0x0000000711400000, 0x0000000711400000| Untracked 
| 139|0x0000000711600000, 0x0000000711600000, 0x0000000711800000|  0%| F|  |TAMS 0x0000000711600000, 0x0000000711600000| Untracked 
| 140|0x0000000711800000, 0x0000000711800000, 0x0000000711a00000|  0%| F|  |TAMS 0x0000000711800000, 0x0000000711800000| Untracked 
| 141|0x0000000711a00000, 0x0000000711a00000, 0x0000000711c00000|  0%| F|  |TAMS 0x0000000711a00000, 0x0000000711a00000| Untracked 
| 142|0x0000000711c00000, 0x0000000711c00000, 0x0000000711e00000|  0%| F|  |TAMS 0x0000000711c00000, 0x0000000711c00000| Untracked 
| 143|0x0000000711e00000, 0x0000000711e00000, 0x0000000712000000|  0%| F|  |TAMS 0x0000000711e00000, 0x0000000711e00000| Untracked 
| 144|0x0000000712000000, 0x0000000712000000, 0x0000000712200000|  0%| F|  |TAMS 0x0000000712000000, 0x0000000712000000| Untracked 
| 145|0x0000000712200000, 0x0000000712200000, 0x0000000712400000|  0%| F|  |TAMS 0x0000000712200000, 0x0000000712200000| Untracked 
| 146|0x0000000712400000, 0x0000000712400000, 0x0000000712600000|  0%| F|  |TAMS 0x0000000712400000, 0x0000000712400000| Untracked 
| 147|0x0000000712600000, 0x0000000712600000, 0x0000000712800000|  0%| F|  |TAMS 0x0000000712600000, 0x0000000712600000| Untracked 
| 148|0x0000000712800000, 0x0000000712800000, 0x0000000712a00000|  0%| F|  |TAMS 0x0000000712800000, 0x0000000712800000| Untracked 
| 149|0x0000000712a00000, 0x0000000712a00000, 0x0000000712c00000|  0%| F|  |TAMS 0x0000000712a00000, 0x0000000712a00000| Untracked 
| 150|0x0000000712c00000, 0x0000000712c00000, 0x0000000712e00000|  0%| F|  |TAMS 0x0000000712c00000, 0x0000000712c00000| Untracked 
| 151|0x0000000712e00000, 0x0000000712e00000, 0x0000000713000000|  0%| F|  |TAMS 0x0000000712e00000, 0x0000000712e00000| Untracked 
| 152|0x0000000713000000, 0x0000000713000000, 0x0000000713200000|  0%| F|  |TAMS 0x0000000713000000, 0x0000000713000000| Untracked 
| 153|0x0000000713200000, 0x0000000713200000, 0x0000000713400000|  0%| F|  |TAMS 0x0000000713200000, 0x0000000713200000| Untracked 
| 154|0x0000000713400000, 0x0000000713400000, 0x0000000713600000|  0%| F|  |TAMS 0x0000000713400000, 0x0000000713400000| Untracked 
| 155|0x0000000713600000, 0x0000000713600000, 0x0000000713800000|  0%| F|  |TAMS 0x0000000713600000, 0x0000000713600000| Untracked 
| 156|0x0000000713800000, 0x0000000713800000, 0x0000000713a00000|  0%| F|  |TAMS 0x0000000713800000, 0x0000000713800000| Untracked 
| 157|0x0000000713a00000, 0x0000000713a00000, 0x0000000713c00000|  0%| F|  |TAMS 0x0000000713a00000, 0x0000000713a00000| Untracked 
| 158|0x0000000713c00000, 0x0000000713c00000, 0x0000000713e00000|  0%| F|  |TAMS 0x0000000713c00000, 0x0000000713c00000| Untracked 
| 159|0x0000000713e00000, 0x0000000713e00000, 0x0000000714000000|  0%| F|  |TAMS 0x0000000713e00000, 0x0000000713e00000| Untracked 
| 160|0x0000000714000000, 0x0000000714000000, 0x0000000714200000|  0%| F|  |TAMS 0x0000000714000000, 0x0000000714000000| Untracked 
| 161|0x0000000714200000, 0x0000000714200000, 0x0000000714400000|  0%| F|  |TAMS 0x0000000714200000, 0x0000000714200000| Untracked 
| 162|0x0000000714400000, 0x0000000714400000, 0x0000000714600000|  0%| F|  |TAMS 0x0000000714400000, 0x0000000714400000| Untracked 
| 163|0x0000000714600000, 0x0000000714600000, 0x0000000714800000|  0%| F|  |TAMS 0x0000000714600000, 0x0000000714600000| Untracked 
| 164|0x0000000714800000, 0x0000000714800000, 0x0000000714a00000|  0%| F|  |TAMS 0x0000000714800000, 0x0000000714800000| Untracked 
| 165|0x0000000714a00000, 0x0000000714a00000, 0x0000000714c00000|  0%| F|  |TAMS 0x0000000714a00000, 0x0000000714a00000| Untracked 
| 166|0x0000000714c00000, 0x0000000714e00000, 0x0000000714e00000|100%| E|  |TAMS 0x0000000714c00000, 0x0000000714c00000| Complete 
| 167|0x0000000714e00000, 0x0000000715000000, 0x0000000715000000|100%| E|CS|TAMS 0x0000000714e00000, 0x0000000714e00000| Complete 
| 168|0x0000000715000000, 0x0000000715200000, 0x0000000715200000|100%| E|CS|TAMS 0x0000000715000000, 0x0000000715000000| Complete 
| 169|0x0000000715200000, 0x0000000715400000, 0x0000000715400000|100%| E|CS|TAMS 0x0000000715200000, 0x0000000715200000| Complete 
| 170|0x0000000715400000, 0x0000000715600000, 0x0000000715600000|100%| E|CS|TAMS 0x0000000715400000, 0x0000000715400000| Complete 
| 171|0x0000000715600000, 0x0000000715800000, 0x0000000715800000|100%| E|CS|TAMS 0x0000000715600000, 0x0000000715600000| Complete 
| 172|0x0000000715800000, 0x0000000715a00000, 0x0000000715a00000|100%| E|CS|TAMS 0x0000000715800000, 0x0000000715800000| Complete 
| 173|0x0000000715a00000, 0x0000000715c00000, 0x0000000715c00000|100%| E|CS|TAMS 0x0000000715a00000, 0x0000000715a00000| Complete 
| 174|0x0000000715c00000, 0x0000000715e00000, 0x0000000715e00000|100%| E|CS|TAMS 0x0000000715c00000, 0x0000000715c00000| Complete 
| 175|0x0000000715e00000, 0x0000000716000000, 0x0000000716000000|100%| E|CS|TAMS 0x0000000715e00000, 0x0000000715e00000| Complete 
| 176|0x0000000716000000, 0x0000000716200000, 0x0000000716200000|100%| E|CS|TAMS 0x0000000716000000, 0x0000000716000000| Complete 
| 177|0x0000000716200000, 0x0000000716400000, 0x0000000716400000|100%| E|CS|TAMS 0x0000000716200000, 0x0000000716200000| Complete 
| 178|0x0000000716400000, 0x0000000716600000, 0x0000000716600000|100%| E|CS|TAMS 0x0000000716400000, 0x0000000716400000| Complete 
| 179|0x0000000716600000, 0x0000000716800000, 0x0000000716800000|100%| E|CS|TAMS 0x0000000716600000, 0x0000000716600000| Complete 
| 180|0x0000000716800000, 0x0000000716a00000, 0x0000000716a00000|100%| E|CS|TAMS 0x0000000716800000, 0x0000000716800000| Complete 
| 181|0x0000000716a00000, 0x0000000716c00000, 0x0000000716c00000|100%| E|CS|TAMS 0x0000000716a00000, 0x0000000716a00000| Complete 
| 182|0x0000000716c00000, 0x0000000716e00000, 0x0000000716e00000|100%| E|CS|TAMS 0x0000000716c00000, 0x0000000716c00000| Complete 
| 183|0x0000000716e00000, 0x0000000717000000, 0x0000000717000000|100%| E|CS|TAMS 0x0000000716e00000, 0x0000000716e00000| Complete 
| 184|0x0000000717000000, 0x0000000717200000, 0x0000000717200000|100%| E|CS|TAMS 0x0000000717000000, 0x0000000717000000| Complete 
| 185|0x0000000717200000, 0x0000000717400000, 0x0000000717400000|100%| E|CS|TAMS 0x0000000717200000, 0x0000000717200000| Complete 
| 186|0x0000000717400000, 0x0000000717600000, 0x0000000717600000|100%| E|CS|TAMS 0x0000000717400000, 0x0000000717400000| Complete 
| 187|0x0000000717600000, 0x0000000717800000, 0x0000000717800000|100%| E|CS|TAMS 0x0000000717600000, 0x0000000717600000| Complete 
| 188|0x0000000717800000, 0x0000000717a00000, 0x0000000717a00000|100%| E|CS|TAMS 0x0000000717800000, 0x0000000717800000| Complete 
| 189|0x0000000717a00000, 0x0000000717c00000, 0x0000000717c00000|100%| E|CS|TAMS 0x0000000717a00000, 0x0000000717a00000| Complete 
| 190|0x0000000717c00000, 0x0000000717e00000, 0x0000000717e00000|100%| E|CS|TAMS 0x0000000717c00000, 0x0000000717c00000| Complete 
| 191|0x0000000717e00000, 0x0000000718000000, 0x0000000718000000|100%| E|CS|TAMS 0x0000000717e00000, 0x0000000717e00000| Complete 
| 192|0x0000000718000000, 0x000000071804a928, 0x0000000718200000| 14%| S|CS|TAMS 0x0000000718000000, 0x0000000718000000| Complete 
| 193|0x0000000718200000, 0x0000000718400000, 0x0000000718400000|100%| E|CS|TAMS 0x0000000718200000, 0x0000000718200000| Complete 
| 194|0x0000000718400000, 0x0000000718600000, 0x0000000718600000|100%| E|CS|TAMS 0x0000000718400000, 0x0000000718400000| Complete 
| 195|0x0000000718600000, 0x0000000718800000, 0x0000000718800000|100%| E|CS|TAMS 0x0000000718600000, 0x0000000718600000| Complete 
| 196|0x0000000718800000, 0x0000000718a00000, 0x0000000718a00000|100%| E|CS|TAMS 0x0000000718800000, 0x0000000718800000| Complete 
| 197|0x0000000718a00000, 0x0000000718c00000, 0x0000000718c00000|100%| E|CS|TAMS 0x0000000718a00000, 0x0000000718a00000| Complete 
| 198|0x0000000718c00000, 0x0000000718e00000, 0x0000000718e00000|100%| E|CS|TAMS 0x0000000718c00000, 0x0000000718c00000| Complete 
| 199|0x0000000718e00000, 0x0000000719000000, 0x0000000719000000|100%| E|CS|TAMS 0x0000000718e00000, 0x0000000718e00000| Complete 
| 200|0x0000000719000000, 0x0000000719200000, 0x0000000719200000|100%| E|CS|TAMS 0x0000000719000000, 0x0000000719000000| Complete 
| 201|0x0000000719200000, 0x0000000719400000, 0x0000000719400000|100%| E|CS|TAMS 0x0000000719200000, 0x0000000719200000| Complete 
| 202|0x0000000719400000, 0x0000000719600000, 0x0000000719600000|100%| E|CS|TAMS 0x0000000719400000, 0x0000000719400000| Complete 
| 203|0x0000000719600000, 0x0000000719800000, 0x0000000719800000|100%| E|CS|TAMS 0x0000000719600000, 0x0000000719600000| Complete 
| 204|0x0000000719800000, 0x0000000719a00000, 0x0000000719a00000|100%| E|CS|TAMS 0x0000000719800000, 0x0000000719800000| Complete 
| 205|0x0000000719a00000, 0x0000000719c00000, 0x0000000719c00000|100%| E|CS|TAMS 0x0000000719a00000, 0x0000000719a00000| Complete 
| 206|0x0000000719c00000, 0x0000000719e00000, 0x0000000719e00000|100%| E|CS|TAMS 0x0000000719c00000, 0x0000000719c00000| Complete 
| 207|0x0000000719e00000, 0x000000071a000000, 0x000000071a000000|100%| E|CS|TAMS 0x0000000719e00000, 0x0000000719e00000| Complete 
| 208|0x000000071a000000, 0x000000071a200000, 0x000000071a200000|100%| E|CS|TAMS 0x000000071a000000, 0x000000071a000000| Complete 
| 209|0x000000071a200000, 0x000000071a400000, 0x000000071a400000|100%| E|CS|TAMS 0x000000071a200000, 0x000000071a200000| Complete 
| 210|0x000000071a400000, 0x000000071a600000, 0x000000071a600000|100%| E|CS|TAMS 0x000000071a400000, 0x000000071a400000| Complete 
| 211|0x000000071a600000, 0x000000071a800000, 0x000000071a800000|100%| E|CS|TAMS 0x000000071a600000, 0x000000071a600000| Complete 
| 212|0x000000071a800000, 0x000000071aa00000, 0x000000071aa00000|100%| E|CS|TAMS 0x000000071a800000, 0x000000071a800000| Complete 
| 213|0x000000071aa00000, 0x000000071ac00000, 0x000000071ac00000|100%| E|CS|TAMS 0x000000071aa00000, 0x000000071aa00000| Complete 
| 214|0x000000071ac00000, 0x000000071ae00000, 0x000000071ae00000|100%| E|CS|TAMS 0x000000071ac00000, 0x000000071ac00000| Complete 
| 215|0x000000071ae00000, 0x000000071b000000, 0x000000071b000000|100%| E|CS|TAMS 0x000000071ae00000, 0x000000071ae00000| Complete 
| 216|0x000000071b000000, 0x000000071b200000, 0x000000071b200000|100%| E|CS|TAMS 0x000000071b000000, 0x000000071b000000| Complete 
| 217|0x000000071b200000, 0x000000071b400000, 0x000000071b400000|100%| E|CS|TAMS 0x000000071b200000, 0x000000071b200000| Complete 
| 218|0x000000071b400000, 0x000000071b600000, 0x000000071b600000|100%| E|CS|TAMS 0x000000071b400000, 0x000000071b400000| Complete 
| 219|0x000000071b600000, 0x000000071b800000, 0x000000071b800000|100%| E|CS|TAMS 0x000000071b600000, 0x000000071b600000| Complete 
| 220|0x000000071b800000, 0x000000071ba00000, 0x000000071ba00000|100%| E|CS|TAMS 0x000000071b800000, 0x000000071b800000| Complete 
| 221|0x000000071ba00000, 0x000000071bc00000, 0x000000071bc00000|100%| E|CS|TAMS 0x000000071ba00000, 0x000000071ba00000| Complete 
| 222|0x000000071bc00000, 0x000000071be00000, 0x000000071be00000|100%| E|CS|TAMS 0x000000071bc00000, 0x000000071bc00000| Complete 
| 223|0x000000071be00000, 0x000000071c000000, 0x000000071c000000|100%| E|CS|TAMS 0x000000071be00000, 0x000000071be00000| Complete 
| 224|0x000000071c000000, 0x000000071c200000, 0x000000071c200000|100%| E|CS|TAMS 0x000000071c000000, 0x000000071c000000| Complete 
| 225|0x000000071c200000, 0x000000071c400000, 0x000000071c400000|100%| E|CS|TAMS 0x000000071c200000, 0x000000071c200000| Complete 
| 226|0x000000071c400000, 0x000000071c600000, 0x000000071c600000|100%| E|CS|TAMS 0x000000071c400000, 0x000000071c400000| Complete 
| 227|0x000000071c600000, 0x000000071c800000, 0x000000071c800000|100%| E|CS|TAMS 0x000000071c600000, 0x000000071c600000| Complete 
| 228|0x000000071c800000, 0x000000071ca00000, 0x000000071ca00000|100%| E|CS|TAMS 0x000000071c800000, 0x000000071c800000| Complete 
| 229|0x000000071ca00000, 0x000000071cc00000, 0x000000071cc00000|100%| E|CS|TAMS 0x000000071ca00000, 0x000000071ca00000| Complete 
| 230|0x000000071cc00000, 0x000000071ce00000, 0x000000071ce00000|100%| E|CS|TAMS 0x000000071cc00000, 0x000000071cc00000| Complete 
| 231|0x000000071ce00000, 0x000000071d000000, 0x000000071d000000|100%| E|CS|TAMS 0x000000071ce00000, 0x000000071ce00000| Complete 
| 232|0x000000071d000000, 0x000000071d200000, 0x000000071d200000|100%| E|CS|TAMS 0x000000071d000000, 0x000000071d000000| Complete 
| 233|0x000000071d200000, 0x000000071d400000, 0x000000071d400000|100%| E|CS|TAMS 0x000000071d200000, 0x000000071d200000| Complete 
| 234|0x000000071d400000, 0x000000071d600000, 0x000000071d600000|100%| E|CS|TAMS 0x000000071d400000, 0x000000071d400000| Complete 
| 235|0x000000071d600000, 0x000000071d800000, 0x000000071d800000|100%| E|CS|TAMS 0x000000071d600000, 0x000000071d600000| Complete 
| 236|0x000000071d800000, 0x000000071da00000, 0x000000071da00000|100%| E|CS|TAMS 0x000000071d800000, 0x000000071d800000| Complete 
| 237|0x000000071da00000, 0x000000071dc00000, 0x000000071dc00000|100%| E|CS|TAMS 0x000000071da00000, 0x000000071da00000| Complete 
| 238|0x000000071dc00000, 0x000000071de00000, 0x000000071de00000|100%| E|CS|TAMS 0x000000071dc00000, 0x000000071dc00000| Complete 
| 239|0x000000071de00000, 0x000000071e000000, 0x000000071e000000|100%| E|CS|TAMS 0x000000071de00000, 0x000000071de00000| Complete 
| 240|0x000000071e000000, 0x000000071e200000, 0x000000071e200000|100%| E|CS|TAMS 0x000000071e000000, 0x000000071e000000| Complete 
| 241|0x000000071e200000, 0x000000071e400000, 0x000000071e400000|100%| E|CS|TAMS 0x000000071e200000, 0x000000071e200000| Complete 

Card table byte_map: [0x00000258bdac0000,0x00000258be2c0000] _byte_map_base: 0x00000258ba2c0000

Marking Bits (Prev, Next): (CMBitMap*) 0x00000258ab69b360, (CMBitMap*) 0x00000258ab69b3a0
 Prev Bits: [0x00000258beac0000, 0x00000258c2ac0000)
 Next Bits: [0x00000258c2ac0000, 0x00000258c6ac0000)

Polling page: 0x00000258a9780000

Metaspace:

Usage:
  Non-class:    110.14 MB used.
      Class:     16.52 MB used.
       Both:    126.67 MB used.

Virtual space:
  Non-class space:      128.00 MB reserved,     110.56 MB ( 86%) committed,  2 nodes.
      Class space:        1.00 GB reserved,      16.88 MB (  2%) committed,  1 nodes.
             Both:        1.12 GB reserved,     127.44 MB ( 11%) committed. 

Chunk freelists:
   Non-Class:  1.27 MB
       Class:  15.06 MB
        Both:  16.33 MB

MaxMetaspaceSize: 2.00 GB
CompressedClassSpaceSize: 1.00 GB
Initial GC threshold: 21.00 MB
Current GC threshold: 187.31 MB
CDS: off
MetaspaceReclaimPolicy: balanced
 - commit_granule_bytes: 65536.
 - commit_granule_words: 8192.
 - virtual_space_node_default_size: 8388608.
 - enlarge_chunks_in_place: 1.
 - new_chunks_are_fully_committed: 0.
 - uncommit_free_chunks: 1.
 - use_allocation_guard: 0.
 - handle_deallocations: 1.


Internal statistics:

num_allocs_failed_limit: 9.
num_arena_births: 1088.
num_arena_deaths: 8.
num_vsnodes_births: 3.
num_vsnodes_deaths: 0.
num_space_committed: 2037.
num_space_uncommitted: 0.
num_chunks_returned_to_freelist: 27.
num_chunks_taken_from_freelist: 5781.
num_chunk_merges: 10.
num_chunk_splits: 4191.
num_chunks_enlarged: 3195.
num_inconsistent_stats: 0.

CodeHeap 'non-profiled nmethods': size=120000Kb used=10580Kb max_used=10580Kb free=109419Kb
 bounds [0x00000258b5d90000, 0x00000258b67f0000, 0x00000258bd2c0000]
CodeHeap 'profiled nmethods': size=120000Kb used=26958Kb max_used=27182Kb free=93041Kb
 bounds [0x00000258ae2c0000, 0x00000258afd70000, 0x00000258b57f0000]
CodeHeap 'non-nmethods': size=5760Kb used=2480Kb max_used=2546Kb free=3279Kb
 bounds [0x00000258b57f0000, 0x00000258b5a80000, 0x00000258b5d90000]
 total_blobs=14555 nmethods=13524 adapters=942
 compilation: enabled
              stopped_count=0, restarted_count=0
 full_count=0

Compilation events (20 events):
Event: 380.336 Thread 0x00000258cd109080 nmethod 16749 0x00000258b67e3410 code [0x00000258b67e3600, 0x00000258b67e3f10]
Event: 380.580 Thread 0x00000258cd109990 16750       3       org.objectweb.asm.ClassReader::accept (1412 bytes)
Event: 380.595 Thread 0x00000258cd109990 nmethod 16750 0x00000258afd5bc90 code [0x00000258afd5c820, 0x00000258afd63c88]
Event: 382.465 Thread 0x00000258cd109990 16751       3       org.gradle.internal.event.DefaultListenerManager$ListenerDetails::dispatch (9 bytes)
Event: 382.473 Thread 0x00000258cd109990 nmethod 16751 0x00000258ae6fa690 code [0x00000258ae6fa860, 0x00000258ae6faca8]
Event: 382.473 Thread 0x00000258cd109990 16752       3       org.gradle.internal.event.DefaultListenerManager$ListenerDetails::dispatch (21 bytes)
Event: 382.474 Thread 0x00000258cd109990 nmethod 16752 0x00000258ae8b6990 code [0x00000258ae8b6b40, 0x00000258ae8b6e28]
Event: 383.076 Thread 0x00000258cd109080 16753       4       com.google.common.collect.RegularImmutableList::internalArrayEnd (6 bytes)
Event: 383.077 Thread 0x00000258cd109080 nmethod 16753 0x00000258b6562a10 code [0x00000258b6562b80, 0x00000258b6562c18]
Event: 383.580 Thread 0x00000258cd109080 16754       4       kotlinx.metadata.KmValueParameter::<init> (157 bytes)
Event: 383.594 Thread 0x00000258cd109080 nmethod 16754 0x00000258b64b6f90 code [0x00000258b64b7160, 0x00000258b64b79c8]
Event: 383.642 Thread 0x00000258cd109080 16755       4       org.gradle.kotlin.dsl.normalization.KotlinApiMemberWriter$extractInlineFunctions$1::invoke (12 bytes)
Event: 383.647 Thread 0x00000258cd109080 nmethod 16755 0x00000258b64b6a90 code [0x00000258b64b6c20, 0x00000258b64b6d18]
Event: 383.698 Thread 0x00000258cd109080 16756       4       org.gradle.internal.file.FileHierarchySet$Node::isChildOfOrThis (110 bytes)
Event: 383.742 Thread 0x00000258cd109080 nmethod 16756 0x00000258b67e4710 code [0x00000258b67e48a0, 0x00000258b67e4fb8]
Event: 383.744 Thread 0x00000258cd109080 16757       4       org.objectweb.asm.ClassReader::accept (1412 bytes)
Event: 383.792 Thread 0x00000258cd109990 16758       3       jdk.management.jfr.internal.FlightRecorderMXBeanProvider$SingleMBeanComponent::mbeanInterfaceNames (11 bytes)
Event: 383.794 Thread 0x00000258cd109990 nmethod 16758 0x00000258ae3e7190 code [0x00000258ae3e7360, 0x00000258ae3e7808]
Event: 383.802 Thread 0x00000258cd109990 16759   !   3       org.gradle.cache.internal.CacheAccessWorker$2::run (153 bytes)
Event: 383.823 Thread 0x00000258cd109990 nmethod 16759 0x00000258aeafd210 code [0x00000258aeafd4a0, 0x00000258aeafe1e8]

GC Heap History (20 events):
Event: 203.744 GC heap before
{Heap before GC invocations=80 (full 0):
 garbage-first heap   total 495616K, used 388296K [0x0000000700000000, 0x0000000800000000)
  region size 2048K, 145 young (296960K), 1 survivors (2048K)
 Metaspace       used 114663K, committed 115328K, reserved 1179648K
  class space    used 15115K, committed 15424K, reserved 1048576K
}
Event: 203.904 GC heap after
{Heap after GC invocations=81 (full 0):
 garbage-first heap   total 495616K, used 96053K [0x0000000700000000, 0x0000000800000000)
  region size 2048K, 2 young (4096K), 2 survivors (4096K)
 Metaspace       used 114663K, committed 115328K, reserved 1179648K
  class space    used 15115K, committed 15424K, reserved 1048576K
}
Event: 233.369 GC heap before
{Heap before GC invocations=81 (full 0):
 garbage-first heap   total 495616K, used 388917K [0x0000000700000000, 0x0000000800000000)
  region size 2048K, 145 young (296960K), 2 survivors (4096K)
 Metaspace       used 114675K, committed 115328K, reserved 1179648K
  class space    used 15115K, committed 15424K, reserved 1048576K
}
Event: 233.423 GC heap after
{Heap after GC invocations=82 (full 0):
 garbage-first heap   total 495616K, used 89392K [0x0000000700000000, 0x0000000800000000)
  region size 2048K, 1 young (2048K), 1 survivors (2048K)
 Metaspace       used 114675K, committed 115328K, reserved 1179648K
  class space    used 15115K, committed 15424K, reserved 1048576K
}
Event: 260.913 GC heap before
{Heap before GC invocations=82 (full 0):
 garbage-first heap   total 495616K, used 392496K [0x0000000700000000, 0x0000000800000000)
  region size 2048K, 145 young (296960K), 1 survivors (2048K)
 Metaspace       used 114779K, committed 115456K, reserved 1179648K
  class space    used 15132K, committed 15424K, reserved 1048576K
}
Event: 261.008 GC heap after
{Heap after GC invocations=83 (full 0):
 garbage-first heap   total 495616K, used 105991K [0x0000000700000000, 0x0000000800000000)
  region size 2048K, 6 young (12288K), 6 survivors (12288K)
 Metaspace       used 114779K, committed 115456K, reserved 1179648K
  class space    used 15132K, committed 15424K, reserved 1048576K
}
Event: 301.334 GC heap before
{Heap before GC invocations=83 (full 0):
 garbage-first heap   total 495616K, used 388615K [0x0000000700000000, 0x0000000800000000)
  region size 2048K, 145 young (296960K), 6 survivors (12288K)
 Metaspace       used 129345K, committed 130176K, reserved 1179648K
  class space    used 16904K, committed 17280K, reserved 1048576K
}
Event: 302.051 GC heap after
{Heap after GC invocations=84 (full 0):
 garbage-first heap   total 495616K, used 117372K [0x0000000700000000, 0x0000000800000000)
  region size 2048K, 12 young (24576K), 12 survivors (24576K)
 Metaspace       used 129345K, committed 130176K, reserved 1179648K
  class space    used 16904K, committed 17280K, reserved 1048576K
}
Event: 304.255 GC heap before
{Heap before GC invocations=84 (full 0):
 garbage-first heap   total 495616K, used 133756K [0x0000000700000000, 0x0000000800000000)
  region size 2048K, 20 young (40960K), 12 survivors (24576K)
 Metaspace       used 129471K, committed 130304K, reserved 1179648K
  class space    used 16904K, committed 17280K, reserved 1048576K
}
Event: 304.480 GC heap after
{Heap after GC invocations=85 (full 0):
 garbage-first heap   total 495616K, used 119226K [0x0000000700000000, 0x0000000800000000)
  region size 2048K, 1 young (2048K), 1 survivors (2048K)
 Metaspace       used 129471K, committed 130304K, reserved 1179648K
  class space    used 16904K, committed 17280K, reserved 1048576K
}
Event: 370.066 GC heap before
{Heap before GC invocations=85 (full 0):
 garbage-first heap   total 495616K, used 414138K [0x0000000700000000, 0x0000000800000000)
  region size 2048K, 145 young (296960K), 1 survivors (2048K)
 Metaspace       used 129676K, committed 130496K, reserved 1179648K
  class space    used 16920K, committed 17280K, reserved 1048576K
}
Event: 370.247 GC heap after
{Heap after GC invocations=86 (full 0):
 garbage-first heap   total 495616K, used 117773K [0x0000000700000000, 0x0000000800000000)
  region size 2048K, 1 young (2048K), 1 survivors (2048K)
 Metaspace       used 129676K, committed 130496K, reserved 1179648K
  class space    used 16920K, committed 17280K, reserved 1048576K
}
Event: 371.933 GC heap before
{Heap before GC invocations=86 (full 0):
 garbage-first heap   total 495616K, used 140301K [0x0000000700000000, 0x0000000800000000)
  region size 2048K, 12 young (24576K), 1 survivors (2048K)
 Metaspace       used 129677K, committed 130496K, reserved 1179648K
  class space    used 16921K, committed 17280K, reserved 1048576K
}
Event: 371.938 GC heap after
{Heap after GC invocations=87 (full 0):
 garbage-first heap   total 495616K, used 117438K [0x0000000700000000, 0x0000000800000000)
  region size 2048K, 1 young (2048K), 1 survivors (2048K)
 Metaspace       used 129677K, committed 130496K, reserved 1179648K
  class space    used 16921K, committed 17280K, reserved 1048576K
}
Event: 372.307 GC heap before
{Heap before GC invocations=87 (full 0):
 garbage-first heap   total 495616K, used 139966K [0x0000000700000000, 0x0000000800000000)
  region size 2048K, 12 young (24576K), 1 survivors (2048K)
 Metaspace       used 129677K, committed 130496K, reserved 1179648K
  class space    used 16921K, committed 17280K, reserved 1048576K
}
Event: 372.310 GC heap after
{Heap after GC invocations=88 (full 0):
 garbage-first heap   total 495616K, used 117440K [0x0000000700000000, 0x0000000800000000)
  region size 2048K, 1 young (2048K), 1 survivors (2048K)
 Metaspace       used 129677K, committed 130496K, reserved 1179648K
  class space    used 16921K, committed 17280K, reserved 1048576K
}
Event: 372.804 GC heap before
{Heap before GC invocations=88 (full 0):
 garbage-first heap   total 495616K, used 139968K [0x0000000700000000, 0x0000000800000000)
  region size 2048K, 12 young (24576K), 1 survivors (2048K)
 Metaspace       used 129690K, committed 130496K, reserved 1179648K
  class space    used 16921K, committed 17280K, reserved 1048576K
}
Event: 372.807 GC heap after
{Heap after GC invocations=89 (full 0):
 garbage-first heap   total 495616K, used 117326K [0x0000000700000000, 0x0000000800000000)
  region size 2048K, 1 young (2048K), 1 survivors (2048K)
 Metaspace       used 129690K, committed 130496K, reserved 1179648K
  class space    used 16921K, committed 17280K, reserved 1048576K
}
Event: 377.343 GC heap before
{Heap before GC invocations=89 (full 0):
 garbage-first heap   total 495616K, used 215630K [0x0000000700000000, 0x0000000800000000)
  region size 2048K, 49 young (100352K), 1 survivors (2048K)
 Metaspace       used 129694K, committed 130496K, reserved 1179648K
  class space    used 16921K, committed 17280K, reserved 1048576K
}
Event: 377.397 GC heap after
{Heap after GC invocations=90 (full 0):
 garbage-first heap   total 495616K, used 117476K [0x0000000700000000, 0x0000000800000000)
  region size 2048K, 1 young (2048K), 1 survivors (2048K)
 Metaspace       used 129694K, committed 130496K, reserved 1179648K
  class space    used 16921K, committed 17280K, reserved 1048576K
}

Dll operation events (12 events):
Event: 0.035 Loaded shared library C:\Users\Admin\.vscode\extensions\redhat.java-1.33.0-win32-x64\jre\17.0.11-win32-x86_64\bin\java.dll
Event: 0.476 Loaded shared library C:\Users\Admin\.vscode\extensions\redhat.java-1.33.0-win32-x64\jre\17.0.11-win32-x86_64\bin\net.dll
Event: 0.482 Loaded shared library C:\Users\Admin\.vscode\extensions\redhat.java-1.33.0-win32-x64\jre\17.0.11-win32-x86_64\bin\nio.dll
Event: 0.530 Loaded shared library C:\Users\Admin\.vscode\extensions\redhat.java-1.33.0-win32-x64\jre\17.0.11-win32-x86_64\bin\zip.dll
Event: 1.295 Loaded shared library C:\Users\Admin\.vscode\extensions\redhat.java-1.33.0-win32-x64\jre\17.0.11-win32-x86_64\bin\jimage.dll
Event: 1.723 Loaded shared library C:\Users\Admin\.vscode\extensions\redhat.java-1.33.0-win32-x64\jre\17.0.11-win32-x86_64\bin\verify.dll
Event: 3.074 Loaded shared library C:\Users\Admin\.gradle\native\c067742578af261105cb4f569cf0c3c89f3d7b1fecec35dd04571415982c5e48\windows-amd64\native-platform.dll
Event: 3.928 Loaded shared library C:\Users\Admin\.gradle\native\38dada09dfb8b06ba9b0570ebf7e218e3eb74d4ef43ca46872605cf95ebc2f47\windows-amd64\native-platform-file-events.dll
Event: 6.620 Loaded shared library C:\Users\Admin\.vscode\extensions\redhat.java-1.33.0-win32-x64\jre\17.0.11-win32-x86_64\bin\management.dll
Event: 6.634 Loaded shared library C:\Users\Admin\.vscode\extensions\redhat.java-1.33.0-win32-x64\jre\17.0.11-win32-x86_64\bin\management_ext.dll
Event: 7.511 Loaded shared library C:\Users\Admin\.vscode\extensions\redhat.java-1.33.0-win32-x64\jre\17.0.11-win32-x86_64\bin\extnet.dll
Event: 8.538 Loaded shared library C:\Users\Admin\.vscode\extensions\redhat.java-1.33.0-win32-x64\jre\17.0.11-win32-x86_64\bin\sunmscapi.dll

Deoptimization events (20 events):
Event: 375.269 Thread 0x00000258cd405a60 DEOPT PACKING pc=0x00000258b67c3998 sp=0x0000005af7ff10f0
Event: 375.269 Thread 0x00000258cd405a60 DEOPT UNPACKING pc=0x00000258b58469a3 sp=0x0000005af7ff1088 mode 2
Event: 375.269 Thread 0x00000258cd405a60 Uncommon trap: trap_request=0xffffffd6 fr.pc=0x00000258b67c3998 relative=0x0000000000000178
Event: 375.269 Thread 0x00000258cd405a60 Uncommon trap: reason=array_check action=maybe_recompile pc=0x00000258b67c3998 method=com.google.common.collect.ImmutableList.copyIntoArray([Ljava/lang/Object;I)I @ 25 c2
Event: 375.269 Thread 0x00000258cd405a60 DEOPT PACKING pc=0x00000258b67c3998 sp=0x0000005af7ff10f0
Event: 375.269 Thread 0x00000258cd405a60 DEOPT UNPACKING pc=0x00000258b58469a3 sp=0x0000005af7ff1088 mode 2
Event: 378.725 Thread 0x00000258cd405a60 Uncommon trap: trap_request=0xffffff45 fr.pc=0x00000258b6470a98 relative=0x0000000000000458
Event: 378.725 Thread 0x00000258cd405a60 Uncommon trap: reason=unstable_if action=reinterpret pc=0x00000258b6470a98 method=org.gradle.internal.normalization.java.impl.ApiMemberSelector.visitInnerClass(Ljava/lang/String;Ljava/lang/String;Ljava/lang/String;I)V @ 40 c2
Event: 378.725 Thread 0x00000258cd405a60 DEOPT PACKING pc=0x00000258b6470a98 sp=0x0000005af7ff1340
Event: 378.725 Thread 0x00000258cd405a60 DEOPT UNPACKING pc=0x00000258b58469a3 sp=0x0000005af7ff12f0 mode 2
Event: 378.911 Thread 0x00000258cd405a60 DEOPT PACKING pc=0x00000258af68b027 sp=0x0000005af7ff1300
Event: 378.913 Thread 0x00000258cd405a60 DEOPT UNPACKING pc=0x00000258b5847143 sp=0x0000005af7ff07c8 mode 0
Event: 380.435 Thread 0x00000258cd405a60 Uncommon trap: trap_request=0xffffff45 fr.pc=0x00000258b677baac relative=0x0000000000006c0c
Event: 380.435 Thread 0x00000258cd405a60 Uncommon trap: reason=unstable_if action=reinterpret pc=0x00000258b677baac method=org.objectweb.asm.ClassReader.accept(Lorg/objectweb/asm/ClassVisitor;[Lorg/objectweb/asm/Attribute;I)V @ 597 c2
Event: 380.436 Thread 0x00000258cd405a60 DEOPT PACKING pc=0x00000258b677baac sp=0x0000005af7ff13e0
Event: 380.436 Thread 0x00000258cd405a60 DEOPT UNPACKING pc=0x00000258b58469a3 sp=0x0000005af7ff13d8 mode 2
Event: 382.279 Thread 0x00000258cd405a60 DEOPT PACKING pc=0x00000258afd634ba sp=0x0000005af7ff1280
Event: 382.279 Thread 0x00000258cd405a60 DEOPT UNPACKING pc=0x00000258b5847143 sp=0x0000005af7ff08d0 mode 0
Event: 383.745 Thread 0x00000258cd405a60 DEOPT PACKING pc=0x00000258afd634ba sp=0x0000005af7ff1280
Event: 383.745 Thread 0x00000258cd405a60 DEOPT UNPACKING pc=0x00000258b5847143 sp=0x0000005af7ff08d0 mode 0

Classes unloaded (15 events):
Event: 36.560 Thread 0x00000258c8f8f390 Unloading class 0x00000008005b83e8 '_BuildScript_$_run_closure1$_closure2'
Event: 36.560 Thread 0x00000258c8f8f390 Unloading class 0x00000008005b8000 '_BuildScript_$_run_closure1'
Event: 36.560 Thread 0x00000258c8f8f390 Unloading class 0x00000008005a8800 '_BuildScript_'
Event: 61.947 Thread 0x00000258c8f8f390 Unloading class 0x000000080063a800 '_BuildScript_'
Event: 61.947 Thread 0x00000258c8f8f390 Unloading class 0x0000000800638918 '_BuildScript_$_run_closure1$_closure2'
Event: 61.947 Thread 0x00000258c8f8f390 Unloading class 0x0000000800638530 '_BuildScript_$_run_closure1'
Event: 61.947 Thread 0x00000258c8f8f390 Unloading class 0x0000000800638000 '_BuildScript_'
Event: 61.947 Thread 0x00000258c8f8f390 Unloading class 0x00000008006310e8 '_BuildScript_$_run_closure1$_closure2'
Event: 61.947 Thread 0x00000258c8f8f390 Unloading class 0x0000000800630d00 '_BuildScript_$_run_closure1'
Event: 61.947 Thread 0x00000258c8f8f390 Unloading class 0x00000008006307d0 '_BuildScript_'
Event: 61.947 Thread 0x00000258c8f8f390 Unloading class 0x00000008006303e8 'ProtobufPatchPlugin$_apply_closure1$_closure2$_closure3$_closure4'
Event: 61.947 Thread 0x00000258c8f8f390 Unloading class 0x0000000800630000 'ProtobufPatchPlugin$_apply_closure1$_closure2$_closure3'
Event: 61.947 Thread 0x00000258c8f8f390 Unloading class 0x000000080062c400 'ProtobufPatchPlugin$_apply_closure1$_closure2'
Event: 61.947 Thread 0x00000258c8f8f390 Unloading class 0x000000080062cac8 'ProtobufPatchPlugin$_apply_closure1'
Event: 61.947 Thread 0x00000258c8f8f390 Unloading class 0x000000080062c800 'ProtobufPatchPlugin'

Classes redefined (0 events):
No events

Internal exceptions (20 events):
Event: 294.621 Thread 0x00000258cd405a60 Exception <a 'java/lang/ClassNotFoundException'{0x000000071110a608}: org/gradle/api/internal/DefaultDomainObjectSet_DecoratedCustomizer> (0x000000071110a608) 
thrown [s\src\hotspot\share\classfile\systemDictionary.cpp, line 256]
Event: 294.753 Thread 0x00000258cd405a60 Exception <a 'java/lang/ClassNotFoundException'{0x0000000710c40180}: org/codehaus/groovy/runtime/MethodClosureBeanInfo> (0x0000000710c40180) 
thrown [s\src\hotspot\share\classfile\systemDictionary.cpp, line 256]
Event: 294.801 Thread 0x00000258cd405a60 Exception <a 'java/lang/ClassNotFoundException'{0x0000000710ae7f58}: org/codehaus/groovy/runtime/MethodClosureCustomizer> (0x0000000710ae7f58) 
thrown [s\src\hotspot\share\classfile\systemDictionary.cpp, line 256]
Event: 294.840 Thread 0x00000258cd405a60 Exception <a 'java/lang/ClassNotFoundException'{0x0000000710b75ee8}: java/util/LinkedHashMapBeanInfo> (0x0000000710b75ee8) 
thrown [s\src\hotspot\share\classfile\systemDictionary.cpp, line 256]
Event: 294.841 Thread 0x00000258cd405a60 Exception <a 'java/lang/ClassNotFoundException'{0x0000000710b80bb8}: java/util/HashMapBeanInfo> (0x0000000710b80bb8) 
thrown [s\src\hotspot\share\classfile\systemDictionary.cpp, line 256]
Event: 294.842 Thread 0x00000258cd405a60 Exception <a 'java/lang/ClassNotFoundException'{0x0000000710b8b888}: java/util/AbstractMapBeanInfo> (0x0000000710b8b888) 
thrown [s\src\hotspot\share\classfile\systemDictionary.cpp, line 256]
Event: 294.844 Thread 0x00000258cd405a60 Exception <a 'java/lang/ClassNotFoundException'{0x0000000710b96580}: java/util/AbstractMapCustomizer> (0x0000000710b96580) 
thrown [s\src\hotspot\share\classfile\systemDictionary.cpp, line 256]
Event: 294.852 Thread 0x00000258cd405a60 Exception <a 'java/lang/ClassNotFoundException'{0x0000000710bab408}: java/util/HashMapCustomizer> (0x0000000710bab408) 
thrown [s\src\hotspot\share\classfile\systemDictionary.cpp, line 256]
Event: 294.856 Thread 0x00000258cd405a60 Exception <a 'java/lang/ClassNotFoundException'{0x0000000710bcd330}: java/util/LinkedHashMapCustomizer> (0x0000000710bcd330) 
thrown [s\src\hotspot\share\classfile\systemDictionary.cpp, line 256]
Event: 294.884 Thread 0x00000258cd405a60 Implicit null exception at 0x00000258b603d248 to 0x00000258b6042f80
Event: 294.921 Thread 0x00000258cd405a60 Exception <a 'java/lang/ClassNotFoundException'{0x0000000710844698}: org/apache/tools/ant/taskdefs/condition/OsBeanInfo> (0x0000000710844698) 
thrown [s\src\hotspot\share\classfile\systemDictionary.cpp, line 256]
Event: 294.931 Thread 0x00000258cd405a60 Exception <a 'java/lang/ClassNotFoundException'{0x0000000710876400}: org/apache/tools/ant/taskdefs/condition/OsCustomizer> (0x0000000710876400) 
thrown [s\src\hotspot\share\classfile\systemDictionary.cpp, line 256]
Event: 295.742 Thread 0x00000258cd405a60 Implicit null exception at 0x00000258b5f41906 to 0x00000258b5f438c4
Event: 295.754 Thread 0x00000258cd405a60 Implicit null exception at 0x00000258b5feb6d8 to 0x00000258b5fecaac
Event: 295.802 Thread 0x00000258cd405a60 Implicit null exception at 0x00000258b5e542b9 to 0x00000258b5e548f8
Event: 295.994 Thread 0x00000258cd405a60 Implicit null exception at 0x00000258b656cd4a to 0x00000258b656f538
Event: 296.043 Thread 0x00000258cd405a60 Implicit null exception at 0x00000258b5f36e97 to 0x00000258b5f37610
Event: 296.115 Thread 0x00000258cd405a60 Implicit null exception at 0x00000258b6485d95 to 0x00000258b6488178
Event: 296.188 Thread 0x00000258cd405a60 Implicit null exception at 0x00000258b644dcdd to 0x00000258b6453590
Event: 306.928 Thread 0x00000258cd405a60 Implicit null exception at 0x00000258b63a871f to 0x00000258b63ae4de

VM Operations (20 events):
Event: 372.804 Executing VM operation: G1CollectForAllocation
Event: 372.808 Executing VM operation: G1CollectForAllocation done
Event: 373.816 Executing VM operation: Cleanup
Event: 373.816 Executing VM operation: Cleanup done
Event: 376.830 Executing VM operation: Cleanup
Event: 376.845 Executing VM operation: Cleanup done
Event: 377.328 Executing VM operation: G1CollectForAllocation
Event: 377.401 Executing VM operation: G1CollectForAllocation done
Event: 378.401 Executing VM operation: Cleanup
Event: 378.402 Executing VM operation: Cleanup done
Event: 379.413 Executing VM operation: Cleanup
Event: 379.413 Executing VM operation: Cleanup done
Event: 380.436 Executing VM operation: HandshakeAllThreads
Event: 380.437 Executing VM operation: HandshakeAllThreads done
Event: 381.450 Executing VM operation: Cleanup
Event: 381.468 Executing VM operation: Cleanup done
Event: 382.480 Executing VM operation: Cleanup
Event: 382.481 Executing VM operation: Cleanup done
Event: 383.495 Executing VM operation: Cleanup
Event: 383.496 Executing VM operation: Cleanup done

Events (20 events):
Event: 382.251 Thread 0x00000258cd10d2c0 flushing nmethod 0x00000258afbbc110
Event: 382.251 Thread 0x00000258cd10d2c0 flushing nmethod 0x00000258afbbc590
Event: 382.252 Thread 0x00000258cd10d2c0 flushing nmethod 0x00000258afbbe690
Event: 382.252 Thread 0x00000258cd10d2c0 flushing nmethod 0x00000258afbbec10
Event: 382.252 Thread 0x00000258cd10d2c0 flushing nmethod 0x00000258afbc1390
Event: 382.252 Thread 0x00000258cd10d2c0 flushing nmethod 0x00000258afbc3190
Event: 382.252 Thread 0x00000258cd10d2c0 flushing nmethod 0x00000258afbc3f90
Event: 382.254 Thread 0x00000258cd10d2c0 flushing nmethod 0x00000258afbc7790
Event: 382.254 Thread 0x00000258cd10d2c0 flushing nmethod 0x00000258afbcda90
Event: 382.254 Thread 0x00000258cd10d2c0 flushing nmethod 0x00000258afbcf990
Event: 382.254 Thread 0x00000258cd10d2c0 flushing nmethod 0x00000258afbd0690
Event: 382.255 Thread 0x00000258cd10d2c0 flushing nmethod 0x00000258afbd2390
Event: 382.255 Thread 0x00000258cd10d2c0 flushing nmethod 0x00000258afbd5d90
Event: 382.256 Thread 0x00000258cd10d2c0 flushing nmethod 0x00000258afbe4790
Event: 382.258 Thread 0x00000258cd10d2c0 flushing nmethod 0x00000258afbfd110
Event: 382.261 Thread 0x00000258cd10d2c0 flushing nmethod 0x00000258afc1e190
Event: 382.261 Thread 0x00000258cd10d2c0 flushing nmethod 0x00000258afc21b90
Event: 382.261 Thread 0x00000258cd10d2c0 flushing nmethod 0x00000258afc22a90
Event: 382.261 Thread 0x00000258cd10d2c0 flushing nmethod 0x00000258afc23590
Event: 382.263 Thread 0x00000258cd10d2c0 flushing nmethod 0x00000258afc5d790


Dynamic libraries:
0x00007ff6a3620000 - 0x00007ff6a362e000 	C:\Users\Admin\.vscode\extensions\redhat.java-1.33.0-win32-x64\jre\17.0.11-win32-x86_64\bin\java.exe
0x00007ff85a3d0000 - 0x00007ff85a5e7000 	C:\WINDOWS\SYSTEM32\ntdll.dll
0x00007ff858d50000 - 0x00007ff858e14000 	C:\WINDOWS\System32\KERNEL32.DLL
0x00007ff8576f0000 - 0x00007ff857a9d000 	C:\WINDOWS\System32\KERNELBASE.dll
0x00007ff857aa0000 - 0x00007ff857bb1000 	C:\WINDOWS\System32\ucrtbase.dll
0x00007ff841bf0000 - 0x00007ff841c07000 	C:\Users\Admin\.vscode\extensions\redhat.java-1.33.0-win32-x64\jre\17.0.11-win32-x86_64\bin\jli.dll
0x00007ff841bc0000 - 0x00007ff841bdb000 	C:\Users\Admin\.vscode\extensions\redhat.java-1.33.0-win32-x64\jre\17.0.11-win32-x86_64\bin\VCRUNTIME140.dll
0x00007ff8581e0000 - 0x00007ff85838e000 	C:\WINDOWS\System32\USER32.dll
0x00007ff858030000 - 0x00007ff858056000 	C:\WINDOWS\System32\win32u.dll
0x00007ff858a90000 - 0x00007ff858ab9000 	C:\WINDOWS\System32\GDI32.dll
0x00007ff857d20000 - 0x00007ff857e39000 	C:\WINDOWS\System32\gdi32full.dll
0x00007ff857bc0000 - 0x00007ff857c5a000 	C:\WINDOWS\System32\msvcp_win.dll
0x00007ff846f60000 - 0x00007ff8471f3000 	C:\WINDOWS\WinSxS\amd64_microsoft.windows.common-controls_6595b64144ccf1df_6.0.22621.3672_none_2713b9d173822955\COMCTL32.dll
0x00007ff858c10000 - 0x00007ff858cb7000 	C:\WINDOWS\System32\msvcrt.dll
0x00007ff8586c0000 - 0x00007ff8586f1000 	C:\WINDOWS\System32\IMM32.DLL
0x00007ff845d50000 - 0x00007ff845d5c000 	C:\Users\Admin\.vscode\extensions\redhat.java-1.33.0-win32-x64\jre\17.0.11-win32-x86_64\bin\vcruntime140_1.dll
0x00007ff81c3a0000 - 0x00007ff81c42d000 	C:\Users\Admin\.vscode\extensions\redhat.java-1.33.0-win32-x64\jre\17.0.11-win32-x86_64\bin\msvcp140.dll
0x00007ffff4be0000 - 0x00007ffff5842000 	C:\Users\Admin\.vscode\extensions\redhat.java-1.33.0-win32-x64\jre\17.0.11-win32-x86_64\bin\server\jvm.dll
0x00007ff858ac0000 - 0x00007ff858b72000 	C:\WINDOWS\System32\ADVAPI32.dll
0x00007ff85a150000 - 0x00007ff85a1f9000 	C:\WINDOWS\System32\sechost.dll
0x00007ff8580d0000 - 0x00007ff8580f8000 	C:\WINDOWS\System32\bcrypt.dll
0x00007ff8596c0000 - 0x00007ff8597d4000 	C:\WINDOWS\System32\RPCRT4.dll
0x00007ff8575b0000 - 0x00007ff8575fd000 	C:\WINDOWS\SYSTEM32\POWRPROF.dll
0x00007ff855240000 - 0x00007ff855274000 	C:\WINDOWS\SYSTEM32\WINMM.dll
0x00007ff842d20000 - 0x00007ff842d29000 	C:\WINDOWS\SYSTEM32\WSOCK32.dll
0x00007ff84e240000 - 0x00007ff84e24a000 	C:\WINDOWS\SYSTEM32\VERSION.dll
0x00007ff85a2b0000 - 0x00007ff85a321000 	C:\WINDOWS\System32\WS2_32.dll
0x00007ff857590000 - 0x00007ff8575a3000 	C:\WINDOWS\SYSTEM32\UMPDC.dll
0x00007ff8566f0000 - 0x00007ff856708000 	C:\WINDOWS\SYSTEM32\kernel.appcore.dll
0x00007ff83dd30000 - 0x00007ff83dd3a000 	C:\Users\Admin\.vscode\extensions\redhat.java-1.33.0-win32-x64\jre\17.0.11-win32-x86_64\bin\jimage.dll
0x00007ff855000000 - 0x00007ff855232000 	C:\WINDOWS\SYSTEM32\DBGHELP.DLL
0x00007ff858700000 - 0x00007ff858a8d000 	C:\WINDOWS\System32\combase.dll
0x00007ff858100000 - 0x00007ff8581d7000 	C:\WINDOWS\System32\OLEAUT32.dll
0x00007ff854e60000 - 0x00007ff854e92000 	C:\WINDOWS\SYSTEM32\dbgcore.DLL
0x00007ff857fb0000 - 0x00007ff85802b000 	C:\WINDOWS\System32\bcryptPrimitives.dll
0x00007ff835730000 - 0x00007ff835755000 	C:\Users\Admin\.vscode\extensions\redhat.java-1.33.0-win32-x64\jre\17.0.11-win32-x86_64\bin\java.dll
0x00007ff835710000 - 0x00007ff835728000 	C:\Users\Admin\.vscode\extensions\redhat.java-1.33.0-win32-x64\jre\17.0.11-win32-x86_64\bin\zip.dll
0x00007ff8597e0000 - 0x00007ff85a047000 	C:\WINDOWS\System32\SHELL32.dll
0x00007ff8555f0000 - 0x00007ff855eee000 	C:\WINDOWS\SYSTEM32\windows.storage.dll
0x00007ff8554b0000 - 0x00007ff8555ef000 	C:\WINDOWS\SYSTEM32\wintypes.dll
0x00007ff85a050000 - 0x00007ff85a149000 	C:\WINDOWS\System32\SHCORE.dll
0x00007ff858cc0000 - 0x00007ff858d1e000 	C:\WINDOWS\System32\shlwapi.dll
0x00007ff857620000 - 0x00007ff857641000 	C:\WINDOWS\SYSTEM32\profapi.dll
0x00007ff833d30000 - 0x00007ff833d49000 	C:\Users\Admin\.vscode\extensions\redhat.java-1.33.0-win32-x64\jre\17.0.11-win32-x86_64\bin\net.dll
0x00007ff8532f0000 - 0x00007ff853426000 	C:\WINDOWS\SYSTEM32\WINHTTP.dll
0x00007ff856b90000 - 0x00007ff856bf9000 	C:\WINDOWS\system32\mswsock.dll
0x00007ff833d10000 - 0x00007ff833d26000 	C:\Users\Admin\.vscode\extensions\redhat.java-1.33.0-win32-x64\jre\17.0.11-win32-x86_64\bin\nio.dll
0x00007ff833d00000 - 0x00007ff833d10000 	C:\Users\Admin\.vscode\extensions\redhat.java-1.33.0-win32-x64\jre\17.0.11-win32-x86_64\bin\verify.dll
0x00007ff84b770000 - 0x00007ff84b797000 	C:\Users\Admin\.gradle\native\c067742578af261105cb4f569cf0c3c89f3d7b1fecec35dd04571415982c5e48\windows-amd64\native-platform.dll
0x00007ff8128f0000 - 0x00007ff812a34000 	C:\Users\Admin\.gradle\native\38dada09dfb8b06ba9b0570ebf7e218e3eb74d4ef43ca46872605cf95ebc2f47\windows-amd64\native-platform-file-events.dll
0x00007ff83de00000 - 0x00007ff83de09000 	C:\Users\Admin\.vscode\extensions\redhat.java-1.33.0-win32-x64\jre\17.0.11-win32-x86_64\bin\management.dll
0x00007ff83ddf0000 - 0x00007ff83ddfb000 	C:\Users\Admin\.vscode\extensions\redhat.java-1.33.0-win32-x64\jre\17.0.11-win32-x86_64\bin\management_ext.dll
0x00007ff85a330000 - 0x00007ff85a338000 	C:\WINDOWS\System32\PSAPI.DLL
0x00007ff856df0000 - 0x00007ff856e0b000 	C:\WINDOWS\SYSTEM32\CRYPTSP.dll
0x00007ff856650000 - 0x00007ff856685000 	C:\WINDOWS\system32\rsaenh.dll
0x00007ff856c90000 - 0x00007ff856cb8000 	C:\WINDOWS\SYSTEM32\USERENV.dll
0x00007ff856e10000 - 0x00007ff856e1c000 	C:\WINDOWS\SYSTEM32\CRYPTBASE.dll
0x00007ff856190000 - 0x00007ff8561bd000 	C:\WINDOWS\SYSTEM32\IPHLPAPI.DLL
0x00007ff8594f0000 - 0x00007ff8594f9000 	C:\WINDOWS\System32\NSI.dll
0x00007ff8532d0000 - 0x00007ff8532e9000 	C:\WINDOWS\SYSTEM32\dhcpcsvc6.DLL
0x00007ff8532b0000 - 0x00007ff8532cf000 	C:\WINDOWS\SYSTEM32\dhcpcsvc.DLL
0x00007ff8561c0000 - 0x00007ff8562b8000 	C:\WINDOWS\SYSTEM32\DNSAPI.dll
0x00007ff820820000 - 0x00007ff820829000 	C:\Users\Admin\.vscode\extensions\redhat.java-1.33.0-win32-x64\jre\17.0.11-win32-x86_64\bin\extnet.dll
0x00007ff83dde0000 - 0x00007ff83ddee000 	C:\Users\Admin\.vscode\extensions\redhat.java-1.33.0-win32-x64\jre\17.0.11-win32-x86_64\bin\sunmscapi.dll
0x00007ff857e40000 - 0x00007ff857fa7000 	C:\WINDOWS\System32\CRYPT32.dll
0x00007ff856fb0000 - 0x00007ff856fde000 	C:\WINDOWS\SYSTEM32\ncrypt.dll
0x00007ff856f70000 - 0x00007ff856fa7000 	C:\WINDOWS\SYSTEM32\NTASN1.dll
0x00007ff842b20000 - 0x00007ff842b28000 	C:\WINDOWS\system32\wshunix.dll
0x00007ff856710000 - 0x00007ff856744000 	C:\WINDOWS\SYSTEM32\ntmarta.dll

dbghelp: loaded successfully - version: 4.0.5 - missing functions: none
symbol engine: initialized successfully - sym options: 0x614 - pdb path: .;C:\Users\Admin\.vscode\extensions\redhat.java-1.33.0-win32-x64\jre\17.0.11-win32-x86_64\bin;C:\WINDOWS\SYSTEM32;C:\WINDOWS\WinSxS\amd64_microsoft.windows.common-controls_6595b64144ccf1df_6.0.22621.3672_none_2713b9d173822955;C:\Users\Admin\.vscode\extensions\redhat.java-1.33.0-win32-x64\jre\17.0.11-win32-x86_64\bin\server;C:\Users\Admin\.gradle\native\c067742578af261105cb4f569cf0c3c89f3d7b1fecec35dd04571415982c5e48\windows-amd64;C:\Users\Admin\.gradle\native\38dada09dfb8b06ba9b0570ebf7e218e3eb74d4ef43ca46872605cf95ebc2f47\windows-amd64

VM Arguments:
jvm_args: -XX:MaxMetaspaceSize=2G -XX:+HeapDumpOnOutOfMemoryError --add-opens=java.base/java.util=ALL-UNNAMED --add-opens=java.base/java.lang=ALL-UNNAMED --add-opens=java.base/java.lang.invoke=ALL-UNNAMED --add-opens=java.prefs/java.util.prefs=ALL-UNNAMED --add-opens=java.base/java.nio.charset=ALL-UNNAMED --add-opens=java.base/java.net=ALL-UNNAMED --add-opens=java.base/java.util.concurrent.atomic=ALL-UNNAMED -Xmx4G -Dfile.encoding=utf8 -Duser.country=IN -Duser.language=en -Duser.variant 
java_command: org.gradle.launcher.daemon.bootstrap.GradleDaemon 7.6.3
java_class_path (initial): C:\Users\Admin\.gradle\wrapper\dists\gradle-7.6.3-all\aocdy2d2z8kodnny3rsumj8i8\gradle-7.6.3\lib\gradle-launcher-7.6.3.jar
Launcher Type: SUN_STANDARD

[Global flags]
     intx CICompilerCount                          = 3                                         {product} {ergonomic}
     uint ConcGCThreads                            = 1                                         {product} {ergonomic}
     uint G1ConcRefinementThreads                  = 4                                         {product} {ergonomic}
   size_t G1HeapRegionSize                         = 2097152                                   {product} {ergonomic}
    uintx GCDrainStackTargetSize                   = 64                                        {product} {ergonomic}
     bool HeapDumpOnOutOfMemoryError               = true                                   {manageable} {command line}
   size_t InitialHeapSize                          = 58720256                                  {product} {ergonomic}
   size_t MarkStackSize                            = 4194304                                   {product} {ergonomic}
   size_t MaxHeapSize                              = 4294967296                                {product} {command line}
   size_t MaxMetaspaceSize                         = 2147483648                                {product} {command line}
   size_t MaxNewSize                               = 2575302656                                {product} {ergonomic}
   size_t MinHeapDeltaBytes                        = 2097152                                   {product} {ergonomic}
   size_t MinHeapSize                              = 8388608                                   {product} {ergonomic}
    uintx NonNMethodCodeHeapSize                   = 5832780                                {pd product} {ergonomic}
    uintx NonProfiledCodeHeapSize                  = 122912730                              {pd product} {ergonomic}
    uintx ProfiledCodeHeapSize                     = 122912730                              {pd product} {ergonomic}
    uintx ReservedCodeCacheSize                    = 251658240                              {pd product} {ergonomic}
     bool SegmentedCodeCache                       = true                                      {product} {ergonomic}
   size_t SoftMaxHeapSize                          = 4294967296                             {manageable} {ergonomic}
     bool UseCompressedClassPointers               = true                           {product lp64_product} {ergonomic}
     bool UseCompressedOops                        = true                           {product lp64_product} {ergonomic}
     bool UseG1GC                                  = true                                      {product} {ergonomic}
     bool UseLargePagesIndividualAllocation        = false                                  {pd product} {ergonomic}

Logging:
Log output configuration:
 #0: stdout all=warning uptime,level,tags
 #1: stderr all=off uptime,level,tags

Environment Variables:
PATH=C:\Program Files\Common Files\Oracle\Java\javapath;C:\WINDOWS\system32;C:\WINDOWS;C:\WINDOWS\System32\Wbem;C:\WINDOWS\System32\WindowsPowerShell\v1.0\;C:\WINDOWS\System32\OpenSSH\;C:\MinGW\bin;C:\Users\Admin\AppData\Roaming\nvm;C:\Program Files\nodejs;C:\Program Files\nodejs\;E:\apache-maven-3.9.8\bin;C:\Program Files\Git\cmd;C:\Program Files\MySQL\MySQL Shell 8.0\bin\;C:\Users\Admin\AppData\Local\Microsoft\WindowsApps;C:\Users\Admin\AppData\Local\Programs\Microsoft VS Code\bin;C:\Users\Admin\AppData\Roaming\nvm;C:\Program Files\nodejs;C:\Users\Admin\AppData\Roaming\npm;C:\flutter\bin;
USERNAME=Deep
OS=Windows_NT
PROCESSOR_IDENTIFIER=AMD64 Family 23 Model 24 Stepping 1, AuthenticAMD
TMP=C:\Users\Admin\AppData\Local\Temp
TEMP=C:\Users\Admin\AppData\Local\Temp



Periodic native trim disabled


---------------  S Y S T E M  ---------------

OS:
 Windows 11 , 64 bit Build 22621 (10.0.22621.3958)
OS uptime: 0 days 1:07 hours
Hyper-V role detected

CPU: total 4 (initial active 4) (4 cores per cpu, 2 threads per core) family 23 model 24 stepping 1 microcode 0x0, cx8, cmov, fxsr, ht, mmx, 3dnowpref, sse, sse2, sse3, ssse3, sse4a, sse4.1, sse4.2, popcnt, lzcnt, tsc, tscinvbit, avx, avx2, aes, clmul, bmi1, bmi2, adx, sha, fma, vzeroupper, clflush, clflushopt, hv
Processor Information for all 4 processors :
  Max Mhz: 2600, Current Mhz: 2600, Mhz Limit: 2600

Memory: 4k page, system-wide physical 3470M (158M free)
TotalPageFile size 14222M (AvailPageFile size 0M)
current process WorkingSet (physical memory assigned to process): 281M, peak: 411M
current process commit charge ("private bytes"): 831M, peak: 848M

vm_info: OpenJDK 64-Bit Server VM (17.0.11+9) for windows-amd64 JRE (17.0.11+9), built on Apr 17 2024 06:07:48 by "admin" with MS VC++ 16.10 / 16.11 (VS2019)

END.
