#
# There is insufficient memory for the Java Runtime Environment to continue.
# Native memory allocation (malloc) failed to allocate 338656 bytes. Error detail: Chunk::new
# Possible reasons:
#   The system is out of physical RAM or swap space
#   This process is running with CompressedOops enabled, and the Java Heap may be blocking the growth of the native heap
# Possible solutions:
#   Reduce memory load on the system
#   Increase physical memory or swap space
#   Check if swap backing store is full
#   Decrease Java heap size (-Xmx/-Xms)
#   Decrease number of Java threads
#   Decrease Java thread stack sizes (-Xss)
#   Set larger code cache with -XX:ReservedCodeCacheSize=
#   JVM is running with Unscaled Compressed Oops mode in which the Java heap is
#     placed in the first 4GB address space. The Java Heap base address is the
#     maximum limit for the native heap growth. Please use -XX:HeapBaseMinAddress
#     to set the Java Heap base and to place the Java Heap above 4GB virtual address.
# This output file may be truncated or incomplete.
#
#  Out of Memory Error (arena.cpp:191), pid=4824, tid=2512
#
# JRE version: OpenJDK Runtime Environment Temurin-17.0.11+9 (17.0.11+9) (build 17.0.11+9)
# Java VM: OpenJDK 64-Bit Server VM Temurin-17.0.11+9 (17.0.11+9, mixed mode, tiered, compressed oops, compressed class ptrs, parallel gc, windows-amd64)
# No core dump will be written. Minidumps are not enabled by default on client versions of Windows
#

---------------  S U M M A R Y ------------

Command Line: --add-modules=ALL-SYSTEM --add-opens=java.base/java.util=ALL-UNNAMED --add-opens=java.base/java.lang=ALL-UNNAMED --add-opens=java.base/sun.nio.fs=ALL-UNNAMED -Declipse.application=org.eclipse.jdt.ls.core.id1 -Dosgi.bundles.defaultStartLevel=4 -Declipse.product=org.eclipse.jdt.ls.core.product -Djava.import.generatesMetadataFilesAtProjectRoot=false -DDetectVMInstallationsJob.disabled=true -Dfile.encoding=utf8 -XX:+UseParallelGC -XX:GCTimeRatio=4 -XX:AdaptiveSizePolicyWeight=90 -Dsun.zip.disableMemoryMapping=true -Xmx1G -Xms100m -Xlog:disable -javaagent:c:\Users\Admin\.vscode\extensions\redhat.java-1.33.0-win32-x64\lombok\lombok-1.18.33.jar -XX:+HeapDumpOnOutOfMemoryError -XX:HeapDumpPath=c:\Users\Admin\AppData\Roaming\Code\User\workspaceStorage\a6f7512796adea0d591b105c861a4ae9\redhat.java -Daether.dependencyCollector.impl=bf c:\Users\Admin\.vscode\extensions\redhat.java-1.33.0-win32-x64\server\plugins\org.eclipse.equinox.launcher_1.6.900.v20240613-2009.jar -configuration c:\Users\Admin\AppData\Roaming\Code\User\globalStorage\redhat.java\1.33.0\config_win -data c:\Users\Admin\AppData\Roaming\Code\User\workspaceStorage\a6f7512796adea0d591b105c861a4ae9\redhat.java\jdt_ws --pipe=\\.\pipe\lsp-102b4dca44aa65782bfcfc756266609e-sock

Host: AMD Ryzen 3 3250U with Radeon Graphics         , 4 cores, 3G,  Windows 11 , 64 bit Build 22621 (10.0.22621.3958)
Time: Wed Aug  7 20:41:48 2024 India Standard Time elapsed time: 6.137894 seconds (0d 0h 0m 6s)

---------------  T H R E A D  ---------------

Current thread (0x0000018c321300c0):  JavaThread "C2 CompilerThread0" daemon [_thread_in_native, id=2512, stack(0x0000004677800000,0x0000004677900000)]


Current CompileTask:
C2:   6138 1125       4       lombok.launch.PackageShader::apply (252 bytes)

Stack: [0x0000004677800000,0x0000004677900000]
Native frames: (J=compiled Java code, j=interpreted, Vv=VM code, C=native code)
V  [jvm.dll+0x67d429]
V  [jvm.dll+0x834b7a]
V  [jvm.dll+0x83663e]
V  [jvm.dll+0x836ca3]
V  [jvm.dll+0x247dbf]
V  [jvm.dll+0xac534]
V  [jvm.dll+0xacb7c]
V  [jvm.dll+0x2af2cf]
V  [jvm.dll+0x5848b7]
V  [jvm.dll+0x222d82]
V  [jvm.dll+0x22317f]
V  [jvm.dll+0x21c2a0]
V  [jvm.dll+0x2197a1]
V  [jvm.dll+0x1a534d]
V  [jvm.dll+0x2295cd]
V  [jvm.dll+0x22779c]
V  [jvm.dll+0x7e9d07]
V  [jvm.dll+0x7e410a]
V  [jvm.dll+0x67c315]
C  [ucrtbase.dll+0x29333]
C  [KERNEL32.DLL+0x1257d]
C  [ntdll.dll+0x5af28]


---------------  P R O C E S S  ---------------

Threads class SMR info:
_java_thread_list=0x0000018c37617780, length=12, elements={
0x0000018c1c36fca0, 0x0000018c320fd010, 0x0000018c320ff450, 0x0000018c3212a320,
0x0000018c3212ae50, 0x0000018c3212c930, 0x0000018c3212d400, 0x0000018c321300c0,
0x0000018c37366c90, 0x0000018c37369960, 0x0000018c37468010, 0x0000018c37635a60
}

Java Threads: ( => current thread )
  0x0000018c1c36fca0 JavaThread "main" [_thread_in_Java, id=6328, stack(0x0000004676f00000,0x0000004677000000)]
  0x0000018c320fd010 JavaThread "Reference Handler" daemon [_thread_blocked, id=4620, stack(0x0000004677200000,0x0000004677300000)]
  0x0000018c320ff450 JavaThread "Finalizer" daemon [_thread_blocked, id=2216, stack(0x0000004677300000,0x0000004677400000)]
  0x0000018c3212a320 JavaThread "Signal Dispatcher" daemon [_thread_blocked, id=7800, stack(0x0000004677400000,0x0000004677500000)]
  0x0000018c3212ae50 JavaThread "Attach Listener" daemon [_thread_blocked, id=6372, stack(0x0000004677500000,0x0000004677600000)]
  0x0000018c3212c930 JavaThread "Service Thread" daemon [_thread_blocked, id=10524, stack(0x0000004677600000,0x0000004677700000)]
  0x0000018c3212d400 JavaThread "Monitor Deflation Thread" daemon [_thread_blocked, id=7048, stack(0x0000004677700000,0x0000004677800000)]
=>0x0000018c321300c0 JavaThread "C2 CompilerThread0" daemon [_thread_in_native, id=2512, stack(0x0000004677800000,0x0000004677900000)]
  0x0000018c37366c90 JavaThread "C1 CompilerThread0" daemon [_thread_in_native, id=2732, stack(0x0000004677900000,0x0000004677a00000)]
  0x0000018c37369960 JavaThread "Sweeper thread" daemon [_thread_blocked, id=7348, stack(0x0000004677a00000,0x0000004677b00000)]
  0x0000018c37468010 JavaThread "Common-Cleaner" daemon [_thread_blocked, id=3584, stack(0x0000004677b00000,0x0000004677c00000)]
  0x0000018c37635a60 JavaThread "Notification Thread" daemon [_thread_blocked, id=9740, stack(0x0000004677c00000,0x0000004677d00000)]

Other Threads:
  0x0000018c320e8000 VMThread "VM Thread" [stack: 0x0000004677100000,0x0000004677200000] [id=7768]
  0x0000018c37635f40 WatcherThread [stack: 0x0000004677d00000,0x0000004677e00000] [id=10940]
  0x0000018c1c383770 GCTaskThread "GC Thread#0" [stack: 0x0000004677000000,0x0000004677100000] [id=3768]
  0x0000018c37b37170 GCTaskThread "GC Thread#1" [stack: 0x0000004677e00000,0x0000004677f00000] [id=10444]
  0x0000018c37b37430 GCTaskThread "GC Thread#2" [stack: 0x0000004677f00000,0x0000004678000000] [id=10532]
  0x0000018c37b376f0 GCTaskThread "GC Thread#3" [stack: 0x0000004678000000,0x0000004678100000] [id=5228]

Threads with active compile tasks:
C2 CompilerThread0     6195 1125       4       lombok.launch.PackageShader::apply (252 bytes)

VM state: not at safepoint (normal execution)

VM Mutex/Monitor currently owned by a thread: None

Heap address: 0x00000000c0000000, size: 1024 MB, Compressed Oops mode: 32-bit

CDS archive(s) not mapped
Compressed class space mapped at: 0x0000000100000000-0x0000000140000000, reserved size: 1073741824
Narrow klass base: 0x0000000000000000, Narrow klass shift: 3, Narrow klass range: 0x140000000

GC Precious Log:
 CPUs: 4 total, 4 available
 Memory: 3470M
 Large Page Support: Disabled
 NUMA Support: Disabled
 Compressed Oops: Enabled (32-bit)
 Alignments: Space 512K, Generation 512K, Heap 2M
 Heap Min Capacity: 100M
 Heap Initial Capacity: 100M
 Heap Max Capacity: 1G
 Pre-touch: Disabled
 Parallel Workers: 4

Heap:
 PSYoungGen      total 29696K, used 11697K [0x00000000eab00000, 0x00000000ecc00000, 0x0000000100000000)
  eden space 25600K, 33% used [0x00000000eab00000,0x00000000eb3532f0,0x00000000ec400000)
  from space 4096K, 77% used [0x00000000ec400000,0x00000000ec7192e0,0x00000000ec800000)
  to   space 4096K, 0% used [0x00000000ec800000,0x00000000ec800000,0x00000000ecc00000)
 ParOldGen       total 68608K, used 0K [0x00000000c0000000, 0x00000000c4300000, 0x00000000eab00000)
  object space 68608K, 0% used [0x00000000c0000000,0x00000000c0000000,0x00000000c4300000)
 Metaspace       used 12233K, committed 12416K, reserved 1114112K
  class space    used 1195K, committed 1280K, reserved 1048576K

Card table byte_map: [0x0000018c2f9c0000,0x0000018c2fbd0000] _byte_map_base: 0x0000018c2f3c0000

Marking Bits: (ParMarkBitMap*) 0x00007ffe9693d820
 Begin Bits: [0x0000018c2fd30000, 0x0000018c30d30000)
 End Bits:   [0x0000018c30d30000, 0x0000018c31d30000)

Polling page: 0x0000018c1c420000

Metaspace:

Usage:
  Non-class:     10.78 MB used.
      Class:      1.17 MB used.
       Both:     11.95 MB used.

Virtual space:
  Non-class space:       64.00 MB reserved,      10.88 MB ( 17%) committed,  1 nodes.
      Class space:        1.00 GB reserved,       1.25 MB ( <1%) committed,  1 nodes.
             Both:        1.06 GB reserved,      12.12 MB (  1%) committed. 

Chunk freelists:
   Non-Class:  4.31 MB
       Class:  14.61 MB
        Both:  18.92 MB

MaxMetaspaceSize: unlimited
CompressedClassSpaceSize: 1.00 GB
Initial GC threshold: 21.00 MB
Current GC threshold: 21.00 MB
CDS: off
MetaspaceReclaimPolicy: balanced
 - commit_granule_bytes: 65536.
 - commit_granule_words: 8192.
 - virtual_space_node_default_size: 8388608.
 - enlarge_chunks_in_place: 1.
 - new_chunks_are_fully_committed: 0.
 - uncommit_free_chunks: 1.
 - use_allocation_guard: 0.
 - handle_deallocations: 1.


Internal statistics:

num_allocs_failed_limit: 0.
num_arena_births: 30.
num_arena_deaths: 0.
num_vsnodes_births: 2.
num_vsnodes_deaths: 0.
num_space_committed: 194.
num_space_uncommitted: 0.
num_chunks_returned_to_freelist: 0.
num_chunks_taken_from_freelist: 140.
num_chunk_merges: 0.
num_chunk_splits: 96.
num_chunks_enlarged: 84.
num_inconsistent_stats: 0.

CodeHeap 'non-profiled nmethods': size=120000Kb used=456Kb max_used=456Kb free=119543Kb
 bounds [0x0000018c282b0000, 0x0000018c28520000, 0x0000018c2f7e0000]
CodeHeap 'profiled nmethods': size=120000Kb used=2061Kb max_used=2061Kb free=117938Kb
 bounds [0x0000018c207e0000, 0x0000018c20a50000, 0x0000018c27d10000]
CodeHeap 'non-nmethods': size=5760Kb used=1145Kb max_used=1167Kb free=4614Kb
 bounds [0x0000018c27d10000, 0x0000018c27f80000, 0x0000018c282b0000]
 total_blobs=1592 nmethods=1154 adapters=353
 compilation: enabled
              stopped_count=0, restarted_count=0
 full_count=0

Compilation events (20 events):
Event: 6.031 Thread 0x0000018c37366c90 1132       3       org.lombokweb.asm.Symbol::<init> (38 bytes)
Event: 6.032 Thread 0x0000018c37366c90 nmethod 1132 0x0000018c209d5790 code [0x0000018c209d5920, 0x0000018c209d5ad8]
Event: 6.040 Thread 0x0000018c37366c90 1133       3       org.lombokweb.asm.SymbolTable::add (39 bytes)
Event: 6.040 Thread 0x0000018c37366c90 nmethod 1133 0x0000018c209d5c10 code [0x0000018c209d5dc0, 0x0000018c209d6078]
Event: 6.042 Thread 0x0000018c37366c90 1134       3       org.lombokweb.asm.ClassReader::readUTF8 (23 bytes)
Event: 6.043 Thread 0x0000018c37366c90 nmethod 1134 0x0000018c209d6190 code [0x0000018c209d6340, 0x0000018c209d6598]
Event: 6.043 Thread 0x0000018c37366c90 1135       3       org.lombokweb.asm.SymbolTable::hash (10 bytes)
Event: 6.043 Thread 0x0000018c37366c90 nmethod 1135 0x0000018c209d6690 code [0x0000018c209d6820, 0x0000018c209d6948]
Event: 6.044 Thread 0x0000018c37366c90 1136       3       org.lombokweb.asm.SymbolTable$Entry::<init> (17 bytes)
Event: 6.044 Thread 0x0000018c37366c90 nmethod 1136 0x0000018c209d6a10 code [0x0000018c209d6bc0, 0x0000018c209d6d48]
Event: 6.044 Thread 0x0000018c37366c90 1137       3       org.lombokweb.asm.SymbolTable::addConstantUtf8 (20 bytes)
Event: 6.044 Thread 0x0000018c37366c90 nmethod 1137 0x0000018c209d6e10 code [0x0000018c209d6fe0, 0x0000018c209d7288]
Event: 6.050 Thread 0x0000018c321300c0 nmethod 1122 0x0000018c2831de90 code [0x0000018c2831e120, 0x0000018c28320330]
Event: 6.051 Thread 0x0000018c321300c0 1127       4       java.net.URI::match (56 bytes)
Event: 6.053 Thread 0x0000018c37366c90 1138       3       java.io.File::getAbsolutePath (8 bytes)
Event: 6.053 Thread 0x0000018c321300c0 nmethod 1127 0x0000018c28322010 code [0x0000018c28322180, 0x0000018c28322258]
Event: 6.053 Thread 0x0000018c321300c0 1125       4       lombok.launch.PackageShader::apply (252 bytes)
Event: 6.054 Thread 0x0000018c37366c90 nmethod 1138 0x0000018c209d7410 code [0x0000018c209d75c0, 0x0000018c209d7728]
Event: 6.060 Thread 0x0000018c37366c90 1139       3       java.io.File::<init> (47 bytes)
Event: 6.061 Thread 0x0000018c37366c90 nmethod 1139 0x0000018c209d7810 code [0x0000018c209d79e0, 0x0000018c209d7d28]

GC Heap History (2 events):
Event: 5.125 GC heap before
{Heap before GC invocations=1 (full 0):
 PSYoungGen      total 29696K, used 25600K [0x00000000eab00000, 0x00000000ecc00000, 0x0000000100000000)
  eden space 25600K, 100% used [0x00000000eab00000,0x00000000ec400000,0x00000000ec400000)
  from space 4096K, 0% used [0x00000000ec800000,0x00000000ec800000,0x00000000ecc00000)
  to   space 4096K, 0% used [0x00000000ec400000,0x00000000ec400000,0x00000000ec800000)
 ParOldGen       total 68608K, used 0K [0x00000000c0000000, 0x00000000c4300000, 0x00000000eab00000)
  object space 68608K, 0% used [0x00000000c0000000,0x00000000c0000000,0x00000000c4300000)
 Metaspace       used 11011K, committed 11200K, reserved 1114112K
  class space    used 1098K, committed 1216K, reserved 1048576K
}
Event: 5.162 GC heap after
{Heap after GC invocations=1 (full 0):
 PSYoungGen      total 29696K, used 3172K [0x00000000eab00000, 0x00000000ecc00000, 0x0000000100000000)
  eden space 25600K, 0% used [0x00000000eab00000,0x00000000eab00000,0x00000000ec400000)
  from space 4096K, 77% used [0x00000000ec400000,0x00000000ec7192e0,0x00000000ec800000)
  to   space 4096K, 0% used [0x00000000ec800000,0x00000000ec800000,0x00000000ecc00000)
 ParOldGen       total 68608K, used 0K [0x00000000c0000000, 0x00000000c4300000, 0x00000000eab00000)
  object space 68608K, 0% used [0x00000000c0000000,0x00000000c0000000,0x00000000c4300000)
 Metaspace       used 11011K, committed 11200K, reserved 1114112K
  class space    used 1098K, committed 1216K, reserved 1048576K
}

Dll operation events (8 events):
Event: 0.020 Loaded shared library c:\Users\Admin\.vscode\extensions\redhat.java-1.33.0-win32-x64\jre\17.0.11-win32-x86_64\bin\java.dll
Event: 1.244 Loaded shared library c:\Users\Admin\.vscode\extensions\redhat.java-1.33.0-win32-x64\jre\17.0.11-win32-x86_64\bin\zip.dll
Event: 1.251 Loaded shared library C:\Users\Admin\.vscode\extensions\redhat.java-1.33.0-win32-x64\jre\17.0.11-win32-x86_64\bin\instrument.dll
Event: 1.396 Loaded shared library C:\Users\Admin\.vscode\extensions\redhat.java-1.33.0-win32-x64\jre\17.0.11-win32-x86_64\bin\net.dll
Event: 1.403 Loaded shared library C:\Users\Admin\.vscode\extensions\redhat.java-1.33.0-win32-x64\jre\17.0.11-win32-x86_64\bin\nio.dll
Event: 1.470 Loaded shared library C:\Users\Admin\.vscode\extensions\redhat.java-1.33.0-win32-x64\jre\17.0.11-win32-x86_64\bin\zip.dll
Event: 1.532 Loaded shared library C:\Users\Admin\.vscode\extensions\redhat.java-1.33.0-win32-x64\jre\17.0.11-win32-x86_64\bin\jimage.dll
Event: 1.847 Loaded shared library c:\Users\Admin\.vscode\extensions\redhat.java-1.33.0-win32-x64\jre\17.0.11-win32-x86_64\bin\verify.dll

Deoptimization events (20 events):
Event: 4.836 Thread 0x0000018c1c36fca0 DEOPT PACKING pc=0x0000018c28300614 sp=0x0000004676ffe260
Event: 4.836 Thread 0x0000018c1c36fca0 DEOPT UNPACKING pc=0x0000018c27d666a3 sp=0x0000004676ffe1f8 mode 2
Event: 5.806 Thread 0x0000018c1c36fca0 Uncommon trap: trap_request=0xffffff45 fr.pc=0x0000018c282e647c relative=0x0000000000000f3c
Event: 5.806 Thread 0x0000018c1c36fca0 Uncommon trap: reason=unstable_if action=reinterpret pc=0x0000018c282e647c method=lombok.patcher.PatchScript.classMatches(Ljava/lang/String;Ljava/util/Collection;)Z @ 25 c2
Event: 5.806 Thread 0x0000018c1c36fca0 DEOPT PACKING pc=0x0000018c282e647c sp=0x0000004676ff8590
Event: 5.830 Thread 0x0000018c1c36fca0 DEOPT UNPACKING pc=0x0000018c27d666a3 sp=0x0000004676ff84e8 mode 2
Event: 5.830 Thread 0x0000018c1c36fca0 Uncommon trap: trap_request=0xffffff45 fr.pc=0x0000018c28300ce8 relative=0x0000000000000448
Event: 5.830 Thread 0x0000018c1c36fca0 Uncommon trap: reason=unstable_if action=reinterpret pc=0x0000018c28300ce8 method=java.lang.String.<init>([BIILjava/nio/charset/Charset;)V @ 47 c2
Event: 5.830 Thread 0x0000018c1c36fca0 DEOPT PACKING pc=0x0000018c28300ce8 sp=0x0000004676ff7950
Event: 5.830 Thread 0x0000018c1c36fca0 DEOPT UNPACKING pc=0x0000018c27d666a3 sp=0x0000004676ff7908 mode 2
Event: 5.844 Thread 0x0000018c1c36fca0 DEOPT PACKING pc=0x0000018c20851945 sp=0x0000004676ff7a20
Event: 5.844 Thread 0x0000018c1c36fca0 DEOPT UNPACKING pc=0x0000018c27d66e43 sp=0x0000004676ff6ed0 mode 0
Event: 5.869 Thread 0x0000018c1c36fca0 DEOPT PACKING pc=0x0000018c20851945 sp=0x0000004676ff3e00
Event: 5.869 Thread 0x0000018c1c36fca0 DEOPT UNPACKING pc=0x0000018c27d66e43 sp=0x0000004676ff32b0 mode 0
Event: 5.878 Thread 0x0000018c1c36fca0 DEOPT PACKING pc=0x0000018c20851945 sp=0x0000004676ff3e00
Event: 5.878 Thread 0x0000018c1c36fca0 DEOPT UNPACKING pc=0x0000018c27d66e43 sp=0x0000004676ff32b0 mode 0
Event: 5.953 Thread 0x0000018c1c36fca0 DEOPT PACKING pc=0x0000018c20851945 sp=0x0000004676ff3e00
Event: 5.953 Thread 0x0000018c1c36fca0 DEOPT UNPACKING pc=0x0000018c27d66e43 sp=0x0000004676ff32b0 mode 0
Event: 5.972 Thread 0x0000018c1c36fca0 DEOPT PACKING pc=0x0000018c20851945 sp=0x0000004676ff7930
Event: 5.972 Thread 0x0000018c1c36fca0 DEOPT UNPACKING pc=0x0000018c27d66e43 sp=0x0000004676ff6de0 mode 0

Classes unloaded (0 events):
No events

Classes redefined (0 events):
No events

Internal exceptions (20 events):
Event: 3.483 Thread 0x0000018c1c36fca0 Exception <a 'java/io/FileNotFoundException'{0x00000000eb87b570}> (0x00000000eb87b570) 
thrown [s\src\hotspot\share\prims\jni.cpp, line 516]
Event: 3.483 Thread 0x0000018c1c36fca0 Exception <a 'java/io/FileNotFoundException'{0x00000000eb87c260}> (0x00000000eb87c260) 
thrown [s\src\hotspot\share\prims\jni.cpp, line 516]
Event: 3.484 Thread 0x0000018c1c36fca0 Exception <a 'java/io/FileNotFoundException'{0x00000000eb87cf20}> (0x00000000eb87cf20) 
thrown [s\src\hotspot\share\prims\jni.cpp, line 516]
Event: 3.594 Thread 0x0000018c1c36fca0 Implicit null exception at 0x0000018c282d45f2 to 0x0000018c282d4b10
Event: 3.604 Thread 0x0000018c1c36fca0 Exception <a 'java/io/FileNotFoundException'{0x00000000eb8b5f70}> (0x00000000eb8b5f70) 
thrown [s\src\hotspot\share\prims\jni.cpp, line 516]
Event: 4.602 Thread 0x0000018c1c36fca0 Exception <a 'java/lang/ClassNotFoundException'{0x00000000ec0d4778}: sun/net/www/protocol/c/Handler> (0x00000000ec0d4778) 
thrown [s\src\hotspot\share\classfile\systemDictionary.cpp, line 256]
Event: 4.611 Thread 0x0000018c1c36fca0 Exception <a 'java/lang/ClassNotFoundException'{0x00000000ec0d5a70}: sun/net/www/protocol/d/Handler> (0x00000000ec0d5a70) 
thrown [s\src\hotspot\share\classfile\systemDictionary.cpp, line 256]
Event: 4.612 Thread 0x0000018c1c36fca0 Exception <a 'java/lang/ClassNotFoundException'{0x00000000ec0d6b80}: sun/net/www/protocol/c/Handler> (0x00000000ec0d6b80) 
thrown [s\src\hotspot\share\classfile\systemDictionary.cpp, line 256]
Event: 4.655 Thread 0x0000018c1c36fca0 Exception <a 'java/io/FileNotFoundException'{0x00000000ec0fe2a0}> (0x00000000ec0fe2a0) 
thrown [s\src\hotspot\share\prims\jni.cpp, line 516]
Event: 4.835 Thread 0x0000018c1c36fca0 Implicit null exception at 0x0000018c28306efb to 0x0000018c28307894
Event: 4.835 Thread 0x0000018c1c36fca0 Implicit null exception at 0x0000018c282fc171 to 0x0000018c282fc35c
Event: 4.835 Thread 0x0000018c1c36fca0 Implicit null exception at 0x0000018c283067f1 to 0x0000018c283069d8
Event: 4.836 Thread 0x0000018c1c36fca0 Implicit null exception at 0x0000018c2830058f to 0x0000018c28300605
Event: 5.093 Thread 0x0000018c1c36fca0 Exception <a 'java/lang/NoSuchMethodError'{0x00000000ec3d7680}: 'int java.lang.invoke.DirectMethodHandle$Holder.invokeStaticInit(java.lang.Object, java.lang.Object, java.lang.Object, java.lang.Object)'> (0x00000000ec3d7680) 
thrown [s\src\hotspot\share\interpreter\linkResolver.cpp, line 759]
Event: 5.097 Thread 0x0000018c1c36fca0 Exception <a 'java/lang/NoSuchMethodError'{0x00000000ec3e1cf0}: 'java.lang.Object java.lang.invoke.DirectMethodHandle$Holder.invokeInterface(java.lang.Object, java.lang.Object)'> (0x00000000ec3e1cf0) 
thrown [s\src\hotspot\share\interpreter\linkResolver.cpp, line 759]
Event: 5.098 Thread 0x0000018c1c36fca0 Exception <a 'java/lang/IncompatibleClassChangeError'{0x00000000ec3e54e8}: Found class java.lang.Object, but interface was expected> (0x00000000ec3e54e8) 
thrown [s\src\hotspot\share\interpreter\linkResolver.cpp, line 826]
Event: 5.109 Thread 0x0000018c1c36fca0 Exception <a 'java/lang/NoSuchMethodError'{0x00000000ec3e99d8}: 'void java.lang.invoke.DirectMethodHandle$Holder.invokeStatic(java.lang.Object, java.lang.Object)'> (0x00000000ec3e99d8) 
thrown [s\src\hotspot\share\interpreter\linkResolver.cpp, line 759]
Event: 5.112 Thread 0x0000018c1c36fca0 Exception <a 'java/lang/NoSuchMethodError'{0x00000000ec3ed1d8}: 'void java.lang.invoke.DirectMethodHandle$Holder.invokeStaticInit(java.lang.Object, java.lang.Object)'> (0x00000000ec3ed1d8) 
thrown [s\src\hotspot\share\interpreter\linkResolver.cpp, line 759]
Event: 5.115 Thread 0x0000018c1c36fca0 Exception <a 'java/lang/NoSuchMethodError'{0x00000000ec3f4668}: 'int java.lang.invoke.DirectMethodHandle$Holder.invokeStaticInit(java.lang.Object, java.lang.Object)'> (0x00000000ec3f4668) 
thrown [s\src\hotspot\share\interpreter\linkResolver.cpp, line 759]
Event: 5.424 Thread 0x0000018c1c36fca0 Exception <a 'java/lang/NoSuchMethodError'{0x00000000eac80088}: 'void java.lang.invoke.DirectMethodHandle$Holder.invokeSpecial(java.lang.Object, java.lang.Object, java.lang.Object)'> (0x00000000eac80088) 
thrown [s\src\hotspot\share\interpreter\linkResolver.cpp, line 759]

VM Operations (16 events):
Event: 1.154 Executing VM operation: HandshakeAllThreads
Event: 1.154 Executing VM operation: HandshakeAllThreads done
Event: 1.638 Executing VM operation: HandshakeAllThreads
Event: 1.638 Executing VM operation: HandshakeAllThreads done
Event: 1.638 Executing VM operation: Cleanup
Event: 1.638 Executing VM operation: Cleanup done
Event: 2.646 Executing VM operation: Cleanup
Event: 2.662 Executing VM operation: Cleanup done
Event: 3.138 Executing VM operation: HandshakeAllThreads
Event: 3.138 Executing VM operation: HandshakeAllThreads done
Event: 3.447 Executing VM operation: HandshakeAllThreads
Event: 3.447 Executing VM operation: HandshakeAllThreads done
Event: 4.448 Executing VM operation: Cleanup
Event: 4.454 Executing VM operation: Cleanup done
Event: 5.124 Executing VM operation: ParallelGCFailedAllocation
Event: 5.162 Executing VM operation: ParallelGCFailedAllocation done

Events (20 events):
Event: 5.544 loading class java/util/concurrent/SynchronousQueue$TransferStack
Event: 5.544 loading class java/util/concurrent/SynchronousQueue$Transferer
Event: 5.544 loading class java/util/concurrent/SynchronousQueue$Transferer done
Event: 5.544 loading class java/util/concurrent/SynchronousQueue$TransferStack done
Event: 5.545 loading class java/util/concurrent/SynchronousQueue$TransferStack$SNode
Event: 5.545 loading class java/util/concurrent/ForkJoinPool$ManagedBlocker
Event: 5.545 loading class java/util/concurrent/ForkJoinPool$ManagedBlocker done
Event: 5.545 loading class java/util/concurrent/SynchronousQueue$TransferStack$SNode done
Event: 5.547 loading class java/util/concurrent/RejectedExecutionHandler
Event: 5.547 loading class java/util/concurrent/RejectedExecutionHandler done
Event: 5.547 loading class java/util/concurrent/LinkedBlockingQueue
Event: 5.548 loading class java/util/concurrent/LinkedBlockingQueue done
Event: 5.548 loading class java/util/concurrent/LinkedBlockingQueue$Node
Event: 5.548 loading class java/util/concurrent/LinkedBlockingQueue$Node done
Event: 5.697 loading class java/util/concurrent/Semaphore$NonfairSync
Event: 5.697 loading class java/util/concurrent/Semaphore$Sync
Event: 5.697 loading class java/util/concurrent/Semaphore$Sync done
Event: 5.697 loading class java/util/concurrent/Semaphore$NonfairSync done
Event: 5.936 loading class java/lang/TypeNotPresentException
Event: 5.936 loading class java/lang/TypeNotPresentException done


Dynamic libraries:
0x00007ff736140000 - 0x00007ff73614e000 	c:\Users\Admin\.vscode\extensions\redhat.java-1.33.0-win32-x64\jre\17.0.11-win32-x86_64\bin\java.exe
0x00007ffed7cf0000 - 0x00007ffed7f07000 	C:\WINDOWS\SYSTEM32\ntdll.dll
0x00007ffed6810000 - 0x00007ffed68d4000 	C:\WINDOWS\System32\KERNEL32.DLL
0x00007ffed5010000 - 0x00007ffed53bd000 	C:\WINDOWS\System32\KERNELBASE.dll
0x00007ffed53f0000 - 0x00007ffed5501000 	C:\WINDOWS\System32\ucrtbase.dll
0x00007ffec3410000 - 0x00007ffec3427000 	c:\Users\Admin\.vscode\extensions\redhat.java-1.33.0-win32-x64\jre\17.0.11-win32-x86_64\bin\jli.dll
0x00007ffed6cd0000 - 0x00007ffed6e7e000 	C:\WINDOWS\System32\USER32.dll
0x00007ffed53c0000 - 0x00007ffed53e6000 	C:\WINDOWS\System32\win32u.dll
0x00007ffed67e0000 - 0x00007ffed6809000 	C:\WINDOWS\System32\GDI32.dll
0x00007ffed57a0000 - 0x00007ffed58b9000 	C:\WINDOWS\System32\gdi32full.dll
0x00007ffed58c0000 - 0x00007ffed595a000 	C:\WINDOWS\System32\msvcp_win.dll
0x00007ffec2040000 - 0x00007ffec205b000 	c:\Users\Admin\.vscode\extensions\redhat.java-1.33.0-win32-x64\jre\17.0.11-win32-x86_64\bin\VCRUNTIME140.dll
0x00007ffec4880000 - 0x00007ffec4b13000 	C:\WINDOWS\WinSxS\amd64_microsoft.windows.common-controls_6595b64144ccf1df_6.0.22621.3672_none_2713b9d173822955\COMCTL32.dll
0x00007ffed5e90000 - 0x00007ffed5f37000 	C:\WINDOWS\System32\msvcrt.dll
0x00007ffed6c90000 - 0x00007ffed6cc1000 	C:\WINDOWS\System32\IMM32.DLL
0x00007ffec8d80000 - 0x00007ffec8d8c000 	c:\Users\Admin\.vscode\extensions\redhat.java-1.33.0-win32-x64\jre\17.0.11-win32-x86_64\bin\vcruntime140_1.dll
0x00007ffeb2a40000 - 0x00007ffeb2acd000 	c:\Users\Admin\.vscode\extensions\redhat.java-1.33.0-win32-x64\jre\17.0.11-win32-x86_64\bin\msvcp140.dll
0x00007ffe95da0000 - 0x00007ffe96a02000 	c:\Users\Admin\.vscode\extensions\redhat.java-1.33.0-win32-x64\jre\17.0.11-win32-x86_64\bin\server\jvm.dll
0x00007ffed5d80000 - 0x00007ffed5e32000 	C:\WINDOWS\System32\ADVAPI32.dll
0x00007ffed7b10000 - 0x00007ffed7bb9000 	C:\WINDOWS\System32\sechost.dll
0x00007ffed5510000 - 0x00007ffed5538000 	C:\WINDOWS\System32\bcrypt.dll
0x00007ffed6e80000 - 0x00007ffed6f94000 	C:\WINDOWS\System32\RPCRT4.dll
0x00007ffed4ed0000 - 0x00007ffed4f1d000 	C:\WINDOWS\SYSTEM32\POWRPROF.dll
0x00007ffec8b10000 - 0x00007ffec8b19000 	C:\WINDOWS\SYSTEM32\WSOCK32.dll
0x00007ffed5b80000 - 0x00007ffed5bf1000 	C:\WINDOWS\System32\WS2_32.dll
0x00007ffed2b60000 - 0x00007ffed2b94000 	C:\WINDOWS\SYSTEM32\WINMM.dll
0x00007ffecc050000 - 0x00007ffecc05a000 	C:\WINDOWS\SYSTEM32\VERSION.dll
0x00007ffed4eb0000 - 0x00007ffed4ec3000 	C:\WINDOWS\SYSTEM32\UMPDC.dll
0x00007ffed4010000 - 0x00007ffed4028000 	C:\WINDOWS\SYSTEM32\kernel.appcore.dll
0x00007ffec4580000 - 0x00007ffec458a000 	c:\Users\Admin\.vscode\extensions\redhat.java-1.33.0-win32-x64\jre\17.0.11-win32-x86_64\bin\jimage.dll
0x00007ffed2920000 - 0x00007ffed2b52000 	C:\WINDOWS\SYSTEM32\DBGHELP.DLL
0x00007ffed6900000 - 0x00007ffed6c8d000 	C:\WINDOWS\System32\combase.dll
0x00007ffed7bd0000 - 0x00007ffed7ca7000 	C:\WINDOWS\System32\OLEAUT32.dll
0x00007ffed28e0000 - 0x00007ffed2912000 	C:\WINDOWS\SYSTEM32\dbgcore.DLL
0x00007ffed55b0000 - 0x00007ffed562b000 	C:\WINDOWS\System32\bcryptPrimitives.dll
0x00007ffec43f0000 - 0x00007ffec43fe000 	c:\Users\Admin\.vscode\extensions\redhat.java-1.33.0-win32-x64\jre\17.0.11-win32-x86_64\bin\instrument.dll
0x00007ffec1fc0000 - 0x00007ffec1fe5000 	c:\Users\Admin\.vscode\extensions\redhat.java-1.33.0-win32-x64\jre\17.0.11-win32-x86_64\bin\java.dll
0x00007ffec0480000 - 0x00007ffec0498000 	c:\Users\Admin\.vscode\extensions\redhat.java-1.33.0-win32-x64\jre\17.0.11-win32-x86_64\bin\zip.dll
0x00007ffed6fa0000 - 0x00007ffed7807000 	C:\WINDOWS\System32\SHELL32.dll
0x00007ffed2f10000 - 0x00007ffed380e000 	C:\WINDOWS\SYSTEM32\windows.storage.dll
0x00007ffed2dd0000 - 0x00007ffed2f0f000 	C:\WINDOWS\SYSTEM32\wintypes.dll
0x00007ffed60b0000 - 0x00007ffed61a9000 	C:\WINDOWS\System32\SHCORE.dll
0x00007ffed7810000 - 0x00007ffed786e000 	C:\WINDOWS\System32\shlwapi.dll
0x00007ffed4f40000 - 0x00007ffed4f61000 	C:\WINDOWS\SYSTEM32\profapi.dll
0x00007ffec4400000 - 0x00007ffec4419000 	C:\Users\Admin\.vscode\extensions\redhat.java-1.33.0-win32-x64\jre\17.0.11-win32-x86_64\bin\net.dll
0x00007ffed0a20000 - 0x00007ffed0b56000 	C:\WINDOWS\SYSTEM32\WINHTTP.dll
0x00007ffed4490000 - 0x00007ffed44f9000 	C:\WINDOWS\system32\mswsock.dll
0x00007ffec3430000 - 0x00007ffec3446000 	C:\Users\Admin\.vscode\extensions\redhat.java-1.33.0-win32-x64\jre\17.0.11-win32-x86_64\bin\nio.dll
0x00007ffec9b20000 - 0x00007ffec9b30000 	c:\Users\Admin\.vscode\extensions\redhat.java-1.33.0-win32-x64\jre\17.0.11-win32-x86_64\bin\verify.dll

dbghelp: loaded successfully - version: 4.0.5 - missing functions: none
symbol engine: initialized successfully - sym options: 0x614 - pdb path: .;c:\Users\Admin\.vscode\extensions\redhat.java-1.33.0-win32-x64\jre\17.0.11-win32-x86_64\bin;C:\WINDOWS\SYSTEM32;C:\WINDOWS\WinSxS\amd64_microsoft.windows.common-controls_6595b64144ccf1df_6.0.22621.3672_none_2713b9d173822955;c:\Users\Admin\.vscode\extensions\redhat.java-1.33.0-win32-x64\jre\17.0.11-win32-x86_64\bin\server

VM Arguments:
jvm_args: --add-modules=ALL-SYSTEM --add-opens=java.base/java.util=ALL-UNNAMED --add-opens=java.base/java.lang=ALL-UNNAMED --add-opens=java.base/sun.nio.fs=ALL-UNNAMED -Declipse.application=org.eclipse.jdt.ls.core.id1 -Dosgi.bundles.defaultStartLevel=4 -Declipse.product=org.eclipse.jdt.ls.core.product -Djava.import.generatesMetadataFilesAtProjectRoot=false -DDetectVMInstallationsJob.disabled=true -Dfile.encoding=utf8 -XX:+UseParallelGC -XX:GCTimeRatio=4 -XX:AdaptiveSizePolicyWeight=90 -Dsun.zip.disableMemoryMapping=true -Xmx1G -Xms100m -Xlog:disable -javaagent:c:\Users\Admin\.vscode\extensions\redhat.java-1.33.0-win32-x64\lombok\lombok-1.18.33.jar -XX:+HeapDumpOnOutOfMemoryError -XX:HeapDumpPath=c:\Users\Admin\AppData\Roaming\Code\User\workspaceStorage\a6f7512796adea0d591b105c861a4ae9\redhat.java -Daether.dependencyCollector.impl=bf 
java_command: c:\Users\Admin\.vscode\extensions\redhat.java-1.33.0-win32-x64\server\plugins\org.eclipse.equinox.launcher_1.6.900.v20240613-2009.jar -configuration c:\Users\Admin\AppData\Roaming\Code\User\globalStorage\redhat.java\1.33.0\config_win -data c:\Users\Admin\AppData\Roaming\Code\User\workspaceStorage\a6f7512796adea0d591b105c861a4ae9\redhat.java\jdt_ws --pipe=\\.\pipe\lsp-102b4dca44aa65782bfcfc756266609e-sock
java_class_path (initial): c:\Users\Admin\.vscode\extensions\redhat.java-1.33.0-win32-x64\server\plugins\org.eclipse.equinox.launcher_1.6.900.v20240613-2009.jar
Launcher Type: SUN_STANDARD

[Global flags]
    uintx AdaptiveSizePolicyWeight                 = 90                                        {product} {command line}
     intx CICompilerCount                          = 3                                         {product} {ergonomic}
    uintx GCTimeRatio                              = 4                                         {product} {command line}
     bool HeapDumpOnOutOfMemoryError               = true                                   {manageable} {command line}
    ccstr HeapDumpPath                             = c:\Users\Admin\AppData\Roaming\Code\User\workspaceStorage\a6f7512796adea0d591b105c861a4ae9\redhat.java         {manageable} {command line}
   size_t InitialHeapSize                          = 104857600                                 {product} {command line}
   size_t MaxHeapSize                              = 1073741824                                {product} {command line}
   size_t MaxNewSize                               = 357564416                                 {product} {ergonomic}
   size_t MinHeapDeltaBytes                        = 524288                                    {product} {ergonomic}
   size_t MinHeapSize                              = 104857600                                 {product} {command line}
   size_t NewSize                                  = 34603008                                  {product} {ergonomic}
    uintx NonNMethodCodeHeapSize                   = 5832780                                {pd product} {ergonomic}
    uintx NonProfiledCodeHeapSize                  = 122912730                              {pd product} {ergonomic}
   size_t OldSize                                  = 70254592                                  {product} {ergonomic}
    uintx ProfiledCodeHeapSize                     = 122912730                              {pd product} {ergonomic}
    uintx ReservedCodeCacheSize                    = 251658240                              {pd product} {ergonomic}
     bool SegmentedCodeCache                       = true                                      {product} {ergonomic}
   size_t SoftMaxHeapSize                          = 1073741824                             {manageable} {ergonomic}
     bool UseCompressedClassPointers               = true                           {product lp64_product} {ergonomic}
     bool UseCompressedOops                        = true                           {product lp64_product} {ergonomic}
     bool UseLargePagesIndividualAllocation        = false                                  {pd product} {ergonomic}
     bool UseParallelGC                            = true                                      {product} {command line}

Logging:
Log output configuration:
 #0: stdout all=off uptime,level,tags
 #1: stderr all=off uptime,level,tags

Environment Variables:
PATH=C:\Program Files\Common Files\Oracle\Java\javapath;C:\WINDOWS\system32;C:\WINDOWS;C:\WINDOWS\System32\Wbem;C:\WINDOWS\System32\WindowsPowerShell\v1.0\;C:\WINDOWS\System32\OpenSSH\;C:\MinGW\bin;C:\Users\Admin\AppData\Roaming\nvm;C:\Program Files\nodejs;C:\Program Files\nodejs\;E:\apache-maven-3.9.8\bin;C:\Program Files\Git\cmd;C:\Program Files\MySQL\MySQL Shell 8.0\bin\;C:\Users\Admin\AppData\Local\Microsoft\WindowsApps;C:\Users\Admin\AppData\Local\Programs\Microsoft VS Code\bin;C:\Users\Admin\AppData\Roaming\nvm;C:\Program Files\nodejs;C:\Users\Admin\AppData\Roaming\npm;C:\flutter\bin;
USERNAME=Deep
OS=Windows_NT
PROCESSOR_IDENTIFIER=AMD64 Family 23 Model 24 Stepping 1, AuthenticAMD
TMP=C:\Users\Admin\AppData\Local\Temp
TEMP=C:\Users\Admin\AppData\Local\Temp



Periodic native trim disabled


---------------  S Y S T E M  ---------------

OS:
 Windows 11 , 64 bit Build 22621 (10.0.22621.3958)
OS uptime: 0 days 0:13 hours
Hyper-V role detected

CPU: total 4 (initial active 4) (4 cores per cpu, 2 threads per core) family 23 model 24 stepping 1 microcode 0x0, cx8, cmov, fxsr, ht, mmx, 3dnowpref, sse, sse2, sse3, ssse3, sse4a, sse4.1, sse4.2, popcnt, lzcnt, tsc, tscinvbit, avx, avx2, aes, clmul, bmi1, bmi2, adx, sha, fma, vzeroupper, clflush, clflushopt, hv
Processor Information for all 4 processors :
  Max Mhz: 2600, Current Mhz: 2600, Mhz Limit: 2600

Memory: 4k page, system-wide physical 3470M (269M free)
TotalPageFile size 8470M (AvailPageFile size 4M)
current process WorkingSet (physical memory assigned to process): 79M, peak: 79M
current process commit charge ("private bytes"): 187M, peak: 188M

vm_info: OpenJDK 64-Bit Server VM (17.0.11+9) for windows-amd64 JRE (17.0.11+9), built on Apr 17 2024 06:07:48 by "admin" with MS VC++ 16.10 / 16.11 (VS2019)

END.
