#
# There is insufficient memory for the Java Runtime Environment to continue.
# Native memory allocation (malloc) failed to allocate 32744 bytes. Error detail: ChunkPool::allocate
# Possible reasons:
#   The system is out of physical RAM or swap space
#   This process is running with CompressedOops enabled, and the Java Heap may be blocking the growth of the native heap
# Possible solutions:
#   Reduce memory load on the system
#   Increase physical memory or swap space
#   Check if swap backing store is full
#   Decrease Java heap size (-Xmx/-Xms)
#   Decrease number of Java threads
#   Decrease Java thread stack sizes (-Xss)
#   Set larger code cache with -XX:ReservedCodeCacheSize=
#   JVM is running with Unscaled Compressed Oops mode in which the Java heap is
#     placed in the first 4GB address space. The Java Heap base address is the
#     maximum limit for the native heap growth. Please use -XX:HeapBaseMinAddress
#     to set the Java Heap base and to place the Java Heap above 4GB virtual address.
# This output file may be truncated or incomplete.
#
#  Out of Memory Error (arena.cpp:79), pid=6832, tid=5504
#
# JRE version: OpenJDK Runtime Environment Temurin-17.0.11+9 (17.0.11+9) (build 17.0.11+9)
# Java VM: OpenJDK 64-Bit Server VM Temurin-17.0.11+9 (17.0.11+9, mixed mode, tiered, compressed oops, compressed class ptrs, parallel gc, windows-amd64)
# No core dump will be written. Minidumps are not enabled by default on client versions of Windows
#

---------------  S U M M A R Y ------------

Command Line: --add-modules=ALL-SYSTEM --add-opens=java.base/java.util=ALL-UNNAMED --add-opens=java.base/java.lang=ALL-UNNAMED --add-opens=java.base/sun.nio.fs=ALL-UNNAMED -Declipse.application=org.eclipse.jdt.ls.core.id1 -Dosgi.bundles.defaultStartLevel=4 -Declipse.product=org.eclipse.jdt.ls.core.product -Djava.import.generatesMetadataFilesAtProjectRoot=false -DDetectVMInstallationsJob.disabled=true -Dfile.encoding=utf8 -XX:+UseParallelGC -XX:GCTimeRatio=4 -XX:AdaptiveSizePolicyWeight=90 -Dsun.zip.disableMemoryMapping=true -Xmx1G -Xms100m -Xlog:disable -javaagent:c:\Users\Admin\.vscode\extensions\redhat.java-1.33.0-win32-x64\lombok\lombok-1.18.33.jar c:\Users\Admin\.vscode\extensions\redhat.java-1.33.0-win32-x64\server\plugins\org.eclipse.equinox.launcher_1.6.900.v20240613-2009.jar -configuration c:\Users\Admin\AppData\Roaming\Code\User\globalStorage\redhat.java\1.33.0\config_ss_win -data c:\Users\Admin\AppData\Roaming\Code\User\workspaceStorage\a6f7512796adea0d591b105c861a4ae9\redhat.java\ss_ws --pipe=\\.\pipe\lsp-cb7a1d8c4e40dd327e40fe5886f07898-sock

Host: AMD Ryzen 3 3250U with Radeon Graphics         , 4 cores, 3G,  Windows 11 , 64 bit Build 22621 (10.0.22621.3958)
Time: Wed Aug  7 20:41:48 2024 India Standard Time elapsed time: 8.558478 seconds (0d 0h 0m 8s)

---------------  T H R E A D  ---------------

Current thread (0x0000023e48140b50):  JavaThread "Start Level: Equinox Container: 52eb4c0d-9d6e-4a21-aa47-d7b8e103ad65" daemon [_thread_in_vm, id=5504, stack(0x000000f59d000000,0x000000f59d100000)]

Stack: [0x000000f59d000000,0x000000f59d100000]
Native frames: (J=compiled Java code, j=interpreted, Vv=VM code, C=native code)
V  [jvm.dll+0x67d429]
V  [jvm.dll+0x834b7a]
V  [jvm.dll+0x83663e]
V  [jvm.dll+0x836ca3]
V  [jvm.dll+0x247dbf]
V  [jvm.dll+0xac731]
V  [jvm.dll+0xacb7c]
V  [jvm.dll+0x6d410a]
V  [jvm.dll+0x6d4c8f]
V  [jvm.dll+0x3734b4]
V  [jvm.dll+0x7aef24]
V  [jvm.dll+0x7aed9a]
V  [jvm.dll+0x410d3e]
V  [jvm.dll+0x42449c]
C  [java.dll+0x1657]

Java frames: (J=compiled Java code, j=interpreted, Vv=VM code)
j  java.lang.ClassLoader.defineClass0(Ljava/lang/ClassLoader;Ljava/lang/Class;Ljava/lang/String;[BIILjava/security/ProtectionDomain;ZILjava/lang/Object;)Ljava/lang/Class;+0 java.base@17.0.11
j  java.lang.System$2.defineClass(Ljava/lang/ClassLoader;Ljava/lang/Class;Ljava/lang/String;[BLjava/security/ProtectionDomain;ZILjava/lang/Object;)Ljava/lang/Class;+17 java.base@17.0.11
j  java.lang.invoke.MethodHandles$Lookup$ClassDefiner.defineClass(ZLjava/lang/Object;)Ljava/lang/Class;+54 java.base@17.0.11
j  java.lang.invoke.InvokerBytecodeGenerator.loadMethod([B)Ljava/lang/invoke/MemberName;+16 java.base@17.0.11
j  java.lang.invoke.InvokerBytecodeGenerator.generateCustomizedCode(Ljava/lang/invoke/LambdaForm;Ljava/lang/invoke/MethodType;)Ljava/lang/invoke/MemberName;+30 java.base@17.0.11
j  java.lang.invoke.LambdaForm.compileToBytecode()V+69 java.base@17.0.11
J 1536 c1 java.lang.invoke.LambdaForm.prepare()V java.base@17.0.11 (112 bytes) @ 0x0000023e30e2426c [0x0000023e30e240c0+0x00000000000001ac]
J 1535 c1 java.lang.invoke.MethodHandle.<init>(Ljava/lang/invoke/MethodType;Ljava/lang/invoke/LambdaForm;)V java.base@17.0.11 (37 bytes) @ 0x0000023e30e2399c [0x0000023e30e23780+0x000000000000021c]
j  java.lang.invoke.BoundMethodHandle.<init>(Ljava/lang/invoke/MethodType;Ljava/lang/invoke/LambdaForm;)V+3 java.base@17.0.11
j  java.lang.invoke.BoundMethodHandle$Species_LLLLLLL.<init>(Ljava/lang/invoke/MethodType;Ljava/lang/invoke/LambdaForm;Ljava/lang/Object;Ljava/lang/Object;Ljava/lang/Object;Ljava/lang/Object;Ljava/lang/Object;Ljava/lang/Object;Ljava/lang/Object;)V+3 java.base@17.0.11
j  java.lang.invoke.BoundMethodHandle$Species_LLLLLLL.make(Ljava/lang/invoke/MethodType;Ljava/lang/invoke/LambdaForm;Ljava/lang/Object;Ljava/lang/Object;Ljava/lang/Object;Ljava/lang/Object;Ljava/lang/Object;Ljava/lang/Object;Ljava/lang/Object;)Ljava/lang/invoke/BoundMethodHandle;+18 java.base@17.0.11
j  java.lang.invoke.DirectMethodHandle$Holder.invokeStatic(Ljava/lang/Object;Ljava/lang/Object;Ljava/lang/Object;Ljava/lang/Object;Ljava/lang/Object;Ljava/lang/Object;Ljava/lang/Object;Ljava/lang/Object;Ljava/lang/Object;Ljava/lang/Object;)Ljava/lang/Object;+26 java.base@17.0.11
j  java.lang.invoke.BoundMethodHandle$Species_LLLLLL.copyWithExtendL(Ljava/lang/invoke/MethodType;Ljava/lang/invoke/LambdaForm;Ljava/lang/Object;)Ljava/lang/invoke/BoundMethodHandle;+34 java.base@17.0.11
j  java.lang.invoke.MethodHandles.filterArgument(Ljava/lang/invoke/MethodHandle;ILjava/lang/invoke/MethodHandle;)Ljava/lang/invoke/MethodHandle;+65 java.base@17.0.11
j  java.lang.invoke.MethodHandles.filterArguments(Ljava/lang/invoke/MethodHandle;I[Ljava/lang/invoke/MethodHandle;)Ljava/lang/invoke/MethodHandle;+178 java.base@17.0.11
j  java.lang.invoke.StringConcatFactory.generateMHInlineCopy(Ljava/lang/invoke/MethodType;Ljava/util/List;)Ljava/lang/invoke/MethodHandle;+614 java.base@17.0.11
j  java.lang.invoke.StringConcatFactory.makeConcatWithConstants(Ljava/lang/invoke/MethodHandles$Lookup;Ljava/lang/String;Ljava/lang/invoke/MethodType;Ljava/lang/String;[Ljava/lang/Object;)Ljava/lang/invoke/CallSite;+220 java.base@17.0.11
j  java.lang.invoke.DirectMethodHandle$Holder.invokeStatic(Ljava/lang/Object;Ljava/lang/Object;Ljava/lang/Object;Ljava/lang/Object;Ljava/lang/Object;Ljava/lang/Object;)Ljava/lang/Object;+18 java.base@17.0.11
j  java.lang.invoke.DelegatingMethodHandle$Holder.delegate(Ljava/lang/Object;Ljava/lang/Object;Ljava/lang/Object;Ljava/lang/Object;Ljava/lang/Object;Ljava/lang/Object;)Ljava/lang/Object;+21 java.base@17.0.11
j  java.lang.invoke.Invokers$Holder.invokeExact_MT(Ljava/lang/Object;Ljava/lang/Object;Ljava/lang/Object;Ljava/lang/Object;Ljava/lang/Object;Ljava/lang/Object;Ljava/lang/Object;)Ljava/lang/Object;+26 java.base@17.0.11
j  java.lang.invoke.BootstrapMethodInvoker.invoke(Ljava/lang/Class;Ljava/lang/invoke/MethodHandle;Ljava/lang/String;Ljava/lang/Object;Ljava/lang/Object;Ljava/lang/Class;)Ljava/lang/Object;+157 java.base@17.0.11
j  java.lang.invoke.CallSite.makeSite(Ljava/lang/invoke/MethodHandle;Ljava/lang/String;Ljava/lang/invoke/MethodType;Ljava/lang/Object;Ljava/lang/Class;)Ljava/lang/invoke/CallSite;+8 java.base@17.0.11
j  java.lang.invoke.MethodHandleNatives.linkCallSiteImpl(Ljava/lang/Class;Ljava/lang/invoke/MethodHandle;Ljava/lang/String;Ljava/lang/invoke/MethodType;Ljava/lang/Object;[Ljava/lang/Object;)Ljava/lang/invoke/MemberName;+6 java.base@17.0.11
j  java.lang.invoke.MethodHandleNatives.linkCallSite(Ljava/lang/Object;ILjava/lang/Object;Ljava/lang/Object;Ljava/lang/Object;Ljava/lang/Object;[Ljava/lang/Object;)Ljava/lang/invoke/MemberName;+46 java.base@17.0.11
v  ~StubRoutines::call_stub
j  org.eclipse.equinox.internal.app.EclipseAppDescriptor.getInstanceID()Ljava/lang/String;+31
j  org.eclipse.equinox.internal.app.EclipseAppDescriptor.createAppHandle(Ljava/util/Map;)Lorg/eclipse/equinox/internal/app/EclipseAppHandle;+5
j  org.eclipse.equinox.internal.app.EclipseAppDescriptor.launchSpecific(Ljava/util/Map;)Lorg/osgi/service/application/ApplicationHandle;+22
j  org.osgi.service.application.ApplicationDescriptor.launch(Ljava/util/Map;)Lorg/osgi/service/application/ApplicationHandle;+83
j  org.eclipse.equinox.internal.app.EclipseAppContainer.startDefaultApp(Z)V+141
j  org.eclipse.equinox.internal.app.EclipseAppContainer.start()V+60
j  org.eclipse.equinox.internal.app.Activator.addingService(Lorg/osgi/framework/ServiceReference;)Ljava/lang/Object;+98
j  org.osgi.util.tracker.ServiceTracker$Tracked.customizerAdding(Lorg/osgi/framework/ServiceReference;Lorg/osgi/framework/ServiceEvent;)Ljava/lang/Object;+8
j  org.osgi.util.tracker.ServiceTracker$Tracked.customizerAdding(Ljava/lang/Object;Ljava/lang/Object;)Ljava/lang/Object;+9
j  org.osgi.util.tracker.AbstractTracked.trackAdding(Ljava/lang/Object;Ljava/lang/Object;)V+8
j  org.osgi.util.tracker.AbstractTracked.trackInitial()V+90
j  org.osgi.util.tracker.ServiceTracker.open(Z)V+198
j  org.osgi.util.tracker.ServiceTracker.open()V+2
j  org.eclipse.equinox.internal.app.Activator.start(Lorg/osgi/framework/BundleContext;)V+92
j  org.eclipse.osgi.internal.framework.BundleContextImpl$2.run()Ljava/lang/Void;+23
j  org.eclipse.osgi.internal.framework.BundleContextImpl$2.run()Ljava/lang/Object;+1
J 904 c1 java.security.AccessController.executePrivileged(Ljava/security/PrivilegedExceptionAction;Ljava/security/AccessControlContext;Ljava/lang/Class;)Ljava/lang/Object; java.base@17.0.11 (65 bytes) @ 0x0000023e30ce6834 [0x0000023e30ce66e0+0x0000000000000154]
j  java.security.AccessController.doPrivileged(Ljava/security/PrivilegedExceptionAction;)Ljava/lang/Object;+9 java.base@17.0.11
j  org.eclipse.osgi.internal.framework.BundleContextImpl.startActivator(Lorg/osgi/framework/BundleActivator;)V+9
j  org.eclipse.osgi.internal.framework.BundleContextImpl.start()V+134
j  org.eclipse.osgi.internal.framework.EquinoxBundle.startWorker0()V+35
j  org.eclipse.osgi.internal.framework.EquinoxBundle$EquinoxModule.startWorker()V+4
j  org.eclipse.osgi.container.Module.doStart([Lorg/eclipse/osgi/container/Module$StartOptions;)Lorg/eclipse/osgi/container/ModuleContainerAdaptor$ModuleEvent;+190
j  org.eclipse.osgi.container.Module.start([Lorg/eclipse/osgi/container/Module$StartOptions;)V+460
j  org.eclipse.osgi.framework.util.SecureAction.start(Lorg/eclipse/osgi/container/Module;[Lorg/eclipse/osgi/container/Module$StartOptions;)V+8
J 1756 c1 org.eclipse.osgi.internal.hooks.EclipseLazyStarter.postFindLocalClass(Ljava/lang/String;Ljava/lang/Class;Lorg/eclipse/osgi/internal/loader/classpath/ClasspathManager;)V (394 bytes) @ 0x0000023e30e9abdc [0x0000023e30e99c60+0x0000000000000f7c]
J 1755 c1 org.eclipse.osgi.internal.loader.classpath.ClasspathManager.findLocalClass(Ljava/lang/String;)Ljava/lang/Class; (210 bytes) @ 0x0000023e30e97fd4 [0x0000023e30e97020+0x0000000000000fb4]
J 1753 c1 org.eclipse.osgi.internal.loader.BundleLoader.findLocalClass(Ljava/lang/String;)Ljava/lang/Class; (152 bytes) @ 0x0000023e30e9516c [0x0000023e30e94920+0x000000000000084c]
j  org.eclipse.osgi.internal.loader.sources.SingleSourcePackage.loadClass(Ljava/lang/String;)Ljava/lang/Class;+5
J 1676 c1 org.eclipse.osgi.internal.loader.BundleLoader.findClass0(Ljava/lang/String;ZZ)Ljava/lang/Class; (470 bytes) @ 0x0000023e30e63e9c [0x0000023e30e618a0+0x00000000000025fc]
J 1675 c1 org.eclipse.osgi.internal.loader.BundleLoader.findClass(Ljava/lang/String;)Ljava/lang/Class; (8 bytes) @ 0x0000023e30e60f9c [0x0000023e30e60f20+0x000000000000007c]
J 1677 c1 org.eclipse.osgi.internal.loader.ModuleClassLoader.loadClass(Ljava/lang/String;Z)Ljava/lang/Class; (36 bytes) @ 0x0000023e30e66fbc [0x0000023e30e66da0+0x000000000000021c]
J 798 c1 java.lang.ClassLoader.loadClass(Ljava/lang/String;)Ljava/lang/Class; java.base@17.0.11 (7 bytes) @ 0x0000023e30cb5b3c [0x0000023e30cb5a40+0x00000000000000fc]
v  ~StubRoutines::call_stub
j  org.eclipse.core.internal.runtime.PlatformActivator.startAppContainer()V+0
j  org.eclipse.core.internal.runtime.PlatformActivator.start(Lorg/osgi/framework/BundleContext;)V+12
j  org.eclipse.osgi.internal.framework.BundleContextImpl$2.run()Ljava/lang/Void;+23
j  org.eclipse.osgi.internal.framework.BundleContextImpl$2.run()Ljava/lang/Object;+1
J 904 c1 java.security.AccessController.executePrivileged(Ljava/security/PrivilegedExceptionAction;Ljava/security/AccessControlContext;Ljava/lang/Class;)Ljava/lang/Object; java.base@17.0.11 (65 bytes) @ 0x0000023e30ce6834 [0x0000023e30ce66e0+0x0000000000000154]
j  java.security.AccessController.doPrivileged(Ljava/security/PrivilegedExceptionAction;)Ljava/lang/Object;+9 java.base@17.0.11
j  org.eclipse.osgi.internal.framework.BundleContextImpl.startActivator(Lorg/osgi/framework/BundleActivator;)V+9
j  org.eclipse.osgi.internal.framework.BundleContextImpl.start()V+134
j  org.eclipse.osgi.internal.framework.EquinoxBundle.startWorker0()V+35
j  org.eclipse.osgi.internal.framework.EquinoxBundle$EquinoxModule.startWorker()V+4
j  org.eclipse.osgi.container.Module.doStart([Lorg/eclipse/osgi/container/Module$StartOptions;)Lorg/eclipse/osgi/container/ModuleContainerAdaptor$ModuleEvent;+190
j  org.eclipse.osgi.container.Module.start([Lorg/eclipse/osgi/container/Module$StartOptions;)V+460
j  org.eclipse.osgi.container.ModuleContainer$ContainerStartLevel$2.run()V+71
j  org.eclipse.osgi.internal.framework.EquinoxContainerAdaptor$1$1.execute(Ljava/lang/Runnable;)V+1
j  org.eclipse.osgi.container.ModuleContainer$ContainerStartLevel.incStartLevel(ILjava/util/List;Z)V+193
j  org.eclipse.osgi.container.ModuleContainer$ContainerStartLevel.incStartLevel(ILjava/util/List;Ljava/util/List;Ljava/util/List;Ljava/util/List;)V+19
j  org.eclipse.osgi.container.ModuleContainer$ContainerStartLevel.doContainerStartLevel(Lorg/eclipse/osgi/container/Module;I[Lorg/osgi/framework/FrameworkListener;)V+349
j  org.eclipse.osgi.container.ModuleContainer$ContainerStartLevel.dispatchEvent(Lorg/eclipse/osgi/container/Module;[Lorg/osgi/framework/FrameworkListener;ILjava/lang/Integer;)V+32
j  org.eclipse.osgi.container.ModuleContainer$ContainerStartLevel.dispatchEvent(Ljava/lang/Object;Ljava/lang/Object;ILjava/lang/Object;)V+15
j  org.eclipse.osgi.framework.eventmgr.EventManager.dispatchEvent(Ljava/util/Set;Lorg/eclipse/osgi/framework/eventmgr/EventDispatcher;ILjava/lang/Object;)V+48
j  org.eclipse.osgi.framework.eventmgr.EventManager$EventThread.run()V+26
v  ~StubRoutines::call_stub

Compiled method (c1)    8650 1536       3       java.lang.invoke.LambdaForm::prepare (112 bytes)
 total in heap  [0x0000023e30e23e90,0x0000023e30e24b10] = 3200
 relocation     [0x0000023e30e23fe8,0x0000023e30e240b8] = 208
 main code      [0x0000023e30e240c0,0x0000023e30e247e0] = 1824
 stub code      [0x0000023e30e247e0,0x0000023e30e24878] = 152
 metadata       [0x0000023e30e24878,0x0000023e30e248c0] = 72
 scopes data    [0x0000023e30e248c0,0x0000023e30e24980] = 192
 scopes pcs     [0x0000023e30e24980,0x0000023e30e24ac0] = 320
 dependencies   [0x0000023e30e24ac0,0x0000023e30e24ad8] = 24
 nul chk table  [0x0000023e30e24ad8,0x0000023e30e24b10] = 56

[Constant Pool (empty)]

[MachCode]
[Entry Point]
  # {method} {0x0000023e43082a20} 'prepare' '()V' in 'java/lang/invoke/LambdaForm'
  #           [sp+0x70]  (sp of caller)
  0x0000023e30e240c0: 448b 5208 | 49c1 e203 

  0x0000023e30e240c8: ;   {runtime_call ic_miss_stub}
  0x0000023e30e240c8: 4c3b d00f | 85af cc2b | 070f 1f84 | 0000 0000 | 000f 1f80 | 0000 0000 
[Verified Entry Point]
  0x0000023e30e240e0: 8984 2400 | 90ff ff55 | 4883 ec60 | 4889 5424 

  0x0000023e30e240f0: ;   {metadata(method data for {method} {0x0000023e43082a20} 'prepare' '()V' in 'java/lang/invoke/LambdaForm')}
  0x0000023e30e240f0: 3848 bee0 | 6db8 433e | 0200 008b | becc 0000 | 0083 c702 | 89be cc00 | 0000 81e7 | fe07 0000 
  0x0000023e30e24110: 83ff 000f | 84b0 0500 

  0x0000023e30e24118: ;   {metadata(method data for {method} {0x0000023e43082a20} 'prepare' '()V' in 'java/lang/invoke/LambdaForm')}
  0x0000023e30e24118: 0048 bee0 | 6db8 433e | 0200 00ff | 8620 0100 | 0048 8bf2 

  0x0000023e30e2412c: ;   {metadata(method data for {method} {0x0000023e43082a20} 'prepare' '()V' in 'java/lang/invoke/LambdaForm')}
  0x0000023e30e2412c: 48bf e06d | b843 3e02 | 0000 4883 | 8730 0100 

  0x0000023e30e2413c: ;   {metadata(method data for {method} {0x0000023e43083190} 'forceInterpretation' '()Z' in 'java/lang/invoke/LambdaForm')}
  0x0000023e30e2413c: 0001 48be | f079 9d43 | 3e02 0000 | 8bbe cc00 | 0000 83c7 | 0289 becc | 0000 0081 | e7fe ff1f 
  0x0000023e30e2415c: 0083 ff00 | 0f84 8405 | 0000 8b72 | 1483 feff 

  0x0000023e30e2416c: ;   {metadata(method data for {method} {0x0000023e43083190} 'forceInterpretation' '()Z' in 'java/lang/invoke/LambdaForm')}
  0x0000023e30e2416c: 48be f079 | 9d43 3e02 | 0000 48bf | 1001 0000 | 0000 0000 | 0f85 0a00 | 0000 48bf | 2001 0000 
  0x0000023e30e2418c: 0000 0000 | 488b 1c3e | 488d 5b01 | 4889 1c3e | 0f85 1a00 

  0x0000023e30e241a0: ;   {metadata(method data for {method} {0x0000023e43083190} 'forceInterpretation' '()Z' in 'java/lang/invoke/LambdaForm')}
  0x0000023e30e241a0: 0000 48be | f079 9d43 | 3e02 0000 | ff86 3001 | 0000 be01 | 0000 00e9 | 0500 0000 | be00 0000 
  0x0000023e30e241c0: 0083 e601 

  0x0000023e30e241c4: ;   {metadata(method data for {method} {0x0000023e43082a20} 'prepare' '()V' in 'java/lang/invoke/LambdaForm')}
  0x0000023e30e241c4: 83fe 0048 | bee0 6db8 | 433e 0200 | 0048 bf68 | 0100 0000 | 0000 000f | 850a 0000 | 0048 bf78 
  0x0000023e30e241e4: 0100 0000 | 0000 0048 | 8b1c 3e48 | 8d5b 0148 | 891c 3e0f | 8574 0000 | 000f be72 | 1983 fe00 
  0x0000023e30e24204: ;   {metadata(method data for {method} {0x0000023e43082a20} 'prepare' '()V' in 'java/lang/invoke/LambdaForm')}
  0x0000023e30e24204: 48be e06d | b843 3e02 | 0000 48bf | 8801 0000 | 0000 0000 | 0f85 0a00 | 0000 48bf | 9801 0000 
  0x0000023e30e24224: 0000 0000 | 488b 1c3e | 488d 5b01 | 4889 1c3e | 0f85 3700 | 0000 488b 

  0x0000023e30e2423c: ;   {metadata(method data for {method} {0x0000023e43082a20} 'prepare' '()V' in 'java/lang/invoke/LambdaForm')}
  0x0000023e30e2423c: f248 bfe0 | 6db8 433e 

  0x0000023e30e24244: ;   {metadata('java/lang/invoke/LambdaForm')}
  0x0000023e30e24244: 0200 0049 | ba70 d404 | 0001 0000 | 004c 8997 | b801 0000 | 4883 87c0 | 0100 0001 | 488b f248 
  0x0000023e30e24264: ;   {optimized virtual_call}
  0x0000023e30e24264: 8bd6 90e8 

  0x0000023e30e24268: ; ImmutableOopMap {[56]=Oop }
                      ;*invokevirtual compileToBytecode {reexecute=0 rethrow=0 return_oop=0}
                      ; - java.lang.invoke.LambdaForm::prepare@21
  0x0000023e30e24268: 7905 0000 | 488b 5424 | 388b 7228 | 4883 fe00 

  0x0000023e30e24278: ;   {metadata(method data for {method} {0x0000023e43082a20} 'prepare' '()V' in 'java/lang/invoke/LambdaForm')}
  0x0000023e30e24278: 48be e06d | b843 3e02 | 0000 48bf | f001 0000 | 0000 0000 | 0f85 0a00 | 0000 48bf | e001 0000 
  0x0000023e30e24298: 0000 0000 | 488b 1c3e | 488d 5b01 | 4889 1c3e | 0f85 0804 | 0000 488b 

  0x0000023e30e242b0: ;   {metadata(method data for {method} {0x0000023e43082a20} 'prepare' '()V' in 'java/lang/invoke/LambdaForm')}
  0x0000023e30e242b0: f248 bfe0 | 6db8 433e 

  0x0000023e30e242b8: ;   {metadata('java/lang/invoke/LambdaForm')}
  0x0000023e30e242b8: 0200 0049 | ba70 d404 | 0001 0000 | 004c 8997 | 1002 0000 | 4883 8718 | 0200 0001 | 488b f248 
  0x0000023e30e242d8: 8bd6 0f1f 

  0x0000023e30e242dc: ;   {optimized virtual_call}
  0x0000023e30e242dc: 4400 00e8 

  0x0000023e30e242e0: ; ImmutableOopMap {[56]=Oop }
                      ;*invokevirtual methodType {reexecute=0 rethrow=0 return_oop=0}
                      ; - java.lang.invoke.LambdaForm::prepare@33
  0x0000023e30e242e0: 9ccd 2b07 | 4889 4424 | 4048 3b00 

  0x0000023e30e242ec: ;   {metadata(method data for {method} {0x0000023e43082a20} 'prepare' '()V' in 'java/lang/invoke/LambdaForm')}
  0x0000023e30e242ec: 488b d048 | bee0 6db8 | 433e 0200 | 0048 8386 | 3802 0000 | 018b 5014 

  0x0000023e30e24304: ; implicit exception: dispatches to 0x0000023e30e24710
  0x0000023e30e24304: 483b 0248 

  0x0000023e30e24308: ;   {metadata(method data for {method} {0x0000023e43082a20} 'prepare' '()V' in 'java/lang/invoke/LambdaForm')}
  0x0000023e30e24308: 8bf2 48bf | e06d b843 | 3e02 0000 | 4883 8770 | 0200 0001 

  0x0000023e30e2431c: ;   {metadata(method data for {method} {0x0000023e432c2ae8} 'cachedLambdaForm' '(I)Ljava/lang/invoke/LambdaForm;' in 'java/lang/invoke/MethodTypeForm')}
  0x0000023e30e2431c: 48be 5074 | b843 3e02 | 0000 8bbe | cc00 0000 | 83c7 0289 | becc 0000 | 0081 e7fe | ff1f 0083 
  0x0000023e30e2433c: ff00 0f84 | d103 0000 | 8b52 1c8b | 720c 83fe | 060f 86e8 | 0300 008b | 5228 4883 

  0x0000023e30e24358: ;   {metadata(method data for {method} {0x0000023e432c2ae8} 'cachedLambdaForm' '(I)Ljava/lang/invoke/LambdaForm;' in 'java/lang/invoke/MethodTypeForm')}
  0x0000023e30e24358: fa00 48be | 5074 b843 | 3e02 0000 | 48bf 1001 | 0000 0000 | 0000 0f84 | 0a00 0000 | 48bf 2001 
  0x0000023e30e24378: 0000 0000 | 0000 488b | 1c3e 488d | 5b01 4889 | 1c3e 0f84 | 9001 0000 

  0x0000023e30e24390: ; implicit exception: dispatches to 0x0000023e30e2474d
  0x0000023e30e24390: 483b 0248 

  0x0000023e30e24394: ;   {metadata(method data for {method} {0x0000023e432c2ae8} 'cachedLambdaForm' '(I)Ljava/lang/invoke/LambdaForm;' in 'java/lang/invoke/MethodTypeForm')}
  0x0000023e30e24394: 8bf2 48bf | 5074 b843 | 3e02 0000 | 8b76 0848 | c1e6 0348 | 3bb7 4001 | 0000 750d | 4883 8748 
  0x0000023e30e243b4: 0100 0001 | e966 0000 | 0048 3bb7 | 5001 0000 | 750d 4883 | 8758 0100 | 0001 e950 | 0000 0048 
  0x0000023e30e243d4: 81bf 4001 | 0000 0000 | 0000 7517 | 4889 b740 | 0100 0048 | c787 4801 | 0000 0100 | 0000 e92c 
  0x0000023e30e243f4: 0000 0048 | 81bf 5001 | 0000 0000 | 0000 7517 | 4889 b750 | 0100 0048 | c787 5801 | 0000 0100 
  0x0000023e30e24414: 0000 e908 | 0000 0048 | 8387 3001 | 0000 010f 

  0x0000023e30e24424: ;   {optimized virtual_call}
  0x0000023e30e24424: 1f40 00e8 

  0x0000023e30e24428: ; ImmutableOopMap {[56]=Oop [64]=Oop }
                      ;*invokevirtual get {reexecute=0 rethrow=0 return_oop=0}
                      ; - java.lang.invoke.MethodTypeForm::cachedLambdaForm@12
                      ; - java.lang.invoke.LambdaForm::prepare@43
  0x0000023e30e24428: 54cc 2b07 | 4883 f800 

  0x0000023e30e24430: ;   {metadata(method data for {method} {0x0000023e432c2ae8} 'cachedLambdaForm' '(I)Ljava/lang/invoke/LambdaForm;' in 'java/lang/invoke/MethodTypeForm')}
  0x0000023e30e24430: 7516 48bf | 5074 b843 | 3e02 0000 | 808f 6101 | 0000 01e9 | c000 0000 

  0x0000023e30e24448: ;   {metadata('java/lang/invoke/LambdaForm')}
  0x0000023e30e24448: 48ba 70d4 | 0400 0100 | 0000 8b70 | 0848 c1e6 | 0348 3bd6 | 0f85 8a00 

  0x0000023e30e24460: ;   {metadata(method data for {method} {0x0000023e432c2ae8} 'cachedLambdaForm' '(I)Ljava/lang/invoke/LambdaForm;' in 'java/lang/invoke/MethodTypeForm')}
  0x0000023e30e24460: 0000 48bf | 5074 b843 | 3e02 0000 | 8b50 0848 | c1e2 0348 | 3b97 7801 | 0000 750d | 4883 8780 
  0x0000023e30e24480: 0100 0001 | e97f 0000 | 0048 3b97 | 8801 0000 | 750d 4883 | 8790 0100 | 0001 e969 | 0000 0048 
  0x0000023e30e244a0: 81bf 7801 | 0000 0000 | 0000 7517 | 4889 9778 | 0100 0048 | c787 8001 | 0000 0100 | 0000 e945 
  0x0000023e30e244c0: 0000 0048 | 81bf 8801 | 0000 0000 | 0000 7517 | 4889 9788 | 0100 0048 | c787 9001 | 0000 0100 
  0x0000023e30e244e0: 0000 e921 | 0000 00e9 | 1c00 0000 

  0x0000023e30e244ec: ;   {metadata(method data for {method} {0x0000023e432c2ae8} 'cachedLambdaForm' '(I)Ljava/lang/invoke/LambdaForm;' in 'java/lang/invoke/MethodTypeForm')}
  0x0000023e30e244ec: 48bf 5074 | b843 3e02 | 0000 4883 | af68 0100 | 0001 e94f | 0200 00e9 | 0000 0000 

  0x0000023e30e24508: ;   {metadata(method data for {method} {0x0000023e432c2ae8} 'cachedLambdaForm' '(I)Ljava/lang/invoke/LambdaForm;' in 'java/lang/invoke/MethodTypeForm')}
  0x0000023e30e24508: 488b d048 | be50 74b8 | 433e 0200 | 00ff 86a0 | 0100 00e9 | 0a00 0000 

  0x0000023e30e24520: ;   {oop(NULL)}
  0x0000023e30e24520: 48ba 0000 | 0000 0000 | 0000 4883 

  0x0000023e30e2452c: ;   {metadata(method data for {method} {0x0000023e43082a20} 'prepare' '()V' in 'java/lang/invoke/LambdaForm')}
  0x0000023e30e2452c: fa00 48be | e06d b843 | 3e02 0000 | 48bf a802 | 0000 0000 | 0000 0f85 | 0a00 0000 | 48bf b802 
  0x0000023e30e2454c: 0000 0000 | 0000 488b | 043e 488d | 4001 4889 | 043e 0f85 | 1b01 0000 

  0x0000023e30e24564: ;   {metadata(method data for {method} {0x0000023e43082a20} 'prepare' '()V' in 'java/lang/invoke/LambdaForm')}
  0x0000023e30e24564: 48ba e06d | b843 3e02 | 0000 ff82 | c802 0000 | 488b 4424 

  0x0000023e30e24578: ;   {metadata('java/lang/invoke/LambdaForm')}
  0x0000023e30e24578: 4048 ba70 | d404 0001 | 0000 0048 | 8bd8 498b | 8708 0100 | 0048 8d78 | 3049 3bbf | 1801 0000 
  0x0000023e30e24598: 0f87 bd01 | 0000 4989 | bf08 0100 | 0048 c700 | 0100 0000 | 488b ca48 | c1e9 0389 | 4808 4833 
  0x0000023e30e245b8: c989 480c | 4833 c948 | 8948 1048 | 8948 1848 | 8948 2048 | 8948 284c 

  0x0000023e30e245d0: ;   {metadata(method data for {method} {0x0000023e43082a20} 'prepare' '()V' in 'java/lang/invoke/LambdaForm')}
  0x0000023e30e245d0: 8bc0 48ba | e06d b843 | 3e02 0000 | 4883 8260 | 0300 0001 | 4c8b c348 | 8bd0 4889 

  0x0000023e30e245ec: ;   {optimized virtual_call}
  0x0000023e30e245ec: 4424 48e8 

  0x0000023e30e245f0: ; ImmutableOopMap {[56]=Oop [72]=Oop [64]=Oop }
                      ;*invokespecial <init> {reexecute=0 rethrow=0 return_oop=0}
                      ; - java.lang.invoke.LambdaForm::prepare@80
  0x0000023e30e245f0: 8cca 2b07 

  0x0000023e30e245f4: ;   {metadata(method data for {method} {0x0000023e43082a20} 'prepare' '()V' in 'java/lang/invoke/LambdaForm')}
  0x0000023e30e245f4: 48ba e06d | b843 3e02 | 0000 4883 | 8270 0300 | 0001 488b | 5424 400f 

  0x0000023e30e2460c: ;   {static_call}
  0x0000023e30e2460c: 1f40 00e8 

  0x0000023e30e24610: ; ImmutableOopMap {[56]=Oop [72]=Oop [64]=Oop }
                      ;*invokestatic generateLambdaFormInterpreterEntryPoint {reexecute=0 rethrow=0 return_oop=0}
                      ; - java.lang.invoke.LambdaForm::prepare@86
  0x0000023e30e24610: 6cd0 2b07 | 4c8b 4c24 | 484c 8bd0 | 4589 5128 | 498b c148 | c1e8 0949 | b800 0075 | 3f3e 0200 
  0x0000023e30e24630: 0042 c604 | 0000 488b 

  0x0000023e30e24638: ;   {metadata(method data for {method} {0x0000023e43082a20} 'prepare' '()V' in 'java/lang/invoke/LambdaForm')}
  0x0000023e30e24638: 4424 4049 | b8e0 6db8 | 433e 0200 | 0049 8380 | 8003 0000 | 0148 8b44 | 2440 8b50 | 1448 3b02 
  0x0000023e30e24658: ;   {metadata(method data for {method} {0x0000023e43082a20} 'prepare' '()V' in 'java/lang/invoke/LambdaForm')}
  0x0000023e30e24658: 4c8b c248 | bee0 6db8 | 433e 0200 | 0048 8386 | b803 0000 | 0141 b806 | 0000 000f 

  0x0000023e30e24674: ;   {optimized virtual_call}
  0x0000023e30e24674: 1f40 00e8 

  0x0000023e30e24678: ; ImmutableOopMap {[56]=Oop }
                      ;*invokevirtual setCachedLambdaForm {reexecute=0 rethrow=0 return_oop=0}
                      ; - java.lang.invoke.LambdaForm::prepare@99
  0x0000023e30e24678: 04ca 2b07 | 488b d048 | 8b74 2438 

  0x0000023e30e24684: ; implicit exception: dispatches to 0x0000023e30e2476d
  0x0000023e30e24684: 8b7a 284c | 8bd7 4489 | 5628 488b | d648 c1ea | 0948 be00 | 0075 3f3e | 0200 00c6 | 0432 0048 
  0x0000023e30e246a4: 83c4 605d 

  0x0000023e30e246a8: ;   {poll_return}
  0x0000023e30e246a8: 493b a750 | 0300 000f | 87bd 0000 | 00c3 4883 

  0x0000023e30e246b8: ;   {poll_return}
  0x0000023e30e246b8: c460 5d49 | 3ba7 5003 | 0000 0f87 | c000 0000 

  0x0000023e30e246c8: ;   {metadata({method} {0x0000023e43082a20} 'prepare' '()V' in 'java/lang/invoke/LambdaForm')}
  0x0000023e30e246c8: c349 ba18 | 2a08 433e | 0200 004c | 8954 2408 | 48c7 0424 | ffff ffff 

  0x0000023e30e246e0: ;   {runtime_call counter_overflow Runtime1 stub}
  0x0000023e30e246e0: e81b 6036 

  0x0000023e30e246e4: ; ImmutableOopMap {rdx=Oop [56]=Oop }
                      ;*synchronization entry
                      ; - java.lang.invoke.LambdaForm::prepare@-1
  0x0000023e30e246e4: 07e9 2ffa 

  0x0000023e30e246e8: ;   {metadata({method} {0x0000023e43083190} 'forceInterpretation' '()Z' in 'java/lang/invoke/LambdaForm')}
  0x0000023e30e246e8: ffff 49ba | 8831 0843 | 3e02 0000 | 4c89 5424 | 0848 c704 | 24ff ffff 

  0x0000023e30e24700: ;   {runtime_call counter_overflow Runtime1 stub}
  0x0000023e30e24700: ffe8 fa5f 

  0x0000023e30e24704: ; ImmutableOopMap {rdx=Oop [56]=Oop }
                      ;*synchronization entry
                      ; - java.lang.invoke.LambdaForm::forceInterpretation@-1
                      ; - java.lang.invoke.LambdaForm::prepare@7
  0x0000023e30e24704: 3607 e95b 

  0x0000023e30e24708: ;   {runtime_call throw_null_pointer_exception Runtime1 stub}
  0x0000023e30e24708: faff ffe8 

  0x0000023e30e2470c: ; ImmutableOopMap {[56]=Oop rax=Oop [64]=Oop }
                      ;*invokevirtual form {reexecute=0 rethrow=0 return_oop=0}
                      ; - java.lang.invoke.LambdaForm::prepare@38
  0x0000023e30e2470c: 902f 2d07 

  0x0000023e30e24710: ;   {runtime_call throw_null_pointer_exception Runtime1 stub}
  0x0000023e30e24710: e88b 2f2d 

  0x0000023e30e24714: ; ImmutableOopMap {[56]=Oop rax=Oop [64]=Oop rdx=Oop }
                      ;*invokevirtual cachedLambdaForm {reexecute=0 rethrow=0 return_oop=0}
                      ; - java.lang.invoke.LambdaForm::prepare@43
                      ;   {metadata({method} {0x0000023e432c2ae8} 'cachedLambdaForm' '(I)Ljava/lang/invoke/LambdaForm;' in 'java/lang/invoke/MethodTypeForm')}
  0x0000023e30e24714: 0749 bae0 | 2a2c 433e | 0200 004c | 8954 2408 | 48c7 0424 | ffff ffff 

  0x0000023e30e2472c: ;   {runtime_call counter_overflow Runtime1 stub}
  0x0000023e30e2472c: e8cf 5f36 

  0x0000023e30e24730: ; ImmutableOopMap {[56]=Oop rax=Oop [64]=Oop rdx=Oop }
                      ;*synchronization entry
                      ; - java.lang.invoke.MethodTypeForm::cachedLambdaForm@-1
                      ; - java.lang.invoke.LambdaForm::prepare@43
  0x0000023e30e24730: 07e9 0efc 

  0x0000023e30e24734: ;   {runtime_call throw_null_pointer_exception Runtime1 stub}
  0x0000023e30e24734: ffff e865 

  0x0000023e30e24738: ; ImmutableOopMap {[56]=Oop rax=Oop [64]=Oop rdx=Oop }
                      ;*aaload {reexecute=0 rethrow=0 return_oop=0}
                      ; - java.lang.invoke.MethodTypeForm::cachedLambdaForm@5
                      ; - java.lang.invoke.LambdaForm::prepare@43
  0x0000023e30e24738: 2f2d 0748 | c704 2406 | 0000 0048 | 8954 2408 

  0x0000023e30e24748: ;   {runtime_call throw_range_check_failed Runtime1 stub}
  0x0000023e30e24748: e853 382d 

  0x0000023e30e2474c: ; ImmutableOopMap {[56]=Oop rax=Oop [64]=Oop rdx=Oop }
                      ;*aaload {reexecute=0 rethrow=0 return_oop=0}
                      ; - java.lang.invoke.MethodTypeForm::cachedLambdaForm@5
                      ; - java.lang.invoke.LambdaForm::prepare@43
                      ;   {runtime_call throw_null_pointer_exception Runtime1 stub}
  0x0000023e30e2474c: 07e8 4e2f 

  0x0000023e30e24750: ; ImmutableOopMap {[56]=Oop rdx=Oop [64]=Oop }
                      ;*invokevirtual get {reexecute=0 rethrow=0 return_oop=0}
                      ; - java.lang.invoke.MethodTypeForm::cachedLambdaForm@12
                      ; - java.lang.invoke.LambdaForm::prepare@43
  0x0000023e30e24750: 2d07 4889 

  0x0000023e30e24754: ;   {runtime_call throw_class_cast_exception Runtime1 stub}
  0x0000023e30e24754: 0424 e8c5 

  0x0000023e30e24758: ; ImmutableOopMap {[56]=Oop [64]=Oop }
                      ;*checkcast {reexecute=0 rethrow=0 return_oop=0}
                      ; - java.lang.invoke.MethodTypeForm::cachedLambdaForm@15
                      ; - java.lang.invoke.LambdaForm::prepare@43
  0x0000023e30e24758: 3236 0748 

  0x0000023e30e2475c: ;   {runtime_call fast_new_instance Runtime1 stub}
  0x0000023e30e2475c: 8bd2 e81d 

  0x0000023e30e24760: ; ImmutableOopMap {[56]=Oop rbx=Oop [64]=Oop }
                      ;*new {reexecute=0 rethrow=0 return_oop=0}
                      ; - java.lang.invoke.LambdaForm::prepare@75
  0x0000023e30e24760: 262d 07e9 | 67fe ffff 

  0x0000023e30e24768: ;   {runtime_call throw_null_pointer_exception Runtime1 stub}
  0x0000023e30e24768: e833 2f2d 

  0x0000023e30e2476c: ; ImmutableOopMap {[56]=Oop r9=Oop rdx=Oop }
                      ;*invokevirtual setCachedLambdaForm {reexecute=0 rethrow=0 return_oop=0}
                      ; - java.lang.invoke.LambdaForm::prepare@99
                      ;   {runtime_call throw_null_pointer_exception Runtime1 stub}
  0x0000023e30e2476c: 07e8 2e2f 

  0x0000023e30e24770: ; ImmutableOopMap {rsi=Oop [56]=Oop }
                      ;*getfield vmentry {reexecute=1 rethrow=0 return_oop=0}
                      ; - (reexecute) java.lang.invoke.LambdaForm::prepare@105
                      ;   {internal_word}
  0x0000023e30e24770: 2d07 49ba | a846 e230 | 3e02 0000 | 4d89 9768 

  0x0000023e30e24780: ;   {runtime_call SafepointBlob}
  0x0000023e30e24780: 0300 00e9 | 782f 2c07 

  0x0000023e30e24788: ;   {internal_word}
  0x0000023e30e24788: 49ba bb46 | e230 3e02 | 0000 4d89 | 9768 0300 

  0x0000023e30e24798: ;   {runtime_call SafepointBlob}
  0x0000023e30e24798: 00e9 622f | 2c07 9090 | 498b 87e0 | 0300 0049 | c787 e003 | 0000 0000 | 0000 49c7 | 87e8 0300 
  0x0000023e30e247b8: 0000 0000 | 0048 83c4 

  0x0000023e30e247c0: ;   {runtime_call unwind_exception Runtime1 stub}
  0x0000023e30e247c0: 605d e9b9 | 3d2d 07f4 | f4f4 f4f4 | f4f4 f4f4 | f4f4 f4f4 | f4f4 f4f4 | f4f4 f4f4 | f4f4 f4f4 
[Stub Code]
  0x0000023e30e247e0: ;   {no_reloc}
  0x0000023e30e247e0: 0f1f 4400 

  0x0000023e30e247e4: ;   {static_stub}
  0x0000023e30e247e4: 0048 bb00 | 2c08 433e 

  0x0000023e30e247ec: ;   {runtime_call I2C/C2I adapters}
  0x0000023e30e247ec: 0200 00e9 | 5c12 2c07 

  0x0000023e30e247f4: ;   {static_stub}
  0x0000023e30e247f4: 9048 bb00 | 0000 0000 

  0x0000023e30e247fc: ;   {runtime_call}
  0x0000023e30e247fc: 0000 00e9 | fbff ffff 

  0x0000023e30e24804: ;   {static_stub}
  0x0000023e30e24804: 9048 bb00 | 0000 0000 

  0x0000023e30e2480c: ;   {runtime_call}
  0x0000023e30e2480c: 0000 00e9 | fbff ffff 

  0x0000023e30e24814: ;   {static_stub}
  0x0000023e30e24814: 9048 bb00 | 0000 0000 

  0x0000023e30e2481c: ;   {runtime_call}
  0x0000023e30e2481c: 0000 00e9 | fbff ffff 

  0x0000023e30e24824: ;   {static_stub}
  0x0000023e30e24824: 9048 bb00 | 0000 0000 

  0x0000023e30e2482c: ;   {runtime_call}
  0x0000023e30e2482c: 0000 00e9 | fbff ffff 

  0x0000023e30e24834: ;   {static_stub}
  0x0000023e30e24834: 9048 bb00 | 0000 0000 

  0x0000023e30e2483c: ;   {runtime_call}
  0x0000023e30e2483c: 0000 00e9 | fbff ffff 
[Exception Handler]
  0x0000023e30e24844: ;   {runtime_call handle_exception_from_callee Runtime1 stub}
  0x0000023e30e24844: e837 102d 

  0x0000023e30e24848: ;   {external_word}
  0x0000023e30e24848: 0748 b930 | 9a6c 96fe | 7f00 0048 

  0x0000023e30e24854: ;   {runtime_call}
  0x0000023e30e24854: 83e4 f049 | ba40 2b35 | 96fe 7f00 | 0041 ffd2 

  0x0000023e30e24864: ;   {section_word}
  0x0000023e30e24864: f449 ba65 | 48e2 303e | 0200 0041 

  0x0000023e30e24870: ;   {runtime_call DeoptimizationBlob}
  0x0000023e30e24870: 52e9 2a21 | 2c07 f4f4 
[/MachCode]


Compiled method (c1)    8775 1535       3       java.lang.invoke.MethodHandle::<init> (37 bytes)
 total in heap  [0x0000023e30e23590,0x0000023e30e23e70] = 2272
 relocation     [0x0000023e30e236e8,0x0000023e30e23780] = 152
 main code      [0x0000023e30e23780,0x0000023e30e23be0] = 1120
 stub code      [0x0000023e30e23be0,0x0000023e30e23c58] = 120
 metadata       [0x0000023e30e23c58,0x0000023e30e23c90] = 56
 scopes data    [0x0000023e30e23c90,0x0000023e30e23d40] = 176
 scopes pcs     [0x0000023e30e23d40,0x0000023e30e23e40] = 256
 dependencies   [0x0000023e30e23e40,0x0000023e30e23e58] = 24
 nul chk table  [0x0000023e30e23e58,0x0000023e30e23e70] = 24

[Constant Pool (empty)]

[MachCode]
[Entry Point]
  # {method} {0x0000023e4306e1e0} '<init>' '(Ljava/lang/invoke/MethodType;Ljava/lang/invoke/LambdaForm;)V' in 'java/lang/invoke/MethodHandle'
  # this:     rdx:rdx   = 'java/lang/invoke/MethodHandle'
  # parm0:    r8:r8     = 'java/lang/invoke/MethodType'
  # parm1:    r9:r9     = 'java/lang/invoke/LambdaForm'
  #           [sp+0x70]  (sp of caller)
  0x0000023e30e23780: 448b 5208 | 49c1 e203 

  0x0000023e30e23788: ;   {runtime_call ic_miss_stub}
  0x0000023e30e23788: 4c3b d00f | 85ef d52b | 070f 1f84 | 0000 0000 | 000f 1f80 | 0000 0000 
[Verified Entry Point]
  0x0000023e30e237a0: 8984 2400 | 90ff ff55 | 4883 ec60 | 4889 5424 

  0x0000023e30e237b0: ;   {metadata(method data for {method} {0x0000023e4306e1e0} '<init>' '(Ljava/lang/invoke/MethodType;Ljava/lang/invoke/LambdaForm;)V' in 'java/lang/invoke/MethodHandle')}
  0x0000023e30e237b0: 3048 be70 | 6bb8 433e | 0200 008b | becc 0000 | 0083 c702 | 89be cc00 | 0000 81e7 | fe07 0000 
  0x0000023e30e237d0: 83ff 000f | 84ed 0200 | 0048 8bf2 

  0x0000023e30e237dc: ;   {metadata(method data for {method} {0x0000023e4306e1e0} '<init>' '(Ljava/lang/invoke/MethodType;Ljava/lang/invoke/LambdaForm;)V' in 'java/lang/invoke/MethodHandle')}
  0x0000023e30e237dc: 48bf 706b | b843 3e02 | 0000 4883 | 8710 0100 

  0x0000023e30e237ec: ;   {metadata(method data for {method} {0x0000023e43000488} '<init>' '()V' in 'java/lang/Object')}
  0x0000023e30e237ec: 0001 48be | 38c1 1e43 | 3e02 0000 | 8bbe cc00 | 0000 83c7 | 0289 becc | 0000 0081 | e7fe ff1f 
  0x0000023e30e2380c: 0083 ff00 | 0f84 d102 

  0x0000023e30e23814: ;   {metadata(method data for {method} {0x0000023e4306e1e0} '<init>' '(Ljava/lang/invoke/MethodType;Ljava/lang/invoke/LambdaForm;)V' in 'java/lang/invoke/MethodHandle')}
  0x0000023e30e23814: 0000 48be | 706b b843 | 3e02 0000 | 4883 8620 | 0100 0001 

  0x0000023e30e23828: ;   {metadata(method data for {method} {0x0000023e4311d9f0} 'requireNonNull' '(Ljava/lang/Object;)Ljava/lang/Object;' in 'java/util/Objects')}
  0x0000023e30e23828: 48be a0d9 | 2443 3e02 | 0000 8bbe | cc00 0000 | 83c7 0289 | becc 0000 | 0081 e7fe | ff1f 0083 
  0x0000023e30e23848: ff00 0f84 | b802 0000 | 4983 f800 

  0x0000023e30e23854: ;   {metadata(method data for {method} {0x0000023e4311d9f0} 'requireNonNull' '(Ljava/lang/Object;)Ljava/lang/Object;' in 'java/util/Objects')}
  0x0000023e30e23854: 48be a0d9 | 2443 3e02 | 0000 48bf | 2001 0000 | 0000 0000 | 0f84 0a00 | 0000 48bf | 1001 0000 
  0x0000023e30e23874: 0000 0000 | 488b 1c3e | 488d 5b01 | 4889 1c3e | 0f84 ac01 | 0000 4d8b | d044 8952 | 1048 8bf2 
  0x0000023e30e23894: 48c1 ee09 | 48bf 0000 | 753f 3e02 | 0000 c604 

  0x0000023e30e238a4: ;   {metadata(method data for {method} {0x0000023e4306e1e0} '<init>' '(Ljava/lang/invoke/MethodType;Ljava/lang/invoke/LambdaForm;)V' in 'java/lang/invoke/MethodHandle')}
  0x0000023e30e238a4: 3e00 48be | 706b b843 | 3e02 0000 | 4883 8668 | 0100 0001 

  0x0000023e30e238b8: ;   {metadata(method data for {method} {0x0000023e4311d9f0} 'requireNonNull' '(Ljava/lang/Object;)Ljava/lang/Object;' in 'java/util/Objects')}
  0x0000023e30e238b8: 48be a0d9 | 2443 3e02 | 0000 8bbe | cc00 0000 | 83c7 0289 | becc 0000 | 0081 e7fe | ff1f 0083 
  0x0000023e30e238d8: ff00 0f84 | 4902 0000 | 4983 f900 

  0x0000023e30e238e4: ;   {metadata(method data for {method} {0x0000023e4311d9f0} 'requireNonNull' '(Ljava/lang/Object;)Ljava/lang/Object;' in 'java/util/Objects')}
  0x0000023e30e238e4: 48be a0d9 | 2443 3e02 | 0000 48bf | 2001 0000 | 0000 0000 | 0f84 0a00 | 0000 48bf | 1001 0000 
  0x0000023e30e23904: 0000 0000 | 488b 1c3e | 488d 5b01 | 4889 1c3e | 0f84 9500 | 0000 493b | 0149 8bf1 

  0x0000023e30e23920: ;   {metadata(method data for {method} {0x0000023e4306e1e0} '<init>' '(Ljava/lang/invoke/MethodType;Ljava/lang/invoke/LambdaForm;)V' in 'java/lang/invoke/MethodHandle')}
  0x0000023e30e23920: 48bf 706b | b843 3e02 

  0x0000023e30e23928: ;   {metadata('java/lang/invoke/LambdaForm')}
  0x0000023e30e23928: 0000 49ba | 70d4 0400 | 0100 0000 | 4c89 97c0 | 0100 0048 | 8387 c801 | 0000 0149 

  0x0000023e30e23944: ;   {optimized virtual_call}
  0x0000023e30e23944: 8bd1 90e8 

  0x0000023e30e23948: ; ImmutableOopMap {[48]=Oop }
                      ;*invokevirtual uncustomize {reexecute=0 rethrow=0 return_oop=0}
                      ; - java.lang.invoke.MethodHandle::<init>@23
  0x0000023e30e23948: 94bb eeff | 488b 5424 | 304c 8bd0 | 4489 5214 | 48c1 ea09 | 48be 0000 | 753f 3e02 | 0000 c604 
  0x0000023e30e23968: 3200 483b | 0048 8bd0 

  0x0000023e30e23970: ;   {metadata(method data for {method} {0x0000023e4306e1e0} '<init>' '(Ljava/lang/invoke/MethodType;Ljava/lang/invoke/LambdaForm;)V' in 'java/lang/invoke/MethodHandle')}
  0x0000023e30e23970: 48be 706b | b843 3e02 

  0x0000023e30e23978: ;   {metadata('java/lang/invoke/LambdaForm')}
  0x0000023e30e23978: 0000 49ba | 70d4 0400 | 0100 0000 | 4c89 96f8 | 0100 0048 | 8386 0002 | 0000 0148 

  0x0000023e30e23994: ;   {optimized virtual_call}
  0x0000023e30e23994: 8bd0 90e8 

  0x0000023e30e23998: ; ImmutableOopMap {}
                      ;*invokevirtual prepare {reexecute=0 rethrow=0 return_oop=0}
                      ; - java.lang.invoke.MethodHandle::<init>@33
  0x0000023e30e23998: 4407 0000 | 4883 c460 

  0x0000023e30e239a0: ;   {poll_return}
  0x0000023e30e239a0: 5d49 3ba7 | 5003 0000 | 0f87 a601 | 0000 c390 

  0x0000023e30e239b0: ;   {no_reloc}
  0x0000023e30e239b0: e9c4 0100 | 0000 0000 | 0000 498b | 8708 0100 | 0048 8d78 | 3049 3bbf | 1801 0000 | 0f87 b101 
  0x0000023e30e239d0: 0000 4989 | bf08 0100 | 0048 c700 | 0100 0000 | 488b ca48 | c1e9 0389 | 4808 4833 | c989 480c 
  0x0000023e30e239f0: 4833 c948 | 8948 1048 | 8948 1848 | 8948 2048 | 8948 2848 

  0x0000023e30e23a04: ;   {metadata(method data for {method} {0x0000023e4311d9f0} 'requireNonNull' '(Ljava/lang/Object;)Ljava/lang/Object;' in 'java/util/Objects')}
  0x0000023e30e23a04: 8bd0 48be | a0d9 2443 | 3e02 0000 | 4883 8630 | 0100 0001 | 488b d048 | 8944 2438 | 0f1f 8000 
  0x0000023e30e23a24: ;   {optimized virtual_call}
  0x0000023e30e23a24: 0000 00e8 

  0x0000023e30e23a28: ; ImmutableOopMap {[48]=Oop [56]=Oop }
                      ;*invokespecial <init> {reexecute=0 rethrow=0 return_oop=0}
                      ; - java.util.Objects::requireNonNull@8
                      ; - java.lang.invoke.MethodHandle::<init>@17
  0x0000023e30e23a28: 54d6 2b07 | 488b 4424 | 38e9 9f01 | 0000 4c89 | 4c24 480f | 1f44 0000 

  0x0000023e30e23a40: ;   {no_reloc}
  0x0000023e30e23a40: e95a 0100 | 0000 0000 | 0000 498b | 8708 0100 | 0048 8d78 | 3049 3bbf | 1801 0000 | 0f87 4701 
  0x0000023e30e23a60: 0000 4989 | bf08 0100 | 0048 c700 | 0100 0000 | 488b ca48 | c1e9 0389 | 4808 4833 | c989 480c 
  0x0000023e30e23a80: 4833 c948 | 8948 1048 | 8948 1848 | 8948 2048 | 8948 2848 

  0x0000023e30e23a94: ;   {metadata(method data for {method} {0x0000023e4311d9f0} 'requireNonNull' '(Ljava/lang/Object;)Ljava/lang/Object;' in 'java/util/Objects')}
  0x0000023e30e23a94: 8bd0 48be | a0d9 2443 | 3e02 0000 | 4883 8630 | 0100 0001 | 488b d048 | 8944 2440 | 0f1f 8000 
  0x0000023e30e23ab4: ;   {optimized virtual_call}
  0x0000023e30e23ab4: 0000 00e8 

  0x0000023e30e23ab8: ; ImmutableOopMap {[72]=Oop [64]=Oop [48]=Oop }
                      ;*invokespecial <init> {reexecute=0 rethrow=0 return_oop=0}
                      ; - java.util.Objects::requireNonNull@8
                      ; - java.lang.invoke.MethodHandle::<init>@6
  0x0000023e30e23ab8: c4d5 2b07 | 488b 4424 | 40e9 0f01 

  0x0000023e30e23ac4: ;   {metadata({method} {0x0000023e4306e1e0} '<init>' '(Ljava/lang/invoke/MethodType;Ljava/lang/invoke/LambdaForm;)V' in 'java/lang/invoke/MethodHandle')}
  0x0000023e30e23ac4: 0000 49ba | d8e1 0643 | 3e02 0000 | 4c89 5424 | 0848 c704 | 24ff ffff 

  0x0000023e30e23adc: ;   {runtime_call counter_overflow Runtime1 stub}
  0x0000023e30e23adc: ffe8 1e6c 

  0x0000023e30e23ae0: ; ImmutableOopMap {rdx=Oop [48]=Oop r8=Oop r9=Oop }
                      ;*synchronization entry
                      ; - java.lang.invoke.MethodHandle::<init>@-1
  0x0000023e30e23ae0: 3607 e9f2 

  0x0000023e30e23ae4: ;   {metadata({method} {0x0000023e43000488} '<init>' '()V' in 'java/lang/Object')}
  0x0000023e30e23ae4: fcff ff49 | ba80 0400 | 433e 0200 | 004c 8954 | 2408 48c7 | 0424 ffff 

  0x0000023e30e23afc: ;   {runtime_call counter_overflow Runtime1 stub}
  0x0000023e30e23afc: ffff e8fd 

  0x0000023e30e23b00: ; ImmutableOopMap {rdx=Oop [48]=Oop r8=Oop r9=Oop }
                      ;*synchronization entry
                      ; - java.lang.Object::<init>@-1
                      ; - java.lang.invoke.MethodHandle::<init>@1
  0x0000023e30e23b00: 6b36 07e9 | 0efd ffff 

  0x0000023e30e23b08: ;   {metadata({method} {0x0000023e4311d9f0} 'requireNonNull' '(Ljava/lang/Object;)Ljava/lang/Object;' in 'java/util/Objects')}
  0x0000023e30e23b08: 49ba e8d9 | 1143 3e02 | 0000 4c89 | 5424 0848 | c704 24ff 

  0x0000023e30e23b1c: ;   {runtime_call counter_overflow Runtime1 stub}
  0x0000023e30e23b1c: ffff ffe8 

  0x0000023e30e23b20: ; ImmutableOopMap {rdx=Oop [48]=Oop r8=Oop r9=Oop }
                      ;*synchronization entry
                      ; - java.util.Objects::requireNonNull@-1
                      ; - java.lang.invoke.MethodHandle::<init>@6
  0x0000023e30e23b20: dc6b 3607 | e927 fdff 

  0x0000023e30e23b28: ;   {metadata({method} {0x0000023e4311d9f0} 'requireNonNull' '(Ljava/lang/Object;)Ljava/lang/Object;' in 'java/util/Objects')}
  0x0000023e30e23b28: ff49 bae8 | d911 433e | 0200 004c | 8954 2408 | 48c7 0424 | ffff ffff 

  0x0000023e30e23b40: ;   {runtime_call counter_overflow Runtime1 stub}
  0x0000023e30e23b40: e8bb 6b36 

  0x0000023e30e23b44: ; ImmutableOopMap {rdx=Oop [48]=Oop r9=Oop }
                      ;*synchronization entry
                      ; - java.util.Objects::requireNonNull@-1
                      ; - java.lang.invoke.MethodHandle::<init>@17
  0x0000023e30e23b44: 07e9 96fd 

  0x0000023e30e23b48: ;   {runtime_call throw_null_pointer_exception Runtime1 stub}
  0x0000023e30e23b48: ffff e851 

  0x0000023e30e23b4c: ; ImmutableOopMap {r9=Oop [48]=Oop }
                      ;*invokevirtual uncustomize {reexecute=0 rethrow=0 return_oop=0}
                      ; - java.lang.invoke.MethodHandle::<init>@23
                      ;   {runtime_call throw_null_pointer_exception Runtime1 stub}
  0x0000023e30e23b4c: 3b2d 07e8 

  0x0000023e30e23b50: ; ImmutableOopMap {rax=Oop }
                      ;*invokevirtual prepare {reexecute=0 rethrow=0 return_oop=0}
                      ; - java.lang.invoke.MethodHandle::<init>@33
  0x0000023e30e23b50: 4c3b 2d07 

  0x0000023e30e23b54: ;   {internal_word}
  0x0000023e30e23b54: 49ba a139 | e230 3e02 | 0000 4d89 | 9768 0300 

  0x0000023e30e23b64: ;   {runtime_call SafepointBlob}
  0x0000023e30e23b64: 00e9 963b 

  0x0000023e30e23b68: ;   {metadata(NULL)}
  0x0000023e30e23b68: 2c07 48ba | 0000 0000 | 0000 0000 | b800 0f05 

  0x0000023e30e23b78: ;   {runtime_call load_klass_patching Runtime1 stub}
  0x0000023e30e23b78: 0ae8 025b 

  0x0000023e30e23b7c: ; ImmutableOopMap {[48]=Oop }
                      ;*new {reexecute=1 rethrow=0 return_oop=0}
                      ; - (reexecute) java.util.Objects::requireNonNull@4
                      ; - java.lang.invoke.MethodHandle::<init>@17
  0x0000023e30e23b7c: 3607 e92d | feff ff48 

  0x0000023e30e23b84: ;   {runtime_call fast_new_instance Runtime1 stub}
  0x0000023e30e23b84: 8bd2 e8f5 

  0x0000023e30e23b88: ; ImmutableOopMap {[48]=Oop }
                      ;*new {reexecute=0 rethrow=0 return_oop=0}
                      ; - java.util.Objects::requireNonNull@4
                      ; - java.lang.invoke.MethodHandle::<init>@17
  0x0000023e30e23b88: 312d 07e9 | 73fe ffff 

  0x0000023e30e23b90: ;   {metadata(NULL)}
  0x0000023e30e23b90: 48ba 0000 | 0000 0000 | 0000 b800 

  0x0000023e30e23b9c: ;   {runtime_call load_klass_patching Runtime1 stub}
  0x0000023e30e23b9c: 0f05 0ae8 

  0x0000023e30e23ba0: ; ImmutableOopMap {[72]=Oop [48]=Oop }
                      ;*new {reexecute=1 rethrow=0 return_oop=0}
                      ; - (reexecute) java.util.Objects::requireNonNull@4
                      ; - java.lang.invoke.MethodHandle::<init>@6
  0x0000023e30e23ba0: dc5a 3607 | e997 feff | ff48 8bd2 

  0x0000023e30e23bac: ;   {runtime_call fast_new_instance Runtime1 stub}
  0x0000023e30e23bac: e8cf 312d 

  0x0000023e30e23bb0: ; ImmutableOopMap {[72]=Oop [48]=Oop }
                      ;*new {reexecute=0 rethrow=0 return_oop=0}
                      ; - java.util.Objects::requireNonNull@4
                      ; - java.lang.invoke.MethodHandle::<init>@6
  0x0000023e30e23bb0: 07e9 ddfe | ffff 9090 | 498b 87e0 | 0300 0049 | c787 e003 | 0000 0000 | 0000 49c7 | 87e8 0300 
  0x0000023e30e23bd0: 0000 0000 | 0048 83c4 

  0x0000023e30e23bd8: ;   {runtime_call unwind_exception Runtime1 stub}
  0x0000023e30e23bd8: 605d e9a1 | 492d 07f4 
[Stub Code]
  0x0000023e30e23be0: ;   {no_reloc}
  0x0000023e30e23be0: 0f1f 4400 

  0x0000023e30e23be4: ;   {static_stub}
  0x0000023e30e23be4: 0048 bb00 | 0000 0000 

  0x0000023e30e23bec: ;   {runtime_call}
  0x0000023e30e23bec: 0000 00e9 | fbff ffff 

  0x0000023e30e23bf4: ;   {static_stub}
  0x0000023e30e23bf4: 9048 bb18 | 2a08 433e 

  0x0000023e30e23bfc: ;   {runtime_call I2C/C2I adapters}
  0x0000023e30e23bfc: 0200 00e9 | 4c1e 2c07 

  0x0000023e30e23c04: ;   {static_stub}
  0x0000023e30e23c04: 9048 bb00 | 0000 0000 

  0x0000023e30e23c0c: ;   {runtime_call}
  0x0000023e30e23c0c: 0000 00e9 | fbff ffff 

  0x0000023e30e23c14: ;   {static_stub}
  0x0000023e30e23c14: 9048 bb00 | 0000 0000 

  0x0000023e30e23c1c: ;   {runtime_call}
  0x0000023e30e23c1c: 0000 00e9 | fbff ffff 
[Exception Handler]
  0x0000023e30e23c24: ;   {runtime_call handle_exception_from_callee Runtime1 stub}
  0x0000023e30e23c24: e857 1c2d 

  0x0000023e30e23c28: ;   {external_word}
  0x0000023e30e23c28: 0748 b930 | 9a6c 96fe | 7f00 0048 

  0x0000023e30e23c34: ;   {runtime_call}
  0x0000023e30e23c34: 83e4 f049 | ba40 2b35 | 96fe 7f00 | 0041 ffd2 

  0x0000023e30e23c44: ;   {section_word}
  0x0000023e30e23c44: f449 ba45 | 3ce2 303e | 0200 0041 

  0x0000023e30e23c50: ;   {runtime_call DeoptimizationBlob}
  0x0000023e30e23c50: 52e9 4a2d | 2c07 f4f4 
[/MachCode]


Compiled method (c1)    8875  904       3       java.security.AccessController::executePrivileged (65 bytes)
 total in heap  [0x0000023e30ce6510,0x0000023e30ce6af8] = 1512
 relocation     [0x0000023e30ce6668,0x0000023e30ce66c8] = 96
 main code      [0x0000023e30ce66e0,0x0000023e30ce6980] = 672
 stub code      [0x0000023e30ce6980,0x0000023e30ce69d8] = 88
 metadata       [0x0000023e30ce69d8,0x0000023e30ce69e8] = 16
 scopes data    [0x0000023e30ce69e8,0x0000023e30ce6a60] = 120
 scopes pcs     [0x0000023e30ce6a60,0x0000023e30ce6ae0] = 128
 dependencies   [0x0000023e30ce6ae0,0x0000023e30ce6ae8] = 8
 nul chk table  [0x0000023e30ce6ae8,0x0000023e30ce6af8] = 16

[Constant Pool (empty)]

[MachCode]
[Verified Entry Point]
  # {method} {0x0000023e43030fe8} 'executePrivileged' '(Ljava/security/PrivilegedExceptionAction;Ljava/security/AccessControlContext;Ljava/lang/Class;)Ljava/lang/Object;' in 'java/security/AccessController'
  # parm0:    rdx:rdx   = 'java/security/PrivilegedExceptionAction'
  # parm1:    r8:r8     = 'java/security/AccessControlContext'
  # parm2:    r9:r9     = 'java/lang/Class'
  #           [sp+0x50]  (sp of caller)
  0x0000023e30ce66e0: 8984 2400 | 90ff ff55 | 4883 ec40 | 4c89 4424 

  0x0000023e30ce66f0: ;   {metadata(method data for {method} {0x0000023e43030fe8} 'executePrivileged' '(Ljava/security/PrivilegedExceptionAction;Ljava/security/AccessControlContext;Ljava/lang/Class;)Ljava/lang/Object;' in 'java/security/AccessController')}
  0x0000023e30ce66f0: 3048 be80 | 609b 433e | 0200 008b | becc 0000 | 0083 c702 | 89be cc00 | 0000 81e7 | fe07 0000 
  0x0000023e30ce6710: 83ff 000f | 84b7 0100 | 0049 83f8 

  0x0000023e30ce671c: ;   {metadata(method data for {method} {0x0000023e43030fe8} 'executePrivileged' '(Ljava/security/PrivilegedExceptionAction;Ljava/security/AccessControlContext;Ljava/lang/Class;)Ljava/lang/Object;' in 'java/security/AccessController')}
  0x0000023e30ce671c: 0048 be80 | 609b 433e | 0200 0048 | bf10 0100 | 0000 0000 | 000f 840a | 0000 0048 | bf20 0100 
  0x0000023e30ce673c: 0000 0000 | 0048 8b1c | 3e48 8d5b | 0148 891c | 3e4c 894c | 2428 4889 | 5424 200f | 841f 0000 
  0x0000023e30ce675c: ;   {metadata(method data for {method} {0x0000023e43030fe8} 'executePrivileged' '(Ljava/security/PrivilegedExceptionAction;Ljava/security/AccessControlContext;Ljava/lang/Class;)Ljava/lang/Object;' in 'java/security/AccessController')}
  0x0000023e30ce675c: 0048 be80 | 609b 433e | 0200 0048 | 8386 3001 | 0000 0149 | 8bd0 0f1f 

  0x0000023e30ce6774: ;   {static_call}
  0x0000023e30ce6774: 4400 00e8 

  0x0000023e30ce6778: ; ImmutableOopMap {[32]=Oop [40]=Oop [48]=Oop }
                      ;*invokestatic ensureMaterializedForStackWalk {reexecute=0 rethrow=0 return_oop=0}
                      ; - java.security.AccessController::executePrivileged@5
  0x0000023e30ce6778: bcec 9c07 

  0x0000023e30ce677c: ;   {metadata(method data for {method} {0x0000023e43030fe8} 'executePrivileged' '(Ljava/security/PrivilegedExceptionAction;Ljava/security/AccessControlContext;Ljava/lang/Class;)Ljava/lang/Object;' in 'java/security/AccessController')}
  0x0000023e30ce677c: 48ba 8060 | 9b43 3e02 | 0000 ff82 | 4001 0000 | 488b 5424 | 2048 3b02 

  0x0000023e30ce6794: ;   {metadata(method data for {method} {0x0000023e43030fe8} 'executePrivileged' '(Ljava/security/PrivilegedExceptionAction;Ljava/security/AccessControlContext;Ljava/lang/Class;)Ljava/lang/Object;' in 'java/security/AccessController')}
  0x0000023e30ce6794: 488b f248 | bf80 609b | 433e 0200 | 008b 7608 | 48c1 e603 | 483b b7b0 | 0100 0075 | 0d48 8387 
  0x0000023e30ce67b4: b801 0000 | 01e9 6600 | 0000 483b | b7c0 0100 | 0075 0d48 | 8387 c801 | 0000 01e9 | 5000 0000 
  0x0000023e30ce67d4: 4881 bfb0 | 0100 0000 | 0000 0075 | 1748 89b7 | b001 0000 | 48c7 87b8 | 0100 0001 | 0000 00e9 
  0x0000023e30ce67f4: 2c00 0000 | 4881 bfc0 | 0100 0000 | 0000 0075 | 1748 89b7 | c001 0000 | 48c7 87c8 | 0100 0001 
  0x0000023e30ce6814: 0000 00e9 | 0800 0000 | 4883 87a0 | 0100 0001 | 9048 b860 | daed 473e 

  0x0000023e30ce682c: ;   {virtual_call}
  0x0000023e30ce682c: 0200 00e8 

  0x0000023e30ce6830: ; ImmutableOopMap {[40]=Oop [48]=Oop }
                      ;*invokeinterface run {reexecute=0 rethrow=0 return_oop=0}
                      ; - java.security.AccessController::executePrivileged@29
  0x0000023e30ce6830: 5469 4a07 

  0x0000023e30ce6834: ;   {metadata(method data for {method} {0x0000023e43030fe8} 'executePrivileged' '(Ljava/security/PrivilegedExceptionAction;Ljava/security/AccessControlContext;Ljava/lang/Class;)Ljava/lang/Object;' in 'java/security/AccessController')}
  0x0000023e30ce6834: 48be 8060 | 9b43 3e02 | 0000 ff86 | d801 0000 | 4c8b 4c24 

  0x0000023e30ce6848: ;   {metadata(method data for {method} {0x0000023e43030fe8} 'executePrivileged' '(Ljava/security/PrivilegedExceptionAction;Ljava/security/AccessControlContext;Ljava/lang/Class;)Ljava/lang/Object;' in 'java/security/AccessController')}
  0x0000023e30ce6848: 2848 be80 | 609b 433e | 0200 0048 | 8386 3802 

  0x0000023e30ce6858: ;   {metadata(method data for {method} {0x0000023e43035da8} 'reachabilityFence' '(Ljava/lang/Object;)V' in 'java/lang/ref/Reference')}
  0x0000023e30ce6858: 0000 0148 | bec8 8e5e | 433e 0200 | 008b becc | 0000 0083 | c702 89be | cc00 0000 | 81e7 feff 
  0x0000023e30ce6878: 1f00 83ff | 000f 8473 

  0x0000023e30ce6880: ;   {metadata(method data for {method} {0x0000023e43030fe8} 'executePrivileged' '(Ljava/security/PrivilegedExceptionAction;Ljava/security/AccessControlContext;Ljava/lang/Class;)Ljava/lang/Object;' in 'java/security/AccessController')}
  0x0000023e30ce6880: 0000 0048 | be80 609b | 433e 0200 | 0048 8386 | 4802 0000 

  0x0000023e30ce6894: ;   {metadata(method data for {method} {0x0000023e43035da8} 'reachabilityFence' '(Ljava/lang/Object;)V' in 'java/lang/ref/Reference')}
  0x0000023e30ce6894: 0148 bec8 | 8e5e 433e | 0200 008b | becc 0000 | 0083 c702 | 89be cc00 | 0000 81e7 | feff 1f00 
  0x0000023e30ce68b4: 83ff 000f | 845a 0000 | 0048 83c4 

  0x0000023e30ce68c0: ;   {poll_return}
  0x0000023e30ce68c0: 405d 493b | a750 0300 | 000f 8766 | 0000 00c3 

  0x0000023e30ce68d0: ;   {metadata({method} {0x0000023e43030fe8} 'executePrivileged' '(Ljava/security/PrivilegedExceptionAction;Ljava/security/AccessControlContext;Ljava/lang/Class;)Ljava/lang/Object;' in 'java/security/AccessController')}
  0x0000023e30ce68d0: 49ba e00f | 0343 3e02 | 0000 4c89 | 5424 0848 | c704 24ff 

  0x0000023e30ce68e4: ;   {runtime_call counter_overflow Runtime1 stub}
  0x0000023e30ce68e4: ffff ffe8 

  0x0000023e30ce68e8: ; ImmutableOopMap {rdx=Oop r8=Oop [48]=Oop r9=Oop }
                      ;*synchronization entry
                      ; - java.security.AccessController::executePrivileged@-1
  0x0000023e30ce68e8: 143e 4a07 | e928 feff 

  0x0000023e30ce68f0: ;   {runtime_call throw_null_pointer_exception Runtime1 stub}
  0x0000023e30ce68f0: ffe8 aa0d 

  0x0000023e30ce68f4: ; ImmutableOopMap {[40]=Oop rdx=Oop [48]=Oop }
                      ;*invokeinterface run {reexecute=0 rethrow=0 return_oop=0}
                      ; - java.security.AccessController::executePrivileged@29
                      ;   {metadata({method} {0x0000023e43035da8} 'reachabilityFence' '(Ljava/lang/Object;)V' in 'java/lang/ref/Reference')}
  0x0000023e30ce68f4: 4107 49ba | a05d 0343 | 3e02 0000 | 4c89 5424 | 0848 c704 | 24ff ffff 

  0x0000023e30ce690c: ;   {runtime_call counter_overflow Runtime1 stub}
  0x0000023e30ce690c: ffe8 ee3d 

  0x0000023e30ce6910: ; ImmutableOopMap {rax=Oop r9=Oop }
                      ;*synchronization entry
                      ; - java.lang.ref.Reference::reachabilityFence@-1
                      ; - java.security.AccessController::executePrivileged@56
  0x0000023e30ce6910: 4a07 e96c 

  0x0000023e30ce6914: ;   {metadata({method} {0x0000023e43035da8} 'reachabilityFence' '(Ljava/lang/Object;)V' in 'java/lang/ref/Reference')}
  0x0000023e30ce6914: ffff ff49 | baa0 5d03 | 433e 0200 | 004c 8954 | 2408 48c7 | 0424 ffff 

  0x0000023e30ce692c: ;   {runtime_call counter_overflow Runtime1 stub}
  0x0000023e30ce692c: ffff e8cd 

  0x0000023e30ce6930: ; ImmutableOopMap {rax=Oop }
                      ;*synchronization entry
                      ; - java.lang.ref.Reference::reachabilityFence@-1
                      ; - java.security.AccessController::executePrivileged@60
  0x0000023e30ce6930: 3d4a 07eb 

  0x0000023e30ce6934: ;   {internal_word}
  0x0000023e30ce6934: 8849 bac2 | 68ce 303e | 0200 004d | 8997 6803 

  0x0000023e30ce6944: ;   {runtime_call SafepointBlob}
  0x0000023e30ce6944: 0000 e9b5 | 0d40 0790 | 9049 8b87 | e003 0000 | 49c7 87e0 | 0300 0000 | 0000 0049 | c787 e803 
  0x0000023e30ce6964: 0000 0000 | 0000 4883 

  0x0000023e30ce696c: ;   {runtime_call unwind_exception Runtime1 stub}
  0x0000023e30ce696c: c440 5de9 | 0c1c 4107 | f4f4 f4f4 | f4f4 f4f4 | f4f4 f4f4 
[Stub Code]
  0x0000023e30ce6980: ;   {no_reloc}
  0x0000023e30ce6980: 0f1f 4400 

  0x0000023e30ce6984: ;   {static_stub}
  0x0000023e30ce6984: 0048 bb58 | 0d03 433e 

  0x0000023e30ce698c: ;   {runtime_call I2C/C2I adapters}
  0x0000023e30ce698c: 0200 00e9 | bcf0 3f07 

  0x0000023e30ce6994: ;   {static_stub}
  0x0000023e30ce6994: 9048 bb00 | 0000 0000 

  0x0000023e30ce699c: ;   {runtime_call}
  0x0000023e30ce699c: 0000 00e9 | fbff ffff 
[Exception Handler]
  0x0000023e30ce69a4: ;   {runtime_call handle_exception_from_callee Runtime1 stub}
  0x0000023e30ce69a4: e8d7 ee40 

  0x0000023e30ce69a8: ;   {external_word}
  0x0000023e30ce69a8: 0748 b930 | 9a6c 96fe | 7f00 0048 

  0x0000023e30ce69b4: ;   {runtime_call}
  0x0000023e30ce69b4: 83e4 f049 | ba40 2b35 | 96fe 7f00 | 0041 ffd2 

  0x0000023e30ce69c4: ;   {section_word}
  0x0000023e30ce69c4: f449 bac5 | 69ce 303e | 0200 0041 

  0x0000023e30ce69d0: ;   {runtime_call DeoptimizationBlob}
  0x0000023e30ce69d0: 52e9 caff | 3f07 f4f4 
[/MachCode]


---------------  P R O C E S S  ---------------

Threads class SMR info:
_java_thread_list=0x0000023e4829ed60, length=17, elements={
0x0000023e2c6ffe50, 0x0000023e4248b010, 0x0000023e4248c540, 0x0000023e424b8f20,
0x0000023e424b9a50, 0x0000023e424ba7e0, 0x0000023e424be630, 0x0000023e424bf2e0,
0x0000023e47693fe0, 0x0000023e47698cc0, 0x0000023e47761420, 0x0000023e4793baf0,
0x0000023e48106020, 0x0000023e48340a50, 0x0000023e48140b50, 0x0000023e48233760,
0x0000023e47d65030
}

Java Threads: ( => current thread )
  0x0000023e2c6ffe50 JavaThread "main" [_thread_blocked, id=3632, stack(0x000000f59bc00000,0x000000f59bd00000)]
  0x0000023e4248b010 JavaThread "Reference Handler" daemon [_thread_blocked, id=6704, stack(0x000000f59bf00000,0x000000f59c000000)]
  0x0000023e4248c540 JavaThread "Finalizer" daemon [_thread_blocked, id=10452, stack(0x000000f59c000000,0x000000f59c100000)]
  0x0000023e424b8f20 JavaThread "Signal Dispatcher" daemon [_thread_blocked, id=8692, stack(0x000000f59c100000,0x000000f59c200000)]
  0x0000023e424b9a50 JavaThread "Attach Listener" daemon [_thread_blocked, id=2868, stack(0x000000f59c200000,0x000000f59c300000)]
  0x0000023e424ba7e0 JavaThread "Service Thread" daemon [_thread_blocked, id=11128, stack(0x000000f59c300000,0x000000f59c400000)]
  0x0000023e424be630 JavaThread "Monitor Deflation Thread" daemon [_thread_blocked, id=10528, stack(0x000000f59c400000,0x000000f59c500000)]
  0x0000023e424bf2e0 JavaThread "C2 CompilerThread0" daemon [_thread_in_native, id=10028, stack(0x000000f59c500000,0x000000f59c600000)]
  0x0000023e47693fe0 JavaThread "C1 CompilerThread0" daemon [_thread_blocked, id=5220, stack(0x000000f59c600000,0x000000f59c700000)]
  0x0000023e47698cc0 JavaThread "Sweeper thread" daemon [_thread_blocked, id=7808, stack(0x000000f59c700000,0x000000f59c800000)]
  0x0000023e47761420 JavaThread "Common-Cleaner" daemon [_thread_blocked, id=8780, stack(0x000000f59c800000,0x000000f59c900000)]
  0x0000023e4793baf0 JavaThread "Notification Thread" daemon [_thread_blocked, id=820, stack(0x000000f59c900000,0x000000f59ca00000)]
  0x0000023e48106020 JavaThread "Active Thread: Equinox Container: 52eb4c0d-9d6e-4a21-aa47-d7b8e103ad65" [_thread_blocked, id=9492, stack(0x000000f59ce00000,0x000000f59cf00000)]
  0x0000023e48340a50 JavaThread "Framework Event Dispatcher: Equinox Container: 52eb4c0d-9d6e-4a21-aa47-d7b8e103ad65" daemon [_thread_blocked, id=10200, stack(0x000000f59cf00000,0x000000f59d000000)]
=>0x0000023e48140b50 JavaThread "Start Level: Equinox Container: 52eb4c0d-9d6e-4a21-aa47-d7b8e103ad65" daemon [_thread_in_vm, id=5504, stack(0x000000f59d000000,0x000000f59d100000)]
  0x0000023e48233760 JavaThread "SCR Component Actor" daemon [_thread_blocked, id=3152, stack(0x000000f59d100000,0x000000f59d200000)]
  0x0000023e47d65030 JavaThread "SCR Component Registry" daemon [_thread_blocked, id=5948, stack(0x000000f59d200000,0x000000f59d300000)]

Other Threads:
  0x0000023e42478170 VMThread "VM Thread" [stack: 0x000000f59be00000,0x000000f59bf00000] [id=10304] _threads_hazard_ptr=0x0000023e4829ed60
  0x0000023e479744e0 WatcherThread [stack: 0x000000f59ca00000,0x000000f59cb00000] [id=4184]
  0x0000023e2c713920 GCTaskThread "GC Thread#0" [stack: 0x000000f59bd00000,0x000000f59be00000] [id=1836]
  0x0000023e47a4d6c0 GCTaskThread "GC Thread#1" [stack: 0x000000f59cb00000,0x000000f59cc00000] [id=6840]
  0x0000023e48280c90 GCTaskThread "GC Thread#2" [stack: 0x000000f59cc00000,0x000000f59cd00000] [id=10312]
  0x0000023e48280f50 GCTaskThread "GC Thread#3" [stack: 0x000000f59cd00000,0x000000f59ce00000] [id=8888]

Threads with active compile tasks:
C2 CompilerThread0     8958 1872       4       java.io.DataInputStream::readUTF (501 bytes)

VM state: synchronizing (normal execution)

VM Mutex/Monitor currently owned by a thread:  ([mutex/lock_event])
[0x0000023e2c6fd050] Threads_lock - owner thread: 0x0000023e42478170

Heap address: 0x00000000c0000000, size: 1024 MB, Compressed Oops mode: 32-bit

CDS archive(s) not mapped
Compressed class space mapped at: 0x0000000100000000-0x0000000140000000, reserved size: 1073741824
Narrow klass base: 0x0000000000000000, Narrow klass shift: 3, Narrow klass range: 0x140000000

GC Precious Log:
 CPUs: 4 total, 4 available
 Memory: 3470M
 Large Page Support: Disabled
 NUMA Support: Disabled
 Compressed Oops: Enabled (32-bit)
 Alignments: Space 512K, Generation 512K, Heap 2M
 Heap Min Capacity: 100M
 Heap Initial Capacity: 100M
 Heap Max Capacity: 1G
 Pre-touch: Disabled
 Parallel Workers: 4

Heap:
 PSYoungGen      total 29696K, used 17544K [0x00000000eab00000, 0x00000000ecc00000, 0x0000000100000000)
  eden space 25600K, 52% used [0x00000000eab00000,0x00000000eb827bb0,0x00000000ec400000)
  from space 4096K, 99% used [0x00000000ec800000,0x00000000ecbfa780,0x00000000ecc00000)
  to   space 4096K, 0% used [0x00000000ec400000,0x00000000ec400000,0x00000000ec800000)
 ParOldGen       total 68608K, used 798K [0x00000000c0000000, 0x00000000c4300000, 0x00000000eab00000)
  object space 68608K, 1% used [0x00000000c0000000,0x00000000c00c7b50,0x00000000c4300000)
 Metaspace       used 17374K, committed 17728K, reserved 1114112K
  class space    used 1788K, committed 1920K, reserved 1048576K

Card table byte_map: [0x0000023e3fd50000,0x0000023e3ff60000] _byte_map_base: 0x0000023e3f750000

Marking Bits: (ParMarkBitMap*) 0x00007ffe9693d820
 Begin Bits: [0x0000023e400c0000, 0x0000023e410c0000)
 End Bits:   [0x0000023e410c0000, 0x0000023e420c0000)

Polling page: 0x0000023e2c7b0000

Metaspace:

Usage:
  Non-class:     15.22 MB used.
      Class:      1.75 MB used.
       Both:     16.97 MB used.

Virtual space:
  Non-class space:       64.00 MB reserved,      15.44 MB ( 24%) committed,  1 nodes.
      Class space:        1.00 GB reserved,       1.88 MB ( <1%) committed,  1 nodes.
             Both:        1.06 GB reserved,      17.31 MB (  2%) committed. 

Chunk freelists:
   Non-Class:  15.71 MB
       Class:  14.15 MB
        Both:  29.85 MB

MaxMetaspaceSize: unlimited
CompressedClassSpaceSize: 1.00 GB
Initial GC threshold: 21.00 MB
Current GC threshold: 21.00 MB
CDS: off
MetaspaceReclaimPolicy: balanced
 - commit_granule_bytes: 65536.
 - commit_granule_words: 8192.
 - virtual_space_node_default_size: 8388608.
 - enlarge_chunks_in_place: 1.
 - new_chunks_are_fully_committed: 0.
 - uncommit_free_chunks: 1.
 - use_allocation_guard: 0.
 - handle_deallocations: 1.


Internal statistics:

num_allocs_failed_limit: 0.
num_arena_births: 162.
num_arena_deaths: 0.
num_vsnodes_births: 2.
num_vsnodes_deaths: 0.
num_space_committed: 277.
num_space_uncommitted: 0.
num_chunks_returned_to_freelist: 0.
num_chunks_taken_from_freelist: 492.
num_chunk_merges: 0.
num_chunk_splits: 312.
num_chunks_enlarged: 226.
num_inconsistent_stats: 0.

CodeHeap 'non-profiled nmethods': size=120000Kb used=768Kb max_used=768Kb free=119231Kb
 bounds [0x0000023e38630000, 0x0000023e388a0000, 0x0000023e3fb60000]
CodeHeap 'profiled nmethods': size=120000Kb used=3590Kb max_used=3590Kb free=116409Kb
 bounds [0x0000023e30b60000, 0x0000023e30ef0000, 0x0000023e38090000]
CodeHeap 'non-nmethods': size=5760Kb used=1174Kb max_used=1192Kb free=4585Kb
 bounds [0x0000023e38090000, 0x0000023e38300000, 0x0000023e38630000]
 total_blobs=2352 nmethods=1883 adapters=383
 compilation: enabled
              stopped_count=0, restarted_count=0
 full_count=0

Compilation events (20 events):
Event: 8.505 Thread 0x0000023e47693fe0 nmethod 1877 0x0000023e30ed9910 code [0x0000023e30ed9ac0, 0x0000023e30ed9cd8]
Event: 8.505 Thread 0x0000023e47693fe0 1879  s    3       org.eclipse.osgi.framework.eventmgr.ListenerQueue::queueListeners (37 bytes)
Event: 8.505 Thread 0x0000023e47693fe0 nmethod 1879 0x0000023e30ed9e10 code [0x0000023e30ed9fe0, 0x0000023e30eda468]
Event: 8.505 Thread 0x0000023e47693fe0 1878       3       org.eclipse.osgi.framework.eventmgr.CopyOnWriteIdentityMap::size (6 bytes)
Event: 8.506 Thread 0x0000023e47693fe0 nmethod 1878 0x0000023e30eda610 code [0x0000023e30eda7a0, 0x0000023e30eda8d8]
Event: 8.507 Thread 0x0000023e47693fe0 1880       3       org.eclipse.osgi.framework.util.CaseInsensitiveDictionaryMap::computeHashCode (76 bytes)
Event: 8.508 Thread 0x0000023e47693fe0 nmethod 1880 0x0000023e30eda990 code [0x0000023e30edabc0, 0x0000023e30edb418]
Event: 8.516 Thread 0x0000023e47693fe0 1881       3       jdk.internal.org.objectweb.asm.MethodWriter::visitTypeInsn (116 bytes)
Event: 8.517 Thread 0x0000023e47693fe0 nmethod 1881 0x0000023e30edb710 code [0x0000023e30edb900, 0x0000023e30edbd08]
Event: 8.519 Thread 0x0000023e47693fe0 1882       3       java.lang.invoke.LambdaFormEditor$TransformKey::bval (26 bytes)
Event: 8.519 Thread 0x0000023e47693fe0 nmethod 1882 0x0000023e30edbf10 code [0x0000023e30edc0a0, 0x0000023e30edc198]
Event: 8.524 Thread 0x0000023e47693fe0 1883   !   3       java.lang.invoke.MemberName::getFieldType (176 bytes)
Event: 8.526 Thread 0x0000023e47693fe0 nmethod 1883 0x0000023e30edc210 code [0x0000023e30edc540, 0x0000023e30edda18]
Event: 8.526 Thread 0x0000023e47693fe0 1884       3       java.lang.invoke.InvokerBytecodeGenerator::storeInsnOpcode (98 bytes)
Event: 8.528 Thread 0x0000023e47693fe0 nmethod 1884 0x0000023e30ede110 code [0x0000023e30ede380, 0x0000023e30eded58]
Event: 8.528 Thread 0x0000023e47693fe0 1885       3       jdk.internal.org.objectweb.asm.MethodWriter::visitCode (1 bytes)
Event: 8.528 Thread 0x0000023e47693fe0 nmethod 1885 0x0000023e30edf090 code [0x0000023e30edf220, 0x0000023e30edf338]
Event: 8.528 Thread 0x0000023e47693fe0 1886       3       java.lang.invoke.LambdaFormBuffer::changeName (149 bytes)
Event: 8.529 Thread 0x0000023e47693fe0 nmethod 1886 0x0000023e30edf410 code [0x0000023e30edf5e0, 0x0000023e30edfa88]
Event: 8.529 Thread 0x0000023e47693fe0 1887       3       jdk.internal.org.objectweb.asm.Type::getReturnTypeOffset (64 bytes)

GC Heap History (4 events):
Event: 3.870 GC heap before
{Heap before GC invocations=1 (full 0):
 PSYoungGen      total 29696K, used 25600K [0x00000000eab00000, 0x00000000ecc00000, 0x0000000100000000)
  eden space 25600K, 100% used [0x00000000eab00000,0x00000000ec400000,0x00000000ec400000)
  from space 4096K, 0% used [0x00000000ec800000,0x00000000ec800000,0x00000000ecc00000)
  to   space 4096K, 0% used [0x00000000ec400000,0x00000000ec400000,0x00000000ec800000)
 ParOldGen       total 68608K, used 0K [0x00000000c0000000, 0x00000000c4300000, 0x00000000eab00000)
  object space 68608K, 0% used [0x00000000c0000000,0x00000000c0000000,0x00000000c4300000)
 Metaspace       used 10999K, committed 11200K, reserved 1114112K
  class space    used 1097K, committed 1216K, reserved 1048576K
}
Event: 3.889 GC heap after
{Heap after GC invocations=1 (full 0):
 PSYoungGen      total 29696K, used 3172K [0x00000000eab00000, 0x00000000ecc00000, 0x0000000100000000)
  eden space 25600K, 0% used [0x00000000eab00000,0x00000000eab00000,0x00000000ec400000)
  from space 4096K, 77% used [0x00000000ec400000,0x00000000ec7192e0,0x00000000ec800000)
  to   space 4096K, 0% used [0x00000000ec800000,0x00000000ec800000,0x00000000ecc00000)
 ParOldGen       total 68608K, used 0K [0x00000000c0000000, 0x00000000c4300000, 0x00000000eab00000)
  object space 68608K, 0% used [0x00000000c0000000,0x00000000c0000000,0x00000000c4300000)
 Metaspace       used 10999K, committed 11200K, reserved 1114112K
  class space    used 1097K, committed 1216K, reserved 1048576K
}
Event: 6.943 GC heap before
{Heap before GC invocations=2 (full 0):
 PSYoungGen      total 29696K, used 28772K [0x00000000eab00000, 0x00000000ecc00000, 0x0000000100000000)
  eden space 25600K, 100% used [0x00000000eab00000,0x00000000ec400000,0x00000000ec400000)
  from space 4096K, 77% used [0x00000000ec400000,0x00000000ec7192e0,0x00000000ec800000)
  to   space 4096K, 0% used [0x00000000ec800000,0x00000000ec800000,0x00000000ecc00000)
 ParOldGen       total 68608K, used 0K [0x00000000c0000000, 0x00000000c4300000, 0x00000000eab00000)
  object space 68608K, 0% used [0x00000000c0000000,0x00000000c0000000,0x00000000c4300000)
 Metaspace       used 14760K, committed 15040K, reserved 1114112K
  class space    used 1495K, committed 1664K, reserved 1048576K
}
Event: 6.951 GC heap after
{Heap after GC invocations=2 (full 0):
 PSYoungGen      total 29696K, used 4073K [0x00000000eab00000, 0x00000000ecc00000, 0x0000000100000000)
  eden space 25600K, 0% used [0x00000000eab00000,0x00000000eab00000,0x00000000ec400000)
  from space 4096K, 99% used [0x00000000ec800000,0x00000000ecbfa780,0x00000000ecc00000)
  to   space 4096K, 0% used [0x00000000ec400000,0x00000000ec400000,0x00000000ec800000)
 ParOldGen       total 68608K, used 798K [0x00000000c0000000, 0x00000000c4300000, 0x00000000eab00000)
  object space 68608K, 1% used [0x00000000c0000000,0x00000000c00c7b50,0x00000000c4300000)
 Metaspace       used 14760K, committed 15040K, reserved 1114112K
  class space    used 1495K, committed 1664K, reserved 1048576K
}

Dll operation events (9 events):
Event: 0.032 Loaded shared library c:\Users\Admin\.vscode\extensions\redhat.java-1.33.0-win32-x64\jre\17.0.11-win32-x86_64\bin\java.dll
Event: 0.880 Loaded shared library c:\Users\Admin\.vscode\extensions\redhat.java-1.33.0-win32-x64\jre\17.0.11-win32-x86_64\bin\zip.dll
Event: 0.987 Loaded shared library C:\Users\Admin\.vscode\extensions\redhat.java-1.33.0-win32-x64\jre\17.0.11-win32-x86_64\bin\instrument.dll
Event: 1.065 Loaded shared library C:\Users\Admin\.vscode\extensions\redhat.java-1.33.0-win32-x64\jre\17.0.11-win32-x86_64\bin\net.dll
Event: 1.076 Loaded shared library C:\Users\Admin\.vscode\extensions\redhat.java-1.33.0-win32-x64\jre\17.0.11-win32-x86_64\bin\nio.dll
Event: 1.100 Loaded shared library C:\Users\Admin\.vscode\extensions\redhat.java-1.33.0-win32-x64\jre\17.0.11-win32-x86_64\bin\zip.dll
Event: 1.164 Loaded shared library C:\Users\Admin\.vscode\extensions\redhat.java-1.33.0-win32-x64\jre\17.0.11-win32-x86_64\bin\jimage.dll
Event: 1.480 Loaded shared library c:\Users\Admin\.vscode\extensions\redhat.java-1.33.0-win32-x64\jre\17.0.11-win32-x86_64\bin\verify.dll
Event: 6.249 Loaded shared library C:\Users\Admin\AppData\Roaming\Code\User\globalStorage\redhat.java\1.33.0\config_ss_win\org.eclipse.equinox.launcher\org.eclipse.equinox.launcher.win32.win32.x86_64_1.2.1100.v20240722-2106\eclipse_11904.dll

Deoptimization events (20 events):
Event: 8.113 Thread 0x0000023e48140b50 DEOPT PACKING pc=0x0000023e3869bcb8 sp=0x000000f59d0fba50
Event: 8.113 Thread 0x0000023e48140b50 DEOPT UNPACKING pc=0x0000023e380e66a3 sp=0x000000f59d0fb9d0 mode 2
Event: 8.114 Thread 0x0000023e48140b50 Uncommon trap: trap_request=0xffffffde fr.pc=0x0000023e3869e3b4 relative=0x0000000000000294
Event: 8.114 Thread 0x0000023e48140b50 Uncommon trap: reason=class_check action=maybe_recompile pc=0x0000023e3869e3b4 method=java.io.DataInputStream.readUnsignedByte()I @ 4 c2
Event: 8.114 Thread 0x0000023e48140b50 DEOPT PACKING pc=0x0000023e3869e3b4 sp=0x000000f59d0fbba0
Event: 8.114 Thread 0x0000023e48140b50 DEOPT UNPACKING pc=0x0000023e380e66a3 sp=0x000000f59d0fbaf8 mode 2
Event: 8.114 Thread 0x0000023e48140b50 Uncommon trap: trap_request=0xffffffde fr.pc=0x0000023e3869e3b4 relative=0x0000000000000294
Event: 8.114 Thread 0x0000023e48140b50 Uncommon trap: reason=class_check action=maybe_recompile pc=0x0000023e3869e3b4 method=java.io.DataInputStream.readUnsignedByte()I @ 4 c2
Event: 8.114 Thread 0x0000023e48140b50 DEOPT PACKING pc=0x0000023e3869e3b4 sp=0x000000f59d0fbba0
Event: 8.114 Thread 0x0000023e48140b50 DEOPT UNPACKING pc=0x0000023e380e66a3 sp=0x000000f59d0fbaf8 mode 2
Event: 8.114 Thread 0x0000023e48140b50 Uncommon trap: trap_request=0xffffffde fr.pc=0x0000023e3869bcb8 relative=0x0000000000001258
Event: 8.114 Thread 0x0000023e48140b50 Uncommon trap: reason=class_check action=maybe_recompile pc=0x0000023e3869bcb8 method=java.io.DataInputStream.readUnsignedShort()I @ 6 c2
Event: 8.114 Thread 0x0000023e48140b50 DEOPT PACKING pc=0x0000023e3869bcb8 sp=0x000000f59d0fba50
Event: 8.114 Thread 0x0000023e48140b50 DEOPT UNPACKING pc=0x0000023e380e66a3 sp=0x000000f59d0fb9d0 mode 2
Event: 8.114 Thread 0x0000023e48140b50 Uncommon trap: trap_request=0xffffffde fr.pc=0x0000023e3869bcb8 relative=0x0000000000001258
Event: 8.114 Thread 0x0000023e48140b50 Uncommon trap: reason=class_check action=maybe_recompile pc=0x0000023e3869bcb8 method=java.io.DataInputStream.readUnsignedShort()I @ 6 c2
Event: 8.114 Thread 0x0000023e48140b50 DEOPT PACKING pc=0x0000023e3869bcb8 sp=0x000000f59d0fba50
Event: 8.114 Thread 0x0000023e48140b50 DEOPT UNPACKING pc=0x0000023e380e66a3 sp=0x000000f59d0fb9d0 mode 2
Event: 8.376 Thread 0x0000023e48140b50 DEOPT PACKING pc=0x0000023e30cc213e sp=0x000000f59d0fe7e0
Event: 8.376 Thread 0x0000023e48140b50 DEOPT UNPACKING pc=0x0000023e380e6e43 sp=0x000000f59d0fdc58 mode 0

Classes unloaded (0 events):
No events

Classes redefined (0 events):
No events

Internal exceptions (20 events):
Event: 3.444 Thread 0x0000023e2c6ffe50 Exception <a 'java/lang/ClassNotFoundException'{0x00000000ec0d8740}: sun/net/www/protocol/c/Handler> (0x00000000ec0d8740) 
thrown [s\src\hotspot\share\classfile\systemDictionary.cpp, line 256]
Event: 3.445 Thread 0x0000023e2c6ffe50 Exception <a 'java/lang/ClassNotFoundException'{0x00000000ec0d9cf0}: sun/net/www/protocol/d/Handler> (0x00000000ec0d9cf0) 
thrown [s\src\hotspot\share\classfile\systemDictionary.cpp, line 256]
Event: 3.446 Thread 0x0000023e2c6ffe50 Exception <a 'java/lang/ClassNotFoundException'{0x00000000ec0dae00}: sun/net/www/protocol/c/Handler> (0x00000000ec0dae00) 
thrown [s\src\hotspot\share\classfile\systemDictionary.cpp, line 256]
Event: 3.514 Thread 0x0000023e2c6ffe50 Exception <a 'java/io/FileNotFoundException'{0x00000000ec0fe2d8}> (0x00000000ec0fe2d8) 
thrown [s\src\hotspot\share\prims\jni.cpp, line 516]
Event: 3.700 Thread 0x0000023e2c6ffe50 Implicit null exception at 0x0000023e386770db to 0x0000023e38677998
Event: 3.700 Thread 0x0000023e2c6ffe50 Implicit null exception at 0x0000023e38685b6c to 0x0000023e38685d4c
Event: 3.850 Thread 0x0000023e2c6ffe50 Exception <a 'java/lang/NoSuchMethodError'{0x00000000ec3d8190}: 'int java.lang.invoke.DirectMethodHandle$Holder.invokeStaticInit(java.lang.Object, java.lang.Object, java.lang.Object, java.lang.Object)'> (0x00000000ec3d8190) 
thrown [s\src\hotspot\share\interpreter\linkResolver.cpp, line 759]
Event: 3.855 Thread 0x0000023e2c6ffe50 Exception <a 'java/lang/NoSuchMethodError'{0x00000000ec3e2800}: 'java.lang.Object java.lang.invoke.DirectMethodHandle$Holder.invokeInterface(java.lang.Object, java.lang.Object)'> (0x00000000ec3e2800) 
thrown [s\src\hotspot\share\interpreter\linkResolver.cpp, line 759]
Event: 3.856 Thread 0x0000023e2c6ffe50 Exception <a 'java/lang/IncompatibleClassChangeError'{0x00000000ec3e5ff8}: Found class java.lang.Object, but interface was expected> (0x00000000ec3e5ff8) 
thrown [s\src\hotspot\share\interpreter\linkResolver.cpp, line 826]
Event: 3.858 Thread 0x0000023e2c6ffe50 Exception <a 'java/lang/NoSuchMethodError'{0x00000000ec3ea4e8}: 'void java.lang.invoke.DirectMethodHandle$Holder.invokeStatic(java.lang.Object, java.lang.Object)'> (0x00000000ec3ea4e8) 
thrown [s\src\hotspot\share\interpreter\linkResolver.cpp, line 759]
Event: 3.859 Thread 0x0000023e2c6ffe50 Exception <a 'java/lang/NoSuchMethodError'{0x00000000ec3edce8}: 'void java.lang.invoke.DirectMethodHandle$Holder.invokeStaticInit(java.lang.Object, java.lang.Object)'> (0x00000000ec3edce8) 
thrown [s\src\hotspot\share\interpreter\linkResolver.cpp, line 759]
Event: 3.866 Thread 0x0000023e2c6ffe50 Exception <a 'java/lang/NoSuchMethodError'{0x00000000ec3f5388}: 'int java.lang.invoke.DirectMethodHandle$Holder.invokeStaticInit(java.lang.Object, java.lang.Object)'> (0x00000000ec3f5388) 
thrown [s\src\hotspot\share\interpreter\linkResolver.cpp, line 759]
Event: 3.984 Thread 0x0000023e2c6ffe50 Exception <a 'java/lang/NoSuchMethodError'{0x00000000eac5f270}: 'void java.lang.invoke.DirectMethodHandle$Holder.invokeSpecial(java.lang.Object, java.lang.Object, java.lang.Object)'> (0x00000000eac5f270) 
thrown [s\src\hotspot\share\interpreter\linkResolver.cpp, line 759]
Event: 5.173 Thread 0x0000023e2c6ffe50 Exception <a 'java/lang/NoSuchMethodError'{0x00000000eb8c8b00}: 'java.lang.Object java.lang.invoke.DirectMethodHandle$Holder.newInvokeSpecial(java.lang.Object, int, java.lang.Object)'> (0x00000000eb8c8b00) 
thrown [s\src\hotspot\share\interpreter\linkResolver.cpp, line 759]
Event: 6.241 Thread 0x0000023e2c6ffe50 Exception <a 'java/lang/UnsatisfiedLinkError'{0x00000000ebe4c170}: 'void org.eclipse.equinox.launcher.JNIBridge._update_splash()'> (0x00000000ebe4c170) 
thrown [s\src\hotspot\share\prims\nativeLookup.cpp, line 543]
Event: 6.523 Thread 0x0000023e48140b50 Exception <a 'java/lang/NoSuchMethodError'{0x00000000ec138540}: 'java.lang.Object java.lang.invoke.DirectMethodHandle$Holder.invokeStaticInit(java.lang.Object)'> (0x00000000ec138540) 
thrown [s\src\hotspot\share\interpreter\linkResolver.cpp, line 759]
Event: 6.797 Thread 0x0000023e48140b50 Exception <a 'java/lang/NullPointerException'{0x00000000ec2ba340}> (0x00000000ec2ba340) 
thrown [s\src\hotspot\share\interpreter\linkResolver.cpp, line 1350]
Event: 6.797 Thread 0x0000023e48140b50 Exception <a 'java/lang/NullPointerException'{0x00000000ec2ba618}> (0x00000000ec2ba618) 
thrown [s\src\hotspot\share\interpreter\linkResolver.cpp, line 1350]
Event: 8.051 Thread 0x0000023e48140b50 Exception <a 'java/io/FileNotFoundException'{0x00000000eb5515e8}> (0x00000000eb5515e8) 
thrown [s\src\hotspot\share\prims\jni.cpp, line 516]
Event: 8.363 Thread 0x0000023e48140b50 Exception <a 'java/lang/NoSuchMethodError'{0x00000000eb6fff58}: 'java.lang.Object java.lang.invoke.Invokers$Holder.invokeExact_MT(java.lang.Object, java.lang.Object, java.lang.Object, java.lang.Object, java.lang.Object, java.lang.Object)'> (0x00000000eb6fff58) 
thrown [s\src\hotspot\share\interpreter\linkResolver.cpp, line 759]

VM Operations (20 events):
Event: 3.371 Executing VM operation: Cleanup
Event: 3.371 Executing VM operation: Cleanup done
Event: 3.870 Executing VM operation: ParallelGCFailedAllocation
Event: 3.890 Executing VM operation: ParallelGCFailedAllocation done
Event: 4.901 Executing VM operation: Cleanup
Event: 4.902 Executing VM operation: Cleanup done
Event: 5.004 Executing VM operation: HandshakeAllThreads
Event: 5.029 Executing VM operation: HandshakeAllThreads done
Event: 5.031 Executing VM operation: HandshakeAllThreads
Event: 5.031 Executing VM operation: HandshakeAllThreads done
Event: 5.044 Executing VM operation: HandshakeAllThreads
Event: 5.044 Executing VM operation: HandshakeAllThreads done
Event: 5.148 Executing VM operation: HandshakeAllThreads
Event: 5.148 Executing VM operation: HandshakeAllThreads done
Event: 6.154 Executing VM operation: Cleanup
Event: 6.155 Executing VM operation: Cleanup done
Event: 6.716 Executing VM operation: HandshakeAllThreads
Event: 6.716 Executing VM operation: HandshakeAllThreads done
Event: 6.943 Executing VM operation: ParallelGCFailedAllocation
Event: 6.951 Executing VM operation: ParallelGCFailedAllocation done

Events (20 events):
Event: 7.281 loading class java/util/concurrent/locks/ReentrantLock$FairSync
Event: 7.281 loading class java/util/concurrent/locks/ReentrantLock$FairSync done
Event: 7.285 loading class java/util/Collections$ReverseComparator
Event: 7.285 loading class java/util/Collections$ReverseComparator done
Event: 7.784 loading class java/lang/CloneNotSupportedException
Event: 7.785 loading class java/lang/CloneNotSupportedException done
Event: 7.931 loading class java/util/TreeMap$Values
Event: 7.931 loading class java/util/TreeMap$Values done
Event: 7.931 loading class java/util/TreeMap$ValueIterator
Event: 7.931 loading class java/util/TreeMap$ValueIterator done
Event: 8.024 loading class java/nio/file/NoSuchFileException
Event: 8.024 loading class java/nio/file/FileSystemException
Event: 8.025 loading class java/nio/file/FileSystemException done
Event: 8.025 loading class java/nio/file/NoSuchFileException done
Event: 8.361 loading class java/lang/StackWalker$Option
Event: 8.361 loading class java/lang/StackWalker$Option done
Event: 8.374 loading class java/util/Comparators$NaturalOrderComparator
Event: 8.374 loading class java/util/Comparators$NaturalOrderComparator done
Event: 8.374 loading class java/util/Collections$ReverseComparator2
Event: 8.374 loading class java/util/Collections$ReverseComparator2 done


Dynamic libraries:
0x00007ff736140000 - 0x00007ff73614e000 	c:\Users\Admin\.vscode\extensions\redhat.java-1.33.0-win32-x64\jre\17.0.11-win32-x86_64\bin\java.exe
0x00007ffed7cf0000 - 0x00007ffed7f07000 	C:\WINDOWS\SYSTEM32\ntdll.dll
0x00007ffed6810000 - 0x00007ffed68d4000 	C:\WINDOWS\System32\KERNEL32.DLL
0x00007ffed5010000 - 0x00007ffed53bd000 	C:\WINDOWS\System32\KERNELBASE.dll
0x00007ffed53f0000 - 0x00007ffed5501000 	C:\WINDOWS\System32\ucrtbase.dll
0x00007ffec3410000 - 0x00007ffec3427000 	c:\Users\Admin\.vscode\extensions\redhat.java-1.33.0-win32-x64\jre\17.0.11-win32-x86_64\bin\jli.dll
0x00007ffed6cd0000 - 0x00007ffed6e7e000 	C:\WINDOWS\System32\USER32.dll
0x00007ffed53c0000 - 0x00007ffed53e6000 	C:\WINDOWS\System32\win32u.dll
0x00007ffed67e0000 - 0x00007ffed6809000 	C:\WINDOWS\System32\GDI32.dll
0x00007ffed57a0000 - 0x00007ffed58b9000 	C:\WINDOWS\System32\gdi32full.dll
0x00007ffed58c0000 - 0x00007ffed595a000 	C:\WINDOWS\System32\msvcp_win.dll
0x00007ffec2040000 - 0x00007ffec205b000 	c:\Users\Admin\.vscode\extensions\redhat.java-1.33.0-win32-x64\jre\17.0.11-win32-x86_64\bin\VCRUNTIME140.dll
0x00007ffec4880000 - 0x00007ffec4b13000 	C:\WINDOWS\WinSxS\amd64_microsoft.windows.common-controls_6595b64144ccf1df_6.0.22621.3672_none_2713b9d173822955\COMCTL32.dll
0x00007ffed5e90000 - 0x00007ffed5f37000 	C:\WINDOWS\System32\msvcrt.dll
0x00007ffed6c90000 - 0x00007ffed6cc1000 	C:\WINDOWS\System32\IMM32.DLL
0x00007ffec8d80000 - 0x00007ffec8d8c000 	c:\Users\Admin\.vscode\extensions\redhat.java-1.33.0-win32-x64\jre\17.0.11-win32-x86_64\bin\vcruntime140_1.dll
0x00007ffeb2a40000 - 0x00007ffeb2acd000 	c:\Users\Admin\.vscode\extensions\redhat.java-1.33.0-win32-x64\jre\17.0.11-win32-x86_64\bin\msvcp140.dll
0x00007ffe95da0000 - 0x00007ffe96a02000 	c:\Users\Admin\.vscode\extensions\redhat.java-1.33.0-win32-x64\jre\17.0.11-win32-x86_64\bin\server\jvm.dll
0x00007ffed5d80000 - 0x00007ffed5e32000 	C:\WINDOWS\System32\ADVAPI32.dll
0x00007ffed7b10000 - 0x00007ffed7bb9000 	C:\WINDOWS\System32\sechost.dll
0x00007ffed5510000 - 0x00007ffed5538000 	C:\WINDOWS\System32\bcrypt.dll
0x00007ffed6e80000 - 0x00007ffed6f94000 	C:\WINDOWS\System32\RPCRT4.dll
0x00007ffed4ed0000 - 0x00007ffed4f1d000 	C:\WINDOWS\SYSTEM32\POWRPROF.dll
0x00007ffec8b10000 - 0x00007ffec8b19000 	C:\WINDOWS\SYSTEM32\WSOCK32.dll
0x00007ffed5b80000 - 0x00007ffed5bf1000 	C:\WINDOWS\System32\WS2_32.dll
0x00007ffed2b60000 - 0x00007ffed2b94000 	C:\WINDOWS\SYSTEM32\WINMM.dll
0x00007ffecc050000 - 0x00007ffecc05a000 	C:\WINDOWS\SYSTEM32\VERSION.dll
0x00007ffed4eb0000 - 0x00007ffed4ec3000 	C:\WINDOWS\SYSTEM32\UMPDC.dll
0x00007ffed4010000 - 0x00007ffed4028000 	C:\WINDOWS\SYSTEM32\kernel.appcore.dll
0x00007ffec4580000 - 0x00007ffec458a000 	c:\Users\Admin\.vscode\extensions\redhat.java-1.33.0-win32-x64\jre\17.0.11-win32-x86_64\bin\jimage.dll
0x00007ffed2920000 - 0x00007ffed2b52000 	C:\WINDOWS\SYSTEM32\DBGHELP.DLL
0x00007ffed6900000 - 0x00007ffed6c8d000 	C:\WINDOWS\System32\combase.dll
0x00007ffed7bd0000 - 0x00007ffed7ca7000 	C:\WINDOWS\System32\OLEAUT32.dll
0x00007ffed28e0000 - 0x00007ffed2912000 	C:\WINDOWS\SYSTEM32\dbgcore.DLL
0x00007ffed55b0000 - 0x00007ffed562b000 	C:\WINDOWS\System32\bcryptPrimitives.dll
0x00007ffec43f0000 - 0x00007ffec43fe000 	c:\Users\Admin\.vscode\extensions\redhat.java-1.33.0-win32-x64\jre\17.0.11-win32-x86_64\bin\instrument.dll
0x00007ffec1fc0000 - 0x00007ffec1fe5000 	c:\Users\Admin\.vscode\extensions\redhat.java-1.33.0-win32-x64\jre\17.0.11-win32-x86_64\bin\java.dll
0x00007ffec0480000 - 0x00007ffec0498000 	c:\Users\Admin\.vscode\extensions\redhat.java-1.33.0-win32-x64\jre\17.0.11-win32-x86_64\bin\zip.dll
0x00007ffed6fa0000 - 0x00007ffed7807000 	C:\WINDOWS\System32\SHELL32.dll
0x00007ffed2f10000 - 0x00007ffed380e000 	C:\WINDOWS\SYSTEM32\windows.storage.dll
0x00007ffed2dd0000 - 0x00007ffed2f0f000 	C:\WINDOWS\SYSTEM32\wintypes.dll
0x00007ffed60b0000 - 0x00007ffed61a9000 	C:\WINDOWS\System32\SHCORE.dll
0x00007ffed7810000 - 0x00007ffed786e000 	C:\WINDOWS\System32\shlwapi.dll
0x00007ffed4f40000 - 0x00007ffed4f61000 	C:\WINDOWS\SYSTEM32\profapi.dll
0x00007ffec4400000 - 0x00007ffec4419000 	C:\Users\Admin\.vscode\extensions\redhat.java-1.33.0-win32-x64\jre\17.0.11-win32-x86_64\bin\net.dll
0x00007ffed0a20000 - 0x00007ffed0b56000 	C:\WINDOWS\SYSTEM32\WINHTTP.dll
0x00007ffed4490000 - 0x00007ffed44f9000 	C:\WINDOWS\system32\mswsock.dll
0x00007ffec3430000 - 0x00007ffec3446000 	C:\Users\Admin\.vscode\extensions\redhat.java-1.33.0-win32-x64\jre\17.0.11-win32-x86_64\bin\nio.dll
0x00007ffec9b20000 - 0x00007ffec9b30000 	c:\Users\Admin\.vscode\extensions\redhat.java-1.33.0-win32-x64\jre\17.0.11-win32-x86_64\bin\verify.dll
0x00007ffeb2e10000 - 0x00007ffeb2e55000 	C:\Users\Admin\AppData\Roaming\Code\User\globalStorage\redhat.java\1.33.0\config_ss_win\org.eclipse.equinox.launcher\org.eclipse.equinox.launcher.win32.win32.x86_64_1.2.1100.v20240722-2106\eclipse_11904.dll
0x00007ffed61b0000 - 0x00007ffed6355000 	C:\WINDOWS\System32\ole32.dll

dbghelp: loaded successfully - version: 4.0.5 - missing functions: none
symbol engine: initialized successfully - sym options: 0x614 - pdb path: .;c:\Users\Admin\.vscode\extensions\redhat.java-1.33.0-win32-x64\jre\17.0.11-win32-x86_64\bin;C:\WINDOWS\SYSTEM32;C:\WINDOWS\WinSxS\amd64_microsoft.windows.common-controls_6595b64144ccf1df_6.0.22621.3672_none_2713b9d173822955;c:\Users\Admin\.vscode\extensions\redhat.java-1.33.0-win32-x64\jre\17.0.11-win32-x86_64\bin\server;C:\Users\Admin\AppData\Roaming\Code\User\globalStorage\redhat.java\1.33.0\config_ss_win\org.eclipse.equinox.launcher\org.eclipse.equinox.launcher.win32.win32.x86_64_1.2.1100.v20240722-2106

VM Arguments:
jvm_args: --add-modules=ALL-SYSTEM --add-opens=java.base/java.util=ALL-UNNAMED --add-opens=java.base/java.lang=ALL-UNNAMED --add-opens=java.base/sun.nio.fs=ALL-UNNAMED -Declipse.application=org.eclipse.jdt.ls.core.id1 -Dosgi.bundles.defaultStartLevel=4 -Declipse.product=org.eclipse.jdt.ls.core.product -Djava.import.generatesMetadataFilesAtProjectRoot=false -DDetectVMInstallationsJob.disabled=true -Dfile.encoding=utf8 -XX:+UseParallelGC -XX:GCTimeRatio=4 -XX:AdaptiveSizePolicyWeight=90 -Dsun.zip.disableMemoryMapping=true -Xmx1G -Xms100m -Xlog:disable -javaagent:c:\Users\Admin\.vscode\extensions\redhat.java-1.33.0-win32-x64\lombok\lombok-1.18.33.jar 
java_command: c:\Users\Admin\.vscode\extensions\redhat.java-1.33.0-win32-x64\server\plugins\org.eclipse.equinox.launcher_1.6.900.v20240613-2009.jar -configuration c:\Users\Admin\AppData\Roaming\Code\User\globalStorage\redhat.java\1.33.0\config_ss_win -data c:\Users\Admin\AppData\Roaming\Code\User\workspaceStorage\a6f7512796adea0d591b105c861a4ae9\redhat.java\ss_ws --pipe=\\.\pipe\lsp-cb7a1d8c4e40dd327e40fe5886f07898-sock
java_class_path (initial): c:\Users\Admin\.vscode\extensions\redhat.java-1.33.0-win32-x64\server\plugins\org.eclipse.equinox.launcher_1.6.900.v20240613-2009.jar
Launcher Type: SUN_STANDARD

[Global flags]
    uintx AdaptiveSizePolicyWeight                 = 90                                        {product} {command line}
     intx CICompilerCount                          = 3                                         {product} {ergonomic}
    uintx GCTimeRatio                              = 4                                         {product} {command line}
   size_t InitialHeapSize                          = 104857600                                 {product} {command line}
   size_t MaxHeapSize                              = 1073741824                                {product} {command line}
   size_t MaxNewSize                               = 357564416                                 {product} {ergonomic}
   size_t MinHeapDeltaBytes                        = 524288                                    {product} {ergonomic}
   size_t MinHeapSize                              = 104857600                                 {product} {command line}
   size_t NewSize                                  = 34603008                                  {product} {ergonomic}
    uintx NonNMethodCodeHeapSize                   = 5832780                                {pd product} {ergonomic}
    uintx NonProfiledCodeHeapSize                  = 122912730                              {pd product} {ergonomic}
   size_t OldSize                                  = 70254592                                  {product} {ergonomic}
    uintx ProfiledCodeHeapSize                     = 122912730                              {pd product} {ergonomic}
    uintx ReservedCodeCacheSize                    = 251658240                              {pd product} {ergonomic}
     bool SegmentedCodeCache                       = true                                      {product} {ergonomic}
   size_t SoftMaxHeapSize                          = 1073741824                             {manageable} {ergonomic}
     bool UseCompressedClassPointers               = true                           {product lp64_product} {ergonomic}
     bool UseCompressedOops                        = true                           {product lp64_product} {ergonomic}
     bool UseLargePagesIndividualAllocation        = false                                  {pd product} {ergonomic}
     bool UseParallelGC                            = true                                      {product} {command line}

Logging:
Log output configuration:
 #0: stdout all=off uptime,level,tags
 #1: stderr all=off uptime,level,tags

Environment Variables:
PATH=C:\Program Files\Common Files\Oracle\Java\javapath;C:\WINDOWS\system32;C:\WINDOWS;C:\WINDOWS\System32\Wbem;C:\WINDOWS\System32\WindowsPowerShell\v1.0\;C:\WINDOWS\System32\OpenSSH\;C:\MinGW\bin;C:\Users\Admin\AppData\Roaming\nvm;C:\Program Files\nodejs;C:\Program Files\nodejs\;E:\apache-maven-3.9.8\bin;C:\Program Files\Git\cmd;C:\Program Files\MySQL\MySQL Shell 8.0\bin\;C:\Users\Admin\AppData\Local\Microsoft\WindowsApps;C:\Users\Admin\AppData\Local\Programs\Microsoft VS Code\bin;C:\Users\Admin\AppData\Roaming\nvm;C:\Program Files\nodejs;C:\Users\Admin\AppData\Roaming\npm;C:\flutter\bin;
USERNAME=Deep
OS=Windows_NT
PROCESSOR_IDENTIFIER=AMD64 Family 23 Model 24 Stepping 1, AuthenticAMD
TMP=C:\Users\Admin\AppData\Local\Temp
TEMP=C:\Users\Admin\AppData\Local\Temp



Periodic native trim disabled


---------------  S Y S T E M  ---------------

OS:
 Windows 11 , 64 bit Build 22621 (10.0.22621.3958)
OS uptime: 0 days 0:13 hours
Hyper-V role detected

CPU: total 4 (initial active 4) (4 cores per cpu, 2 threads per core) family 23 model 24 stepping 1 microcode 0x0, cx8, cmov, fxsr, ht, mmx, 3dnowpref, sse, sse2, sse3, ssse3, sse4a, sse4.1, sse4.2, popcnt, lzcnt, tsc, tscinvbit, avx, avx2, aes, clmul, bmi1, bmi2, adx, sha, fma, vzeroupper, clflush, clflushopt, hv
Processor Information for all 4 processors :
  Max Mhz: 2600, Current Mhz: 2600, Mhz Limit: 2600

Memory: 4k page, system-wide physical 3470M (329M free)
TotalPageFile size 8470M (AvailPageFile size 181M)
current process WorkingSet (physical memory assigned to process): 93M, peak: 93M
current process commit charge ("private bytes"): 195M, peak: 196M

vm_info: OpenJDK 64-Bit Server VM (17.0.11+9) for windows-amd64 JRE (17.0.11+9), built on Apr 17 2024 06:07:48 by "admin" with MS VC++ 16.10 / 16.11 (VS2019)

END.
